Jul 24 05:08:05.170 INFO: manager: 2.0.1
Jul 24 05:08:05.171 INFO: manager: Copyright (C) 2003-2022, Noriaki Ando and OpenRTM development team,
Jul 24 05:08:05.171 INFO: manager:   Intelligent Systems Research Institute, AIST,
Jul 24 05:08:05.171 INFO: manager: Copyright (C) 2022, Noriaki Ando and OpenRTM development team,
Jul 24 05:08:05.171 INFO: manager:   Industrial Cyber-Physical Research Center, AIST,
Jul 24 05:08:05.171 INFO: manager:   All right reserved.
Jul 24 05:08:05.172 INFO: manager: Manager starting.
Jul 24 05:08:05.172 INFO: manager: Starting local logging.
Jul 24 05:08:05.200 INFO: NamingOnCorba: Endpoint for the CORBA naming service (localhost) is 127.0.0.1.
Jul 24 05:08:05.201 INFO: NamingManager: NameServer connection succeeded: corba/localhost
Jul 24 05:08:05.211 INFO: ManagerServant: Named manager reference (INS) was successfully created.
Jul 24 05:08:09.319 WARNING: ManagerServant: Master manager not found
Jul 24 05:08:09.322 INFO: LocalServiceAdmin: All the local services are enabled.
Jul 24 05:08:09.339 INFO: ec_base: setRate(1000000.000000) done
Jul 24 05:08:09.339 INFO: ec_base: setRate(1000.000000) done
Jul 24 05:08:09.340 INFO: FloatSeqToVelocity0: 1 execution context was created.
Jul 24 05:08:09.354 INFO: FloatSeqToVelocity0: Initial active configuration set is default.
Jul 24 05:08:23.556 INFO: ManagerServant: Master manager not found
Jul 24 05:08:33.635 INFO: ManagerServant: Master manager not found
Jul 24 05:08:43.708 INFO: ManagerServant: Master manager not found
Jul 24 05:08:53.797 INFO: ManagerServant: Master manager not found
Jul 24 05:09:03.880 INFO: ManagerServant: Master manager not found
