Jul 24 05:12:13.918 INFO: manager: 2.0.1
Jul 24 05:12:13.918 INFO: manager: Copyright (C) 2003-2022, Noriaki Ando and OpenRTM development team,
Jul 24 05:12:13.918 INFO: manager:   Intelligent Systems Research Institute, AIST,
Jul 24 05:12:13.918 INFO: manager: Copyright (C) 2022, Noriaki Ando and OpenRTM development team,
Jul 24 05:12:13.918 INFO: manager:   Industrial Cyber-Physical Research Center, AIST,
Jul 24 05:12:13.918 INFO: manager:   All right reserved.
Jul 24 05:12:13.918 INFO: manager: Manager starting.
Jul 24 05:12:13.918 INFO: manager: Starting local logging.
Jul 24 05:12:13.942 INFO: NamingOnCorba: Endpoint for the CORBA naming service (localhost) is 127.0.0.1.
Jul 24 05:12:13.942 INFO: NamingManager: NameServer connection succeeded: corba/localhost
Jul 24 05:12:13.950 INFO: ManagerServant: Named manager reference (INS) was successfully created.
Jul 24 05:12:18.044 WARNING: ManagerServant: Master manager not found
Jul 24 05:12:18.046 INFO: LocalServiceAdmin: All the local services are enabled.
Jul 24 05:12:18.065 INFO: ec_base: setRate(1000000.000000) done
Jul 24 05:12:18.065 INFO: ec_base: setRate(1000.000000) done
Jul 24 05:12:18.066 INFO: FloatSeqToVelocity0: 1 execution context was created.
Jul 24 05:12:18.076 INFO: FloatSeqToVelocity0: Initial active configuration set is default.
Jul 24 05:12:32.248 INFO: ManagerServant: Master manager not found
Jul 24 05:12:42.296 INFO: ManagerServant: Master manager not found
Jul 24 05:12:52.351 INFO: ManagerServant: Master manager not found
