  DynamixelBase.cpp
C:\Users\cakes\workspace\Dynamixel_sim\include\group_bulk_read.h(43,35): warning C4251: 'dynamixel::GroupBulkRead::id_list_': class 'std::vector<uint8_t,std::allocator<uint8_t>>' は __export キーワードを使って class 'dynamixel::GroupBulkRead' にエクスポートしてください。
C:\Users\cakes\workspace\Dynamixel_sim\include\packet_handler.h(205,56): message : 'std::vector<uint8_t,std::allocator<uint8_t>>' の宣言を確認してください
C:\Users\cakes\workspace\Dynamixel_sim\include\group_bulk_read.h(44,35): warning C4251: 'dynamixel::GroupBulkRead::address_list_': class 'std::map<uint8_t,uint16_t,std::less<uint8_t>,std::allocator<std::pair<const uint8_t,uint16_t>>>' は __export キーワードを使って class 'dynamixel::GroupBulkRead' にエクスポートしてください。
C:\Users\cakes\workspace\Dynamixel_sim\include\group_bulk_read.h(44,8): message : 'std::map<uint8_t,uint16_t,std::less<uint8_t>,std::allocator<std::pair<const uint8_t,uint16_t>>>' の宣言を確認してください
C:\Users\cakes\workspace\Dynamixel_sim\include\group_bulk_read.h(45,35): warning C4251: 'dynamixel::GroupBulkRead::length_list_': class 'std::map<uint8_t,uint16_t,std::less<uint8_t>,std::allocator<std::pair<const uint8_t,uint16_t>>>' は __export キーワードを使って class 'dynamixel::GroupBulkRead' にエクスポートしてください。
C:\Users\cakes\workspace\Dynamixel_sim\include\group_bulk_read.h(44,8): message : 'std::map<uint8_t,uint16_t,std::less<uint8_t>,std::allocator<std::pair<const uint8_t,uint16_t>>>' の宣言を確認してください
C:\Users\cakes\workspace\Dynamixel_sim\include\group_bulk_read.h(46,35): warning C4251: 'dynamixel::GroupBulkRead::data_list_': class 'std::map<uint8_t,uint8_t *,std::less<uint8_t>,std::allocator<std::pair<const uint8_t,uint8_t *>>>' は __export キーワードを使って class 'dynamixel::GroupBulkRead' にエクスポートしてください。
C:\Users\cakes\workspace\Dynamixel_sim\include\group_bulk_read.h(46,8): message : 'std::map<uint8_t,uint8_t *,std::less<uint8_t>,std::allocator<std::pair<const uint8_t,uint8_t *>>>' の宣言を確認してください
C:\Users\cakes\workspace\Dynamixel_sim\include\group_bulk_read.h(47,35): warning C4251: 'dynamixel::GroupBulkRead::error_list_': class 'std::map<uint8_t,uint8_t *,std::less<uint8_t>,std::allocator<std::pair<const uint8_t,uint8_t *>>>' は __export キーワードを使って class 'dynamixel::GroupBulkRead' にエクスポートしてください。
C:\Users\cakes\workspace\Dynamixel_sim\include\group_bulk_read.h(46,8): message : 'std::map<uint8_t,uint8_t *,std::less<uint8_t>,std::allocator<std::pair<const uint8_t,uint8_t *>>>' の宣言を確認してください
C:\Users\cakes\workspace\Dynamixel_sim\include\group_bulk_write.h(43,35): warning C4251: 'dynamixel::GroupBulkWrite::id_list_': class 'std::vector<uint8_t,std::allocator<uint8_t>>' は __export キーワードを使って class 'dynamixel::GroupBulkWrite' にエクスポートしてください。
C:\Users\cakes\workspace\Dynamixel_sim\include\packet_handler.h(205,56): message : 'std::vector<uint8_t,std::allocator<uint8_t>>' の宣言を確認してください
C:\Users\cakes\workspace\Dynamixel_sim\include\group_bulk_write.h(44,35): warning C4251: 'dynamixel::GroupBulkWrite::address_list_': class 'std::map<uint8_t,uint16_t,std::less<uint8_t>,std::allocator<std::pair<const uint8_t,uint16_t>>>' は __export キーワードを使って class 'dynamixel::GroupBulkWrite' にエクスポートしてください。
C:\Users\cakes\workspace\Dynamixel_sim\include\group_bulk_read.h(44,8): message : 'std::map<uint8_t,uint16_t,std::less<uint8_t>,std::allocator<std::pair<const uint8_t,uint16_t>>>' の宣言を確認してください
C:\Users\cakes\workspace\Dynamixel_sim\include\group_bulk_write.h(45,35): warning C4251: 'dynamixel::GroupBulkWrite::length_list_': class 'std::map<uint8_t,uint16_t,std::less<uint8_t>,std::allocator<std::pair<const uint8_t,uint16_t>>>' は __export キーワードを使って class 'dynamixel::GroupBulkWrite' にエクスポートしてください。
C:\Users\cakes\workspace\Dynamixel_sim\include\group_bulk_read.h(44,8): message : 'std::map<uint8_t,uint16_t,std::less<uint8_t>,std::allocator<std::pair<const uint8_t,uint16_t>>>' の宣言を確認してください
C:\Users\cakes\workspace\Dynamixel_sim\include\group_bulk_write.h(46,35): warning C4251: 'dynamixel::GroupBulkWrite::data_list_': class 'std::map<uint8_t,uint8_t *,std::less<uint8_t>,std::allocator<std::pair<const uint8_t,uint8_t *>>>' は __export キーワードを使って class 'dynamixel::GroupBulkWrite' にエクスポートしてください。
C:\Users\cakes\workspace\Dynamixel_sim\include\group_bulk_read.h(46,8): message : 'std::map<uint8_t,uint8_t *,std::less<uint8_t>,std::allocator<std::pair<const uint8_t,uint8_t *>>>' の宣言を確認してください
C:\Users\cakes\workspace\Dynamixel_sim\include\group_sync_read.h(43,35): warning C4251: 'dynamixel::GroupSyncRead::id_list_': class 'std::vector<uint8_t,std::allocator<uint8_t>>' は __export キーワードを使って class 'dynamixel::GroupSyncRead' にエクスポートしてください。
C:\Users\cakes\workspace\Dynamixel_sim\include\packet_handler.h(205,56): message : 'std::vector<uint8_t,std::allocator<uint8_t>>' の宣言を確認してください
C:\Users\cakes\workspace\Dynamixel_sim\include\group_sync_read.h(44,35): warning C4251: 'dynamixel::GroupSyncRead::data_list_': class 'std::map<uint8_t,uint8_t *,std::less<uint8_t>,std::allocator<std::pair<const uint8_t,uint8_t *>>>' は __export キーワードを使って class 'dynamixel::GroupSyncRead' にエクスポートしてください。
C:\Users\cakes\workspace\Dynamixel_sim\include\group_bulk_read.h(46,8): message : 'std::map<uint8_t,uint8_t *,std::less<uint8_t>,std::allocator<std::pair<const uint8_t,uint8_t *>>>' の宣言を確認してください
C:\Users\cakes\workspace\Dynamixel_sim\include\group_sync_read.h(45,35): warning C4251: 'dynamixel::GroupSyncRead::error_list_': class 'std::map<uint8_t,uint8_t *,std::less<uint8_t>,std::allocator<std::pair<const uint8_t,uint8_t *>>>' は __export キーワードを使って class 'dynamixel::GroupSyncRead' にエクスポートしてください。
C:\Users\cakes\workspace\Dynamixel_sim\include\group_bulk_read.h(46,8): message : 'std::map<uint8_t,uint8_t *,std::less<uint8_t>,std::allocator<std::pair<const uint8_t,uint8_t *>>>' の宣言を確認してください
C:\Users\cakes\workspace\Dynamixel_sim\include\group_sync_write.h(43,35): warning C4251: 'dynamixel::GroupSyncWrite::id_list_': class 'std::vector<uint8_t,std::allocator<uint8_t>>' は __export キーワードを使って class 'dynamixel::GroupSyncWrite' にエクスポートしてください。
C:\Users\cakes\workspace\Dynamixel_sim\include\packet_handler.h(205,56): message : 'std::vector<uint8_t,std::allocator<uint8_t>>' の宣言を確認してください
C:\Users\cakes\workspace\Dynamixel_sim\include\group_sync_write.h(44,35): warning C4251: 'dynamixel::GroupSyncWrite::data_list_': class 'std::map<uint8_t,uint8_t *,std::less<uint8_t>,std::allocator<std::pair<const uint8_t,uint8_t *>>>' は __export キーワードを使って class 'dynamixel::GroupSyncWrite' にエクスポートしてください。
C:\Users\cakes\workspace\Dynamixel_sim\include\group_bulk_read.h(46,8): message : 'std::map<uint8_t,uint8_t *,std::less<uint8_t>,std::allocator<std::pair<const uint8_t,uint8_t *>>>' の宣言を確認してください
C:\Users\cakes\workspace\Dynamixel_sim\Dynamixel-master\src\DynamixelBase.cpp(353,21): warning C4244: '初期化中': 'const _Ty' から 'uint8_t' への変換です。データが失われる可能性があります。
          with
          [
              _Ty=uint16_t
          ]
C:\Users\cakes\workspace\Dynamixel_sim\Dynamixel-master\src\DynamixelBase.cpp(363,28): warning C4244: '=': 'const _Ty' から '_Ty' への変換です。データが失われる可能性があります。
          with
          [
              _Ty=uint16_t
          ]
          and
          [
              _Ty=uint8_t
          ]
C:\Users\cakes\workspace\Dynamixel_sim\Dynamixel-master\src\DynamixelBase.cpp(579,17): warning C4244: '初期化中': 'uint16_t' から 'uint8_t' への変換です。データが失われる可能性があります。
  DynamixelComp.vcxproj -> C:\Users\cakes\workspace\Dynamixel_sim\Dynamixel-master\build\src\Debug\DynamixelComp.exe
