Jul 05 04:48:22.202 INFO: manager: 2.0.1
Jul 05 04:48:22.202 INFO: manager: Copyright (C) 2003-2022, Noriaki Ando and OpenRTM development team,
Jul 05 04:48:22.202 INFO: manager:   Intelligent Systems Research Institute, AIST,
Jul 05 04:48:22.202 INFO: manager: Copyright (C) 2022, Noriaki Ando and OpenRTM development team,
Jul 05 04:48:22.202 INFO: manager:   Industrial Cyber-Physical Research Center, AIST,
Jul 05 04:48:22.202 INFO: manager:   All right reserved.
Jul 05 04:48:22.202 INFO: manager: Manager starting.
Jul 05 04:48:22.202 INFO: manager: Starting local logging.
Jul 05 04:48:22.221 INFO: NamingOnCorba: Endpoint for the CORBA naming service (localhost) is 127.0.0.1.
Jul 05 04:48:22.221 INFO: NamingManager: NameServer connection succeeded: corba/localhost
Jul 05 04:48:22.221 INFO: ManagerServant: Named manager reference (INS) was successfully created.
Jul 05 04:48:26.315 WARNING: ManagerServant: Master manager not found
Jul 05 04:48:26.316 INFO: LocalServiceAdmin: All the local services are enabled.
Jul 05 04:48:26.317 INFO: ec_base: setRate(1000000.000000) done
Jul 05 04:48:26.317 INFO: ec_base: setRate(1000.000000) done
Jul 05 04:48:26.317 INFO: cal_inverse_kinematics0: 1 execution context was created.
Jul 05 04:48:26.318 INFO: cal_inverse_kinematics0: Initial active configuration set is default.
Jul 05 04:48:40.462 INFO: ManagerServant: Master manager not found
Jul 05 04:48:50.435 INFO: ManagerServant: Master manager not found
Jul 05 04:49:00.515 INFO: ManagerServant: Master manager not found
Jul 05 04:49:10.626 INFO: ManagerServant: Master manager not found
Jul 05 04:49:20.561 INFO: ManagerServant: Master manager not found
Jul 05 04:49:30.661 INFO: ManagerServant: Master manager not found
Jul 05 04:49:40.742 INFO: ManagerServant: Master manager not found
Jul 05 04:49:50.887 INFO: ManagerServant: Master manager not found
Jul 05 04:50:00.884 INFO: ManagerServant: Master manager not found
Jul 05 04:50:10.914 INFO: ManagerServant: Master manager not found
