Jul 19 08:04:13.941 INFO: manager: 2.0.1
Jul 19 08:04:13.941 INFO: manager: Copyright (C) 2003-2022, Noriaki Ando and OpenRTM development team,
Jul 19 08:04:13.942 INFO: manager:   Intelligent Systems Research Institute, AIST,
Jul 19 08:04:13.942 INFO: manager: Copyright (C) 2022, Noriaki Ando and OpenRTM development team,
Jul 19 08:04:13.942 INFO: manager:   Industrial Cyber-Physical Research Center, AIST,
Jul 19 08:04:13.942 INFO: manager:   All right reserved.
Jul 19 08:04:13.942 INFO: manager: Manager starting.
Jul 19 08:04:13.942 INFO: manager: Starting local logging.
Jul 19 08:04:13.963 INFO: NamingOnCorba: Endpoint for the CORBA naming service (localhost) is 127.0.0.1.
Jul 19 08:04:13.963 INFO: NamingManager: NameServer connection succeeded: corba/localhost
Jul 19 08:04:13.964 INFO: ManagerServant: Named manager reference (INS) was successfully created.
Jul 19 08:04:13.965 INFO: ManagerServant: Master manager found: localhost:2810
Jul 19 08:04:13.965 INFO: ManagerServant: Adding this manager to this manager.
Jul 19 08:04:13.966 INFO: ManagerServant: Register this manager to master manager.
Jul 19 08:04:13.966 INFO: ManagerServant: Slave manager servant was successfully created.
Jul 19 08:04:13.966 INFO: LocalServiceAdmin: All the local services are enabled.
Jul 19 08:04:13.968 INFO: ec_base: setRate(1000000.000000) done
Jul 19 08:04:13.968 INFO: ec_base: setRate(1000.000000) done
Jul 19 08:04:13.968 INFO: cal_inverse_kinematics0: 1 execution context was created.
Jul 19 08:04:13.970 INFO: cal_inverse_kinematics0: Initial active configuration set is default.
Jul 19 08:05:40.141 WARNING: d_position: Dead connection: e4108d4f-22b6-44b6-a8a3-20ddf7e58870
Jul 19 08:05:42.184 WARNING: d_position: Exception caught: minor code.
