Jul 05 07:48:23.598 INFO: manager: 2.0.1
Jul 05 07:48:23.598 INFO: manager: Copyright (C) 2003-2022, Noriaki Ando and OpenRTM development team,
Jul 05 07:48:23.598 INFO: manager:   Intelligent Systems Research Institute, AIST,
Jul 05 07:48:23.599 INFO: manager: Copyright (C) 2022, Noriaki Ando and OpenRTM development team,
Jul 05 07:48:23.599 INFO: manager:   Industrial Cyber-Physical Research Center, AIST,
Jul 05 07:48:23.599 INFO: manager:   All right reserved.
Jul 05 07:48:23.599 INFO: manager: Manager starting.
Jul 05 07:48:23.599 INFO: manager: Starting local logging.
Jul 05 07:48:23.642 INFO: NamingOnCorba: Endpoint for the CORBA naming service (localhost) is 127.0.0.1.
Jul 05 07:48:23.642 INFO: NamingManager: NameServer connection succeeded: corba/localhost
Jul 05 07:48:23.643 INFO: ManagerServant: Named manager reference (INS) was successfully created.
Jul 05 07:48:27.757 WARNING: ManagerServant: Master manager not found
Jul 05 07:48:27.762 INFO: LocalServiceAdmin: All the local services are enabled.
Jul 05 07:48:27.779 INFO: ec_base: setRate(1000000.000000) done
Jul 05 07:48:27.779 INFO: ec_base: setRate(1000.000000) done
Jul 05 07:48:27.779 INFO: cal_inverse_kinematics0: 1 execution context was created.
Jul 05 07:48:27.784 INFO: cal_inverse_kinematics0: Initial active configuration set is default.
Jul 05 07:48:41.970 INFO: ManagerServant: Master manager not found
Jul 05 07:48:52.013 INFO: ManagerServant: Master manager not found
Jul 05 07:49:02.093 INFO: ManagerServant: Master manager not found
Jul 05 07:49:12.141 INFO: ManagerServant: Master manager not found
Jul 05 07:49:22.164 INFO: ManagerServant: Master manager not found
Jul 05 07:49:32.227 INFO: ManagerServant: Master manager not found
Jul 05 07:49:42.288 INFO: ManagerServant: Master manager not found
Jul 05 07:49:52.356 INFO: ManagerServant: Master manager not found
Jul 05 07:50:02.421 INFO: ManagerServant: Master manager not found
Jul 05 07:50:12.496 INFO: ManagerServant: Master manager not found
Jul 05 07:50:22.554 INFO: ManagerServant: Master manager not found
Jul 05 07:50:32.610 INFO: ManagerServant: Master manager not found
Jul 05 07:50:42.656 INFO: ManagerServant: Master manager not found
Jul 05 07:50:52.687 INFO: ManagerServant: Master manager not found
Jul 05 07:51:02.771 INFO: ManagerServant: Master manager not found
Jul 05 07:51:12.861 INFO: ManagerServant: Master manager not found
Jul 05 07:51:22.829 INFO: ManagerServant: Master manager not found
Jul 05 07:51:32.855 INFO: ManagerServant: Master manager not found
Jul 05 07:51:42.919 INFO: ManagerServant: Master manager not found
Jul 05 07:51:52.981 INFO: ManagerServant: Master manager not found
Jul 05 07:52:03.027 INFO: ManagerServant: Master manager not found
Jul 05 07:52:13.086 INFO: ManagerServant: Master manager not found
Jul 05 07:52:20.097 ERROR: ec_worker: State of the RTC is not ACTIVE_STATE.
Jul 05 07:52:23.143 INFO: ManagerServant: Master manager not found
Jul 05 07:52:33.200 INFO: ManagerServant: Master manager not found
Jul 05 07:52:43.272 INFO: ManagerServant: Master manager not found
Jul 05 07:52:53.333 INFO: ManagerServant: Master manager not found
Jul 05 07:53:03.391 INFO: ManagerServant: Master manager not found
Jul 05 07:53:13.420 INFO: ManagerServant: Master manager not found
Jul 05 07:53:23.435 INFO: ManagerServant: Master manager not found
Jul 05 07:53:33.500 INFO: ManagerServant: Master manager not found
Jul 05 07:53:43.555 INFO: ManagerServant: Master manager not found
Jul 05 07:53:53.600 INFO: ManagerServant: Master manager not found
Jul 05 07:54:03.682 INFO: ManagerServant: Master manager not found
Jul 05 07:54:13.631 INFO: ManagerServant: Master manager not found
Jul 05 07:54:23.755 INFO: ManagerServant: Master manager not found
Jul 05 07:54:33.801 INFO: ManagerServant: Master manager not found
Jul 05 07:54:43.869 INFO: ManagerServant: Master manager not found
Jul 05 07:54:53.827 INFO: ManagerServant: Master manager not found
Jul 05 07:55:03.956 INFO: ManagerServant: Master manager not found
Jul 05 07:55:14.030 INFO: ManagerServant: Master manager not found
Jul 05 07:55:24.118 INFO: ManagerServant: Master manager not found
Jul 05 07:55:34.178 INFO: ManagerServant: Master manager not found
Jul 05 07:55:44.207 INFO: ManagerServant: Master manager not found
Jul 05 07:55:54.220 INFO: ManagerServant: Master manager not found
Jul 05 07:56:04.351 INFO: ManagerServant: Master manager not found
Jul 05 07:56:14.409 INFO: ManagerServant: Master manager not found
Jul 05 07:56:24.463 INFO: ManagerServant: Master manager not found
Jul 05 07:56:34.538 INFO: ManagerServant: Master manager not found
Jul 05 07:56:44.576 INFO: ManagerServant: Master manager not found
Jul 05 07:56:54.630 INFO: ManagerServant: Master manager not found
Jul 05 07:57:04.577 INFO: ManagerServant: Master manager not found
Jul 05 07:57:14.668 INFO: ManagerServant: Master manager not found
