Jul 05 08:41:10.668 INFO: manager: 2.0.1
Jul 05 08:41:10.668 INFO: manager: Copyright (C) 2003-2022, Noriaki Ando and OpenRTM development team,
Jul 05 08:41:10.668 INFO: manager:   Intelligent Systems Research Institute, AIST,
Jul 05 08:41:10.668 INFO: manager: Copyright (C) 2022, Noriaki Ando and OpenRTM development team,
Jul 05 08:41:10.668 INFO: manager:   Industrial Cyber-Physical Research Center, AIST,
Jul 05 08:41:10.668 INFO: manager:   All right reserved.
Jul 05 08:41:10.668 INFO: manager: Manager starting.
Jul 05 08:41:10.668 INFO: manager: Starting local logging.
Jul 05 08:41:10.686 INFO: NamingOnCorba: Endpoint for the CORBA naming service (localhost) is 127.0.0.1.
Jul 05 08:41:10.686 INFO: NamingManager: NameServer connection succeeded: corba/localhost
Jul 05 08:41:10.686 INFO: ManagerServant: Named manager reference (INS) was successfully created.
Jul 05 08:41:14.793 WARNING: ManagerServant: Master manager not found
Jul 05 08:41:14.794 INFO: LocalServiceAdmin: All the local services are enabled.
Jul 05 08:41:14.796 INFO: ec_base: setRate(1000000.000000) done
Jul 05 08:41:14.796 INFO: ec_base: setRate(1000.000000) done
Jul 05 08:41:14.797 INFO: cal_inverse_kinematics0: 1 execution context was created.
Jul 05 08:41:14.800 INFO: cal_inverse_kinematics0: Initial active configuration set is default.
Jul 05 08:41:20.191 WARNING: SdoServiceAdmin: No available SDO service in the factory: 
Jul 05 08:41:28.970 INFO: ManagerServant: Master manager not found
Jul 05 08:41:39.056 INFO: ManagerServant: Master manager not found
Jul 05 08:41:49.107 INFO: ManagerServant: Master manager not found
Jul 05 08:41:59.170 INFO: ManagerServant: Master manager not found
Jul 05 08:42:09.257 INFO: ManagerServant: Master manager not found
Jul 05 08:42:19.379 INFO: ManagerServant: Master manager not found
Jul 05 08:42:29.476 INFO: ManagerServant: Master manager not found
Jul 05 08:42:39.568 INFO: ManagerServant: Master manager not found
Jul 05 08:42:49.614 INFO: ManagerServant: Master manager not found
Jul 05 08:42:59.690 INFO: ManagerServant: Master manager not found
Jul 05 08:43:09.826 INFO: ManagerServant: Master manager not found
Jul 05 08:43:19.812 INFO: ManagerServant: Master manager not found
Jul 05 08:43:29.825 INFO: ManagerServant: Master manager not found
Jul 05 08:43:39.934 INFO: ManagerServant: Master manager not found
Jul 05 08:43:49.938 INFO: ManagerServant: Master manager not found
