Jul 19 05:56:33.871 INFO: manager: 2.0.1
Jul 19 05:56:33.871 INFO: manager: Copyright (C) 2003-2022, Noriaki Ando and OpenRTM development team,
Jul 19 05:56:33.871 INFO: manager:   Intelligent Systems Research Institute, AIST,
Jul 19 05:56:33.871 INFO: manager: Copyright (C) 2022, Noriaki Ando and OpenRTM development team,
Jul 19 05:56:33.872 INFO: manager:   Industrial Cyber-Physical Research Center, AIST,
Jul 19 05:56:33.872 INFO: manager:   All right reserved.
Jul 19 05:56:33.872 INFO: manager: Manager starting.
Jul 19 05:56:33.872 INFO: manager: Starting local logging.
Jul 19 05:56:33.924 INFO: NamingOnCorba: Endpoint for the CORBA naming service (localhost) is 127.0.0.1.
Jul 19 05:56:33.924 INFO: NamingManager: NameServer connection succeeded: corba/localhost
Jul 19 05:56:33.926 INFO: ManagerServant: Named manager reference (INS) was successfully created.
Jul 19 05:56:33.929 INFO: ManagerServant: Master manager found: localhost:2810
Jul 19 05:56:33.930 INFO: ManagerServant: Adding this manager to this manager.
Jul 19 05:56:33.930 INFO: ManagerServant: Register this manager to master manager.
Jul 19 05:56:33.930 INFO: ManagerServant: Slave manager servant was successfully created.
Jul 19 05:56:33.931 INFO: LocalServiceAdmin: All the local services are enabled.
Jul 19 05:56:33.933 INFO: ec_base: setRate(1000000.000000) done
Jul 19 05:56:33.933 INFO: ec_base: setRate(1000.000000) done
Jul 19 05:56:33.933 INFO: cal_inverse_kinematics0: 1 execution context was created.
Jul 19 05:56:33.937 INFO: cal_inverse_kinematics0: Initial active configuration set is default.
