Jul 15 14:02:35.661 INFO: manager: 2.0.1
Jul 15 14:02:35.661 INFO: manager: Copyright (C) 2003-2022, Noriaki Ando and OpenRTM development team,
Jul 15 14:02:35.661 INFO: manager:   Intelligent Systems Research Institute, AIST,
Jul 15 14:02:35.662 INFO: manager: Copyright (C) 2022, Noriaki Ando and OpenRTM development team,
Jul 15 14:02:35.662 INFO: manager:   Industrial Cyber-Physical Research Center, AIST,
Jul 15 14:02:35.662 INFO: manager:   All right reserved.
Jul 15 14:02:35.662 INFO: manager: Manager starting.
Jul 15 14:02:35.662 INFO: manager: Starting local logging.
Jul 15 14:02:35.716 INFO: NamingOnCorba: Endpoint for the CORBA naming service (localhost) is 127.0.0.1.
Jul 15 14:02:35.716 INFO: NamingManager: NameServer connection succeeded: corba/localhost
Jul 15 14:02:35.718 INFO: ManagerServant: Named manager reference (INS) was successfully created.
Jul 15 14:02:35.721 INFO: ManagerServant: Master manager found: localhost:2810
Jul 15 14:02:35.721 INFO: ManagerServant: Adding this manager to this manager.
Jul 15 14:02:35.721 INFO: ManagerServant: Register this manager to master manager.
Jul 15 14:02:35.721 INFO: ManagerServant: Slave manager servant was successfully created.
Jul 15 14:02:35.722 INFO: LocalServiceAdmin: All the local services are enabled.
Jul 15 14:02:35.726 INFO: ec_base: setRate(1000000.000000) done
Jul 15 14:02:35.726 INFO: ec_base: setRate(1000.000000) done
Jul 15 14:02:35.726 INFO: cal_inverse_kinematics0: 1 execution context was created.
Jul 15 14:02:35.730 INFO: cal_inverse_kinematics0: Initial active configuration set is default.
