Jul 21 16:34:47.046 INFO: manager: 2.0.1
Jul 21 16:34:47.047 INFO: manager: Copyright (C) 2003-2022, Noriaki Ando and OpenRTM development team,
Jul 21 16:34:47.047 INFO: manager:   Intelligent Systems Research Institute, AIST,
Jul 21 16:34:47.047 INFO: manager: Copyright (C) 2022, Noriaki Ando and OpenRTM development team,
Jul 21 16:34:47.047 INFO: manager:   Industrial Cyber-Physical Research Center, AIST,
Jul 21 16:34:47.047 INFO: manager:   All right reserved.
Jul 21 16:34:47.047 INFO: manager: Manager starting.
Jul 21 16:34:47.047 INFO: manager: Starting local logging.
Jul 21 16:34:47.070 INFO: NamingOnCorba: Endpoint for the CORBA naming service (localhost) is 127.0.0.1.
Jul 21 16:34:47.070 INFO: NamingManager: NameServer connection succeeded: corba/localhost
Jul 21 16:34:47.074 INFO: ManagerServant: Named manager reference (INS) was successfully created.
Jul 21 16:34:51.200 WARNING: ManagerServant: Master manager not found
Jul 21 16:34:51.200 INFO: LocalServiceAdmin: All the local services are enabled.
Jul 21 16:34:51.205 INFO: ec_base: setRate(1000000.000000) done
Jul 21 16:34:51.205 INFO: ec_base: setRate(1000.000000) done
Jul 21 16:34:51.205 INFO: cal_inverse_kinematics0: 1 execution context was created.
Jul 21 16:34:51.207 INFO: cal_inverse_kinematics0: Initial active configuration set is default.
Jul 21 16:35:05.364 INFO: ManagerServant: Master manager not found
Jul 21 16:35:15.356 INFO: ManagerServant: Master manager not found
Jul 21 16:35:25.433 INFO: ManagerServant: Master manager not found
Jul 21 16:35:35.480 INFO: ManagerServant: Master manager not found
Jul 21 16:35:45.615 INFO: ManagerServant: Master manager not found
Jul 21 16:35:55.616 INFO: ManagerServant: Master manager not found
Jul 21 16:36:06.010 INFO: ManagerServant: Master manager not found
Jul 21 16:36:15.745 INFO: ManagerServant: Master manager not found
Jul 21 16:36:25.824 INFO: ManagerServant: Master manager not found
Jul 21 16:36:35.949 INFO: ManagerServant: Master manager not found
Jul 21 16:36:46.154 INFO: ManagerServant: Master manager not found
Jul 21 16:36:56.186 INFO: ManagerServant: Master manager not found
Jul 21 16:37:06.676 INFO: ManagerServant: Master manager not found
Jul 21 16:37:16.701 INFO: ManagerServant: Master manager not found
Jul 21 16:37:26.335 INFO: ManagerServant: Master manager not found
Jul 21 16:37:36.462 INFO: ManagerServant: Master manager not found
Jul 21 16:37:46.534 INFO: ManagerServant: Master manager not found
Jul 21 16:37:56.488 INFO: ManagerServant: Master manager not found
Jul 21 16:38:06.587 INFO: ManagerServant: Master manager not found
Jul 21 16:38:16.679 INFO: ManagerServant: Master manager not found
