Jul 05 09:20:15.220 INFO: manager: 2.0.1
Jul 05 09:20:15.221 INFO: manager: Copyright (C) 2003-2022, Noriaki Ando and OpenRTM development team,
Jul 05 09:20:15.221 INFO: manager:   Intelligent Systems Research Institute, AIST,
Jul 05 09:20:15.221 INFO: manager: Copyright (C) 2022, Noriaki Ando and OpenRTM development team,
Jul 05 09:20:15.221 INFO: manager:   Industrial Cyber-Physical Research Center, AIST,
Jul 05 09:20:15.221 INFO: manager:   All right reserved.
Jul 05 09:20:15.221 INFO: manager: Manager starting.
Jul 05 09:20:15.221 INFO: manager: Starting local logging.
Jul 05 09:20:15.246 INFO: NamingOnCorba: Endpoint for the CORBA naming service (localhost) is 127.0.0.1.
Jul 05 09:20:15.246 INFO: NamingManager: NameServer connection succeeded: corba/localhost
Jul 05 09:20:15.247 INFO: ManagerServant: Named manager reference (INS) was successfully created.
Jul 05 09:20:19.339 WARNING: ManagerServant: Master manager not found
Jul 05 09:20:19.340 INFO: LocalServiceAdmin: All the local services are enabled.
Jul 05 09:20:19.343 INFO: ec_base: setRate(1000000.000000) done
Jul 05 09:20:19.344 INFO: ec_base: setRate(1000.000000) done
Jul 05 09:20:19.344 INFO: cal_inverse_kinematics0: 1 execution context was created.
Jul 05 09:20:19.347 INFO: cal_inverse_kinematics0: Initial active configuration set is default.
Jul 05 09:20:33.485 INFO: ManagerServant: Master manager not found
Jul 05 09:20:43.486 INFO: ManagerServant: Master manager not found
Jul 05 09:20:53.477 INFO: ManagerServant: Master manager not found
Jul 05 09:21:03.441 INFO: ManagerServant: Master manager not found
Jul 05 09:21:13.533 INFO: ManagerServant: Master manager not found
