Jul 19 06:21:21.830 INFO: manager: 2.0.1
Jul 19 06:21:21.830 INFO: manager: Copyright (C) 2003-2022, Noriaki Ando and OpenRTM development team,
Jul 19 06:21:21.831 INFO: manager:   Intelligent Systems Research Institute, AIST,
Jul 19 06:21:21.831 INFO: manager: Copyright (C) 2022, Noriaki Ando and OpenRTM development team,
Jul 19 06:21:21.831 INFO: manager:   Industrial Cyber-Physical Research Center, AIST,
Jul 19 06:21:21.831 INFO: manager:   All right reserved.
Jul 19 06:21:21.831 INFO: manager: Manager starting.
Jul 19 06:21:21.832 INFO: manager: Starting local logging.
Jul 19 06:21:21.888 INFO: NamingOnCorba: Endpoint for the CORBA naming service (localhost) is 127.0.0.1.
Jul 19 06:21:21.888 INFO: NamingManager: NameServer connection succeeded: corba/localhost
Jul 19 06:21:21.890 INFO: ManagerServant: Named manager reference (INS) was successfully created.
Jul 19 06:21:21.894 INFO: ManagerServant: Master manager found: localhost:2810
Jul 19 06:21:21.894 INFO: ManagerServant: Adding this manager to this manager.
Jul 19 06:21:21.895 INFO: ManagerServant: Register this manager to master manager.
Jul 19 06:21:21.896 INFO: ManagerServant: Slave manager servant was successfully created.
Jul 19 06:21:21.897 INFO: LocalServiceAdmin: All the local services are enabled.
Jul 19 06:21:21.901 INFO: ec_base: setRate(1000000.000000) done
Jul 19 06:21:21.902 INFO: ec_base: setRate(1000.000000) done
Jul 19 06:21:21.902 INFO: cal_inverse_kinematics0: 1 execution context was created.
Jul 19 06:21:21.905 INFO: cal_inverse_kinematics0: Initial active configuration set is default.
Jul 19 06:21:33.100 WARNING: SdoServiceAdmin: No available SDO service in the factory: 
Jul 19 06:22:07.769 WARNING: d_position: Dead connection: 47f597e6-0fee-4c77-b597-eaedd7526082
Jul 19 06:22:09.794 WARNING: d_position: Exception caught: minor code.
