Jul 05 06:19:56.760 INFO: manager: 2.0.1
Jul 05 06:19:56.761 INFO: manager: Copyright (C) 2003-2022, Noriaki Ando and OpenRTM development team,
Jul 05 06:19:56.761 INFO: manager:   Intelligent Systems Research Institute, AIST,
Jul 05 06:19:56.761 INFO: manager: Copyright (C) 2022, Noriaki Ando and OpenRTM development team,
Jul 05 06:19:56.761 INFO: manager:   Industrial Cyber-Physical Research Center, AIST,
Jul 05 06:19:56.761 INFO: manager:   All right reserved.
Jul 05 06:19:56.761 INFO: manager: Manager starting.
Jul 05 06:19:56.761 INFO: manager: Starting local logging.
Jul 05 06:19:56.788 INFO: NamingOnCorba: Endpoint for the CORBA naming service (localhost) is 127.0.0.1.
Jul 05 06:19:56.788 INFO: NamingManager: NameServer connection succeeded: corba/localhost
Jul 05 06:19:56.790 INFO: ManagerServant: Named manager reference (INS) was successfully created.
Jul 05 06:20:00.895 WARNING: ManagerServant: Master manager not found
Jul 05 06:20:00.899 INFO: LocalServiceAdmin: All the local services are enabled.
Jul 05 06:20:00.911 INFO: ec_base: setRate(1000000.000000) done
Jul 05 06:20:00.911 INFO: ec_base: setRate(1000.000000) done
Jul 05 06:20:00.911 INFO: cal_inverse_kinematics0: 1 execution context was created.
Jul 05 06:20:00.914 INFO: cal_inverse_kinematics0: Initial active configuration set is default.
Jul 05 06:20:15.031 INFO: ManagerServant: Master manager not found
Jul 05 06:20:20.193 WARNING: SdoServiceAdmin: No available SDO service in the factory: 
Jul 05 06:20:25.102 INFO: ManagerServant: Master manager not found
Jul 05 06:20:35.209 INFO: ManagerServant: Master manager not found
Jul 05 06:20:45.177 INFO: ManagerServant: Master manager not found
