Jul 19 10:01:01.028 INFO: manager: 2.0.1
Jul 19 10:01:01.028 INFO: manager: Copyright (C) 2003-2022, Noriaki Ando and OpenRTM development team,
Jul 19 10:01:01.028 INFO: manager:   Intelligent Systems Research Institute, AIST,
Jul 19 10:01:01.028 INFO: manager: Copyright (C) 2022, Noriaki Ando and OpenRTM development team,
Jul 19 10:01:01.028 INFO: manager:   Industrial Cyber-Physical Research Center, AIST,
Jul 19 10:01:01.028 INFO: manager:   All right reserved.
Jul 19 10:01:01.028 INFO: manager: Manager starting.
Jul 19 10:01:01.028 INFO: manager: Starting local logging.
Jul 19 10:01:01.050 INFO: NamingOnCorba: Endpoint for the CORBA naming service (localhost) is 127.0.0.1.
Jul 19 10:01:01.050 INFO: NamingManager: NameServer connection succeeded: corba/localhost
Jul 19 10:01:01.051 INFO: ManagerServant: Named manager reference (INS) was successfully created.
Jul 19 10:01:01.053 INFO: ManagerServant: Master manager found: localhost:2810
Jul 19 10:01:01.053 INFO: ManagerServant: Adding this manager to this manager.
Jul 19 10:01:01.053 INFO: ManagerServant: Register this manager to master manager.
Jul 19 10:01:01.053 INFO: ManagerServant: Slave manager servant was successfully created.
Jul 19 10:01:01.054 INFO: LocalServiceAdmin: All the local services are enabled.
Jul 19 10:01:01.055 INFO: ec_base: setRate(1000000.000000) done
Jul 19 10:01:01.055 INFO: ec_base: setRate(1000.000000) done
Jul 19 10:01:01.056 INFO: cal_inverse_kinematics0: 1 execution context was created.
Jul 19 10:01:01.058 INFO: cal_inverse_kinematics0: Initial active configuration set is default.
Jul 19 10:01:30.938 WARNING: SdoServiceAdmin: No available SDO service in the factory: 
Jul 19 10:05:24.376 WARNING: motor_deg: Dead connection: 8f538dc0-a6f0-4aa5-9298-59a9196e08ae
Jul 19 10:05:26.423 WARNING: motor_deg: Exception caught: minor code(1096024066).
Jul 19 10:05:28.470 WARNING: motor_speed: Dead connection: bad8adc1-df22-43cf-bd71-a161a2058f19
Jul 19 10:05:30.509 WARNING: motor_speed: Exception caught: minor code.
Jul 19 10:07:40.336 WARNING: motor_deg: Dead connection: 1d73760d-3ed1-40eb-aa38-7054b785ec9b
Jul 19 10:07:42.392 WARNING: motor_deg: Exception caught: minor code.
Jul 19 10:07:44.438 WARNING: motor_speed: Dead connection: 31ef5b17-eb55-4d3a-9398-86c4dbe44836
Jul 19 10:07:46.487 WARNING: motor_speed: Exception caught: minor code(1096024066).
Jul 19 10:08:19.779 WARNING: d_position: Dead connection: c3b4c7fe-dafd-4c15-ba33-722121492594
Jul 19 10:08:21.834 WARNING: d_position: Exception caught: minor code.
Jul 19 10:09:34.928 WARNING: motor_deg: Dead connection: b7b3dcff-d70b-4978-ba33-b9166299e248
Jul 19 10:09:36.962 WARNING: motor_deg: Exception caught: minor code.
Jul 19 10:09:38.989 WARNING: motor_speed: Dead connection: daa740b4-2c15-4df3-ae42-974e75226569
Jul 19 10:09:41.030 WARNING: motor_speed: Exception caught: minor code(1096024066).
