Jul 19 08:52:53.997 INFO: manager: 2.0.1
Jul 19 08:52:54.000 INFO: manager: Copyright (C) 2003-2022, Noriaki Ando and OpenRTM development team,
Jul 19 08:52:54.001 INFO: manager:   Intelligent Systems Research Institute, AIST,
Jul 19 08:52:54.001 INFO: manager: Copyright (C) 2022, Noriaki Ando and OpenRTM development team,
Jul 19 08:52:54.001 INFO: manager:   Industrial Cyber-Physical Research Center, AIST,
Jul 19 08:52:54.028 INFO: manager:   All right reserved.
Jul 19 08:52:54.029 INFO: manager: Manager starting.
Jul 19 08:52:54.029 INFO: manager: Starting local logging.
Jul 19 08:52:54.078 INFO: NamingOnCorba: Endpoint for the CORBA naming service (localhost) is 127.0.0.1.
Jul 19 08:52:54.078 INFO: NamingManager: NameServer connection succeeded: corba/localhost
Jul 19 08:52:54.079 INFO: ManagerServant: Named manager reference (INS) was successfully created.
Jul 19 08:52:54.081 INFO: ManagerServant: Master manager found: localhost:2810
Jul 19 08:52:54.082 INFO: ManagerServant: Adding this manager to this manager.
Jul 19 08:52:54.082 INFO: ManagerServant: Register this manager to master manager.
Jul 19 08:52:54.083 INFO: ManagerServant: Slave manager servant was successfully created.
Jul 19 08:52:54.083 INFO: LocalServiceAdmin: All the local services are enabled.
Jul 19 08:52:54.085 INFO: ec_base: setRate(1000000.000000) done
Jul 19 08:52:54.085 INFO: ec_base: setRate(1000.000000) done
Jul 19 08:52:54.085 INFO: cal_inverse_kinematics0: 1 execution context was created.
Jul 19 08:52:54.088 INFO: cal_inverse_kinematics0: Initial active configuration set is default.
Jul 19 08:53:31.711 WARNING: motor_deg: connection_lost id: 6456d59f-86d8-4a8e-81b6-7dc8d22384c0
Jul 19 08:53:33.749 WARNING: motor_deg: Exception caught: minor code.
