Jul 05 09:26:36.500 INFO: manager: 2.0.1
Jul 05 09:26:36.501 INFO: manager: Copyright (C) 2003-2022, Noriaki Ando and OpenRTM development team,
Jul 05 09:26:36.501 INFO: manager:   Intelligent Systems Research Institute, AIST,
Jul 05 09:26:36.501 INFO: manager: Copyright (C) 2022, Noriaki Ando and OpenRTM development team,
Jul 05 09:26:36.501 INFO: manager:   Industrial Cyber-Physical Research Center, AIST,
Jul 05 09:26:36.501 INFO: manager:   All right reserved.
Jul 05 09:26:36.501 INFO: manager: Manager starting.
Jul 05 09:26:36.501 INFO: manager: Starting local logging.
Jul 05 09:26:36.527 INFO: NamingOnCorba: Endpoint for the CORBA naming service (localhost) is 127.0.0.1.
Jul 05 09:26:36.528 INFO: NamingManager: NameServer connection succeeded: corba/localhost
Jul 05 09:26:36.528 INFO: ManagerServant: Named manager reference (INS) was successfully created.
Jul 05 09:26:40.609 WARNING: ManagerServant: Master manager not found
Jul 05 09:26:40.609 INFO: LocalServiceAdmin: All the local services are enabled.
Jul 05 09:26:40.612 INFO: ec_base: setRate(1000000.000000) done
Jul 05 09:26:40.612 INFO: ec_base: setRate(1000.000000) done
Jul 05 09:26:40.612 INFO: cal_inverse_kinematics0: 1 execution context was created.
Jul 05 09:26:40.615 INFO: cal_inverse_kinematics0: Initial active configuration set is default.
Jul 05 09:26:54.824 INFO: ManagerServant: Master manager not found
Jul 05 09:27:04.841 INFO: ManagerServant: Master manager not found
Jul 05 09:27:14.811 INFO: ManagerServant: Master manager not found
Jul 05 09:27:24.966 INFO: ManagerServant: Master manager not found
Jul 05 09:27:34.970 INFO: ManagerServant: Master manager not found
Jul 05 09:27:44.964 INFO: ManagerServant: Master manager not found
Jul 05 09:27:55.079 INFO: ManagerServant: Master manager not found
Jul 05 09:28:05.152 INFO: ManagerServant: Master manager not found
