Jul 05 09:08:52.974 INFO: manager: 2.0.1
Jul 05 09:08:52.974 INFO: manager: Copyright (C) 2003-2022, Noriaki Ando and OpenRTM development team,
Jul 05 09:08:52.974 INFO: manager:   Intelligent Systems Research Institute, AIST,
Jul 05 09:08:52.974 INFO: manager: Copyright (C) 2022, Noriaki Ando and OpenRTM development team,
Jul 05 09:08:52.974 INFO: manager:   Industrial Cyber-Physical Research Center, AIST,
Jul 05 09:08:52.974 INFO: manager:   All right reserved.
Jul 05 09:08:52.974 INFO: manager: Manager starting.
Jul 05 09:08:52.974 INFO: manager: Starting local logging.
Jul 05 09:08:52.994 INFO: NamingOnCorba: Endpoint for the CORBA naming service (localhost) is 127.0.0.1.
Jul 05 09:08:52.994 INFO: NamingManager: NameServer connection succeeded: corba/localhost
Jul 05 09:08:52.995 INFO: ManagerServant: Named manager reference (INS) was successfully created.
Jul 05 09:08:57.074 WARNING: ManagerServant: Master manager not found
Jul 05 09:08:57.074 INFO: LocalServiceAdmin: All the local services are enabled.
Jul 05 09:08:57.077 INFO: ec_base: setRate(1000000.000000) done
Jul 05 09:08:57.077 INFO: ec_base: setRate(1000.000000) done
Jul 05 09:08:57.077 INFO: cal_inverse_kinematics0: 1 execution context was created.
Jul 05 09:08:57.082 INFO: cal_inverse_kinematics0: Initial active configuration set is default.
Jul 05 09:09:11.140 INFO: ManagerServant: Master manager not found
Jul 05 09:09:21.224 INFO: ManagerServant: Master manager not found
Jul 05 09:09:31.251 INFO: ManagerServant: Master manager not found
Jul 05 09:09:41.223 INFO: ManagerServant: Master manager not found
Jul 05 09:09:51.355 INFO: ManagerServant: Master manager not found
Jul 05 09:10:01.448 INFO: ManagerServant: Master manager not found
