Jul 05 09:23:20.533 INFO: manager: 2.0.1
Jul 05 09:23:20.533 INFO: manager: Copyright (C) 2003-2022, Noriaki Ando and OpenRTM development team,
Jul 05 09:23:20.533 INFO: manager:   Intelligent Systems Research Institute, AIST,
Jul 05 09:23:20.533 INFO: manager: Copyright (C) 2022, Noriaki Ando and OpenRTM development team,
Jul 05 09:23:20.533 INFO: manager:   Industrial Cyber-Physical Research Center, AIST,
Jul 05 09:23:20.533 INFO: manager:   All right reserved.
Jul 05 09:23:20.533 INFO: manager: Manager starting.
Jul 05 09:23:20.534 INFO: manager: Starting local logging.
Jul 05 09:23:20.551 INFO: NamingOnCorba: Endpoint for the CORBA naming service (localhost) is 127.0.0.1.
Jul 05 09:23:20.551 INFO: NamingManager: NameServer connection succeeded: corba/localhost
Jul 05 09:23:20.552 INFO: ManagerServant: Named manager reference (INS) was successfully created.
Jul 05 09:23:24.632 WARNING: ManagerServant: Master manager not found
Jul 05 09:23:24.632 INFO: LocalServiceAdmin: All the local services are enabled.
Jul 05 09:23:24.633 INFO: ec_base: setRate(1000000.000000) done
Jul 05 09:23:24.634 INFO: ec_base: setRate(1000.000000) done
Jul 05 09:23:24.634 INFO: cal_inverse_kinematics0: 1 execution context was created.
Jul 05 09:23:24.635 INFO: cal_inverse_kinematics0: Initial active configuration set is default.
Jul 05 09:23:38.759 INFO: ManagerServant: Master manager not found
Jul 05 09:23:48.748 INFO: ManagerServant: Master manager not found
Jul 05 09:23:58.862 INFO: ManagerServant: Master manager not found
Jul 05 09:24:08.954 INFO: ManagerServant: Master manager not found
Jul 05 09:24:19.064 INFO: ManagerServant: Master manager not found
