Jul 19 09:56:18.214 INFO: manager: 2.0.1
Jul 19 09:56:18.214 INFO: manager: Copyright (C) 2003-2022, Noriaki Ando and OpenRTM development team,
Jul 19 09:56:18.214 INFO: manager:   Intelligent Systems Research Institute, AIST,
Jul 19 09:56:18.214 INFO: manager: Copyright (C) 2022, Noriaki Ando and OpenRTM development team,
Jul 19 09:56:18.214 INFO: manager:   Industrial Cyber-Physical Research Center, AIST,
Jul 19 09:56:18.214 INFO: manager:   All right reserved.
Jul 19 09:56:18.215 INFO: manager: Manager starting.
Jul 19 09:56:18.215 INFO: manager: Starting local logging.
Jul 19 09:56:18.244 INFO: NamingOnCorba: Endpoint for the CORBA naming service (localhost) is 127.0.0.1.
Jul 19 09:56:18.244 INFO: NamingManager: NameServer connection succeeded: corba/localhost
Jul 19 09:56:18.246 INFO: ManagerServant: Named manager reference (INS) was successfully created.
Jul 19 09:56:18.248 INFO: ManagerServant: Master manager found: localhost:2810
Jul 19 09:56:18.248 INFO: ManagerServant: Adding this manager to this manager.
Jul 19 09:56:18.248 INFO: ManagerServant: Register this manager to master manager.
Jul 19 09:56:18.249 INFO: ManagerServant: Slave manager servant was successfully created.
Jul 19 09:56:18.249 INFO: LocalServiceAdmin: All the local services are enabled.
Jul 19 09:56:18.251 INFO: ec_base: setRate(1000000.000000) done
Jul 19 09:56:18.251 INFO: ec_base: setRate(1000.000000) done
Jul 19 09:56:18.251 INFO: cal_inverse_kinematics0: 1 execution context was created.
Jul 19 09:56:18.253 INFO: cal_inverse_kinematics0: Initial active configuration set is default.
