Jul 05 09:24:37.332 INFO: manager: 2.0.1
Jul 05 09:24:37.332 INFO: manager: Copyright (C) 2003-2022, Noriaki Ando and OpenRTM development team,
Jul 05 09:24:37.332 INFO: manager:   Intelligent Systems Research Institute, AIST,
Jul 05 09:24:37.332 INFO: manager: Copyright (C) 2022, Noriaki Ando and OpenRTM development team,
Jul 05 09:24:37.332 INFO: manager:   Industrial Cyber-Physical Research Center, AIST,
Jul 05 09:24:37.332 INFO: manager:   All right reserved.
Jul 05 09:24:37.332 INFO: manager: Manager starting.
Jul 05 09:24:37.332 INFO: manager: Starting local logging.
Jul 05 09:24:37.352 INFO: NamingOnCorba: Endpoint for the CORBA naming service (localhost) is 127.0.0.1.
Jul 05 09:24:37.352 INFO: NamingManager: NameServer connection succeeded: corba/localhost
Jul 05 09:24:37.353 INFO: ManagerServant: Named manager reference (INS) was successfully created.
Jul 05 09:24:41.436 WARNING: ManagerServant: Master manager not found
Jul 05 09:24:41.436 INFO: LocalServiceAdmin: All the local services are enabled.
Jul 05 09:24:41.439 INFO: ec_base: setRate(1000000.000000) done
Jul 05 09:24:41.439 INFO: ec_base: setRate(1000.000000) done
Jul 05 09:24:41.439 INFO: cal_inverse_kinematics0: 1 execution context was created.
Jul 05 09:24:41.441 INFO: cal_inverse_kinematics0: Initial active configuration set is default.
Jul 05 09:24:50.283 WARNING: SdoServiceAdmin: No available SDO service in the factory: 
Jul 05 09:24:55.604 INFO: ManagerServant: Master manager not found
Jul 05 09:25:05.615 INFO: ManagerServant: Master manager not found
Jul 05 09:25:15.641 INFO: ManagerServant: Master manager not found
Jul 05 09:25:25.681 INFO: ManagerServant: Master manager not found
Jul 05 09:25:35.737 INFO: ManagerServant: Master manager not found
Jul 05 09:25:45.848 INFO: ManagerServant: Master manager not found
Jul 05 09:25:55.962 INFO: ManagerServant: Master manager not found
Jul 05 09:26:05.970 INFO: ManagerServant: Master manager not found
Jul 05 09:26:16.074 INFO: ManagerServant: Master manager not found
