Jul 04 15:33:26.677 INFO: manager: 2.0.1
Jul 04 15:33:26.678 INFO: manager: Copyright (C) 2003-2022, Noriaki Ando and OpenRTM development team,
Jul 04 15:33:26.678 INFO: manager:   Intelligent Systems Research Institute, AIST,
Jul 04 15:33:26.678 INFO: manager: Copyright (C) 2022, Noriaki Ando and OpenRTM development team,
Jul 04 15:33:26.678 INFO: manager:   Industrial Cyber-Physical Research Center, AIST,
Jul 04 15:33:26.678 INFO: manager:   All right reserved.
Jul 04 15:33:26.678 INFO: manager: Manager starting.
Jul 04 15:33:26.678 INFO: manager: Starting local logging.
Jul 04 15:33:26.709 INFO: NamingOnCorba: Endpoint for the CORBA naming service (localhost) is 127.0.0.1.
Jul 04 15:33:26.709 INFO: NamingManager: NameServer connection succeeded: corba/localhost
Jul 04 15:33:26.712 INFO: ManagerServant: Named manager reference (INS) was successfully created.
Jul 04 15:33:30.836 WARNING: ManagerServant: Master manager not found
Jul 04 15:33:30.837 INFO: LocalServiceAdmin: All the local services are enabled.
Jul 04 15:33:30.839 INFO: ec_base: setRate(1000000.000000) done
Jul 04 15:33:30.839 INFO: ec_base: setRate(1000.000000) done
Jul 04 15:33:30.839 INFO: cal_inverse_kinematics0: 1 execution context was created.
Jul 04 15:33:30.841 INFO: cal_inverse_kinematics0: Initial active configuration set is default.
Jul 04 15:33:44.999 INFO: ManagerServant: Master manager not found
Jul 04 15:33:54.995 INFO: ManagerServant: Master manager not found
Jul 04 15:34:04.964 INFO: ManagerServant: Master manager not found
Jul 04 15:34:15.079 INFO: ManagerServant: Master manager not found
Jul 04 15:34:25.060 INFO: ManagerServant: Master manager not found
Jul 04 15:34:35.187 INFO: ManagerServant: Master manager not found
Jul 04 15:34:45.172 INFO: ManagerServant: Master manager not found
Jul 04 15:34:55.277 INFO: ManagerServant: Master manager not found
