Jul 18 13:25:24.425 INFO: manager: 2.0.1
Jul 18 13:25:24.425 INFO: manager: Copyright (C) 2003-2022, Noriaki Ando and OpenRTM development team,
Jul 18 13:25:24.425 INFO: manager:   Intelligent Systems Research Institute, AIST,
Jul 18 13:25:24.425 INFO: manager: Copyright (C) 2022, Noriaki Ando and OpenRTM development team,
Jul 18 13:25:24.425 INFO: manager:   Industrial Cyber-Physical Research Center, AIST,
Jul 18 13:25:24.425 INFO: manager:   All right reserved.
Jul 18 13:25:24.425 INFO: manager: Manager starting.
Jul 18 13:25:24.425 INFO: manager: Starting local logging.
Jul 18 13:25:24.442 INFO: NamingOnCorba: Endpoint for the CORBA naming service (localhost) is 127.0.0.1.
Jul 18 13:25:24.442 INFO: NamingManager: NameServer connection succeeded: corba/localhost
Jul 18 13:25:24.443 INFO: ManagerServant: Named manager reference (INS) was successfully created.
Jul 18 13:25:24.448 INFO: ManagerServant: Master manager found: localhost:2810
Jul 18 13:25:24.448 INFO: ManagerServant: Adding this manager to this manager.
Jul 18 13:25:24.448 INFO: ManagerServant: Register this manager to master manager.
Jul 18 13:25:24.448 INFO: ManagerServant: Slave manager servant was successfully created.
Jul 18 13:25:24.449 INFO: LocalServiceAdmin: All the local services are enabled.
Jul 18 13:25:24.450 INFO: ec_base: setRate(1000000.000000) done
Jul 18 13:25:24.450 INFO: ec_base: setRate(1000.000000) done
Jul 18 13:25:24.450 INFO: cal_inverse_kinematics0: 1 execution context was created.
Jul 18 13:25:24.452 INFO: cal_inverse_kinematics0: Initial active configuration set is default.
Jul 18 13:26:22.518 WARNING: SdoServiceAdmin: No available SDO service in the factory: 
