Jul 17 06:11:09.919 INFO: manager: 2.0.1
Jul 17 06:11:09.919 INFO: manager: Copyright (C) 2003-2022, Noriaki Ando and OpenRTM development team,
Jul 17 06:11:09.919 INFO: manager:   Intelligent Systems Research Institute, AIST,
Jul 17 06:11:09.919 INFO: manager: Copyright (C) 2022, Noriaki Ando and OpenRTM development team,
Jul 17 06:11:09.919 INFO: manager:   Industrial Cyber-Physical Research Center, AIST,
Jul 17 06:11:09.919 INFO: manager:   All right reserved.
Jul 17 06:11:09.919 INFO: manager: Manager starting.
Jul 17 06:11:09.919 INFO: manager: Starting local logging.
Jul 17 06:11:09.937 INFO: NamingOnCorba: Endpoint for the CORBA naming service (localhost) is 127.0.0.1.
Jul 17 06:11:09.937 INFO: NamingManager: NameServer connection succeeded: corba/localhost
Jul 17 06:11:09.938 INFO: ManagerServant: Named manager reference (INS) was successfully created.
Jul 17 06:11:09.939 INFO: ManagerServant: Master manager found: localhost:2810
Jul 17 06:11:09.940 INFO: ManagerServant: Adding this manager to this manager.
Jul 17 06:11:09.940 INFO: ManagerServant: Register this manager to master manager.
Jul 17 06:11:09.940 INFO: ManagerServant: Slave manager servant was successfully created.
Jul 17 06:11:09.940 INFO: LocalServiceAdmin: All the local services are enabled.
Jul 17 06:11:09.942 INFO: ec_base: setRate(1000000.000000) done
Jul 17 06:11:09.942 INFO: ec_base: setRate(1000.000000) done
Jul 17 06:11:09.942 INFO: cal_inverse_kinematics0: 1 execution context was created.
Jul 17 06:11:09.944 INFO: cal_inverse_kinematics0: Initial active configuration set is default.
Jul 17 06:12:17.997 WARNING: motor_deg: Dead connection: e2b87c0a-ff9b-47b9-88c8-ddeaeed0492a
Jul 17 06:12:20.012 WARNING: motor_deg: Exception caught: minor code.
Jul 17 06:15:47.521 WARNING: motor_deg: Dead connection: 7ccab64b-6f63-4fa2-9b92-82555aed20d5
Jul 17 06:15:49.563 WARNING: motor_deg: Exception caught: minor code(1096024066).
