Jul 10 03:21:47.707 INFO: manager: 2.0.1
Jul 10 03:21:47.707 INFO: manager: Copyright (C) 2003-2022, Noriaki Ando and OpenRTM development team,
Jul 10 03:21:47.707 INFO: manager:   Intelligent Systems Research Institute, AIST,
Jul 10 03:21:47.707 INFO: manager: Copyright (C) 2022, Noriaki Ando and OpenRTM development team,
Jul 10 03:21:47.708 INFO: manager:   Industrial Cyber-Physical Research Center, AIST,
Jul 10 03:21:47.708 INFO: manager:   All right reserved.
Jul 10 03:21:47.708 INFO: manager: Manager starting.
Jul 10 03:21:47.708 INFO: manager: Starting local logging.
Jul 10 03:21:47.828 INFO: NamingOnCorba: Endpoint for the CORBA naming service (localhost) is 127.0.0.1.
Jul 10 03:21:47.829 INFO: NamingManager: NameServer connection succeeded: corba/localhost
Jul 10 03:21:47.832 INFO: ManagerServant: Named manager reference (INS) was successfully created.
Jul 10 03:21:51.940 WARNING: ManagerServant: Master manager not found
Jul 10 03:21:51.940 INFO: LocalServiceAdmin: All the local services are enabled.
Jul 10 03:21:51.945 INFO: ec_base: setRate(1000000.000000) done
Jul 10 03:21:51.945 INFO: ec_base: setRate(1000.000000) done
Jul 10 03:21:51.946 INFO: cal_inverse_kinematics0: 1 execution context was created.
Jul 10 03:21:51.953 INFO: cal_inverse_kinematics0: Initial active configuration set is default.
Jul 10 03:22:06.146 INFO: ManagerServant: Master manager not found
Jul 10 03:22:16.413 INFO: ManagerServant: Master manager not found
Jul 10 03:22:26.766 INFO: ManagerServant: Master manager not found
Jul 10 03:22:36.344 INFO: NamingManager: Name server: localhost (corba) disappeared.
Jul 10 03:22:40.962 INFO: ManagerServant: Master manager not found
Jul 10 03:22:46.345 INFO: NamingManager: NameServer connection failed: corba/localhost
Jul 10 03:22:50.387 INFO: ManagerServant: Master manager not found
Jul 10 03:22:56.433 INFO: NamingManager: NameServer connection failed: corba/localhost
Jul 10 03:23:00.481 INFO: ManagerServant: Master manager not found
Jul 10 03:23:06.523 INFO: NamingManager: NameServer connection failed: corba/localhost
Jul 10 03:23:10.578 INFO: ManagerServant: Master manager not found
Jul 10 03:23:16.611 INFO: NamingManager: NameServer connection failed: corba/localhost
Jul 10 03:23:20.655 INFO: ManagerServant: Master manager not found
Jul 10 03:23:26.685 INFO: NamingManager: NameServer connection failed: corba/localhost
Jul 10 03:23:30.764 INFO: ManagerServant: Master manager not found
Jul 10 03:23:35.693 INFO: NamingOnCorba: Endpoint for the CORBA naming service (localhost) is 127.0.0.1.
Jul 10 03:23:35.693 INFO: NamingManager: NameServer connection succeeded: corba/localhost
Jul 10 03:23:35.693 INFO: NamingManager: Connected to a name server: corba/localhost
Jul 10 03:23:39.769 INFO: ManagerServant: Master manager not found
Jul 10 03:23:46.763 INFO: ManagerServant: Master manager not found
Jul 10 03:23:56.799 INFO: ManagerServant: Master manager not found
Jul 10 03:24:06.825 INFO: ManagerServant: Master manager not found
Jul 10 03:24:16.845 INFO: ManagerServant: Master manager not found
Jul 10 03:24:26.890 INFO: ManagerServant: Master manager not found
Jul 10 03:24:36.945 INFO: ManagerServant: Master manager not found
Jul 10 03:24:47.008 INFO: ManagerServant: Master manager not found
Jul 10 03:24:57.048 INFO: ManagerServant: Master manager not found
Jul 10 03:25:07.055 INFO: ManagerServant: Master manager not found
Jul 10 03:25:17.082 INFO: ManagerServant: Master manager not found
Jul 10 03:25:27.215 INFO: ManagerServant: Master manager not found
Jul 10 03:25:37.226 INFO: ManagerServant: Master manager not found
Jul 10 03:25:47.255 INFO: ManagerServant: Master manager not found
Jul 10 03:25:57.283 INFO: ManagerServant: Master manager not found
Jul 10 03:26:07.352 INFO: ManagerServant: Master manager not found
Jul 10 03:26:17.368 INFO: ManagerServant: Master manager not found
Jul 10 03:26:27.520 INFO: ManagerServant: Master manager not found
Jul 10 03:26:37.523 INFO: ManagerServant: Master manager not found
Jul 10 03:26:47.569 INFO: ManagerServant: Master manager not found
Jul 10 03:26:57.651 INFO: ManagerServant: Master manager not found
Jul 10 03:27:07.703 INFO: ManagerServant: Master manager not found
Jul 10 03:27:17.772 INFO: ManagerServant: Master manager not found
Jul 10 03:27:27.876 INFO: ManagerServant: Master manager not found
Jul 10 03:27:37.867 INFO: ManagerServant: Master manager not found
Jul 10 03:27:47.916 INFO: ManagerServant: Master manager not found
Jul 10 03:27:57.999 INFO: ManagerServant: Master manager not found
Jul 10 03:28:08.097 INFO: ManagerServant: Master manager not found
Jul 10 03:28:18.181 INFO: ManagerServant: Master manager not found
Jul 10 03:28:28.249 INFO: ManagerServant: Master manager not found
Jul 10 03:28:36.947 WARNING: d_position: Dead connection: cde1a452-990f-49bf-8bd1-af0538f37f1c
Jul 10 03:28:38.317 INFO: ManagerServant: Master manager not found
Jul 10 03:28:39.000 WARNING: d_position: Exception caught: minor code.
Jul 10 03:28:48.368 INFO: ManagerServant: Master manager not found
Jul 10 03:28:58.450 INFO: ManagerServant: Master manager not found
Jul 10 03:29:08.505 INFO: ManagerServant: Master manager not found
Jul 10 03:29:18.563 INFO: ManagerServant: Master manager not found
Jul 10 03:29:28.632 INFO: ManagerServant: Master manager not found
Jul 10 03:29:38.888 INFO: ManagerServant: Master manager not found
Jul 10 03:29:49.097 INFO: ManagerServant: Master manager not found
Jul 10 03:29:58.737 INFO: ManagerServant: Master manager not found
Jul 10 03:30:08.776 INFO: ManagerServant: Master manager not found
Jul 10 03:30:10.366 WARNING: motor_deg: Dead connection: dc3fb0a0-081a-4c65-be5f-8614b82b9404
Jul 10 03:30:12.414 WARNING: motor_deg: Exception caught: minor code.
Jul 10 03:30:18.848 INFO: ManagerServant: Master manager not found
Jul 10 03:30:28.891 INFO: ManagerServant: Master manager not found
