Jul 05 08:46:50.777 INFO: manager: 2.0.1
Jul 05 08:46:50.777 INFO: manager: Copyright (C) 2003-2022, Noriaki Ando and OpenRTM development team,
Jul 05 08:46:50.777 INFO: manager:   Intelligent Systems Research Institute, AIST,
Jul 05 08:46:50.777 INFO: manager: Copyright (C) 2022, Noriaki Ando and OpenRTM development team,
Jul 05 08:46:50.777 INFO: manager:   Industrial Cyber-Physical Research Center, AIST,
Jul 05 08:46:50.777 INFO: manager:   All right reserved.
Jul 05 08:46:50.777 INFO: manager: Manager starting.
Jul 05 08:46:50.777 INFO: manager: Starting local logging.
Jul 05 08:46:50.794 INFO: NamingOnCorba: Endpoint for the CORBA naming service (localhost) is 127.0.0.1.
Jul 05 08:46:50.795 INFO: NamingManager: NameServer connection succeeded: corba/localhost
Jul 05 08:46:50.795 INFO: ManagerServant: Named manager reference (INS) was successfully created.
Jul 05 08:46:54.890 WARNING: ManagerServant: Master manager not found
Jul 05 08:46:54.891 INFO: LocalServiceAdmin: All the local services are enabled.
Jul 05 08:46:54.894 INFO: ec_base: setRate(1000000.000000) done
Jul 05 08:46:54.894 INFO: ec_base: setRate(1000.000000) done
Jul 05 08:46:54.894 INFO: cal_inverse_kinematics0: 1 execution context was created.
Jul 05 08:46:54.897 INFO: cal_inverse_kinematics0: Initial active configuration set is default.
Jul 05 08:47:09.093 INFO: ManagerServant: Master manager not found
Jul 05 08:47:19.094 INFO: ManagerServant: Master manager not found
Jul 05 08:47:29.055 INFO: ManagerServant: Master manager not found
Jul 05 08:47:39.080 INFO: ManagerServant: Master manager not found
Jul 05 08:47:49.124 INFO: ManagerServant: Master manager not found
Jul 05 08:47:59.246 INFO: ManagerServant: Master manager not found
