Jul 19 07:39:11.922 INFO: manager: 2.0.1
Jul 19 07:39:11.922 INFO: manager: Copyright (C) 2003-2022, Noriaki Ando and OpenRTM development team,
Jul 19 07:39:11.922 INFO: manager:   Intelligent Systems Research Institute, AIST,
Jul 19 07:39:11.922 INFO: manager: Copyright (C) 2022, Noriaki Ando and OpenRTM development team,
Jul 19 07:39:11.922 INFO: manager:   Industrial Cyber-Physical Research Center, AIST,
Jul 19 07:39:11.922 INFO: manager:   All right reserved.
Jul 19 07:39:11.922 INFO: manager: Manager starting.
Jul 19 07:39:11.922 INFO: manager: Starting local logging.
Jul 19 07:39:11.947 INFO: NamingOnCorba: Endpoint for the CORBA naming service (localhost) is 127.0.0.1.
Jul 19 07:39:11.947 INFO: NamingManager: NameServer connection succeeded: corba/localhost
Jul 19 07:39:11.948 INFO: ManagerServant: Named manager reference (INS) was successfully created.
Jul 19 07:39:11.949 INFO: ManagerServant: Master manager found: localhost:2810
Jul 19 07:39:11.950 INFO: ManagerServant: Adding this manager to this manager.
Jul 19 07:39:11.950 INFO: ManagerServant: Register this manager to master manager.
Jul 19 07:39:11.950 INFO: ManagerServant: Slave manager servant was successfully created.
Jul 19 07:39:11.951 INFO: LocalServiceAdmin: All the local services are enabled.
Jul 19 07:39:11.952 INFO: ec_base: setRate(1000000.000000) done
Jul 19 07:39:11.952 INFO: ec_base: setRate(1000.000000) done
Jul 19 07:39:11.952 INFO: cal_inverse_kinematics0: 1 execution context was created.
Jul 19 07:39:11.954 INFO: cal_inverse_kinematics0: Initial active configuration set is default.
Jul 19 07:39:59.732 WARNING: d_position: Dead connection: 098ee74a-aa63-4599-8e79-869d2e32b766
Jul 19 07:40:01.781 WARNING: d_position: Exception caught: minor code.
