Jul 05 09:17:05.450 INFO: manager: 2.0.1
Jul 05 09:17:05.450 INFO: manager: Copyright (C) 2003-2022, Noriaki Ando and OpenRTM development team,
Jul 05 09:17:05.451 INFO: manager:   Intelligent Systems Research Institute, AIST,
Jul 05 09:17:05.451 INFO: manager: Copyright (C) 2022, Noriaki Ando and OpenRTM development team,
Jul 05 09:17:05.451 INFO: manager:   Industrial Cyber-Physical Research Center, AIST,
Jul 05 09:17:05.451 INFO: manager:   All right reserved.
Jul 05 09:17:05.451 INFO: manager: Manager starting.
Jul 05 09:17:05.451 INFO: manager: Starting local logging.
Jul 05 09:17:05.556 INFO: NamingOnCorba: Endpoint for the CORBA naming service (localhost) is 127.0.0.1.
Jul 05 09:17:05.557 INFO: NamingManager: NameServer connection succeeded: corba/localhost
Jul 05 09:17:05.560 INFO: ManagerServant: Named manager reference (INS) was successfully created.
Jul 05 09:17:09.666 WARNING: ManagerServant: Master manager not found
Jul 05 09:17:09.666 INFO: LocalServiceAdmin: All the local services are enabled.
Jul 05 09:17:09.669 INFO: ec_base: setRate(1000000.000000) done
Jul 05 09:17:09.669 INFO: ec_base: setRate(1000.000000) done
Jul 05 09:17:09.669 INFO: cal_inverse_kinematics0: 1 execution context was created.
Jul 05 09:17:09.672 INFO: cal_inverse_kinematics0: Initial active configuration set is default.
Jul 05 09:17:23.827 INFO: ManagerServant: Master manager not found
Jul 05 09:17:33.807 INFO: ManagerServant: Master manager not found
Jul 05 09:17:43.806 INFO: ManagerServant: Master manager not found
Jul 05 09:17:53.922 INFO: ManagerServant: Master manager not found
Jul 05 09:18:03.994 INFO: ManagerServant: Master manager not found
Jul 05 09:18:13.983 INFO: ManagerServant: Master manager not found
Jul 05 09:18:23.970 INFO: ManagerServant: Master manager not found
Jul 05 09:18:34.055 INFO: ManagerServant: Master manager not found
Jul 05 09:18:44.132 INFO: ManagerServant: Master manager not found
Jul 05 09:18:54.243 INFO: ManagerServant: Master manager not found
Jul 05 09:19:04.230 INFO: ManagerServant: Master manager not found
Jul 05 09:19:14.333 INFO: ManagerServant: Master manager not found
Jul 05 09:19:24.439 INFO: ManagerServant: Master manager not found
Jul 05 09:19:34.521 INFO: ManagerServant: Master manager not found
