Jul 19 10:26:27.242 INFO: manager: 2.0.1
Jul 19 10:26:27.242 INFO: manager: Copyright (C) 2003-2022, Noriaki Ando and OpenRTM development team,
Jul 19 10:26:27.242 INFO: manager:   Intelligent Systems Research Institute, AIST,
Jul 19 10:26:27.242 INFO: manager: Copyright (C) 2022, Noriaki Ando and OpenRTM development team,
Jul 19 10:26:27.242 INFO: manager:   Industrial Cyber-Physical Research Center, AIST,
Jul 19 10:26:27.242 INFO: manager:   All right reserved.
Jul 19 10:26:27.242 INFO: manager: Manager starting.
Jul 19 10:26:27.242 INFO: manager: Starting local logging.
Jul 19 10:26:27.267 INFO: NamingOnCorba: Endpoint for the CORBA naming service (localhost) is 127.0.0.1.
Jul 19 10:26:27.267 INFO: NamingManager: NameServer connection succeeded: corba/localhost
Jul 19 10:26:27.268 INFO: ManagerServant: Named manager reference (INS) was successfully created.
Jul 19 10:26:27.271 INFO: ManagerServant: Master manager found: localhost:2810
Jul 19 10:26:27.271 INFO: ManagerServant: Adding this manager to this manager.
Jul 19 10:26:27.271 INFO: ManagerServant: Register this manager to master manager.
Jul 19 10:26:27.272 INFO: ManagerServant: Slave manager servant was successfully created.
Jul 19 10:26:27.272 INFO: LocalServiceAdmin: All the local services are enabled.
Jul 19 10:26:27.274 INFO: ec_base: setRate(1000000.000000) done
Jul 19 10:26:27.274 INFO: ec_base: setRate(1000.000000) done
Jul 19 10:26:27.275 INFO: cal_inverse_kinematics0: 1 execution context was created.
Jul 19 10:26:27.277 INFO: cal_inverse_kinematics0: Initial active configuration set is default.
