Jul 18 12:34:00.452 INFO: manager: 2.0.1
Jul 18 12:34:00.453 INFO: manager: Copyright (C) 2003-2022, Noriaki Ando and OpenRTM development team,
Jul 18 12:34:00.453 INFO: manager:   Intelligent Systems Research Institute, AIST,
Jul 18 12:34:00.453 INFO: manager: Copyright (C) 2022, Noriaki Ando and OpenRTM development team,
Jul 18 12:34:00.453 INFO: manager:   Industrial Cyber-Physical Research Center, AIST,
Jul 18 12:34:00.453 INFO: manager:   All right reserved.
Jul 18 12:34:00.453 INFO: manager: Manager starting.
Jul 18 12:34:00.453 INFO: manager: Starting local logging.
Jul 18 12:34:00.477 INFO: NamingOnCorba: Endpoint for the CORBA naming service (localhost) is 127.0.0.1.
Jul 18 12:34:00.477 INFO: NamingManager: NameServer connection succeeded: corba/localhost
Jul 18 12:34:00.478 INFO: ManagerServant: Named manager reference (INS) was successfully created.
Jul 18 12:34:00.480 INFO: ManagerServant: Master manager found: localhost:2810
Jul 18 12:34:00.480 INFO: ManagerServant: Adding this manager to this manager.
Jul 18 12:34:00.480 INFO: ManagerServant: Register this manager to master manager.
Jul 18 12:34:00.481 INFO: ManagerServant: Slave manager servant was successfully created.
Jul 18 12:34:00.481 INFO: LocalServiceAdmin: All the local services are enabled.
Jul 18 12:34:00.482 INFO: ec_base: setRate(1000000.000000) done
Jul 18 12:34:00.483 INFO: ec_base: setRate(1000.000000) done
Jul 18 12:34:00.483 INFO: cal_inverse_kinematics0: 1 execution context was created.
Jul 18 12:34:00.485 INFO: cal_inverse_kinematics0: Initial active configuration set is default.
Jul 18 12:34:38.046 WARNING: SdoServiceAdmin: No available SDO service in the factory: 
