Jul 17 06:39:49.771 INFO: manager: 2.0.1
Jul 17 06:39:49.772 INFO: manager: Copyright (C) 2003-2022, Noriaki Ando and OpenRTM development team,
Jul 17 06:39:49.772 INFO: manager:   Intelligent Systems Research Institute, AIST,
Jul 17 06:39:49.772 INFO: manager: Copyright (C) 2022, Noriaki Ando and OpenRTM development team,
Jul 17 06:39:49.772 INFO: manager:   Industrial Cyber-Physical Research Center, AIST,
Jul 17 06:39:49.772 INFO: manager:   All right reserved.
Jul 17 06:39:49.772 INFO: manager: Manager starting.
Jul 17 06:39:49.772 INFO: manager: Starting local logging.
Jul 17 06:39:49.810 INFO: NamingOnCorba: Endpoint for the CORBA naming service (localhost) is 127.0.0.1.
Jul 17 06:39:49.811 INFO: NamingManager: NameServer connection succeeded: corba/localhost
Jul 17 06:39:49.812 INFO: ManagerServant: Named manager reference (INS) was successfully created.
Jul 17 06:39:49.814 INFO: ManagerServant: Master manager found: localhost:2810
Jul 17 06:39:49.815 INFO: ManagerServant: Adding this manager to this manager.
Jul 17 06:39:49.815 INFO: ManagerServant: Register this manager to master manager.
Jul 17 06:39:49.815 INFO: ManagerServant: Slave manager servant was successfully created.
Jul 17 06:39:49.816 INFO: LocalServiceAdmin: All the local services are enabled.
Jul 17 06:39:49.819 INFO: ec_base: setRate(1000000.000000) done
Jul 17 06:39:49.819 INFO: ec_base: setRate(1000.000000) done
Jul 17 06:39:49.820 INFO: cal_inverse_kinematics0: 1 execution context was created.
Jul 17 06:39:49.823 INFO: cal_inverse_kinematics0: Initial active configuration set is default.
Jul 17 06:41:11.956 WARNING: SdoServiceAdmin: No available SDO service in the factory: 
Jul 17 06:54:53.519 WARNING: motor_deg: Dead connection: b218f0f4-da54-4288-b215-858c45091109
Jul 17 06:54:55.562 WARNING: motor_deg: Exception caught: minor code.
