Jul 19 09:50:13.084 INFO: manager: 2.0.1
Jul 19 09:50:13.084 INFO: manager: Copyright (C) 2003-2022, Noriaki Ando and OpenRTM development team,
Jul 19 09:50:13.084 INFO: manager:   Intelligent Systems Research Institute, AIST,
Jul 19 09:50:13.085 INFO: manager: Copyright (C) 2022, Noriaki Ando and OpenRTM development team,
Jul 19 09:50:13.085 INFO: manager:   Industrial Cyber-Physical Research Center, AIST,
Jul 19 09:50:13.085 INFO: manager:   All right reserved.
Jul 19 09:50:13.085 INFO: manager: Manager starting.
Jul 19 09:50:13.085 INFO: manager: Starting local logging.
Jul 19 09:50:13.110 INFO: NamingOnCorba: Endpoint for the CORBA naming service (localhost) is 127.0.0.1.
Jul 19 09:50:13.110 INFO: NamingManager: NameServer connection succeeded: corba/localhost
Jul 19 09:50:13.110 INFO: ManagerServant: Named manager reference (INS) was successfully created.
Jul 19 09:50:13.111 INFO: ManagerServant: Master manager found: localhost:2810
Jul 19 09:50:13.112 INFO: ManagerServant: Adding this manager to this manager.
Jul 19 09:50:13.112 INFO: ManagerServant: Register this manager to master manager.
Jul 19 09:50:13.112 INFO: ManagerServant: Slave manager servant was successfully created.
Jul 19 09:50:13.112 INFO: LocalServiceAdmin: All the local services are enabled.
Jul 19 09:50:13.114 INFO: ec_base: setRate(1000000.000000) done
Jul 19 09:50:13.114 INFO: ec_base: setRate(1000.000000) done
Jul 19 09:50:13.114 INFO: cal_inverse_kinematics0: 1 execution context was created.
Jul 19 09:50:13.116 INFO: cal_inverse_kinematics0: Initial active configuration set is default.
Jul 19 09:50:45.046 WARNING: motor_deg: Dead connection: 7d957621-8a97-44de-9178-03b83015d727
Jul 19 09:50:45.308 WARNING: motor_deg: connection_lost id: 7d957621-8a97-44de-9178-03b83015d727
Jul 19 09:50:47.353 WARNING: motor_deg: Exception caught: minor code.
Jul 19 09:50:47.355 ERROR: motor_deg: Invalid connector id: 7d957621-8a97-44de-9178-03b83015d727
Jul 19 09:50:57.159 WARNING: SdoServiceAdmin: No available SDO service in the factory: 
