Jul 17 07:19:18.740 INFO: manager: 2.0.1
Jul 17 07:19:18.740 INFO: manager: Copyright (C) 2003-2022, Noriaki Ando and OpenRTM development team,
Jul 17 07:19:18.741 INFO: manager:   Intelligent Systems Research Institute, AIST,
Jul 17 07:19:18.741 INFO: manager: Copyright (C) 2022, Noriaki Ando and OpenRTM development team,
Jul 17 07:19:18.741 INFO: manager:   Industrial Cyber-Physical Research Center, AIST,
Jul 17 07:19:18.741 INFO: manager:   All right reserved.
Jul 17 07:19:18.741 INFO: manager: Manager starting.
Jul 17 07:19:18.741 INFO: manager: Starting local logging.
Jul 17 07:19:18.756 INFO: NamingOnCorba: Endpoint for the CORBA naming service (localhost) is 127.0.0.1.
Jul 17 07:19:18.756 INFO: NamingManager: NameServer connection succeeded: corba/localhost
Jul 17 07:19:18.757 INFO: ManagerServant: Named manager reference (INS) was successfully created.
Jul 17 07:19:18.759 INFO: ManagerServant: Master manager found: localhost:2810
Jul 17 07:19:18.759 INFO: ManagerServant: Adding this manager to this manager.
Jul 17 07:19:18.759 INFO: ManagerServant: Register this manager to master manager.
Jul 17 07:19:18.760 INFO: ManagerServant: Slave manager servant was successfully created.
Jul 17 07:19:18.760 INFO: LocalServiceAdmin: All the local services are enabled.
Jul 17 07:19:18.761 INFO: ec_base: setRate(1000000.000000) done
Jul 17 07:19:18.762 INFO: ec_base: setRate(1000.000000) done
Jul 17 07:19:18.762 INFO: cal_inverse_kinematics0: 1 execution context was created.
Jul 17 07:19:18.764 INFO: cal_inverse_kinematics0: Initial active configuration set is default.
