Jul 21 16:59:15.009 INFO: manager: 2.0.1
Jul 21 16:59:15.009 INFO: manager: Copyright (C) 2003-2022, Noriaki Ando and OpenRTM development team,
Jul 21 16:59:15.010 INFO: manager:   Intelligent Systems Research Institute, AIST,
Jul 21 16:59:15.010 INFO: manager: Copyright (C) 2022, Noriaki Ando and OpenRTM development team,
Jul 21 16:59:15.010 INFO: manager:   Industrial Cyber-Physical Research Center, AIST,
Jul 21 16:59:15.010 INFO: manager:   All right reserved.
Jul 21 16:59:15.010 INFO: manager: Manager starting.
Jul 21 16:59:15.010 INFO: manager: Starting local logging.
Jul 21 16:59:15.140 INFO: NamingOnCorba: Endpoint for the CORBA naming service (localhost) is 127.0.0.1.
Jul 21 16:59:15.140 INFO: NamingManager: NameServer connection succeeded: corba/localhost
Jul 21 16:59:15.146 INFO: ManagerServant: Named manager reference (INS) was successfully created.
Jul 21 16:59:19.235 WARNING: ManagerServant: Master manager not found
Jul 21 16:59:19.236 INFO: LocalServiceAdmin: All the local services are enabled.
Jul 21 16:59:19.240 INFO: ec_base: setRate(1000000.000000) done
Jul 21 16:59:19.241 INFO: ec_base: setRate(1000.000000) done
Jul 21 16:59:19.241 INFO: cal_inverse_kinematics0: 1 execution context was created.
Jul 21 16:59:19.247 INFO: cal_inverse_kinematics0: Initial active configuration set is default.
Jul 21 16:59:30.678 WARNING: SdoServiceAdmin: No available SDO service in the factory: 
Jul 21 16:59:33.412 INFO: ManagerServant: Master manager not found
Jul 21 16:59:43.416 INFO: ManagerServant: Master manager not found
Jul 21 16:59:53.538 INFO: ManagerServant: Master manager not found
Jul 21 17:00:03.564 INFO: ManagerServant: Master manager not found
Jul 21 17:00:13.548 INFO: ManagerServant: Master manager not found
Jul 21 17:00:23.663 INFO: ManagerServant: Master manager not found
Jul 21 17:00:33.753 INFO: ManagerServant: Master manager not found
Jul 21 17:00:43.860 INFO: ManagerServant: Master manager not found
Jul 21 17:00:53.836 INFO: ManagerServant: Master manager not found
