Jul 10 00:46:44.798 INFO: manager: 2.0.1
Jul 10 00:46:44.798 INFO: manager: Copyright (C) 2003-2022, Noriaki Ando and OpenRTM development team,
Jul 10 00:46:44.799 INFO: manager:   Intelligent Systems Research Institute, AIST,
Jul 10 00:46:44.799 INFO: manager: Copyright (C) 2022, Noriaki Ando and OpenRTM development team,
Jul 10 00:46:44.799 INFO: manager:   Industrial Cyber-Physical Research Center, AIST,
Jul 10 00:46:44.799 INFO: manager:   All right reserved.
Jul 10 00:46:44.799 INFO: manager: Manager starting.
Jul 10 00:46:44.799 INFO: manager: Starting local logging.
Jul 10 00:46:44.867 INFO: NamingOnCorba: Endpoint for the CORBA naming service (localhost) is 127.0.0.1.
Jul 10 00:46:44.867 INFO: NamingManager: NameServer connection succeeded: corba/localhost
Jul 10 00:46:44.869 INFO: ManagerServant: Named manager reference (INS) was successfully created.
Jul 10 00:46:48.964 WARNING: ManagerServant: Master manager not found
Jul 10 00:46:48.964 INFO: LocalServiceAdmin: All the local services are enabled.
Jul 10 00:46:48.967 INFO: ec_base: setRate(1000000.000000) done
Jul 10 00:46:48.967 INFO: ec_base: setRate(1000.000000) done
Jul 10 00:46:48.967 INFO: cal_inverse_kinematics0: 1 execution context was created.
Jul 10 00:46:48.970 INFO: cal_inverse_kinematics0: Initial active configuration set is default.
Jul 10 00:47:03.132 INFO: ManagerServant: Master manager not found
Jul 10 00:47:13.240 INFO: ManagerServant: Master manager not found
Jul 10 00:47:23.289 INFO: ManagerServant: Master manager not found
Jul 10 00:47:33.279 INFO: ManagerServant: Master manager not found
Jul 10 00:47:43.371 INFO: ManagerServant: Master manager not found
Jul 10 00:47:53.474 INFO: ManagerServant: Master manager not found
