Jul 19 06:42:03.395 INFO: manager: 2.0.1
Jul 19 06:42:03.395 INFO: manager: Copyright (C) 2003-2022, Noriaki Ando and OpenRTM development team,
Jul 19 06:42:03.395 INFO: manager:   Intelligent Systems Research Institute, AIST,
Jul 19 06:42:03.396 INFO: manager: Copyright (C) 2022, Noriaki Ando and OpenRTM development team,
Jul 19 06:42:03.396 INFO: manager:   Industrial Cyber-Physical Research Center, AIST,
Jul 19 06:42:03.396 INFO: manager:   All right reserved.
Jul 19 06:42:03.396 INFO: manager: Manager starting.
Jul 19 06:42:03.396 INFO: manager: Starting local logging.
Jul 19 06:42:03.451 INFO: NamingOnCorba: Endpoint for the CORBA naming service (localhost) is 127.0.0.1.
Jul 19 06:42:03.451 INFO: NamingManager: NameServer connection succeeded: corba/localhost
Jul 19 06:42:03.453 INFO: ManagerServant: Named manager reference (INS) was successfully created.
Jul 19 06:42:03.456 INFO: ManagerServant: Master manager found: localhost:2810
Jul 19 06:42:03.456 INFO: ManagerServant: Adding this manager to this manager.
Jul 19 06:42:03.456 INFO: ManagerServant: Register this manager to master manager.
Jul 19 06:42:03.457 INFO: ManagerServant: Slave manager servant was successfully created.
Jul 19 06:42:03.457 INFO: LocalServiceAdmin: All the local services are enabled.
Jul 19 06:42:03.461 INFO: ec_base: setRate(1000000.000000) done
Jul 19 06:42:03.461 INFO: ec_base: setRate(1000.000000) done
Jul 19 06:42:03.462 INFO: cal_inverse_kinematics0: 1 execution context was created.
Jul 19 06:42:03.466 INFO: cal_inverse_kinematics0: Initial active configuration set is default.
Jul 19 06:42:55.089 ERROR: ec_worker: State of the RTC is not ACTIVE_STATE.
Jul 19 06:43:52.975 ERROR: ec_worker: State of the RTC is not ACTIVE_STATE.
Jul 19 06:44:40.847 WARNING: SdoServiceAdmin: No available SDO service in the factory: 
Jul 19 06:44:55.648 WARNING: motor_deg: Dead connection: 6a14873b-aa9f-4c05-ae84-334de6fd6ab0
Jul 19 06:44:57.676 WARNING: motor_deg: Exception caught: minor code(1096024066).
