Jul 21 16:10:24.642 INFO: manager: 2.0.1
Jul 21 16:10:24.643 INFO: manager: Copyright (C) 2003-2022, Noriaki Ando and OpenRTM development team,
Jul 21 16:10:24.643 INFO: manager:   Intelligent Systems Research Institute, AIST,
Jul 21 16:10:24.643 INFO: manager: Copyright (C) 2022, Noriaki Ando and OpenRTM development team,
Jul 21 16:10:24.643 INFO: manager:   Industrial Cyber-Physical Research Center, AIST,
Jul 21 16:10:24.643 INFO: manager:   All right reserved.
Jul 21 16:10:24.643 INFO: manager: Manager starting.
Jul 21 16:10:24.643 INFO: manager: Starting local logging.
Jul 21 16:10:24.841 INFO: NamingOnCorba: Endpoint for the CORBA naming service (localhost) is 127.0.0.1.
Jul 21 16:10:24.841 INFO: NamingManager: NameServer connection succeeded: corba/localhost
Jul 21 16:10:24.858 INFO: ManagerServant: Named manager reference (INS) was successfully created.
Jul 21 16:10:24.883 INFO: ManagerServant: Master manager found: localhost:2810
Jul 21 16:10:24.883 INFO: ManagerServant: Adding this manager to this manager.
Jul 21 16:10:24.884 INFO: ManagerServant: Register this manager to master manager.
Jul 21 16:10:24.887 INFO: ManagerServant: Slave manager servant was successfully created.
Jul 21 16:10:24.889 INFO: LocalServiceAdmin: All the local services are enabled.
Jul 21 16:10:24.913 INFO: ec_base: setRate(1000000.000000) done
Jul 21 16:10:24.914 INFO: ec_base: setRate(1000.000000) done
Jul 21 16:10:24.915 INFO: cal_inverse_kinematics0: 1 execution context was created.
Jul 21 16:10:24.925 INFO: cal_inverse_kinematics0: Initial active configuration set is default.
Jul 21 16:14:47.976 WARNING: motor_deg: Dead connection: 9cd3eaca-9563-4d94-b20d-f6591fb07e47
Jul 21 16:14:54.122 WARNING: motor_deg: Dead connection: 9fae5e87-258c-4f8f-8a68-f113347605bb
Jul 21 16:15:00.243 WARNING: motor_deg: Exception caught: minor code(1096024066).
Jul 21 16:15:06.386 WARNING: motor_deg: Exception caught: minor code.
Jul 21 16:15:12.516 WARNING: motor_speed: Dead connection: 8bd369fe-b98d-4c6a-95bc-556d951ec4d5
Jul 21 16:15:18.605 WARNING: motor_speed: Dead connection: 6f2a6602-79f8-4fbc-8356-a3e732b5ce71
Jul 21 16:15:24.725 WARNING: motor_speed: Exception caught: minor code.
Jul 21 16:15:30.851 WARNING: motor_speed: Exception caught: minor code.
Jul 21 16:16:09.980 WARNING: SdoServiceAdmin: No available SDO service in the factory: 
Jul 21 16:19:15.085 WARNING: motor_deg: Dead connection: 41bdfc85-e9a9-430b-b652-a5102ccf680c
Jul 21 16:19:22.169 WARNING: motor_deg: Exception caught: minor code.
