Jul 05 09:15:11.253 INFO: manager: 2.0.1
Jul 05 09:15:11.253 INFO: manager: Copyright (C) 2003-2022, Noriaki Ando and OpenRTM development team,
Jul 05 09:15:11.254 INFO: manager:   Intelligent Systems Research Institute, AIST,
Jul 05 09:15:11.254 INFO: manager: Copyright (C) 2022, Noriaki Ando and OpenRTM development team,
Jul 05 09:15:11.254 INFO: manager:   Industrial Cyber-Physical Research Center, AIST,
Jul 05 09:15:11.254 INFO: manager:   All right reserved.
Jul 05 09:15:11.254 INFO: manager: Manager starting.
Jul 05 09:15:11.254 INFO: manager: Starting local logging.
Jul 05 09:15:11.291 INFO: NamingOnCorba: Endpoint for the CORBA naming service (localhost) is 127.0.0.1.
Jul 05 09:15:11.291 INFO: NamingManager: NameServer connection succeeded: corba/localhost
Jul 05 09:15:11.293 INFO: ManagerServant: Named manager reference (INS) was successfully created.
Jul 05 09:15:15.359 WARNING: ManagerServant: Master manager not found
Jul 05 09:15:15.360 INFO: LocalServiceAdmin: All the local services are enabled.
Jul 05 09:15:15.361 INFO: ec_base: setRate(1000000.000000) done
Jul 05 09:15:15.361 INFO: ec_base: setRate(1000.000000) done
Jul 05 09:15:15.361 INFO: cal_inverse_kinematics0: 1 execution context was created.
Jul 05 09:15:15.363 INFO: cal_inverse_kinematics0: Initial active configuration set is default.
Jul 05 09:15:29.673 INFO: ManagerServant: Master manager not found
Jul 05 09:15:39.569 INFO: ManagerServant: Master manager not found
Jul 05 09:15:49.662 INFO: ManagerServant: Master manager not found
Jul 05 09:15:59.814 INFO: ManagerServant: Master manager not found
Jul 05 09:16:09.863 INFO: ManagerServant: Master manager not found
Jul 05 09:16:19.918 INFO: ManagerServant: Master manager not found
Jul 05 09:16:30.043 INFO: ManagerServant: Master manager not found
Jul 05 09:16:40.020 INFO: ManagerServant: Master manager not found
