Jul 19 09:51:10.283 INFO: manager: 2.0.1
Jul 19 09:51:10.284 INFO: manager: Copyright (C) 2003-2022, Noriaki Ando and OpenRTM development team,
Jul 19 09:51:10.284 INFO: manager:   Intelligent Systems Research Institute, AIST,
Jul 19 09:51:10.284 INFO: manager: Copyright (C) 2022, Noriaki Ando and OpenRTM development team,
Jul 19 09:51:10.284 INFO: manager:   Industrial Cyber-Physical Research Center, AIST,
Jul 19 09:51:10.284 INFO: manager:   All right reserved.
Jul 19 09:51:10.284 INFO: manager: Manager starting.
Jul 19 09:51:10.284 INFO: manager: Starting local logging.
Jul 19 09:51:10.301 INFO: NamingOnCorba: Endpoint for the CORBA naming service (localhost) is 127.0.0.1.
Jul 19 09:51:10.301 INFO: NamingManager: NameServer connection succeeded: corba/localhost
Jul 19 09:51:10.302 INFO: ManagerServant: Named manager reference (INS) was successfully created.
Jul 19 09:51:10.304 INFO: ManagerServant: Master manager found: localhost:2810
Jul 19 09:51:10.304 INFO: ManagerServant: Adding this manager to this manager.
Jul 19 09:51:10.304 INFO: ManagerServant: Register this manager to master manager.
Jul 19 09:51:10.305 INFO: ManagerServant: Slave manager servant was successfully created.
Jul 19 09:51:10.305 INFO: LocalServiceAdmin: All the local services are enabled.
Jul 19 09:51:10.307 INFO: ec_base: setRate(1000000.000000) done
Jul 19 09:51:10.307 INFO: ec_base: setRate(1000.000000) done
Jul 19 09:51:10.307 INFO: cal_inverse_kinematics0: 1 execution context was created.
Jul 19 09:51:10.309 INFO: cal_inverse_kinematics0: Initial active configuration set is default.
Jul 19 09:51:55.139 WARNING: SdoServiceAdmin: No available SDO service in the factory: 
Jul 19 09:52:11.565 WARNING: motor_deg: Dead connection: de7cbf15-18ac-4022-9f62-1cc6d51672f5
Jul 19 09:52:13.603 WARNING: motor_deg: Exception caught: minor code.
Jul 19 09:52:15.654 WARNING: motor_speed: Dead connection: 625b1bf9-83c8-40c0-9c81-0a1b8f590980
Jul 19 09:52:17.715 WARNING: motor_speed: Exception caught: minor code.
Jul 19 09:52:58.791 WARNING: motor_deg: Dead connection: 56fa6b87-cf49-4a78-90be-36b3094e79e2
Jul 19 09:53:00.842 WARNING: motor_deg: Exception caught: minor code(1096024066).
Jul 19 09:53:02.864 WARNING: motor_speed: Dead connection: f51f35f2-e5dc-4ff5-b093-9a0c65f42c8d
Jul 19 09:53:04.916 WARNING: motor_speed: Exception caught: minor code.
