Jul 05 07:27:38.568 INFO: manager: 2.0.1
Jul 05 07:27:38.568 INFO: manager: Copyright (C) 2003-2022, Noriaki Ando and OpenRTM development team,
Jul 05 07:27:38.568 INFO: manager:   Intelligent Systems Research Institute, AIST,
Jul 05 07:27:38.568 INFO: manager: Copyright (C) 2022, Noriaki Ando and OpenRTM development team,
Jul 05 07:27:38.568 INFO: manager:   Industrial Cyber-Physical Research Center, AIST,
Jul 05 07:27:38.568 INFO: manager:   All right reserved.
Jul 05 07:27:38.568 INFO: manager: Manager starting.
Jul 05 07:27:38.568 INFO: manager: Starting local logging.
Jul 05 07:27:38.591 INFO: NamingOnCorba: Endpoint for the CORBA naming service (localhost) is 127.0.0.1.
Jul 05 07:27:38.591 INFO: NamingManager: NameServer connection succeeded: corba/localhost
Jul 05 07:27:38.592 INFO: ManagerServant: Named manager reference (INS) was successfully created.
Jul 05 07:27:42.671 WARNING: ManagerServant: Master manager not found
Jul 05 07:27:42.686 INFO: LocalServiceAdmin: All the local services are enabled.
Jul 05 07:27:42.755 INFO: ec_base: setRate(1000000.000000) done
Jul 05 07:27:42.755 INFO: ec_base: setRate(1000.000000) done
Jul 05 07:27:42.756 INFO: cal_inverse_kinematics0: 1 execution context was created.
Jul 05 07:27:42.766 INFO: cal_inverse_kinematics0: Initial active configuration set is default.
Jul 05 07:27:56.974 INFO: ManagerServant: Master manager not found
Jul 05 07:28:07.034 INFO: ManagerServant: Master manager not found
Jul 05 07:28:17.005 INFO: ManagerServant: Master manager not found
Jul 05 07:28:27.085 INFO: ManagerServant: Master manager not found
Jul 05 07:28:37.237 INFO: ManagerServant: Master manager not found
