Jul 21 15:11:25.367 INFO: manager: 2.0.1
Jul 21 15:11:25.367 INFO: manager: Copyright (C) 2003-2022, Noriaki Ando and OpenRTM development team,
Jul 21 15:11:25.368 INFO: manager:   Intelligent Systems Research Institute, AIST,
Jul 21 15:11:25.368 INFO: manager: Copyright (C) 2022, Noriaki Ando and OpenRTM development team,
Jul 21 15:11:25.368 INFO: manager:   Industrial Cyber-Physical Research Center, AIST,
Jul 21 15:11:25.368 INFO: manager:   All right reserved.
Jul 21 15:11:25.368 INFO: manager: Manager starting.
Jul 21 15:11:25.368 INFO: manager: Starting local logging.
Jul 21 15:11:25.399 INFO: NamingOnCorba: Endpoint for the CORBA naming service (localhost) is 127.0.0.1.
Jul 21 15:11:25.399 INFO: NamingManager: NameServer connection succeeded: corba/localhost
Jul 21 15:11:25.402 INFO: ManagerServant: Named manager reference (INS) was successfully created.
Jul 21 15:11:25.405 INFO: ManagerServant: Master manager found: localhost:2810
Jul 21 15:11:25.405 INFO: ManagerServant: Adding this manager to this manager.
Jul 21 15:11:25.405 INFO: ManagerServant: Register this manager to master manager.
Jul 21 15:11:25.406 INFO: ManagerServant: Slave manager servant was successfully created.
Jul 21 15:11:25.407 INFO: LocalServiceAdmin: All the local services are enabled.
Jul 21 15:11:25.417 INFO: ec_base: setRate(1000000.000000) done
Jul 21 15:11:25.417 INFO: ec_base: setRate(1000.000000) done
Jul 21 15:11:25.418 INFO: cal_inverse_kinematics0: 1 execution context was created.
Jul 21 15:11:25.420 INFO: cal_inverse_kinematics0: Initial active configuration set is default.
