Jul 05 09:13:14.876 INFO: manager: 2.0.1
Jul 05 09:13:14.877 INFO: manager: Copyright (C) 2003-2022, Noriaki Ando and OpenRTM development team,
Jul 05 09:13:14.877 INFO: manager:   Intelligent Systems Research Institute, AIST,
Jul 05 09:13:14.877 INFO: manager: Copyright (C) 2022, Noriaki Ando and OpenRTM development team,
Jul 05 09:13:14.877 INFO: manager:   Industrial Cyber-Physical Research Center, AIST,
Jul 05 09:13:14.877 INFO: manager:   All right reserved.
Jul 05 09:13:14.877 INFO: manager: Manager starting.
Jul 05 09:13:14.877 INFO: manager: Starting local logging.
Jul 05 09:13:14.895 INFO: NamingOnCorba: Endpoint for the CORBA naming service (localhost) is 127.0.0.1.
Jul 05 09:13:14.895 INFO: NamingManager: NameServer connection succeeded: corba/localhost
Jul 05 09:13:14.896 INFO: ManagerServant: Named manager reference (INS) was successfully created.
Jul 05 09:13:18.976 WARNING: ManagerServant: Master manager not found
Jul 05 09:13:18.976 INFO: LocalServiceAdmin: All the local services are enabled.
Jul 05 09:13:18.979 INFO: ec_base: setRate(1000000.000000) done
Jul 05 09:13:18.980 INFO: ec_base: setRate(1000.000000) done
Jul 05 09:13:18.980 INFO: cal_inverse_kinematics0: 1 execution context was created.
Jul 05 09:13:18.985 INFO: cal_inverse_kinematics0: Initial active configuration set is default.
Jul 05 09:13:33.079 INFO: ManagerServant: Master manager not found
Jul 05 09:13:43.075 INFO: ManagerServant: Master manager not found
Jul 05 09:13:53.136 INFO: ManagerServant: Master manager not found
Jul 05 09:14:03.259 INFO: ManagerServant: Master manager not found
