Jul 19 07:13:44.623 INFO: manager: 2.0.1
Jul 19 07:13:44.623 INFO: manager: Copyright (C) 2003-2022, Noriaki Ando and OpenRTM development team,
Jul 19 07:13:44.623 INFO: manager:   Intelligent Systems Research Institute, AIST,
Jul 19 07:13:44.623 INFO: manager: Copyright (C) 2022, Noriaki Ando and OpenRTM development team,
Jul 19 07:13:44.623 INFO: manager:   Industrial Cyber-Physical Research Center, AIST,
Jul 19 07:13:44.623 INFO: manager:   All right reserved.
Jul 19 07:13:44.623 INFO: manager: Manager starting.
Jul 19 07:13:44.623 INFO: manager: Starting local logging.
Jul 19 07:13:44.647 INFO: NamingOnCorba: Endpoint for the CORBA naming service (localhost) is 127.0.0.1.
Jul 19 07:13:44.647 INFO: NamingManager: NameServer connection succeeded: corba/localhost
Jul 19 07:13:44.648 INFO: ManagerServant: Named manager reference (INS) was successfully created.
Jul 19 07:13:44.650 INFO: ManagerServant: Master manager found: localhost:2810
Jul 19 07:13:44.650 INFO: ManagerServant: Adding this manager to this manager.
Jul 19 07:13:44.650 INFO: ManagerServant: Register this manager to master manager.
Jul 19 07:13:44.651 INFO: ManagerServant: Slave manager servant was successfully created.
Jul 19 07:13:44.652 INFO: LocalServiceAdmin: All the local services are enabled.
Jul 19 07:13:44.653 INFO: ec_base: setRate(1000000.000000) done
Jul 19 07:13:44.653 INFO: ec_base: setRate(1000.000000) done
Jul 19 07:13:44.653 INFO: cal_inverse_kinematics0: 1 execution context was created.
Jul 19 07:13:44.655 INFO: cal_inverse_kinematics0: Initial active configuration set is default.
Jul 19 07:18:30.862 WARNING: d_position: Dead connection: 7288b76a-67d0-42fc-ac57-1b315fd30aed
Jul 19 07:18:32.918 WARNING: d_position: Exception caught: minor code.
