Jul 18 12:17:55.340 INFO: manager: 2.0.1
Jul 18 12:17:55.340 INFO: manager: Copyright (C) 2003-2022, Noriaki Ando and OpenRTM development team,
Jul 18 12:17:55.341 INFO: manager:   Intelligent Systems Research Institute, AIST,
Jul 18 12:17:55.341 INFO: manager: Copyright (C) 2022, Noriaki Ando and OpenRTM development team,
Jul 18 12:17:55.341 INFO: manager:   Industrial Cyber-Physical Research Center, AIST,
Jul 18 12:17:55.341 INFO: manager:   All right reserved.
Jul 18 12:17:55.341 INFO: manager: Manager starting.
Jul 18 12:17:55.341 INFO: manager: Starting local logging.
Jul 18 12:17:55.364 INFO: NamingOnCorba: Endpoint for the CORBA naming service (localhost) is 127.0.0.1.
Jul 18 12:17:55.364 INFO: NamingManager: NameServer connection succeeded: corba/localhost
Jul 18 12:17:55.366 INFO: ManagerServant: Named manager reference (INS) was successfully created.
Jul 18 12:17:55.372 INFO: ManagerServant: Master manager found: localhost:2810
Jul 18 12:17:55.372 INFO: ManagerServant: Adding this manager to this manager.
Jul 18 12:17:55.373 INFO: ManagerServant: Register this manager to master manager.
Jul 18 12:17:55.373 INFO: ManagerServant: Slave manager servant was successfully created.
Jul 18 12:17:55.373 INFO: LocalServiceAdmin: All the local services are enabled.
Jul 18 12:17:55.375 INFO: ec_base: setRate(1000000.000000) done
Jul 18 12:17:55.375 INFO: ec_base: setRate(1000.000000) done
Jul 18 12:17:55.375 INFO: cal_inverse_kinematics0: 1 execution context was created.
Jul 18 12:17:55.377 INFO: cal_inverse_kinematics0: Initial active configuration set is default.
Jul 18 12:19:26.375 WARNING: SdoServiceAdmin: No available SDO service in the factory: 
