Jul 19 13:23:47.423 INFO: manager: 2.0.1
Jul 19 13:23:47.423 INFO: manager: Copyright (C) 2003-2022, Noriaki Ando and OpenRTM development team,
Jul 19 13:23:47.423 INFO: manager:   Intelligent Systems Research Institute, AIST,
Jul 19 13:23:47.423 INFO: manager: Copyright (C) 2022, Noriaki Ando and OpenRTM development team,
Jul 19 13:23:47.423 INFO: manager:   Industrial Cyber-Physical Research Center, AIST,
Jul 19 13:23:47.423 INFO: manager:   All right reserved.
Jul 19 13:23:47.423 INFO: manager: Manager starting.
Jul 19 13:23:47.423 INFO: manager: Starting local logging.
Jul 19 13:23:47.446 INFO: NamingOnCorba: Endpoint for the CORBA naming service (localhost) is 127.0.0.1.
Jul 19 13:23:47.446 INFO: NamingManager: NameServer connection succeeded: corba/localhost
Jul 19 13:23:47.446 INFO: ManagerServant: Named manager reference (INS) was successfully created.
Jul 19 13:23:47.448 INFO: ManagerServant: Master manager found: localhost:2810
Jul 19 13:23:47.448 INFO: ManagerServant: Adding this manager to this manager.
Jul 19 13:23:47.448 INFO: ManagerServant: Register this manager to master manager.
Jul 19 13:23:47.448 INFO: ManagerServant: Slave manager servant was successfully created.
Jul 19 13:23:47.449 INFO: LocalServiceAdmin: All the local services are enabled.
Jul 19 13:23:47.451 INFO: ec_base: setRate(1000000.000000) done
Jul 19 13:23:47.451 INFO: ec_base: setRate(1000.000000) done
Jul 19 13:23:47.451 INFO: cal_inverse_kinematics0: 1 execution context was created.
Jul 19 13:23:47.454 INFO: cal_inverse_kinematics0: Initial active configuration set is default.
Jul 19 13:23:54.385 WARNING: SdoServiceAdmin: No available SDO service in the factory: 
Jul 19 13:26:33.020 WARNING: d_position: Dead connection: b89b1186-f473-48be-9da1-a7302fe7a083
Jul 19 13:26:35.051 WARNING: d_position: Exception caught: minor code.
