Jul 19 08:56:12.897 INFO: manager: 2.0.1
Jul 19 08:56:12.897 INFO: manager: Copyright (C) 2003-2022, Noriaki Ando and OpenRTM development team,
Jul 19 08:56:12.897 INFO: manager:   Intelligent Systems Research Institute, AIST,
Jul 19 08:56:12.897 INFO: manager: Copyright (C) 2022, Noriaki Ando and OpenRTM development team,
Jul 19 08:56:12.897 INFO: manager:   Industrial Cyber-Physical Research Center, AIST,
Jul 19 08:56:12.897 INFO: manager:   All right reserved.
Jul 19 08:56:12.897 INFO: manager: Manager starting.
Jul 19 08:56:12.897 INFO: manager: Starting local logging.
Jul 19 08:56:12.921 INFO: NamingOnCorba: Endpoint for the CORBA naming service (localhost) is 127.0.0.1.
Jul 19 08:56:12.921 INFO: NamingManager: NameServer connection succeeded: corba/localhost
Jul 19 08:56:12.922 INFO: ManagerServant: Named manager reference (INS) was successfully created.
Jul 19 08:56:12.923 INFO: ManagerServant: Master manager found: localhost:2810
Jul 19 08:56:12.924 INFO: ManagerServant: Adding this manager to this manager.
Jul 19 08:56:12.924 INFO: ManagerServant: Register this manager to master manager.
Jul 19 08:56:12.924 INFO: ManagerServant: Slave manager servant was successfully created.
Jul 19 08:56:12.924 INFO: LocalServiceAdmin: All the local services are enabled.
Jul 19 08:56:12.925 INFO: ec_base: setRate(1000000.000000) done
Jul 19 08:56:12.926 INFO: ec_base: setRate(1000.000000) done
Jul 19 08:56:12.926 INFO: cal_inverse_kinematics0: 1 execution context was created.
Jul 19 08:56:12.928 INFO: cal_inverse_kinematics0: Initial active configuration set is default.
Jul 19 08:56:25.462 WARNING: SdoServiceAdmin: No available SDO service in the factory: 
Jul 19 09:01:52.087 WARNING: d_position: Dead connection: cf9e4fd5-9bf0-4e3c-ab43-f39d9abdc26d
Jul 19 09:01:54.140 WARNING: d_position: Exception caught: minor code.
