Jul 19 07:56:55.415 INFO: manager: 2.0.1
Jul 19 07:56:55.416 INFO: manager: Copyright (C) 2003-2022, Noriaki Ando and OpenRTM development team,
Jul 19 07:56:55.416 INFO: manager:   Intelligent Systems Research Institute, AIST,
Jul 19 07:56:55.416 INFO: manager: Copyright (C) 2022, Noriaki Ando and OpenRTM development team,
Jul 19 07:56:55.416 INFO: manager:   Industrial Cyber-Physical Research Center, AIST,
Jul 19 07:56:55.416 INFO: manager:   All right reserved.
Jul 19 07:56:55.416 INFO: manager: Manager starting.
Jul 19 07:56:55.416 INFO: manager: Starting local logging.
Jul 19 07:56:55.438 INFO: NamingOnCorba: Endpoint for the CORBA naming service (localhost) is 127.0.0.1.
Jul 19 07:56:55.438 INFO: NamingManager: NameServer connection succeeded: corba/localhost
Jul 19 07:56:55.441 INFO: ManagerServant: Named manager reference (INS) was successfully created.
Jul 19 07:56:55.443 INFO: ManagerServant: Master manager found: localhost:2810
Jul 19 07:56:55.443 INFO: ManagerServant: Adding this manager to this manager.
Jul 19 07:56:55.443 INFO: ManagerServant: Register this manager to master manager.
Jul 19 07:56:55.444 INFO: ManagerServant: Slave manager servant was successfully created.
Jul 19 07:56:55.444 INFO: LocalServiceAdmin: All the local services are enabled.
Jul 19 07:56:55.445 INFO: ec_base: setRate(1000000.000000) done
Jul 19 07:56:55.446 INFO: ec_base: setRate(1000.000000) done
Jul 19 07:56:55.446 INFO: cal_inverse_kinematics0: 1 execution context was created.
Jul 19 07:56:55.447 INFO: cal_inverse_kinematics0: Initial active configuration set is default.
