Jul 19 07:33:00.559 INFO: manager: 2.0.1
Jul 19 07:33:00.559 INFO: manager: Copyright (C) 2003-2022, Noriaki Ando and OpenRTM development team,
Jul 19 07:33:00.559 INFO: manager:   Intelligent Systems Research Institute, AIST,
Jul 19 07:33:00.559 INFO: manager: Copyright (C) 2022, Noriaki Ando and OpenRTM development team,
Jul 19 07:33:00.559 INFO: manager:   Industrial Cyber-Physical Research Center, AIST,
Jul 19 07:33:00.559 INFO: manager:   All right reserved.
Jul 19 07:33:00.559 INFO: manager: Manager starting.
Jul 19 07:33:00.559 INFO: manager: Starting local logging.
Jul 19 07:33:00.585 INFO: NamingOnCorba: Endpoint for the CORBA naming service (localhost) is 127.0.0.1.
Jul 19 07:33:00.585 INFO: NamingManager: NameServer connection succeeded: corba/localhost
Jul 19 07:33:00.587 INFO: ManagerServant: Named manager reference (INS) was successfully created.
Jul 19 07:33:00.605 INFO: ManagerServant: Master manager found: localhost:2810
Jul 19 07:33:00.606 INFO: ManagerServant: Adding this manager to this manager.
Jul 19 07:33:00.606 INFO: ManagerServant: Register this manager to master manager.
Jul 19 07:33:00.606 INFO: ManagerServant: Slave manager servant was successfully created.
Jul 19 07:33:00.607 INFO: LocalServiceAdmin: All the local services are enabled.
Jul 19 07:33:00.613 INFO: ec_base: setRate(1000000.000000) done
Jul 19 07:33:00.613 INFO: ec_base: setRate(1000.000000) done
Jul 19 07:33:00.614 INFO: cal_inverse_kinematics0: 1 execution context was created.
Jul 19 07:33:00.617 INFO: cal_inverse_kinematics0: Initial active configuration set is default.
Jul 19 07:33:13.284 WARNING: SdoServiceAdmin: No available SDO service in the factory: 
Jul 19 07:34:04.918 WARNING: d_position: Dead connection: b8fcdafc-8b83-4ca4-a0e7-5b6cb2e08902
Jul 19 07:34:06.970 WARNING: d_position: Exception caught: minor code.
Jul 19 07:34:09.007 WARNING: motor_deg: Dead connection: 4f277851-2332-4bac-87ea-1b54a9a29169
Jul 19 07:34:11.053 WARNING: motor_deg: Exception caught: minor code.
