Jul 19 06:22:38.933 INFO: manager: 2.0.1
Jul 19 06:22:38.933 INFO: manager: Copyright (C) 2003-2022, Noriaki Ando and OpenRTM development team,
Jul 19 06:22:38.933 INFO: manager:   Intelligent Systems Research Institute, AIST,
Jul 19 06:22:38.933 INFO: manager: Copyright (C) 2022, Noriaki Ando and OpenRTM development team,
Jul 19 06:22:38.933 INFO: manager:   Industrial Cyber-Physical Research Center, AIST,
Jul 19 06:22:38.933 INFO: manager:   All right reserved.
Jul 19 06:22:38.933 INFO: manager: Manager starting.
Jul 19 06:22:38.933 INFO: manager: Starting local logging.
Jul 19 06:22:38.978 INFO: NamingOnCorba: Endpoint for the CORBA naming service (localhost) is 127.0.0.1.
Jul 19 06:22:38.978 INFO: NamingManager: NameServer connection succeeded: corba/localhost
Jul 19 06:22:38.981 INFO: ManagerServant: Named manager reference (INS) was successfully created.
Jul 19 06:22:38.984 INFO: ManagerServant: Master manager found: localhost:2810
Jul 19 06:22:38.984 INFO: ManagerServant: Adding this manager to this manager.
Jul 19 06:22:38.984 INFO: ManagerServant: Register this manager to master manager.
Jul 19 06:22:38.985 INFO: ManagerServant: Slave manager servant was successfully created.
Jul 19 06:22:38.985 INFO: LocalServiceAdmin: All the local services are enabled.
Jul 19 06:22:38.989 INFO: ec_base: setRate(1000000.000000) done
Jul 19 06:22:38.989 INFO: ec_base: setRate(1000.000000) done
Jul 19 06:22:38.990 INFO: cal_inverse_kinematics0: 1 execution context was created.
Jul 19 06:22:39.000 INFO: cal_inverse_kinematics0: Initial active configuration set is default.
Jul 19 06:23:48.236 WARNING: motor_deg: Dead connection: e618aa72-df00-4116-b6d1-c571e9b0c969
Jul 19 06:23:50.296 WARNING: motor_deg: Exception caught: minor code.
Jul 19 06:24:08.538 ERROR: ec_worker: State of the RTC is not INACTIVE_STATE.
