Jul 21 16:06:26.607 INFO: manager: 2.0.1
Jul 21 16:06:26.608 INFO: manager: Copyright (C) 2003-2022, Noriaki Ando and OpenRTM development team,
Jul 21 16:06:26.609 INFO: manager:   Intelligent Systems Research Institute, AIST,
Jul 21 16:06:26.609 INFO: manager: Copyright (C) 2022, Noriaki Ando and OpenRTM development team,
Jul 21 16:06:26.609 INFO: manager:   Industrial Cyber-Physical Research Center, AIST,
Jul 21 16:06:26.609 INFO: manager:   All right reserved.
Jul 21 16:06:26.609 INFO: manager: Manager starting.
Jul 21 16:06:26.610 INFO: manager: Starting local logging.
Jul 21 16:06:26.794 INFO: NamingOnCorba: Endpoint for the CORBA naming service (localhost) is 127.0.0.1.
Jul 21 16:06:26.795 INFO: NamingManager: NameServer connection succeeded: corba/localhost
Jul 21 16:06:26.828 INFO: ManagerServant: Named manager reference (INS) was successfully created.
Jul 21 16:06:26.898 INFO: ManagerServant: Master manager found: localhost:2810
Jul 21 16:06:26.899 INFO: ManagerServant: Adding this manager to this manager.
Jul 21 16:06:26.899 INFO: ManagerServant: Register this manager to master manager.
Jul 21 16:06:26.902 INFO: ManagerServant: Slave manager servant was successfully created.
Jul 21 16:06:26.903 INFO: LocalServiceAdmin: All the local services are enabled.
Jul 21 16:06:26.911 INFO: ec_base: setRate(1000000.000000) done
Jul 21 16:06:26.912 INFO: ec_base: setRate(1000.000000) done
Jul 21 16:06:26.912 INFO: cal_inverse_kinematics0: 1 execution context was created.
Jul 21 16:06:26.921 INFO: cal_inverse_kinematics0: Initial active configuration set is default.
