Jul 21 15:49:45.490 INFO: manager: 2.0.1
Jul 21 15:49:45.490 INFO: manager: Copyright (C) 2003-2022, Noriaki Ando and OpenRTM development team,
Jul 21 15:49:45.490 INFO: manager:   Intelligent Systems Research Institute, AIST,
Jul 21 15:49:45.490 INFO: manager: Copyright (C) 2022, Noriaki Ando and OpenRTM development team,
Jul 21 15:49:45.490 INFO: manager:   Industrial Cyber-Physical Research Center, AIST,
Jul 21 15:49:45.490 INFO: manager:   All right reserved.
Jul 21 15:49:45.491 INFO: manager: Manager starting.
Jul 21 15:49:45.491 INFO: manager: Starting local logging.
Jul 21 15:49:45.554 INFO: NamingOnCorba: Endpoint for the CORBA naming service (localhost) is 127.0.0.1.
Jul 21 15:49:45.554 INFO: NamingManager: NameServer connection succeeded: corba/localhost
Jul 21 15:49:45.557 INFO: ManagerServant: Named manager reference (INS) was successfully created.
Jul 21 15:49:45.561 INFO: ManagerServant: Master manager found: localhost:2810
Jul 21 15:49:45.562 INFO: ManagerServant: Adding this manager to this manager.
Jul 21 15:49:45.562 INFO: ManagerServant: Register this manager to master manager.
Jul 21 15:49:45.563 INFO: ManagerServant: Slave manager servant was successfully created.
Jul 21 15:49:45.564 INFO: LocalServiceAdmin: All the local services are enabled.
Jul 21 15:49:45.570 INFO: ec_base: setRate(1000000.000000) done
Jul 21 15:49:45.571 INFO: ec_base: setRate(1000.000000) done
Jul 21 15:49:45.571 INFO: cal_inverse_kinematics0: 1 execution context was created.
Jul 21 15:49:45.578 INFO: cal_inverse_kinematics0: Initial active configuration set is default.
