Jul 19 13:30:56.458 INFO: manager: 2.0.1
Jul 19 13:30:56.458 INFO: manager: Copyright (C) 2003-2022, Noriaki Ando and OpenRTM development team,
Jul 19 13:30:56.459 INFO: manager:   Intelligent Systems Research Institute, AIST,
Jul 19 13:30:56.460 INFO: manager: Copyright (C) 2022, Noriaki Ando and OpenRTM development team,
Jul 19 13:30:56.460 INFO: manager:   Industrial Cyber-Physical Research Center, AIST,
Jul 19 13:30:56.460 INFO: manager:   All right reserved.
Jul 19 13:30:56.460 INFO: manager: Manager starting.
Jul 19 13:30:56.460 INFO: manager: Starting local logging.
Jul 19 13:30:56.580 INFO: NamingOnCorba: Endpoint for the CORBA naming service (localhost) is 127.0.0.1.
Jul 19 13:30:56.580 INFO: NamingManager: NameServer connection succeeded: corba/localhost
Jul 19 13:30:56.583 INFO: ManagerServant: Named manager reference (INS) was successfully created.
Jul 19 13:30:56.590 INFO: ManagerServant: Master manager found: localhost:2810
Jul 19 13:30:56.590 INFO: ManagerServant: Adding this manager to this manager.
Jul 19 13:30:56.591 INFO: ManagerServant: Register this manager to master manager.
Jul 19 13:30:56.592 INFO: ManagerServant: Slave manager servant was successfully created.
Jul 19 13:30:56.593 INFO: LocalServiceAdmin: All the local services are enabled.
Jul 19 13:30:56.599 INFO: ec_base: setRate(1000000.000000) done
Jul 19 13:30:56.599 INFO: ec_base: setRate(1000.000000) done
Jul 19 13:30:56.600 INFO: cal_inverse_kinematics0: 1 execution context was created.
Jul 19 13:30:56.606 INFO: cal_inverse_kinematics0: Initial active configuration set is default.
Jul 19 13:32:36.400 WARNING: motor_deg: Dead connection: 3d2b2259-8259-4be2-8d43-eee16d8efee2
Jul 19 13:32:38.430 WARNING: motor_deg: Exception caught: minor code(1096024066).
Jul 19 13:32:40.473 WARNING: motor_speed: Dead connection: b67757c6-2651-4e86-8804-440cd811eeb8
Jul 19 13:32:42.515 WARNING: motor_speed: Exception caught: minor code(1096024066).
