Jul 21 15:16:24.280 INFO: manager: 2.0.1
Jul 21 15:16:24.280 INFO: manager: Copyright (C) 2003-2022, Noriaki Ando and OpenRTM development team,
Jul 21 15:16:24.280 INFO: manager:   Intelligent Systems Research Institute, AIST,
Jul 21 15:16:24.281 INFO: manager: Copyright (C) 2022, Noriaki Ando and OpenRTM development team,
Jul 21 15:16:24.281 INFO: manager:   Industrial Cyber-Physical Research Center, AIST,
Jul 21 15:16:24.281 INFO: manager:   All right reserved.
Jul 21 15:16:24.281 INFO: manager: Manager starting.
Jul 21 15:16:24.281 INFO: manager: Starting local logging.
Jul 21 15:16:24.325 INFO: NamingOnCorba: Endpoint for the CORBA naming service (localhost) is 127.0.0.1.
Jul 21 15:16:24.325 INFO: NamingManager: NameServer connection succeeded: corba/localhost
Jul 21 15:16:24.331 INFO: ManagerServant: Named manager reference (INS) was successfully created.
Jul 21 15:16:24.335 INFO: ManagerServant: Master manager found: localhost:2810
Jul 21 15:16:24.336 INFO: ManagerServant: Adding this manager to this manager.
Jul 21 15:16:24.336 INFO: ManagerServant: Register this manager to master manager.
Jul 21 15:16:24.337 INFO: ManagerServant: Slave manager servant was successfully created.
Jul 21 15:16:24.339 INFO: LocalServiceAdmin: All the local services are enabled.
Jul 21 15:16:24.343 INFO: ec_base: setRate(1000000.000000) done
Jul 21 15:16:24.343 INFO: ec_base: setRate(1000.000000) done
Jul 21 15:16:24.343 INFO: cal_inverse_kinematics0: 1 execution context was created.
Jul 21 15:16:24.348 INFO: cal_inverse_kinematics0: Initial active configuration set is default.
Jul 21 15:16:59.825 WARNING: SdoServiceAdmin: No available SDO service in the factory: 
