Jul 21 15:46:10.170 INFO: manager: 2.0.1
Jul 21 15:46:10.171 INFO: manager: Copyright (C) 2003-2022, Noriaki Ando and OpenRTM development team,
Jul 21 15:46:10.171 INFO: manager:   Intelligent Systems Research Institute, AIST,
Jul 21 15:46:10.171 INFO: manager: Copyright (C) 2022, Noriaki Ando and OpenRTM development team,
Jul 21 15:46:10.171 INFO: manager:   Industrial Cyber-Physical Research Center, AIST,
Jul 21 15:46:10.172 INFO: manager:   All right reserved.
Jul 21 15:46:10.172 INFO: manager: Manager starting.
Jul 21 15:46:10.172 INFO: manager: Starting local logging.
Jul 21 15:46:10.261 INFO: NamingOnCorba: Endpoint for the CORBA naming service (localhost) is 127.0.0.1.
Jul 21 15:46:10.262 INFO: NamingManager: NameServer connection succeeded: corba/localhost
Jul 21 15:46:10.265 INFO: ManagerServant: Named manager reference (INS) was successfully created.
Jul 21 15:46:10.275 INFO: ManagerServant: Master manager found: localhost:2810
Jul 21 15:46:10.276 INFO: ManagerServant: Adding this manager to this manager.
Jul 21 15:46:10.276 INFO: ManagerServant: Register this manager to master manager.
Jul 21 15:46:10.277 INFO: ManagerServant: Slave manager servant was successfully created.
Jul 21 15:46:10.278 INFO: LocalServiceAdmin: All the local services are enabled.
Jul 21 15:46:10.283 INFO: ec_base: setRate(1000000.000000) done
Jul 21 15:46:10.283 INFO: ec_base: setRate(1000.000000) done
Jul 21 15:46:10.283 INFO: cal_inverse_kinematics0: 1 execution context was created.
Jul 21 15:46:10.290 INFO: cal_inverse_kinematics0: Initial active configuration set is default.
Jul 21 15:46:51.956 WARNING: SdoServiceAdmin: No available SDO service in the factory: 
