Jul 16 08:02:08.208 INFO: manager: 2.0.1
Jul 16 08:02:08.208 INFO: manager: Copyright (C) 2003-2022, Noriaki Ando and OpenRTM development team,
Jul 16 08:02:08.208 INFO: manager:   Intelligent Systems Research Institute, AIST,
Jul 16 08:02:08.208 INFO: manager: Copyright (C) 2022, Noriaki Ando and OpenRTM development team,
Jul 16 08:02:08.209 INFO: manager:   Industrial Cyber-Physical Research Center, AIST,
Jul 16 08:02:08.209 INFO: manager:   All right reserved.
Jul 16 08:02:08.209 INFO: manager: Manager starting.
Jul 16 08:02:08.209 INFO: manager: Starting local logging.
Jul 16 08:02:08.242 INFO: NamingOnCorba: Endpoint for the CORBA naming service (localhost) is 127.0.0.1.
Jul 16 08:02:08.242 INFO: NamingManager: NameServer connection succeeded: corba/localhost
Jul 16 08:02:08.243 INFO: ManagerServant: Named manager reference (INS) was successfully created.
Jul 16 08:02:08.249 INFO: ManagerServant: Master manager found: localhost:2810
Jul 16 08:02:08.249 INFO: ManagerServant: Adding this manager to this manager.
Jul 16 08:02:08.249 INFO: ManagerServant: Register this manager to master manager.
Jul 16 08:02:08.249 INFO: ManagerServant: Slave manager servant was successfully created.
Jul 16 08:02:08.250 INFO: LocalServiceAdmin: All the local services are enabled.
Jul 16 08:02:08.251 INFO: ec_base: setRate(1000000.000000) done
Jul 16 08:02:08.251 INFO: ec_base: setRate(1000.000000) done
Jul 16 08:02:08.251 INFO: cal_inverse_kinematics0: 1 execution context was created.
Jul 16 08:02:08.252 INFO: cal_inverse_kinematics0: Initial active configuration set is default.
Jul 16 08:09:18.007 WARNING: d_position: Dead connection: c29c1505-873c-480d-bdc9-32cdbb53ceb0
