Jul 17 07:21:27.757 INFO: manager: 2.0.1
Jul 17 07:21:27.757 INFO: manager: Copyright (C) 2003-2022, Noriaki Ando and OpenRTM development team,
Jul 17 07:21:27.757 INFO: manager:   Intelligent Systems Research Institute, AIST,
Jul 17 07:21:27.757 INFO: manager: Copyright (C) 2022, Noriaki Ando and OpenRTM development team,
Jul 17 07:21:27.757 INFO: manager:   Industrial Cyber-Physical Research Center, AIST,
Jul 17 07:21:27.757 INFO: manager:   All right reserved.
Jul 17 07:21:27.757 INFO: manager: Manager starting.
Jul 17 07:21:27.757 INFO: manager: Starting local logging.
Jul 17 07:21:27.774 INFO: NamingOnCorba: Endpoint for the CORBA naming service (localhost) is 127.0.0.1.
Jul 17 07:21:27.774 INFO: NamingManager: NameServer connection succeeded: corba/localhost
Jul 17 07:21:27.775 INFO: ManagerServant: Named manager reference (INS) was successfully created.
Jul 17 07:21:27.777 INFO: ManagerServant: Master manager found: localhost:2810
Jul 17 07:21:27.777 INFO: ManagerServant: Adding this manager to this manager.
Jul 17 07:21:27.778 INFO: ManagerServant: Register this manager to master manager.
Jul 17 07:21:27.778 INFO: ManagerServant: Slave manager servant was successfully created.
Jul 17 07:21:27.778 INFO: LocalServiceAdmin: All the local services are enabled.
Jul 17 07:21:27.780 INFO: ec_base: setRate(1000000.000000) done
Jul 17 07:21:27.780 INFO: ec_base: setRate(1000.000000) done
Jul 17 07:21:27.780 INFO: cal_inverse_kinematics0: 1 execution context was created.
Jul 17 07:21:27.782 INFO: cal_inverse_kinematics0: Initial active configuration set is default.
Jul 17 07:23:49.149 ERROR: ec_worker: State of the RTC is not ACTIVE_STATE.
