Jul 19 13:33:39.441 INFO: manager: 2.0.1
Jul 19 13:33:39.442 INFO: manager: Copyright (C) 2003-2022, Noriaki Ando and OpenRTM development team,
Jul 19 13:33:39.442 INFO: manager:   Intelligent Systems Research Institute, AIST,
Jul 19 13:33:39.442 INFO: manager: Copyright (C) 2022, Noriaki Ando and OpenRTM development team,
Jul 19 13:33:39.442 INFO: manager:   Industrial Cyber-Physical Research Center, AIST,
Jul 19 13:33:39.442 INFO: manager:   All right reserved.
Jul 19 13:33:39.442 INFO: manager: Manager starting.
Jul 19 13:33:39.442 INFO: manager: Starting local logging.
Jul 19 13:33:39.503 INFO: NamingOnCorba: Endpoint for the CORBA naming service (localhost) is 127.0.0.1.
Jul 19 13:33:39.503 INFO: NamingManager: NameServer connection succeeded: corba/localhost
Jul 19 13:33:39.505 INFO: ManagerServant: Named manager reference (INS) was successfully created.
Jul 19 13:33:39.510 INFO: ManagerServant: Master manager found: localhost:2810
Jul 19 13:33:39.512 INFO: ManagerServant: Adding this manager to this manager.
Jul 19 13:33:39.512 INFO: ManagerServant: Register this manager to master manager.
Jul 19 13:33:39.514 INFO: ManagerServant: Slave manager servant was successfully created.
Jul 19 13:33:39.515 INFO: LocalServiceAdmin: All the local services are enabled.
Jul 19 13:33:39.521 INFO: ec_base: setRate(1000000.000000) done
Jul 19 13:33:39.521 INFO: ec_base: setRate(1000.000000) done
Jul 19 13:33:39.522 INFO: cal_inverse_kinematics0: 1 execution context was created.
Jul 19 13:33:39.527 INFO: cal_inverse_kinematics0: Initial active configuration set is default.
Jul 19 13:34:42.776 WARNING: SdoServiceAdmin: No available SDO service in the factory: 
