Jul 19 06:46:11.112 INFO: manager: 2.0.1
Jul 19 06:46:11.112 INFO: manager: Copyright (C) 2003-2022, Noriaki Ando and OpenRTM development team,
Jul 19 06:46:11.112 INFO: manager:   Intelligent Systems Research Institute, AIST,
Jul 19 06:46:11.112 INFO: manager: Copyright (C) 2022, Noriaki Ando and OpenRTM development team,
Jul 19 06:46:11.112 INFO: manager:   Industrial Cyber-Physical Research Center, AIST,
Jul 19 06:46:11.112 INFO: manager:   All right reserved.
Jul 19 06:46:11.113 INFO: manager: Manager starting.
Jul 19 06:46:11.113 INFO: manager: Starting local logging.
Jul 19 06:46:11.188 INFO: NamingOnCorba: Endpoint for the CORBA naming service (localhost) is 127.0.0.1.
Jul 19 06:46:11.188 INFO: NamingManager: NameServer connection succeeded: corba/localhost
Jul 19 06:46:11.190 INFO: ManagerServant: Named manager reference (INS) was successfully created.
Jul 19 06:46:11.194 INFO: ManagerServant: Master manager found: localhost:2810
Jul 19 06:46:11.194 INFO: ManagerServant: Adding this manager to this manager.
Jul 19 06:46:11.194 INFO: ManagerServant: Register this manager to master manager.
Jul 19 06:46:11.194 INFO: ManagerServant: Slave manager servant was successfully created.
Jul 19 06:46:11.195 INFO: LocalServiceAdmin: All the local services are enabled.
Jul 19 06:46:11.197 INFO: ec_base: setRate(1000000.000000) done
Jul 19 06:46:11.197 INFO: ec_base: setRate(1000.000000) done
Jul 19 06:46:11.197 INFO: cal_inverse_kinematics0: 1 execution context was created.
Jul 19 06:46:11.205 INFO: cal_inverse_kinematics0: Initial active configuration set is default.
Jul 19 06:47:17.901 WARNING: SdoServiceAdmin: No available SDO service in the factory: 
Jul 19 06:49:32.386 WARNING: d_position: Dead connection: 8b1a0f25-49c7-4c6e-9594-8f7eb63d61fb
Jul 19 06:49:34.441 WARNING: d_position: Exception caught: minor code(1096024066).
Jul 19 06:49:59.088 ERROR: ec_worker: State of the RTC is not INACTIVE_STATE.
Jul 19 07:02:55.238 WARNING: d_position: Dead connection: c0cd2243-d6b6-4f96-b209-bc3659218a8e
Jul 19 07:02:57.289 WARNING: d_position: Exception caught: minor code.
