Jul 21 16:50:24.210 INFO: manager: 2.0.1
Jul 21 16:50:24.212 INFO: manager: Copyright (C) 2003-2022, Noriaki Ando and OpenRTM development team,
Jul 21 16:50:24.212 INFO: manager:   Intelligent Systems Research Institute, AIST,
Jul 21 16:50:24.213 INFO: manager: Copyright (C) 2022, Noriaki Ando and OpenRTM development team,
Jul 21 16:50:24.213 INFO: manager:   Industrial Cyber-Physical Research Center, AIST,
Jul 21 16:50:24.213 INFO: manager:   All right reserved.
Jul 21 16:50:24.214 INFO: manager: Manager starting.
Jul 21 16:50:24.215 INFO: manager: Starting local logging.
Jul 21 16:50:24.446 INFO: NamingOnCorba: Endpoint for the CORBA naming service (localhost) is 127.0.0.1.
Jul 21 16:50:24.453 INFO: NamingManager: NameServer connection succeeded: corba/localhost
Jul 21 16:50:24.497 INFO: ManagerServant: Named manager reference (INS) was successfully created.
Jul 21 16:50:28.596 WARNING: ManagerServant: Master manager not found
Jul 21 16:50:28.599 INFO: LocalServiceAdmin: All the local services are enabled.
Jul 21 16:50:28.611 INFO: ec_base: setRate(1000000.000000) done
Jul 21 16:50:28.612 INFO: ec_base: setRate(1000.000000) done
Jul 21 16:50:28.612 INFO: cal_inverse_kinematics0: 1 execution context was created.
Jul 21 16:50:28.620 INFO: cal_inverse_kinematics0: Initial active configuration set is default.
Jul 21 16:50:42.808 INFO: ManagerServant: Master manager not found
Jul 21 16:50:52.952 INFO: ManagerServant: Master manager not found
Jul 21 16:51:03.283 INFO: ManagerServant: Master manager not found
Jul 21 16:51:13.901 INFO: ManagerServant: Master manager not found
Jul 21 16:51:24.083 INFO: ManagerServant: Master manager not found
Jul 21 16:51:34.441 INFO: ManagerServant: Master manager not found
Jul 21 16:51:44.226 INFO: ManagerServant: Master manager not found
Jul 21 16:51:54.539 INFO: ManagerServant: Master manager not found
Jul 21 16:52:04.335 INFO: ManagerServant: Master manager not found
Jul 21 16:52:14.340 INFO: ManagerServant: Master manager not found
Jul 21 16:52:24.738 INFO: ManagerServant: Master manager not found
Jul 21 16:52:34.556 INFO: ManagerServant: Master manager not found
Jul 21 16:52:44.203 INFO: ManagerServant: Master manager not found
Jul 21 16:52:53.952 INFO: ManagerServant: Master manager not found
