Jul 05 09:28:37.202 INFO: manager: 2.0.1
Jul 05 09:28:37.202 INFO: manager: Copyright (C) 2003-2022, Noriaki Ando and OpenRTM development team,
Jul 05 09:28:37.202 INFO: manager:   Intelligent Systems Research Institute, AIST,
Jul 05 09:28:37.202 INFO: manager: Copyright (C) 2022, Noriaki Ando and OpenRTM development team,
Jul 05 09:28:37.202 INFO: manager:   Industrial Cyber-Physical Research Center, AIST,
Jul 05 09:28:37.202 INFO: manager:   All right reserved.
Jul 05 09:28:37.202 INFO: manager: Manager starting.
Jul 05 09:28:37.202 INFO: manager: Starting local logging.
Jul 05 09:28:37.219 INFO: NamingOnCorba: Endpoint for the CORBA naming service (localhost) is 127.0.0.1.
Jul 05 09:28:37.219 INFO: NamingManager: NameServer connection succeeded: corba/localhost
Jul 05 09:28:37.220 INFO: ManagerServant: Named manager reference (INS) was successfully created.
Jul 05 09:28:41.319 WARNING: ManagerServant: Master manager not found
Jul 05 09:28:41.319 INFO: LocalServiceAdmin: All the local services are enabled.
Jul 05 09:28:41.322 INFO: ec_base: setRate(1000000.000000) done
Jul 05 09:28:41.322 INFO: ec_base: setRate(1000.000000) done
Jul 05 09:28:41.322 INFO: cal_inverse_kinematics0: 1 execution context was created.
Jul 05 09:28:41.324 INFO: cal_inverse_kinematics0: Initial active configuration set is default.
Jul 05 09:28:55.483 INFO: ManagerServant: Master manager not found
Jul 05 09:29:05.568 INFO: ManagerServant: Master manager not found
Jul 05 09:29:15.676 INFO: ManagerServant: Master manager not found
Jul 05 09:29:25.769 INFO: ManagerServant: Master manager not found
Jul 05 09:29:35.891 INFO: ManagerServant: Master manager not found
Jul 05 09:29:45.887 INFO: ManagerServant: Master manager not found
Jul 05 09:29:55.868 INFO: ManagerServant: Master manager not found
Jul 05 09:30:05.965 INFO: ManagerServant: Master manager not found
Jul 05 09:30:16.048 INFO: ManagerServant: Master manager not found
