Jul 10 00:44:40.137 INFO: manager: 2.0.1
Jul 10 00:44:40.137 INFO: manager: Copyright (C) 2003-2022, Noriaki Ando and OpenRTM development team,
Jul 10 00:44:40.137 INFO: manager:   Intelligent Systems Research Institute, AIST,
Jul 10 00:44:40.137 INFO: manager: Copyright (C) 2022, Noriaki Ando and OpenRTM development team,
Jul 10 00:44:40.137 INFO: manager:   Industrial Cyber-Physical Research Center, AIST,
Jul 10 00:44:40.137 INFO: manager:   All right reserved.
Jul 10 00:44:40.137 INFO: manager: Manager starting.
Jul 10 00:44:40.137 INFO: manager: Starting local logging.
Jul 10 00:44:40.187 INFO: NamingOnCorba: Endpoint for the CORBA naming service (localhost) is 127.0.0.1.
Jul 10 00:44:40.187 INFO: NamingManager: NameServer connection succeeded: corba/localhost
Jul 10 00:44:40.188 INFO: ManagerServant: Named manager reference (INS) was successfully created.
Jul 10 00:44:44.261 WARNING: ManagerServant: Master manager not found
Jul 10 00:44:44.261 INFO: LocalServiceAdmin: All the local services are enabled.
Jul 10 00:44:44.264 INFO: ec_base: setRate(1000000.000000) done
Jul 10 00:44:44.264 INFO: ec_base: setRate(1000.000000) done
Jul 10 00:44:44.264 INFO: cal_inverse_kinematics0: 1 execution context was created.
Jul 10 00:44:44.266 INFO: cal_inverse_kinematics0: Initial active configuration set is default.
Jul 10 00:44:58.390 INFO: NamingManager: Name server: localhost (corba) disappeared.
Jul 10 00:45:02.477 INFO: ManagerServant: Master manager not found
Jul 10 00:45:06.901 INFO: NamingOnCorba: Endpoint for the CORBA naming service (localhost) is 127.0.0.1.
Jul 10 00:45:06.902 INFO: NamingManager: NameServer connection succeeded: corba/localhost
Jul 10 00:45:06.902 INFO: NamingManager: Connected to a name server: corba/localhost
Jul 10 00:45:11.020 INFO: ManagerServant: Master manager not found
Jul 10 00:45:18.542 INFO: ManagerServant: Master manager not found
Jul 10 00:45:28.552 INFO: ManagerServant: Master manager not found
Jul 10 00:45:38.513 INFO: ManagerServant: Master manager not found
Jul 10 00:45:48.625 INFO: ManagerServant: Master manager not found
