Jul 19 09:42:25.977 INFO: manager: 2.0.1
Jul 19 09:42:25.977 INFO: manager: Copyright (C) 2003-2022, Noriaki Ando and OpenRTM development team,
Jul 19 09:42:25.977 INFO: manager:   Intelligent Systems Research Institute, AIST,
Jul 19 09:42:25.977 INFO: manager: Copyright (C) 2022, Noriaki Ando and OpenRTM development team,
Jul 19 09:42:25.977 INFO: manager:   Industrial Cyber-Physical Research Center, AIST,
Jul 19 09:42:25.977 INFO: manager:   All right reserved.
Jul 19 09:42:25.977 INFO: manager: Manager starting.
Jul 19 09:42:25.977 INFO: manager: Starting local logging.
Jul 19 09:42:25.997 INFO: NamingOnCorba: Endpoint for the CORBA naming service (localhost) is 127.0.0.1.
Jul 19 09:42:25.997 INFO: NamingManager: NameServer connection succeeded: corba/localhost
Jul 19 09:42:25.998 INFO: ManagerServant: Named manager reference (INS) was successfully created.
Jul 19 09:42:25.999 INFO: ManagerServant: Master manager found: localhost:2810
Jul 19 09:42:25.999 INFO: ManagerServant: Adding this manager to this manager.
Jul 19 09:42:25.999 INFO: ManagerServant: Register this manager to master manager.
Jul 19 09:42:26.000 INFO: ManagerServant: Slave manager servant was successfully created.
Jul 19 09:42:26.000 INFO: LocalServiceAdmin: All the local services are enabled.
Jul 19 09:42:26.002 INFO: ec_base: setRate(1000000.000000) done
Jul 19 09:42:26.002 INFO: ec_base: setRate(1000.000000) done
Jul 19 09:42:26.002 INFO: cal_inverse_kinematics0: 1 execution context was created.
Jul 19 09:42:26.003 INFO: cal_inverse_kinematics0: Initial active configuration set is default.
Jul 19 09:43:02.415 WARNING: d_position: Dead connection: 2e0d50e7-6dbe-4d9f-b372-15ddb0624075
Jul 19 09:43:04.462 WARNING: d_position: Exception caught: minor code.
