Jul 05 09:48:33.369 INFO: manager: 2.0.1
Jul 05 09:48:33.369 INFO: manager: Copyright (C) 2003-2022, Noriaki Ando and OpenRTM development team,
Jul 05 09:48:33.369 INFO: manager:   Intelligent Systems Research Institute, AIST,
Jul 05 09:48:33.369 INFO: manager: Copyright (C) 2022, Noriaki Ando and OpenRTM development team,
Jul 05 09:48:33.369 INFO: manager:   Industrial Cyber-Physical Research Center, AIST,
Jul 05 09:48:33.369 INFO: manager:   All right reserved.
Jul 05 09:48:33.369 INFO: manager: Manager starting.
Jul 05 09:48:33.369 INFO: manager: Starting local logging.
Jul 05 09:48:33.389 INFO: NamingOnCorba: Endpoint for the CORBA naming service (localhost) is 127.0.0.1.
Jul 05 09:48:33.390 INFO: NamingManager: NameServer connection succeeded: corba/localhost
Jul 05 09:48:33.390 INFO: ManagerServant: Named manager reference (INS) was successfully created.
Jul 05 09:48:37.471 WARNING: ManagerServant: Master manager not found
Jul 05 09:48:37.474 INFO: LocalServiceAdmin: All the local services are enabled.
Jul 05 09:48:37.483 INFO: ec_base: setRate(1000000.000000) done
Jul 05 09:48:37.483 INFO: ec_base: setRate(1000.000000) done
Jul 05 09:48:37.484 INFO: cal_inverse_kinematics0: 1 execution context was created.
Jul 05 09:48:37.486 INFO: cal_inverse_kinematics0: Initial active configuration set is default.
Jul 05 09:48:51.668 INFO: ManagerServant: Master manager not found
Jul 05 09:49:01.743 INFO: ManagerServant: Master manager not found
Jul 05 09:49:11.837 INFO: ManagerServant: Master manager not found
Jul 05 09:49:21.910 INFO: ManagerServant: Master manager not found
Jul 05 09:49:32.046 INFO: ManagerServant: Master manager not found
Jul 05 09:49:42.065 INFO: ManagerServant: Master manager not found
Jul 05 09:49:52.073 INFO: ManagerServant: Master manager not found
Jul 05 09:50:02.093 INFO: ManagerServant: Master manager not found
Jul 05 09:50:12.199 INFO: ManagerServant: Master manager not found
Jul 05 09:50:22.270 INFO: ManagerServant: Master manager not found
Jul 05 09:50:32.370 INFO: ManagerServant: Master manager not found
Jul 05 09:50:42.479 INFO: ManagerServant: Master manager not found
Jul 05 09:50:52.573 INFO: ManagerServant: Master manager not found
Jul 05 09:51:02.681 INFO: ManagerServant: Master manager not found
Jul 05 09:51:12.683 INFO: ManagerServant: Master manager not found
Jul 05 09:51:22.763 INFO: ManagerServant: Master manager not found
Jul 05 09:51:32.876 INFO: ManagerServant: Master manager not found
Jul 05 09:51:42.895 INFO: ManagerServant: Master manager not found
Jul 05 09:51:52.927 INFO: ManagerServant: Master manager not found
Jul 05 09:52:02.950 INFO: ManagerServant: Master manager not found
Jul 05 09:52:12.953 INFO: ManagerServant: Master manager not found
Jul 05 09:52:23.069 INFO: ManagerServant: Master manager not found
Jul 05 09:52:33.157 INFO: ManagerServant: Master manager not found
Jul 05 09:52:43.182 INFO: ManagerServant: Master manager not found
Jul 05 09:52:53.273 INFO: ManagerServant: Master manager not found
Jul 05 09:53:03.392 INFO: ManagerServant: Master manager not found
Jul 05 09:53:13.422 INFO: ManagerServant: Master manager not found
Jul 05 09:53:23.523 INFO: ManagerServant: Master manager not found
Jul 05 09:53:33.594 INFO: ManagerServant: Master manager not found
Jul 05 09:53:43.704 INFO: ManagerServant: Master manager not found
Jul 05 09:53:53.702 INFO: ManagerServant: Master manager not found
Jul 05 09:54:03.813 INFO: ManagerServant: Master manager not found
Jul 05 09:54:13.920 INFO: ManagerServant: Master manager not found
Jul 05 09:54:23.995 INFO: ManagerServant: Master manager not found
Jul 05 09:54:34.108 INFO: ManagerServant: Master manager not found
Jul 05 09:54:44.220 INFO: ManagerServant: Master manager not found
Jul 05 09:54:54.221 INFO: ManagerServant: Master manager not found
Jul 05 09:55:04.309 INFO: ManagerServant: Master manager not found
Jul 05 09:55:14.390 INFO: ManagerServant: Master manager not found
Jul 05 09:55:24.405 INFO: ManagerServant: Master manager not found
Jul 05 09:55:34.538 INFO: ManagerServant: Master manager not found
Jul 05 09:55:44.550 INFO: ManagerServant: Master manager not found
Jul 05 09:55:54.643 INFO: ManagerServant: Master manager not found
Jul 05 09:56:04.764 INFO: ManagerServant: Master manager not found
Jul 05 09:56:14.728 INFO: ManagerServant: Master manager not found
Jul 05 09:56:24.851 INFO: ManagerServant: Master manager not found
Jul 05 09:56:34.963 INFO: ManagerServant: Master manager not found
Jul 05 09:56:44.954 INFO: ManagerServant: Master manager not found
Jul 05 09:56:54.933 INFO: ManagerServant: Master manager not found
Jul 05 09:57:05.002 INFO: ManagerServant: Master manager not found
Jul 05 09:57:15.084 INFO: ManagerServant: Master manager not found
Jul 05 09:57:25.186 INFO: ManagerServant: Master manager not found
Jul 05 09:57:35.168 INFO: ManagerServant: Master manager not found
Jul 05 09:57:35.307 WARNING: d_position: Dead connection: 9042313b-24b4-4ec2-b7d1-e4e329038980
Jul 05 09:57:37.344 WARNING: d_position: Exception caught: minor code(1096024066).
