Jul 24 05:12:02.148 INFO: manager: 2.0.1
Jul 24 05:12:02.148 INFO: manager: Copyright (C) 2003-2022, Noriaki Ando and OpenRTM development team,
Jul 24 05:12:02.149 INFO: manager:   Intelligent Systems Research Institute, AIST,
Jul 24 05:12:02.149 INFO: manager: Copyright (C) 2022, Noriaki Ando and OpenRTM development team,
Jul 24 05:12:02.149 INFO: manager:   Industrial Cyber-Physical Research Center, AIST,
Jul 24 05:12:02.149 INFO: manager:   All right reserved.
Jul 24 05:12:02.149 INFO: manager: Manager starting.
Jul 24 05:12:02.149 INFO: manager: Starting local logging.
Jul 24 05:12:02.167 INFO: NamingOnCorba: Endpoint for the CORBA naming service (localhost) is 127.0.0.1.
Jul 24 05:12:02.167 INFO: NamingManager: NameServer connection succeeded: corba/localhost
Jul 24 05:12:02.172 INFO: ManagerServant: Named manager reference (INS) was successfully created.
Jul 24 05:12:06.241 WARNING: ManagerServant: Master manager not found
Jul 24 05:12:06.244 INFO: LocalServiceAdmin: All the local services are enabled.
Jul 24 05:12:06.266 INFO: ec_base: setRate(1000000.000000) done
Jul 24 05:12:06.266 INFO: ec_base: setRate(1000.000000) done
Jul 24 05:12:06.267 INFO: cal_inverse_kinematics0: 1 execution context was created.
Jul 24 05:12:06.281 INFO: cal_inverse_kinematics0: Initial active configuration set is default.
Jul 24 05:12:20.481 INFO: ManagerServant: Master manager not found
Jul 24 05:12:30.535 INFO: ManagerServant: Master manager not found
Jul 24 05:12:40.607 INFO: ManagerServant: Master manager not found
Jul 24 05:12:50.681 INFO: ManagerServant: Master manager not found
