Jul 24 04:51:01.177 INFO: manager: 2.0.1
Jul 24 04:51:01.177 INFO: manager: Copyright (C) 2003-2022, Noriaki Ando and OpenRTM development team,
Jul 24 04:51:01.177 INFO: manager:   Intelligent Systems Research Institute, AIST,
Jul 24 04:51:01.177 INFO: manager: Copyright (C) 2022, Noriaki Ando and OpenRTM development team,
Jul 24 04:51:01.177 INFO: manager:   Industrial Cyber-Physical Research Center, AIST,
Jul 24 04:51:01.178 INFO: manager:   All right reserved.
Jul 24 04:51:01.178 INFO: manager: Manager starting.
Jul 24 04:51:01.178 INFO: manager: Starting local logging.
Jul 24 04:51:01.196 INFO: NamingOnCorba: Endpoint for the CORBA naming service (localhost) is 127.0.0.1.
Jul 24 04:51:01.196 INFO: NamingManager: NameServer connection succeeded: corba/localhost
Jul 24 04:51:01.204 INFO: ManagerServant: Named manager reference (INS) was successfully created.
Jul 24 04:51:05.283 WARNING: ManagerServant: Master manager not found
Jul 24 04:51:05.285 INFO: LocalServiceAdmin: All the local services are enabled.
Jul 24 04:51:05.307 INFO: ec_base: setRate(1000000.000000) done
Jul 24 04:51:05.307 INFO: ec_base: setRate(1000.000000) done
Jul 24 04:51:05.308 INFO: cal_inverse_kinematics0: 1 execution context was created.
Jul 24 04:51:05.325 INFO: cal_inverse_kinematics0: Initial active configuration set is default.
Jul 24 04:51:19.495 INFO: ManagerServant: Master manager not found
Jul 24 04:51:29.559 INFO: ManagerServant: Master manager not found
Jul 24 04:51:39.615 INFO: ManagerServant: Master manager not found
