Jul 23 11:23:36.180 INFO: manager: 2.0.1
Jul 23 11:23:36.181 INFO: manager: Copyright (C) 2003-2022, Noriaki Ando and OpenRTM development team,
Jul 23 11:23:36.181 INFO: manager:   Intelligent Systems Research Institute, AIST,
Jul 23 11:23:36.181 INFO: manager: Copyright (C) 2022, Noriaki Ando and OpenRTM development team,
Jul 23 11:23:36.181 INFO: manager:   Industrial Cyber-Physical Research Center, AIST,
Jul 23 11:23:36.181 INFO: manager:   All right reserved.
Jul 23 11:23:36.181 INFO: manager: Manager starting.
Jul 23 11:23:36.182 INFO: manager: Starting local logging.
Jul 23 11:23:36.243 INFO: NamingOnCorba: Endpoint for the CORBA naming service (localhost) is 127.0.0.1.
Jul 23 11:23:36.244 INFO: NamingManager: NameServer connection succeeded: corba/localhost
Jul 23 11:23:36.274 INFO: ManagerServant: Named manager reference (INS) was successfully created.
Jul 23 11:23:40.393 WARNING: ManagerServant: Master manager not found
Jul 23 11:23:40.397 INFO: LocalServiceAdmin: All the local services are enabled.
Jul 23 11:23:40.422 INFO: ec_base: setRate(1000000.000000) done
Jul 23 11:23:40.422 INFO: ec_base: setRate(1000.000000) done
Jul 23 11:23:40.423 INFO: cal_inverse_kinematics0: 1 execution context was created.
Jul 23 11:23:40.453 INFO: cal_inverse_kinematics0: Initial active configuration set is default.
Jul 23 11:23:49.012 INFO: ec_base: setRate(1000.000000) done
Jul 23 11:23:54.643 INFO: ManagerServant: Master manager not found
Jul 23 11:24:04.650 INFO: ManagerServant: Master manager not found
Jul 23 11:24:14.689 INFO: ManagerServant: Master manager not found
Jul 23 11:24:24.673 INFO: ManagerServant: Master manager not found
Jul 23 11:24:34.801 INFO: ManagerServant: Master manager not found
Jul 23 11:24:44.800 INFO: ManagerServant: Master manager not found
