Jul 24 05:07:44.260 INFO: manager: 2.0.1
Jul 24 05:07:44.260 INFO: manager: Copyright (C) 2003-2022, Noriaki Ando and OpenRTM development team,
Jul 24 05:07:44.260 INFO: manager:   Intelligent Systems Research Institute, AIST,
Jul 24 05:07:44.260 INFO: manager: Copyright (C) 2022, Noriaki Ando and OpenRTM development team,
Jul 24 05:07:44.260 INFO: manager:   Industrial Cyber-Physical Research Center, AIST,
Jul 24 05:07:44.260 INFO: manager:   All right reserved.
Jul 24 05:07:44.260 INFO: manager: Manager starting.
Jul 24 05:07:44.260 INFO: manager: Starting local logging.
Jul 24 05:07:44.277 INFO: NamingOnCorba: Endpoint for the CORBA naming service (localhost) is 127.0.0.1.
Jul 24 05:07:44.277 INFO: NamingManager: NameServer connection succeeded: corba/localhost
Jul 24 05:07:44.284 INFO: ManagerServant: Named manager reference (INS) was successfully created.
Jul 24 05:07:48.353 WARNING: ManagerServant: Master manager not found
Jul 24 05:07:48.357 INFO: LocalServiceAdmin: All the local services are enabled.
Jul 24 05:07:48.378 INFO: ec_base: setRate(1000000.000000) done
Jul 24 05:07:48.378 INFO: ec_base: setRate(1000.000000) done
Jul 24 05:07:48.379 INFO: cal_inverse_kinematics0: 1 execution context was created.
Jul 24 05:07:48.402 INFO: cal_inverse_kinematics0: Initial active configuration set is default.
Jul 24 05:08:02.623 INFO: ManagerServant: Master manager not found
Jul 24 05:08:12.694 INFO: ManagerServant: Master manager not found
Jul 24 05:08:22.765 INFO: ManagerServant: Master manager not found
Jul 24 05:08:32.845 INFO: ManagerServant: Master manager not found
Jul 24 05:08:42.936 INFO: ManagerServant: Master manager not found
Jul 24 05:08:53.003 INFO: ManagerServant: Master manager not found
Jul 24 05:09:03.107 INFO: ManagerServant: Master manager not found
Jul 24 05:09:13.179 INFO: ManagerServant: Master manager not found
