Jul 23 10:40:00.176 INFO: manager: 2.0.1
Jul 23 10:40:00.177 INFO: manager: Copyright (C) 2003-2022, Noriaki Ando and OpenRTM development team,
Jul 23 10:40:00.177 INFO: manager:   Intelligent Systems Research Institute, AIST,
Jul 23 10:40:00.177 INFO: manager: Copyright (C) 2022, Noriaki Ando and OpenRTM development team,
Jul 23 10:40:00.177 INFO: manager:   Industrial Cyber-Physical Research Center, AIST,
Jul 23 10:40:00.177 INFO: manager:   All right reserved.
Jul 23 10:40:00.177 INFO: manager: Manager starting.
Jul 23 10:40:00.177 INFO: manager: Starting local logging.
Jul 23 10:40:00.202 INFO: NamingOnCorba: Endpoint for the CORBA naming service (localhost) is 127.0.0.1.
Jul 23 10:40:00.204 INFO: NamingManager: NameServer connection succeeded: corba/localhost
Jul 23 10:40:00.222 INFO: ManagerServant: Named manager reference (INS) was successfully created.
Jul 23 10:40:04.311 WARNING: ManagerServant: Master manager not found
Jul 23 10:40:04.314 INFO: LocalServiceAdmin: All the local services are enabled.
Jul 23 10:40:04.333 INFO: ec_base: setRate(1000000.000000) done
Jul 23 10:40:04.333 INFO: ec_base: setRate(1000.000000) done
Jul 23 10:40:04.335 INFO: cal_inverse_kinematics0: 1 execution context was created.
Jul 23 10:40:04.348 INFO: cal_inverse_kinematics0: Initial active configuration set is default.
Jul 23 10:40:10.092 INFO: ec_base: setRate(1000.000000) done
Jul 23 10:40:18.465 INFO: ManagerServant: Master manager not found
Jul 23 10:40:28.539 INFO: ManagerServant: Master manager not found
Jul 23 10:40:38.607 INFO: ManagerServant: Master manager not found
Jul 23 10:40:48.706 INFO: ManagerServant: Master manager not found
Jul 23 10:40:58.800 INFO: ManagerServant: Master manager not found
Jul 23 10:41:08.887 INFO: ManagerServant: Master manager not found
Jul 23 10:41:18.958 INFO: ManagerServant: Master manager not found
Jul 23 10:41:29.061 INFO: ManagerServant: Master manager not found
Jul 23 10:41:39.144 INFO: ManagerServant: Master manager not found
Jul 23 10:41:49.235 INFO: ManagerServant: Master manager not found
Jul 23 10:41:59.330 INFO: ManagerServant: Master manager not found
Jul 23 10:42:09.409 INFO: ManagerServant: Master manager not found
Jul 23 10:42:19.504 INFO: ManagerServant: Master manager not found
