Jul 23 11:40:27.372 INFO: manager: 2.0.1
Jul 23 11:40:27.372 INFO: manager: Copyright (C) 2003-2022, Noriaki Ando and OpenRTM development team,
Jul 23 11:40:27.372 INFO: manager:   Intelligent Systems Research Institute, AIST,
Jul 23 11:40:27.373 INFO: manager: Copyright (C) 2022, Noriaki Ando and OpenRTM development team,
Jul 23 11:40:27.373 INFO: manager:   Industrial Cyber-Physical Research Center, AIST,
Jul 23 11:40:27.373 INFO: manager:   All right reserved.
Jul 23 11:40:27.373 INFO: manager: Manager starting.
Jul 23 11:40:27.373 INFO: manager: Starting local logging.
Jul 23 11:40:27.414 INFO: NamingOnCorba: Endpoint for the CORBA naming service (localhost) is 127.0.0.1.
Jul 23 11:40:27.414 INFO: NamingManager: NameServer connection succeeded: corba/localhost
Jul 23 11:40:27.435 INFO: ManagerServant: Named manager reference (INS) was successfully created.
Jul 23 11:40:31.554 WARNING: ManagerServant: Master manager not found
Jul 23 11:40:31.558 INFO: LocalServiceAdmin: All the local services are enabled.
Jul 23 11:40:31.586 INFO: ec_base: setRate(1000000.000000) done
Jul 23 11:40:31.587 INFO: ec_base: setRate(1000.000000) done
Jul 23 11:40:31.589 INFO: cal_inverse_kinematics0: 1 execution context was created.
Jul 23 11:40:31.633 INFO: cal_inverse_kinematics0: Initial active configuration set is default.
Jul 23 11:40:45.794 INFO: ManagerServant: Master manager not found
Jul 23 11:40:51.748 INFO: ec_base: setRate(1000.000000) done
Jul 23 11:40:55.812 INFO: ManagerServant: Master manager not found
Jul 23 11:41:05.796 INFO: ManagerServant: Master manager not found
Jul 23 11:41:15.933 INFO: ManagerServant: Master manager not found
Jul 23 11:41:25.941 INFO: ManagerServant: Master manager not found
Jul 23 11:41:35.977 INFO: ManagerServant: Master manager not found
Jul 23 11:41:46.012 INFO: ManagerServant: Master manager not found
Jul 23 11:41:56.009 INFO: ManagerServant: Master manager not found
Jul 23 11:42:06.089 INFO: ManagerServant: Master manager not found
Jul 23 11:42:16.225 INFO: ManagerServant: Master manager not found
Jul 23 11:42:26.248 INFO: ManagerServant: Master manager not found
Jul 23 11:42:36.233 INFO: ManagerServant: Master manager not found
Jul 23 11:42:39.786 WARNING: d_position: Dead connection: 8f2ec0d5-8e75-4fcd-8a1c-93848babae87
Jul 23 11:42:41.835 WARNING: d_position: Exception caught: minor code(1096024066).
Jul 23 11:42:46.290 INFO: ManagerServant: Master manager not found
Jul 23 11:42:56.301 INFO: ManagerServant: Master manager not found
Jul 23 11:43:06.290 INFO: ManagerServant: Master manager not found
Jul 23 11:43:16.361 INFO: ManagerServant: Master manager not found
Jul 23 11:43:26.501 INFO: ManagerServant: Master manager not found
Jul 23 11:43:31.917 WARNING: d_motor_moving: Dead connection: 3db79d49-a9a6-478c-9752-e0bcbcf6d000
Jul 23 11:43:33.973 WARNING: d_motor_moving: Exception caught: minor code(1096024066).
Jul 23 11:43:36.041 WARNING: motor_deg: Dead connection: e2f8c0a2-dc42-4d31-b954-30364d80cb95
Jul 23 11:43:36.602 INFO: ManagerServant: Master manager not found
Jul 23 11:43:38.092 WARNING: motor_deg: Exception caught: minor code(1096024066).
Jul 23 11:43:40.160 WARNING: motor_speed: Dead connection: 4cf74173-819c-45ac-8350-579803da94bd
Jul 23 11:43:42.208 WARNING: motor_speed: Exception caught: minor code(1096024066).
Jul 23 11:43:46.683 INFO: ManagerServant: Master manager not found
Jul 23 11:43:56.831 INFO: ManagerServant: Master manager not found
Jul 23 11:44:06.860 INFO: ManagerServant: Master manager not found
Jul 23 11:44:16.870 INFO: ManagerServant: Master manager not found
Jul 23 11:44:25.583 INFO: ec_base: setRate(1000.000000) done
Jul 23 11:44:26.903 INFO: ManagerServant: Master manager not found
Jul 23 11:44:37.052 INFO: ManagerServant: Master manager not found
Jul 23 11:44:47.079 INFO: ManagerServant: Master manager not found
Jul 23 11:44:57.082 INFO: ManagerServant: Master manager not found
Jul 23 11:45:07.171 INFO: ManagerServant: Master manager not found
Jul 23 11:45:17.287 INFO: ManagerServant: Master manager not found
Jul 23 11:45:27.381 INFO: ManagerServant: Master manager not found
Jul 23 11:45:37.489 INFO: ManagerServant: Master manager not found
Jul 23 11:45:47.602 INFO: ManagerServant: Master manager not found
Jul 23 11:45:57.600 INFO: ManagerServant: Master manager not found
Jul 23 11:46:07.703 INFO: ManagerServant: Master manager not found
Jul 23 11:46:17.808 INFO: ManagerServant: Master manager not found
Jul 23 11:46:27.794 INFO: ManagerServant: Master manager not found
Jul 23 11:46:37.901 INFO: ManagerServant: Master manager not found
Jul 23 11:46:47.914 INFO: ManagerServant: Master manager not found
Jul 23 11:46:57.939 INFO: ManagerServant: Master manager not found
Jul 23 11:47:07.945 INFO: ManagerServant: Master manager not found
Jul 23 11:47:17.914 INFO: ManagerServant: Master manager not found
Jul 23 11:47:24.575 WARNING: d_position: Dead connection: 8f2ec0d5-8e75-4fcd-8a1c-93848babae87
Jul 23 11:47:26.641 WARNING: d_position: Exception caught: minor code(1096024066).
Jul 23 11:47:28.060 INFO: ManagerServant: Master manager not found
Jul 23 11:47:38.087 INFO: ManagerServant: Master manager not found
Jul 23 11:47:48.123 INFO: ManagerServant: Master manager not found
Jul 23 11:47:58.113 INFO: ManagerServant: Master manager not found
Jul 23 11:48:05.885 INFO: ec_base: setRate(1000.000000) done
Jul 23 11:48:08.190 INFO: ManagerServant: Master manager not found
Jul 23 11:48:18.287 INFO: ManagerServant: Master manager not found
Jul 23 11:48:28.402 INFO: ManagerServant: Master manager not found
Jul 23 11:48:38.410 INFO: ManagerServant: Master manager not found
Jul 23 11:48:48.506 INFO: ManagerServant: Master manager not found
Jul 23 11:48:58.591 INFO: ManagerServant: Master manager not found
Jul 23 11:49:08.720 INFO: ManagerServant: Master manager not found
Jul 23 11:49:18.709 INFO: ManagerServant: Master manager not found
Jul 23 11:49:28.825 INFO: ManagerServant: Master manager not found
Jul 23 11:49:38.845 INFO: ManagerServant: Master manager not found
Jul 23 11:49:48.886 INFO: ManagerServant: Master manager not found
Jul 23 11:49:58.037 WARNING: d_position: Dead connection: 8f2ec0d5-8e75-4fcd-8a1c-93848babae87
Jul 23 11:49:58.926 INFO: ManagerServant: Master manager not found
Jul 23 11:50:00.106 WARNING: d_position: Exception caught: minor code(1096024066).
Jul 23 11:50:08.913 INFO: ManagerServant: Master manager not found
Jul 23 11:50:19.024 INFO: ManagerServant: Master manager not found
Jul 23 11:50:21.294 INFO: ec_base: setRate(1000.000000) done
Jul 23 11:50:29.006 INFO: ManagerServant: Master manager not found
Jul 23 11:50:39.116 INFO: ManagerServant: Master manager not found
Jul 23 11:50:49.133 INFO: ManagerServant: Master manager not found
Jul 23 11:50:59.143 INFO: ManagerServant: Master manager not found
Jul 23 11:51:09.136 INFO: ManagerServant: Master manager not found
Jul 23 11:51:19.279 INFO: ManagerServant: Master manager not found
Jul 23 11:51:29.287 INFO: ManagerServant: Master manager not found
Jul 23 11:51:39.266 INFO: ManagerServant: Master manager not found
Jul 23 11:51:49.351 INFO: ManagerServant: Master manager not found
Jul 23 11:51:59.460 INFO: ManagerServant: Master manager not found
Jul 23 11:52:09.458 INFO: ManagerServant: Master manager not found
Jul 23 11:52:19.580 INFO: ManagerServant: Master manager not found
Jul 23 11:52:22.735 WARNING: d_motor_moving: Dead connection: 3db79d49-a9a6-478c-9752-e0bcbcf6d000
