Jul 23 10:33:46.795 INFO: manager: 2.0.1
Jul 23 10:33:46.795 INFO: manager: Copyright (C) 2003-2022, Noriaki Ando and OpenRTM development team,
Jul 23 10:33:46.795 INFO: manager:   Intelligent Systems Research Institute, AIST,
Jul 23 10:33:46.796 INFO: manager: Copyright (C) 2022, Noriaki Ando and OpenRTM development team,
Jul 23 10:33:46.796 INFO: manager:   Industrial Cyber-Physical Research Center, AIST,
Jul 23 10:33:46.796 INFO: manager:   All right reserved.
Jul 23 10:33:46.796 INFO: manager: Manager starting.
Jul 23 10:33:46.796 INFO: manager: Starting local logging.
Jul 23 10:33:46.832 INFO: NamingOnCorba: Endpoint for the CORBA naming service (localhost) is 127.0.0.1.
Jul 23 10:33:46.832 INFO: NamingManager: NameServer connection succeeded: corba/localhost
Jul 23 10:33:46.843 INFO: ManagerServant: Named manager reference (INS) was successfully created.
Jul 23 10:33:50.943 WARNING: ManagerServant: Master manager not found
Jul 23 10:33:50.947 INFO: LocalServiceAdmin: All the local services are enabled.
Jul 23 10:33:50.975 INFO: ec_base: setRate(1000000.000000) done
Jul 23 10:33:50.976 INFO: ec_base: setRate(1000.000000) done
Jul 23 10:33:50.976 INFO: cal_inverse_kinematics0: 1 execution context was created.
Jul 23 10:33:51.008 INFO: cal_inverse_kinematics0: Initial active configuration set is default.
Jul 23 10:33:57.709 INFO: ec_base: setRate(1000.000000) done
Jul 23 10:34:05.163 INFO: ManagerServant: Master manager not found
Jul 23 10:34:15.164 INFO: ManagerServant: Master manager not found
Jul 23 10:34:25.270 INFO: ManagerServant: Master manager not found
Jul 23 10:34:35.381 INFO: ManagerServant: Master manager not found
Jul 23 10:34:45.466 INFO: ManagerServant: Master manager not found
Jul 23 10:34:55.572 INFO: ManagerServant: Master manager not found
Jul 23 10:35:05.584 INFO: ManagerServant: Master manager not found
Jul 23 10:35:15.606 INFO: ManagerServant: Master manager not found
Jul 23 10:35:25.595 INFO: ManagerServant: Master manager not found
