Jul 24 03:59:36.258 INFO: manager: 2.0.1
Jul 24 03:59:36.258 INFO: manager: Copyright (C) 2003-2022, Noriaki Ando and OpenRTM development team,
Jul 24 03:59:36.259 INFO: manager:   Intelligent Systems Research Institute, AIST,
Jul 24 03:59:36.259 INFO: manager: Copyright (C) 2022, Noriaki Ando and OpenRTM development team,
Jul 24 03:59:36.259 INFO: manager:   Industrial Cyber-Physical Research Center, AIST,
Jul 24 03:59:36.259 INFO: manager:   All right reserved.
Jul 24 03:59:36.259 INFO: manager: Manager starting.
Jul 24 03:59:36.259 INFO: manager: Starting local logging.
Jul 24 03:59:36.284 INFO: NamingOnCorba: Endpoint for the CORBA naming service (localhost) is 127.0.0.1.
Jul 24 03:59:36.284 INFO: NamingManager: NameServer connection succeeded: corba/localhost
Jul 24 03:59:36.292 INFO: ManagerServant: Named manager reference (INS) was successfully created.
Jul 24 03:59:40.390 WARNING: ManagerServant: Master manager not found
Jul 24 03:59:40.394 INFO: LocalServiceAdmin: All the local services are enabled.
Jul 24 03:59:40.424 INFO: ec_base: setRate(1000000.000000) done
Jul 24 03:59:40.425 INFO: ec_base: setRate(1000.000000) done
Jul 24 03:59:40.425 INFO: cal_inverse_kinematics0: 1 execution context was created.
Jul 24 03:59:40.463 INFO: cal_inverse_kinematics0: Initial active configuration set is default.
Jul 24 03:59:54.661 INFO: ManagerServant: Master manager not found
Jul 24 04:00:04.496 INFO: ec_base: setRate(1000.000000) done
Jul 24 04:00:04.694 INFO: ManagerServant: Master manager not found
Jul 24 04:00:14.768 INFO: ManagerServant: Master manager not found
Jul 24 04:00:24.844 INFO: ManagerServant: Master manager not found
Jul 24 04:00:34.916 INFO: ManagerServant: Master manager not found
Jul 24 04:00:45.016 INFO: ManagerServant: Master manager not found
Jul 24 04:00:55.077 INFO: ManagerServant: Master manager not found
Jul 24 04:01:05.175 INFO: ManagerServant: Master manager not found
Jul 24 04:01:15.246 INFO: ManagerServant: Master manager not found
Jul 24 04:01:25.308 INFO: ManagerServant: Master manager not found
Jul 24 04:01:35.386 INFO: ManagerServant: Master manager not found
Jul 24 04:01:45.454 INFO: ManagerServant: Master manager not found
Jul 24 04:01:55.541 INFO: ManagerServant: Master manager not found
Jul 24 04:02:05.577 INFO: ManagerServant: Master manager not found
Jul 24 04:02:15.642 INFO: ManagerServant: Master manager not found
Jul 24 04:02:25.700 INFO: ManagerServant: Master manager not found
Jul 24 04:02:35.759 INFO: ManagerServant: Master manager not found
Jul 24 04:02:45.814 INFO: ManagerServant: Master manager not found
Jul 24 04:02:55.869 INFO: ManagerServant: Master manager not found
Jul 24 04:03:05.935 INFO: ManagerServant: Master manager not found
Jul 24 04:03:15.997 INFO: ManagerServant: Master manager not found
Jul 24 04:03:26.066 INFO: ManagerServant: Master manager not found
Jul 24 04:03:36.140 INFO: ManagerServant: Master manager not found
Jul 24 04:03:46.230 INFO: ManagerServant: Master manager not found
Jul 24 04:03:56.327 INFO: ManagerServant: Master manager not found
Jul 24 04:04:06.389 INFO: ManagerServant: Master manager not found
Jul 24 04:04:16.445 INFO: ManagerServant: Master manager not found
Jul 24 04:04:26.526 INFO: ManagerServant: Master manager not found
Jul 24 04:04:30.483 WARNING: d_position: Dead connection: 8f2ec0d5-8e75-4fcd-8a1c-93848babae87
Jul 24 04:04:32.530 WARNING: d_position: Exception caught: minor code(1096024066).
Jul 24 04:04:36.577 INFO: ManagerServant: Master manager not found
Jul 24 04:04:46.677 INFO: ManagerServant: Master manager not found
Jul 24 04:04:56.731 INFO: ManagerServant: Master manager not found
Jul 24 04:05:06.795 INFO: ManagerServant: Master manager not found
Jul 24 04:05:16.872 INFO: ManagerServant: Master manager not found
Jul 24 04:05:26.937 INFO: ManagerServant: Master manager not found
Jul 24 04:05:29.812 INFO: ec_base: setRate(1000.000000) done
Jul 24 04:05:36.991 INFO: ManagerServant: Master manager not found
Jul 24 04:05:47.083 INFO: ManagerServant: Master manager not found
Jul 24 04:05:57.126 INFO: ManagerServant: Master manager not found
Jul 24 04:06:07.209 INFO: ManagerServant: Master manager not found
Jul 24 04:06:17.281 INFO: ManagerServant: Master manager not found
Jul 24 04:06:27.354 INFO: ManagerServant: Master manager not found
Jul 24 04:06:37.412 INFO: ManagerServant: Master manager not found
Jul 24 04:06:47.484 INFO: ManagerServant: Master manager not found
Jul 24 04:06:57.568 INFO: ManagerServant: Master manager not found
Jul 24 04:07:07.641 INFO: ManagerServant: Master manager not found
Jul 24 04:07:17.708 INFO: ManagerServant: Master manager not found
Jul 24 04:07:27.787 INFO: ManagerServant: Master manager not found
Jul 24 04:07:37.871 INFO: ManagerServant: Master manager not found
Jul 24 04:07:47.929 INFO: ManagerServant: Master manager not found
Jul 24 04:07:57.992 INFO: ManagerServant: Master manager not found
Jul 24 04:08:08.055 INFO: ManagerServant: Master manager not found
Jul 24 04:08:18.141 INFO: ManagerServant: Master manager not found
Jul 24 04:08:28.198 INFO: ManagerServant: Master manager not found
Jul 24 04:08:38.310 INFO: ManagerServant: Master manager not found
Jul 24 04:08:48.277 INFO: ManagerServant: Master manager not found
Jul 24 04:08:58.339 INFO: ManagerServant: Master manager not found
Jul 24 04:09:08.419 INFO: ManagerServant: Master manager not found
Jul 24 04:09:18.494 INFO: ManagerServant: Master manager not found
Jul 24 04:09:28.594 INFO: ManagerServant: Master manager not found
Jul 24 04:09:38.635 INFO: ManagerServant: Master manager not found
Jul 24 04:09:48.706 INFO: ManagerServant: Master manager not found
Jul 24 04:09:58.794 INFO: ManagerServant: Master manager not found
Jul 24 04:10:08.858 INFO: ManagerServant: Master manager not found
Jul 24 04:10:18.914 INFO: ManagerServant: Master manager not found
Jul 24 04:10:28.993 INFO: ManagerServant: Master manager not found
Jul 24 04:10:39.056 INFO: ManagerServant: Master manager not found
Jul 24 04:10:49.130 INFO: ManagerServant: Master manager not found
Jul 24 04:10:59.199 INFO: ManagerServant: Master manager not found
Jul 24 04:11:09.277 INFO: ManagerServant: Master manager not found
Jul 24 04:11:19.345 INFO: ManagerServant: Master manager not found
Jul 24 04:11:29.414 INFO: ManagerServant: Master manager not found
Jul 24 04:11:39.488 INFO: ManagerServant: Master manager not found
Jul 24 04:11:49.574 INFO: ManagerServant: Master manager not found
Jul 24 04:11:59.630 INFO: ManagerServant: Master manager not found
