Jul 23 11:14:23.280 INFO: manager: 2.0.1
Jul 23 11:14:23.280 INFO: manager: Copyright (C) 2003-2022, Noriaki Ando and OpenRTM development team,
Jul 23 11:14:23.281 INFO: manager:   Intelligent Systems Research Institute, AIST,
Jul 23 11:14:23.281 INFO: manager: Copyright (C) 2022, Noriaki Ando and OpenRTM development team,
Jul 23 11:14:23.281 INFO: manager:   Industrial Cyber-Physical Research Center, AIST,
Jul 23 11:14:23.284 INFO: manager:   All right reserved.
Jul 23 11:14:23.286 INFO: manager: Manager starting.
Jul 23 11:14:23.292 INFO: manager: Starting local logging.
Jul 23 11:14:23.363 INFO: NamingOnCorba: Endpoint for the CORBA naming service (localhost) is 127.0.0.1.
Jul 23 11:14:23.364 INFO: NamingManager: NameServer connection succeeded: corba/localhost
Jul 23 11:14:23.373 INFO: ManagerServant: Named manager reference (INS) was successfully created.
Jul 23 11:14:27.481 WARNING: ManagerServant: Master manager not found
Jul 23 11:14:27.485 INFO: LocalServiceAdmin: All the local services are enabled.
Jul 23 11:14:27.508 INFO: ec_base: setRate(1000000.000000) done
Jul 23 11:14:27.508 INFO: ec_base: setRate(1000.000000) done
Jul 23 11:14:27.509 INFO: cal_inverse_kinematics0: 1 execution context was created.
Jul 23 11:14:27.538 INFO: cal_inverse_kinematics0: Initial active configuration set is default.
Jul 23 11:14:38.680 INFO: ec_base: setRate(1000.000000) done
Jul 23 11:14:41.747 INFO: ManagerServant: Master manager not found
Jul 23 11:14:51.740 INFO: ManagerServant: Master manager not found
Jul 23 11:15:01.834 INFO: ManagerServant: Master manager not found
Jul 23 11:15:11.942 INFO: ManagerServant: Master manager not found
Jul 23 11:15:21.955 INFO: ManagerServant: Master manager not found
Jul 23 11:15:31.950 INFO: ManagerServant: Master manager not found
Jul 23 11:15:42.036 INFO: ManagerServant: Master manager not found
Jul 23 11:15:52.138 INFO: ManagerServant: Master manager not found
Jul 23 11:16:02.251 INFO: ManagerServant: Master manager not found
Jul 23 11:16:12.259 INFO: ManagerServant: Master manager not found
Jul 23 11:16:22.259 INFO: ManagerServant: Master manager not found
Jul 23 11:16:32.394 INFO: ManagerServant: Master manager not found
Jul 23 11:16:42.374 INFO: ManagerServant: Master manager not found
Jul 23 11:16:52.483 INFO: ManagerServant: Master manager not found
Jul 23 11:17:02.500 INFO: ManagerServant: Master manager not found
Jul 23 11:17:12.515 INFO: ManagerServant: Master manager not found
Jul 23 11:17:22.508 INFO: ManagerServant: Master manager not found
Jul 23 11:17:25.986 WARNING: d_position: Dead connection: 8f2ec0d5-8e75-4fcd-8a1c-93848babae87
Jul 23 11:17:28.044 WARNING: d_position: Exception caught: minor code(1096024066).
Jul 23 11:17:32.518 INFO: ManagerServant: Master manager not found
Jul 23 11:17:42.560 INFO: ManagerServant: Master manager not found
Jul 23 11:17:52.538 INFO: ManagerServant: Master manager not found
Jul 23 11:17:58.240 INFO: ec_base: setRate(1000.000000) done
Jul 23 11:18:02.573 INFO: ManagerServant: Master manager not found
Jul 23 11:18:12.601 INFO: ManagerServant: Master manager not found
Jul 23 11:18:22.606 INFO: ManagerServant: Master manager not found
Jul 23 11:18:32.720 INFO: ManagerServant: Master manager not found
Jul 23 11:18:42.704 INFO: ManagerServant: Master manager not found
Jul 23 11:18:52.817 INFO: ManagerServant: Master manager not found
Jul 23 11:19:02.830 INFO: ManagerServant: Master manager not found
Jul 23 11:19:12.956 INFO: ManagerServant: Master manager not found
Jul 23 11:19:22.964 INFO: ManagerServant: Master manager not found
Jul 23 11:19:32.991 INFO: ManagerServant: Master manager not found
Jul 23 11:19:42.976 INFO: ManagerServant: Master manager not found
Jul 23 11:19:53.115 INFO: ManagerServant: Master manager not found
Jul 23 11:20:03.130 INFO: ManagerServant: Master manager not found
Jul 23 11:20:13.155 INFO: ManagerServant: Master manager not found
Jul 23 11:20:23.182 INFO: ManagerServant: Master manager not found
Jul 23 11:20:33.175 INFO: ManagerServant: Master manager not found
Jul 23 11:20:43.309 INFO: ManagerServant: Master manager not found
Jul 23 11:20:43.903 WARNING: d_position: Dead connection: 8f2ec0d5-8e75-4fcd-8a1c-93848babae87
Jul 23 11:20:45.946 WARNING: d_position: Exception caught: minor code(1096024066).
Jul 23 11:20:53.319 INFO: ManagerServant: Master manager not found
Jul 23 11:21:03.434 INFO: ManagerServant: Master manager not found
Jul 23 11:21:12.736 INFO: ec_base: setRate(1000.000000) done
Jul 23 11:21:13.496 INFO: ManagerServant: Master manager not found
Jul 23 11:21:23.497 INFO: ManagerServant: Master manager not found
Jul 23 11:21:33.518 INFO: ManagerServant: Master manager not found
Jul 23 11:21:43.521 INFO: ManagerServant: Master manager not found
Jul 23 11:21:53.527 INFO: ManagerServant: Master manager not found
Jul 23 11:22:03.543 INFO: ManagerServant: Master manager not found
Jul 23 11:22:13.560 INFO: ManagerServant: Master manager not found
Jul 23 11:22:23.574 INFO: ManagerServant: Master manager not found
Jul 23 11:22:33.570 INFO: ManagerServant: Master manager not found
Jul 23 11:22:43.753 INFO: ManagerServant: Master manager not found
Jul 23 11:22:43.954 WARNING: d_position: Dead connection: 8f2ec0d5-8e75-4fcd-8a1c-93848babae87
Jul 23 11:22:45.980 WARNING: d_position: Exception caught: minor code(1096024066).
Jul 23 11:22:53.691 INFO: ManagerServant: Master manager not found
Jul 23 11:23:01.397 INFO: ec_base: setRate(1000.000000) done
Jul 23 11:23:03.748 INFO: ManagerServant: Master manager not found
Jul 23 11:23:13.706 INFO: ManagerServant: Master manager not found
