Jul 24 04:17:42.516 INFO: manager: 2.0.1
Jul 24 04:17:42.516 INFO: manager: Copyright (C) 2003-2022, Noriaki Ando and OpenRTM development team,
Jul 24 04:17:42.516 INFO: manager:   Intelligent Systems Research Institute, AIST,
Jul 24 04:17:42.516 INFO: manager: Copyright (C) 2022, Noriaki Ando and OpenRTM development team,
Jul 24 04:17:42.517 INFO: manager:   Industrial Cyber-Physical Research Center, AIST,
Jul 24 04:17:42.517 INFO: manager:   All right reserved.
Jul 24 04:17:42.517 INFO: manager: Manager starting.
Jul 24 04:17:42.517 INFO: manager: Starting local logging.
Jul 24 04:17:42.542 INFO: NamingOnCorba: Endpoint for the CORBA naming service (localhost) is 127.0.0.1.
Jul 24 04:17:42.542 INFO: NamingManager: NameServer connection succeeded: corba/localhost
Jul 24 04:17:42.551 INFO: ManagerServant: Named manager reference (INS) was successfully created.
Jul 24 04:17:46.658 WARNING: ManagerServant: Master manager not found
Jul 24 04:17:46.660 INFO: LocalServiceAdmin: All the local services are enabled.
Jul 24 04:17:46.672 INFO: ec_base: setRate(1000000.000000) done
Jul 24 04:17:46.672 INFO: ec_base: setRate(1000.000000) done
Jul 24 04:17:46.673 INFO: cal_inverse_kinematics0: 1 execution context was created.
Jul 24 04:17:46.707 INFO: cal_inverse_kinematics0: Initial active configuration set is default.
Jul 24 04:17:54.765 INFO: ec_base: setRate(1000.000000) done
Jul 24 04:18:00.845 INFO: ManagerServant: Master manager not found
Jul 24 04:18:10.918 INFO: ManagerServant: Master manager not found
Jul 24 04:18:20.976 INFO: ManagerServant: Master manager not found
Jul 24 04:18:31.042 INFO: ManagerServant: Master manager not found
Jul 24 04:18:41.089 INFO: ManagerServant: Master manager not found
Jul 24 04:18:51.171 INFO: ManagerServant: Master manager not found
Jul 24 04:19:01.230 INFO: ManagerServant: Master manager not found
