Jul 24 04:21:40.596 INFO: manager: 2.0.1
Jul 24 04:21:40.597 INFO: manager: Copyright (C) 2003-2022, Noriaki Ando and OpenRTM development team,
Jul 24 04:21:40.597 INFO: manager:   Intelligent Systems Research Institute, AIST,
Jul 24 04:21:40.597 INFO: manager: Copyright (C) 2022, Noriaki Ando and OpenRTM development team,
Jul 24 04:21:40.597 INFO: manager:   Industrial Cyber-Physical Research Center, AIST,
Jul 24 04:21:40.598 INFO: manager:   All right reserved.
Jul 24 04:21:40.598 INFO: manager: Manager starting.
Jul 24 04:21:40.598 INFO: manager: Starting local logging.
Jul 24 04:21:40.641 INFO: NamingOnCorba: Endpoint for the CORBA naming service (localhost) is 127.0.0.1.
Jul 24 04:21:40.642 INFO: NamingManager: NameServer connection succeeded: corba/localhost
Jul 24 04:21:40.654 INFO: ManagerServant: Named manager reference (INS) was successfully created.
Jul 24 04:21:44.779 WARNING: ManagerServant: Master manager not found
Jul 24 04:21:44.781 INFO: LocalServiceAdmin: All the local services are enabled.
Jul 24 04:21:44.799 INFO: ec_base: setRate(1000000.000000) done
Jul 24 04:21:44.800 INFO: ec_base: setRate(1000.000000) done
Jul 24 04:21:44.800 INFO: cal_inverse_kinematics0: 1 execution context was created.
Jul 24 04:21:44.815 INFO: cal_inverse_kinematics0: Initial active configuration set is default.
Jul 24 04:21:48.994 WARNING: SdoServiceAdmin: No available SDO service in the factory: 
Jul 24 04:21:59.015 INFO: ManagerServant: Master manager not found
Jul 24 04:22:09.099 INFO: ManagerServant: Master manager not found
Jul 24 04:22:19.158 INFO: ManagerServant: Master manager not found
Jul 24 04:22:29.202 INFO: ManagerServant: Master manager not found
Jul 24 04:22:39.260 INFO: ManagerServant: Master manager not found
Jul 24 04:22:49.336 INFO: ManagerServant: Master manager not found
Jul 24 04:22:51.759 WARNING: d_position: Dead connection: b6c5df7b-ddcd-4ce8-8e2a-8b7a1477cf5c
Jul 24 04:22:53.811 WARNING: d_position: Exception caught: minor code(1096024066).
Jul 24 04:22:59.395 INFO: ManagerServant: Master manager not found
Jul 24 04:23:07.577 INFO: ec_base: setRate(1000.000000) done
Jul 24 04:23:09.465 INFO: ManagerServant: Master manager not found
Jul 24 04:23:14.764 WARNING: ec_base: The component is not responding.
Jul 24 04:23:14.764 ERROR: ec_base: Unknown error: Invalid state transition.
Jul 24 04:23:19.547 INFO: ManagerServant: Master manager not found
Jul 24 04:23:29.607 INFO: ManagerServant: Master manager not found
Jul 24 04:23:31.126 ERROR: ec_worker: State of the RTC is not ACTIVE_STATE.
