Jul 23 10:28:06.815 INFO: manager: 2.0.1
Jul 23 10:28:06.816 INFO: manager: Copyright (C) 2003-2022, Noriaki Ando and OpenRTM development team,
Jul 23 10:28:06.817 INFO: manager:   Intelligent Systems Research Institute, AIST,
Jul 23 10:28:06.817 INFO: manager: Copyright (C) 2022, Noriaki Ando and OpenRTM development team,
Jul 23 10:28:06.817 INFO: manager:   Industrial Cyber-Physical Research Center, AIST,
Jul 23 10:28:06.817 INFO: manager:   All right reserved.
Jul 23 10:28:06.817 INFO: manager: Manager starting.
Jul 23 10:28:06.817 INFO: manager: Starting local logging.
Jul 23 10:28:06.846 INFO: NamingOnCorba: Endpoint for the CORBA naming service (localhost) is 127.0.0.1.
Jul 23 10:28:06.846 INFO: NamingManager: NameServer connection succeeded: corba/localhost
Jul 23 10:28:06.858 INFO: ManagerServant: Named manager reference (INS) was successfully created.
Jul 23 10:28:10.956 WARNING: ManagerServant: Master manager not found
Jul 23 10:28:10.960 INFO: LocalServiceAdmin: All the local services are enabled.
Jul 23 10:28:10.985 INFO: ec_base: setRate(1000000.000000) done
Jul 23 10:28:10.985 INFO: ec_base: setRate(1000.000000) done
Jul 23 10:28:10.986 INFO: cal_inverse_kinematics0: 1 execution context was created.
Jul 23 10:28:11.015 INFO: cal_inverse_kinematics0: Initial active configuration set is default.
Jul 23 10:28:21.681 INFO: ec_base: setRate(1000.000000) done
Jul 23 10:28:25.138 INFO: ManagerServant: Master manager not found
Jul 23 10:28:35.229 INFO: ManagerServant: Master manager not found
Jul 23 10:28:45.257 INFO: ManagerServant: Master manager not found
Jul 23 10:28:55.240 INFO: ManagerServant: Master manager not found
Jul 23 10:29:05.334 INFO: ManagerServant: Master manager not found
Jul 23 10:29:15.448 INFO: ManagerServant: Master manager not found
Jul 23 10:29:25.448 INFO: ManagerServant: Master manager not found
Jul 23 10:29:35.464 INFO: ManagerServant: Master manager not found
Jul 23 10:29:45.472 INFO: ManagerServant: Master manager not found
