Jul 23 10:42:49.469 INFO: manager: 2.0.1
Jul 23 10:42:49.469 INFO: manager: Copyright (C) 2003-2022, Noriaki Ando and OpenRTM development team,
Jul 23 10:42:49.469 INFO: manager:   Intelligent Systems Research Institute, AIST,
Jul 23 10:42:49.469 INFO: manager: Copyright (C) 2022, Noriaki Ando and OpenRTM development team,
Jul 23 10:42:49.469 INFO: manager:   Industrial Cyber-Physical Research Center, AIST,
Jul 23 10:42:49.469 INFO: manager:   All right reserved.
Jul 23 10:42:49.469 INFO: manager: Manager starting.
Jul 23 10:42:49.469 INFO: manager: Starting local logging.
Jul 23 10:42:49.515 INFO: NamingOnCorba: Endpoint for the CORBA naming service (localhost) is 127.0.0.1.
Jul 23 10:42:49.515 INFO: NamingManager: NameServer connection succeeded: corba/localhost
Jul 23 10:42:49.532 INFO: ManagerServant: Named manager reference (INS) was successfully created.
Jul 23 10:42:53.633 WARNING: ManagerServant: Master manager not found
Jul 23 10:42:53.642 INFO: LocalServiceAdmin: All the local services are enabled.
Jul 23 10:42:53.674 INFO: ec_base: setRate(1000000.000000) done
Jul 23 10:42:53.675 INFO: ec_base: setRate(1000.000000) done
Jul 23 10:42:53.676 INFO: cal_inverse_kinematics0: 1 execution context was created.
Jul 23 10:42:53.712 INFO: cal_inverse_kinematics0: Initial active configuration set is default.
Jul 23 10:43:07.862 INFO: ManagerServant: Master manager not found
Jul 23 10:43:08.080 INFO: ec_base: setRate(1000.000000) done
Jul 23 10:43:17.859 INFO: ManagerServant: Master manager not found
Jul 23 10:43:27.949 INFO: ManagerServant: Master manager not found
Jul 23 10:43:28.289 WARNING: d_position: Dead connection: 8f2ec0d5-8e75-4fcd-8a1c-93848babae87
Jul 23 10:43:30.349 WARNING: d_position: Exception caught: minor code(1096024066).
Jul 23 10:43:38.039 INFO: ManagerServant: Master manager not found
Jul 23 10:43:48.122 INFO: ManagerServant: Master manager not found
Jul 23 10:43:51.178 INFO: ec_base: setRate(1000.000000) done
Jul 23 10:43:58.216 INFO: ManagerServant: Master manager not found
Jul 23 10:44:08.309 INFO: ManagerServant: Master manager not found
Jul 23 10:44:18.407 INFO: ManagerServant: Master manager not found
Jul 23 10:44:28.488 INFO: ManagerServant: Master manager not found
Jul 23 10:44:38.591 INFO: ManagerServant: Master manager not found
Jul 23 10:44:48.680 INFO: ManagerServant: Master manager not found
Jul 23 10:44:58.756 INFO: ManagerServant: Master manager not found
Jul 23 10:45:08.827 INFO: ManagerServant: Master manager not found
