Jul 10 00:55:56.134 INFO: manager: 2.0.1
Jul 10 00:55:56.134 INFO: manager: Copyright (C) 2003-2022, Noriaki Ando and OpenRTM development team,
Jul 10 00:55:56.134 INFO: manager:   Intelligent Systems Research Institute, AIST,
Jul 10 00:55:56.134 INFO: manager: Copyright (C) 2022, Noriaki Ando and OpenRTM development team,
Jul 10 00:55:56.134 INFO: manager:   Industrial Cyber-Physical Research Center, AIST,
Jul 10 00:55:56.134 INFO: manager:   All right reserved.
Jul 10 00:55:56.134 INFO: manager: Manager starting.
Jul 10 00:55:56.135 INFO: manager: Starting local logging.
Jul 10 00:55:56.181 INFO: NamingOnCorba: Endpoint for the CORBA naming service (localhost) is 127.0.0.1.
Jul 10 00:55:56.181 INFO: NamingManager: NameServer connection succeeded: corba/localhost
Jul 10 00:55:56.183 INFO: ManagerServant: Named manager reference (INS) was successfully created.
Jul 10 00:56:00.285 WARNING: ManagerServant: Master manager not found
Jul 10 00:56:00.286 INFO: LocalServiceAdmin: All the local services are enabled.
Jul 10 00:56:00.288 INFO: ec_base: setRate(1000000.000000) done
Jul 10 00:56:00.288 INFO: ec_base: setRate(1000.000000) done
Jul 10 00:56:00.288 INFO: sender0: 1 execution context was created.
Jul 10 00:56:00.289 INFO: sender0: Initial active configuration set is default.
Jul 10 00:56:06.593 WARNING: SdoServiceAdmin: No available SDO service in the factory: 
Jul 10 00:56:14.434 INFO: ManagerServant: Master manager not found
Jul 10 00:56:24.443 INFO: ManagerServant: Master manager not found
Jul 10 00:56:34.453 INFO: ManagerServant: Master manager not found
Jul 10 00:56:44.458 INFO: ManagerServant: Master manager not found
Jul 10 00:56:54.458 INFO: ManagerServant: Master manager not found
Jul 10 00:57:04.582 INFO: ManagerServant: Master manager not found
Jul 10 00:57:14.571 INFO: ManagerServant: Master manager not found
Jul 10 00:57:24.597 INFO: ManagerServant: Master manager not found
Jul 10 00:57:34.610 INFO: ManagerServant: Master manager not found
Jul 10 00:57:44.613 INFO: ManagerServant: Master manager not found
Jul 10 00:57:50.146 ERROR: ec_base: The component is not responding.
Jul 10 00:57:50.146 ERROR: ec_base: Unknown error: Invalid state transition.
Jul 10 00:57:54.790 INFO: ManagerServant: Master manager not found
Jul 10 00:58:04.764 INFO: ManagerServant: Master manager not found
Jul 10 00:58:14.883 INFO: ManagerServant: Master manager not found
