Jul 05 08:33:58.893 INFO: manager: 2.0.1
Jul 05 08:33:58.893 INFO: manager: Copyright (C) 2003-2022, Noriaki Ando and OpenRTM development team,
Jul 05 08:33:58.893 INFO: manager:   Intelligent Systems Research Institute, AIST,
Jul 05 08:33:58.893 INFO: manager: Copyright (C) 2022, Noriaki Ando and OpenRTM development team,
Jul 05 08:33:58.893 INFO: manager:   Industrial Cyber-Physical Research Center, AIST,
Jul 05 08:33:58.893 INFO: manager:   All right reserved.
Jul 05 08:33:58.893 INFO: manager: Manager starting.
Jul 05 08:33:58.893 INFO: manager: Starting local logging.
Jul 05 08:33:58.929 INFO: NamingOnCorba: Endpoint for the CORBA naming service (localhost) is 127.0.0.1.
Jul 05 08:33:58.929 INFO: NamingManager: NameServer connection succeeded: corba/localhost
Jul 05 08:33:58.929 INFO: ManagerServant: Named manager reference (INS) was successfully created.
Jul 05 08:34:03.029 WARNING: ManagerServant: Master manager not found
Jul 05 08:34:03.030 INFO: LocalServiceAdmin: All the local services are enabled.
Jul 05 08:34:03.031 INFO: ec_base: setRate(1000000.000000) done
Jul 05 08:34:03.031 INFO: ec_base: setRate(1000.000000) done
Jul 05 08:34:03.031 INFO: sender0: 1 execution context was created.
Jul 05 08:34:03.031 INFO: sender0: Initial active configuration set is default.
Jul 05 08:34:17.187 INFO: ManagerServant: Master manager not found
Jul 05 08:34:27.265 INFO: ManagerServant: Master manager not found
Jul 05 08:34:37.294 INFO: ManagerServant: Master manager not found
Jul 05 08:34:47.324 INFO: ManagerServant: Master manager not found
Jul 05 08:34:57.389 INFO: ManagerServant: Master manager not found
Jul 05 08:35:07.513 INFO: ManagerServant: Master manager not found
Jul 05 08:35:17.479 INFO: ManagerServant: Master manager not found
Jul 05 08:35:27.541 INFO: ManagerServant: Master manager not found
Jul 05 08:35:37.669 INFO: ManagerServant: Master manager not found
Jul 05 08:35:47.738 INFO: ManagerServant: Master manager not found
Jul 05 08:35:57.805 INFO: ManagerServant: Master manager not found
Jul 05 08:36:07.895 INFO: ManagerServant: Master manager not found
Jul 05 08:36:17.993 INFO: ManagerServant: Master manager not found
Jul 05 08:36:28.075 INFO: ManagerServant: Master manager not found
Jul 05 08:36:38.190 INFO: ManagerServant: Master manager not found
Jul 05 08:36:48.215 INFO: ManagerServant: Master manager not found
Jul 05 08:36:54.897 ERROR: ec_base: The component is not responding.
Jul 05 08:36:54.897 ERROR: ec_base: Unknown error: Invalid state transition.
Jul 05 08:36:58.233 INFO: ManagerServant: Master manager not found
