Jul 05 05:21:11.123 INFO: manager: 2.0.1
Jul 05 05:21:11.124 INFO: manager: Copyright (C) 2003-2022, Noriaki Ando and OpenRTM development team,
Jul 05 05:21:11.125 INFO: manager:   Intelligent Systems Research Institute, AIST,
Jul 05 05:21:11.125 INFO: manager: Copyright (C) 2022, Noriaki Ando and OpenRTM development team,
Jul 05 05:21:11.125 INFO: manager:   Industrial Cyber-Physical Research Center, AIST,
Jul 05 05:21:11.125 INFO: manager:   All right reserved.
Jul 05 05:21:11.125 INFO: manager: Manager starting.
Jul 05 05:21:11.125 INFO: manager: Starting local logging.
Jul 05 05:21:11.424 INFO: NamingOnCorba: Endpoint for the CORBA naming service (localhost) is 127.0.0.1.
Jul 05 05:21:11.425 INFO: NamingManager: NameServer connection succeeded: corba/localhost
Jul 05 05:21:11.432 INFO: ManagerServant: Named manager reference (INS) was successfully created.
Jul 05 05:21:15.542 WARNING: ManagerServant: Master manager not found
Jul 05 05:21:15.549 INFO: LocalServiceAdmin: All the local services are enabled.
Jul 05 05:21:15.575 INFO: ec_base: setRate(1000000.000000) done
Jul 05 05:21:15.576 INFO: ec_base: setRate(1000.000000) done
Jul 05 05:21:15.577 INFO: sender0: 1 execution context was created.
Jul 05 05:21:15.581 INFO: sender0: Initial active configuration set is default.
Jul 05 05:21:30.201 INFO: ManagerServant: Master manager not found
Jul 05 05:21:40.263 INFO: ManagerServant: Master manager not found
Jul 05 05:21:50.291 INFO: ManagerServant: Master manager not found
Jul 05 05:22:00.295 INFO: ManagerServant: Master manager not found
Jul 05 05:22:04.951 WARNING: SdoServiceAdmin: No available SDO service in the factory: 
Jul 05 05:22:10.404 INFO: ManagerServant: Master manager not found
Jul 05 05:22:20.530 INFO: ManagerServant: Master manager not found
Jul 05 05:22:30.500 INFO: ManagerServant: Master manager not found
Jul 05 05:22:40.569 INFO: ManagerServant: Master manager not found
