Jul 04 15:32:48.223 INFO: manager: 2.0.1
Jul 04 15:32:48.223 INFO: manager: Copyright (C) 2003-2022, Noriaki Ando and OpenRTM development team,
Jul 04 15:32:48.223 INFO: manager:   Intelligent Systems Research Institute, AIST,
Jul 04 15:32:48.223 INFO: manager: Copyright (C) 2022, Noriaki Ando and OpenRTM development team,
Jul 04 15:32:48.223 INFO: manager:   Industrial Cyber-Physical Research Center, AIST,
Jul 04 15:32:48.224 INFO: manager:   All right reserved.
Jul 04 15:32:48.224 INFO: manager: Manager starting.
Jul 04 15:32:48.224 INFO: manager: Starting local logging.
Jul 04 15:32:48.334 INFO: NamingOnCorba: Endpoint for the CORBA naming service (localhost) is 127.0.0.1.
Jul 04 15:32:48.335 INFO: NamingManager: NameServer connection succeeded: corba/localhost
Jul 04 15:32:48.337 INFO: ManagerServant: Named manager reference (INS) was successfully created.
Jul 04 15:32:52.398 WARNING: ManagerServant: Master manager not found
Jul 04 15:32:52.398 INFO: LocalServiceAdmin: All the local services are enabled.
Jul 04 15:32:52.400 INFO: ec_base: setRate(1000000.000000) done
Jul 04 15:32:52.400 INFO: ec_base: setRate(1000.000000) done
Jul 04 15:32:52.401 INFO: sender0: 1 execution context was created.
Jul 04 15:32:52.402 INFO: sender0: Initial active configuration set is default.
Jul 04 15:33:06.602 INFO: ManagerServant: Master manager not found
Jul 04 15:33:16.705 INFO: ManagerServant: Master manager not found
Jul 04 15:33:26.672 INFO: ManagerServant: Master manager not found
Jul 04 15:33:36.776 INFO: ManagerServant: Master manager not found
Jul 04 15:33:46.731 INFO: ManagerServant: Master manager not found
Jul 04 15:33:56.822 INFO: ManagerServant: Master manager not found
Jul 04 15:34:06.810 INFO: ManagerServant: Master manager not found
Jul 04 15:34:16.894 INFO: ManagerServant: Master manager not found
Jul 04 15:34:26.987 INFO: ManagerServant: Master manager not found
Jul 04 15:34:37.090 INFO: ManagerServant: Master manager not found
Jul 04 15:34:47.199 INFO: ManagerServant: Master manager not found
Jul 04 15:34:57.267 INFO: ManagerServant: Master manager not found
