Jul 10 00:49:13.490 INFO: manager: 2.0.1
Jul 10 00:49:13.490 INFO: manager: Copyright (C) 2003-2022, Noriaki Ando and OpenRTM development team,
Jul 10 00:49:13.491 INFO: manager:   Intelligent Systems Research Institute, AIST,
Jul 10 00:49:13.491 INFO: manager: Copyright (C) 2022, Noriaki Ando and OpenRTM development team,
Jul 10 00:49:13.491 INFO: manager:   Industrial Cyber-Physical Research Center, AIST,
Jul 10 00:49:13.491 INFO: manager:   All right reserved.
Jul 10 00:49:13.491 INFO: manager: Manager starting.
Jul 10 00:49:13.491 INFO: manager: Starting local logging.
Jul 10 00:49:13.538 INFO: NamingOnCorba: Endpoint for the CORBA naming service (localhost) is 127.0.0.1.
Jul 10 00:49:13.539 INFO: NamingManager: NameServer connection succeeded: corba/localhost
Jul 10 00:49:13.541 INFO: ManagerServant: Named manager reference (INS) was successfully created.
Jul 10 00:49:17.673 WARNING: ManagerServant: Master manager not found
Jul 10 00:49:17.674 INFO: LocalServiceAdmin: All the local services are enabled.
Jul 10 00:49:17.676 INFO: ec_base: setRate(1000000.000000) done
Jul 10 00:49:17.676 INFO: ec_base: setRate(1000.000000) done
Jul 10 00:49:17.676 INFO: sender0: 1 execution context was created.
Jul 10 00:49:17.677 INFO: sender0: Initial active configuration set is default.
Jul 10 00:49:31.776 INFO: ManagerServant: Master manager not found
Jul 10 00:49:41.904 INFO: ManagerServant: Master manager not found
Jul 10 00:49:51.934 INFO: ManagerServant: Master manager not found
Jul 10 00:50:01.951 INFO: ManagerServant: Master manager not found
Jul 10 00:50:12.005 INFO: ManagerServant: Master manager not found
Jul 10 00:50:22.047 INFO: ManagerServant: Master manager not found
