Jul 10 00:46:50.430 INFO: manager: 2.0.1
Jul 10 00:46:50.430 INFO: manager: Copyright (C) 2003-2022, Noriaki Ando and OpenRTM development team,
Jul 10 00:46:50.430 INFO: manager:   Intelligent Systems Research Institute, AIST,
Jul 10 00:46:50.430 INFO: manager: Copyright (C) 2022, Noriaki Ando and OpenRTM development team,
Jul 10 00:46:50.430 INFO: manager:   Industrial Cyber-Physical Research Center, AIST,
Jul 10 00:46:50.430 INFO: manager:   All right reserved.
Jul 10 00:46:50.430 INFO: manager: Manager starting.
Jul 10 00:46:50.430 INFO: manager: Starting local logging.
Jul 10 00:46:50.469 INFO: NamingOnCorba: Endpoint for the CORBA naming service (localhost) is 127.0.0.1.
Jul 10 00:46:50.469 INFO: NamingManager: NameServer connection succeeded: corba/localhost
Jul 10 00:46:50.471 INFO: ManagerServant: Named manager reference (INS) was successfully created.
Jul 10 00:46:54.554 WARNING: ManagerServant: Master manager not found
Jul 10 00:46:54.554 INFO: LocalServiceAdmin: All the local services are enabled.
Jul 10 00:46:54.556 INFO: ec_base: setRate(1000000.000000) done
Jul 10 00:46:54.556 INFO: ec_base: setRate(1000.000000) done
Jul 10 00:46:54.556 INFO: sender0: 1 execution context was created.
Jul 10 00:46:54.557 INFO: sender0: Initial active configuration set is default.
Jul 10 00:47:08.748 INFO: ManagerServant: Master manager not found
Jul 10 00:47:18.726 INFO: ManagerServant: Master manager not found
Jul 10 00:47:28.832 INFO: ManagerServant: Master manager not found
Jul 10 00:47:38.939 INFO: ManagerServant: Master manager not found
Jul 10 00:47:49.019 INFO: ManagerServant: Master manager not found
