Jul 10 03:46:03.240 INFO: manager: 2.0.1
Jul 10 03:46:03.241 INFO: manager: Copyright (C) 2003-2022, Noriaki Ando and OpenRTM development team,
Jul 10 03:46:03.241 INFO: manager:   Intelligent Systems Research Institute, AIST,
Jul 10 03:46:03.241 INFO: manager: Copyright (C) 2022, Noriaki Ando and OpenRTM development team,
Jul 10 03:46:03.241 INFO: manager:   Industrial Cyber-Physical Research Center, AIST,
Jul 10 03:46:03.241 INFO: manager:   All right reserved.
Jul 10 03:46:03.241 INFO: manager: Manager starting.
Jul 10 03:46:03.241 INFO: manager: Starting local logging.
Jul 10 03:46:03.265 INFO: NamingOnCorba: Endpoint for the CORBA naming service (localhost) is 127.0.0.1.
Jul 10 03:46:03.265 INFO: NamingManager: NameServer connection succeeded: corba/localhost
Jul 10 03:46:03.266 INFO: ManagerServant: Named manager reference (INS) was successfully created.
Jul 10 03:46:07.359 WARNING: ManagerServant: Master manager not found
Jul 10 03:46:07.365 INFO: LocalServiceAdmin: All the local services are enabled.
Jul 10 03:46:07.379 INFO: ec_base: setRate(1000000.000000) done
Jul 10 03:46:07.379 INFO: ec_base: setRate(1000.000000) done
Jul 10 03:46:07.380 INFO: sender0: 1 execution context was created.
Jul 10 03:46:07.382 INFO: sender0: Initial active configuration set is default.
Jul 10 03:46:21.472 INFO: ManagerServant: Master manager not found
Jul 10 03:46:31.545 INFO: ManagerServant: Master manager not found
Jul 10 03:46:41.931 INFO: ManagerServant: Master manager not found
