Jul 05 04:48:26.290 INFO: manager: 2.0.1
Jul 05 04:48:26.290 INFO: manager: Copyright (C) 2003-2022, Noriaki Ando and OpenRTM development team,
Jul 05 04:48:26.290 INFO: manager:   Intelligent Systems Research Institute, AIST,
Jul 05 04:48:26.290 INFO: manager: Copyright (C) 2022, Noriaki Ando and OpenRTM development team,
Jul 05 04:48:26.290 INFO: manager:   Industrial Cyber-Physical Research Center, AIST,
Jul 05 04:48:26.290 INFO: manager:   All right reserved.
Jul 05 04:48:26.290 INFO: manager: Manager starting.
Jul 05 04:48:26.290 INFO: manager: Starting local logging.
Jul 05 04:48:26.305 INFO: NamingOnCorba: Endpoint for the CORBA naming service (localhost) is 127.0.0.1.
Jul 05 04:48:26.305 INFO: NamingManager: NameServer connection succeeded: corba/localhost
Jul 05 04:48:26.306 INFO: ManagerServant: Named manager reference (INS) was successfully created.
Jul 05 04:48:30.398 WARNING: ManagerServant: Master manager not found
Jul 05 04:48:30.398 INFO: LocalServiceAdmin: All the local services are enabled.
Jul 05 04:48:30.401 INFO: ec_base: setRate(1000000.000000) done
Jul 05 04:48:30.401 INFO: ec_base: setRate(1000.000000) done
Jul 05 04:48:30.401 INFO: sender0: 1 execution context was created.
Jul 05 04:48:30.402 INFO: sender0: Initial active configuration set is default.
Jul 05 04:48:44.631 INFO: ManagerServant: Master manager not found
Jul 05 04:48:54.616 INFO: ManagerServant: Master manager not found
Jul 05 04:49:04.619 INFO: ManagerServant: Master manager not found
Jul 05 04:49:14.601 INFO: ManagerServant: Master manager not found
Jul 05 04:49:24.594 INFO: ManagerServant: Master manager not found
Jul 05 04:49:34.586 INFO: ManagerServant: Master manager not found
Jul 05 04:49:44.684 INFO: ManagerServant: Master manager not found
Jul 05 04:49:54.740 INFO: ManagerServant: Master manager not found
Jul 05 04:50:04.858 INFO: ManagerServant: Master manager not found
