Jul 05 08:41:29.911 INFO: manager: 2.0.1
Jul 05 08:41:29.912 INFO: manager: Copyright (C) 2003-2022, Noriaki Ando and OpenRTM development team,
Jul 05 08:41:29.912 INFO: manager:   Intelligent Systems Research Institute, AIST,
Jul 05 08:41:29.912 INFO: manager: Copyright (C) 2022, Noriaki Ando and OpenRTM development team,
Jul 05 08:41:29.912 INFO: manager:   Industrial Cyber-Physical Research Center, AIST,
Jul 05 08:41:29.912 INFO: manager:   All right reserved.
Jul 05 08:41:29.912 INFO: manager: Manager starting.
Jul 05 08:41:29.912 INFO: manager: Starting local logging.
Jul 05 08:41:29.928 INFO: NamingOnCorba: Endpoint for the CORBA naming service (localhost) is 127.0.0.1.
Jul 05 08:41:29.929 INFO: NamingManager: NameServer connection succeeded: corba/localhost
Jul 05 08:41:29.929 INFO: ManagerServant: Named manager reference (INS) was successfully created.
Jul 05 08:41:34.009 WARNING: ManagerServant: Master manager not found
Jul 05 08:41:34.009 INFO: LocalServiceAdmin: All the local services are enabled.
Jul 05 08:41:34.011 INFO: ec_base: setRate(1000000.000000) done
Jul 05 08:41:34.011 INFO: ec_base: setRate(1000.000000) done
Jul 05 08:41:34.011 INFO: sender0: 1 execution context was created.
Jul 05 08:41:34.012 INFO: sender0: Initial active configuration set is default.
Jul 05 08:41:41.494 WARNING: SdoServiceAdmin: No available SDO service in the factory: 
Jul 05 08:41:48.194 INFO: ManagerServant: Master manager not found
Jul 05 08:41:58.279 INFO: ManagerServant: Master manager not found
Jul 05 08:42:08.327 INFO: ManagerServant: Master manager not found
Jul 05 08:42:18.422 INFO: ManagerServant: Master manager not found
Jul 05 08:42:28.522 INFO: ManagerServant: Master manager not found
Jul 05 08:42:38.601 INFO: ManagerServant: Master manager not found
Jul 05 08:42:48.645 INFO: ManagerServant: Master manager not found
Jul 05 08:42:58.753 INFO: ManagerServant: Master manager not found
Jul 05 08:43:08.776 INFO: ManagerServant: Master manager not found
Jul 05 08:43:18.746 INFO: ManagerServant: Master manager not found
Jul 05 08:43:28.874 INFO: ManagerServant: Master manager not found
Jul 05 08:43:38.887 INFO: ManagerServant: Master manager not found
Jul 05 08:43:48.896 INFO: ManagerServant: Master manager not found
