Jul 10 00:44:29.598 INFO: manager: 2.0.1
Jul 10 00:44:29.598 INFO: manager: Copyright (C) 2003-2022, Noriaki Ando and OpenRTM development team,
Jul 10 00:44:29.598 INFO: manager:   Intelligent Systems Research Institute, AIST,
Jul 10 00:44:29.598 INFO: manager: Copyright (C) 2022, Noriaki Ando and OpenRTM development team,
Jul 10 00:44:29.598 INFO: manager:   Industrial Cyber-Physical Research Center, AIST,
Jul 10 00:44:29.599 INFO: manager:   All right reserved.
Jul 10 00:44:29.599 INFO: manager: Manager starting.
Jul 10 00:44:29.599 INFO: manager: Starting local logging.
Jul 10 00:44:29.696 INFO: NamingOnCorba: Endpoint for the CORBA naming service (localhost) is 127.0.0.1.
Jul 10 00:44:29.696 INFO: NamingManager: NameServer connection succeeded: corba/localhost
Jul 10 00:44:29.711 INFO: ManagerServant: Named manager reference (INS) was successfully created.
Jul 10 00:44:33.819 WARNING: ManagerServant: Master manager not found
Jul 10 00:44:33.833 INFO: LocalServiceAdmin: All the local services are enabled.
Jul 10 00:44:33.889 INFO: ec_base: setRate(1000000.000000) done
Jul 10 00:44:33.889 INFO: ec_base: setRate(1000.000000) done
Jul 10 00:44:33.889 INFO: sender0: 1 execution context was created.
Jul 10 00:44:33.898 INFO: sender0: Initial active configuration set is default.
Jul 10 00:44:48.045 INFO: ManagerServant: Master manager not found
Jul 10 00:44:58.109 INFO: NamingManager: Name server: localhost (corba) disappeared.
Jul 10 00:45:02.211 INFO: ManagerServant: Master manager not found
Jul 10 00:45:06.619 INFO: NamingOnCorba: Endpoint for the CORBA naming service (localhost) is 127.0.0.1.
Jul 10 00:45:06.619 INFO: NamingManager: NameServer connection succeeded: corba/localhost
Jul 10 00:45:06.619 INFO: NamingManager: Connected to a name server: corba/localhost
Jul 10 00:45:10.724 INFO: ManagerServant: Master manager not found
Jul 10 00:45:18.217 INFO: ManagerServant: Master manager not found
Jul 10 00:45:28.223 INFO: ManagerServant: Master manager not found
Jul 10 00:45:38.215 INFO: ManagerServant: Master manager not found
Jul 10 00:45:48.214 INFO: ManagerServant: Master manager not found
