Jul 05 07:27:57.667 INFO: manager: 2.0.1
Jul 05 07:27:57.668 INFO: manager: Copyright (C) 2003-2022, Noriaki Ando and OpenRTM development team,
Jul 05 07:27:57.668 INFO: manager:   Intelligent Systems Research Institute, AIST,
Jul 05 07:27:57.668 INFO: manager: Copyright (C) 2022, Noriaki Ando and OpenRTM development team,
Jul 05 07:27:57.668 INFO: manager:   Industrial Cyber-Physical Research Center, AIST,
Jul 05 07:27:57.668 INFO: manager:   All right reserved.
Jul 05 07:27:57.668 INFO: manager: Manager starting.
Jul 05 07:27:57.668 INFO: manager: Starting local logging.
Jul 05 07:27:57.684 INFO: NamingOnCorba: Endpoint for the CORBA naming service (localhost) is 127.0.0.1.
Jul 05 07:27:57.684 INFO: NamingManager: NameServer connection succeeded: corba/localhost
Jul 05 07:27:57.684 INFO: ManagerServant: Named manager reference (INS) was successfully created.
Jul 05 07:28:01.771 WARNING: ManagerServant: Master manager not found
Jul 05 07:28:01.772 INFO: LocalServiceAdmin: All the local services are enabled.
Jul 05 07:28:01.774 INFO: ec_base: setRate(1000000.000000) done
Jul 05 07:28:01.774 INFO: ec_base: setRate(1000.000000) done
Jul 05 07:28:01.774 INFO: sender0: 1 execution context was created.
Jul 05 07:28:01.775 INFO: sender0: Initial active configuration set is default.
Jul 05 07:28:15.926 INFO: ManagerServant: Master manager not found
Jul 05 07:28:26.027 INFO: ManagerServant: Master manager not found
Jul 05 07:28:36.063 INFO: ManagerServant: Master manager not found
