Jul 24 05:12:10.794 INFO: manager: 2.0.1
Jul 24 05:12:10.795 INFO: manager: Copyright (C) 2003-2022, Noriaki Ando and OpenRTM development team,
Jul 24 05:12:10.795 INFO: manager:   Intelligent Systems Research Institute, AIST,
Jul 24 05:12:10.795 INFO: manager: Copyright (C) 2022, Noriaki Ando and OpenRTM development team,
Jul 24 05:12:10.795 INFO: manager:   Industrial Cyber-Physical Research Center, AIST,
Jul 24 05:12:10.795 INFO: manager:   All right reserved.
Jul 24 05:12:10.795 INFO: manager: Manager starting.
Jul 24 05:12:10.795 INFO: manager: Starting local logging.
Jul 24 05:12:10.820 INFO: NamingOnCorba: Endpoint for the CORBA naming service (localhost) is 127.0.0.1.
Jul 24 05:12:10.820 INFO: NamingManager: NameServer connection succeeded: corba/localhost
Jul 24 05:12:10.830 INFO: ManagerServant: Named manager reference (INS) was successfully created.
Jul 24 05:12:14.933 WARNING: ManagerServant: Master manager not found
Jul 24 05:12:14.935 INFO: LocalServiceAdmin: All the local services are enabled.
Jul 24 05:12:15.002 INFO: ec_base: setRate(1000000.000000) done
Jul 24 05:12:15.002 INFO: ec_base: setRate(1000.000000) done
Jul 24 05:12:15.003 INFO: YOLOv8_Detection0: 1 execution context was created.
Jul 24 05:12:15.007 INFO: YOLOv8_Detection0: Initial active configuration set is default.
Jul 24 05:12:29.284 INFO: ManagerServant: Master manager not found
Jul 24 05:12:39.342 INFO: ManagerServant: Master manager not found
Jul 24 05:12:49.423 INFO: ManagerServant: Master manager not found
