Jul 24 05:08:00.614 INFO: manager: 2.0.1
Jul 24 05:08:00.614 INFO: manager: Copyright (C) 2003-2022, Noriaki Ando and OpenRTM development team,
Jul 24 05:08:00.614 INFO: manager:   Intelligent Systems Research Institute, AIST,
Jul 24 05:08:00.614 INFO: manager: Copyright (C) 2022, Noriaki Ando and OpenRTM development team,
Jul 24 05:08:00.615 INFO: manager:   Industrial Cyber-Physical Research Center, AIST,
Jul 24 05:08:00.615 INFO: manager:   All right reserved.
Jul 24 05:08:00.615 INFO: manager: Manager starting.
Jul 24 05:08:00.615 INFO: manager: Starting local logging.
Jul 24 05:08:00.635 INFO: NamingOnCorba: Endpoint for the CORBA naming service (localhost) is 127.0.0.1.
Jul 24 05:08:00.636 INFO: NamingManager: NameServer connection succeeded: corba/localhost
Jul 24 05:08:00.645 INFO: ManagerServant: Named manager reference (INS) was successfully created.
Jul 24 05:08:04.730 WARNING: ManagerServant: Master manager not found
Jul 24 05:08:04.733 INFO: LocalServiceAdmin: All the local services are enabled.
Jul 24 05:08:04.789 INFO: ec_base: setRate(1000000.000000) done
Jul 24 05:08:04.789 INFO: ec_base: setRate(1000.000000) done
Jul 24 05:08:04.789 INFO: YOLOv8_Detection0: 1 execution context was created.
Jul 24 05:08:04.795 INFO: YOLOv8_Detection0: Initial active configuration set is default.
Jul 24 05:08:19.091 INFO: ManagerServant: Master manager not found
Jul 24 05:08:29.156 INFO: ManagerServant: Master manager not found
Jul 24 05:08:39.230 INFO: ManagerServant: Master manager not found
Jul 24 05:08:49.317 INFO: ManagerServant: Master manager not found
Jul 24 05:08:59.395 INFO: ManagerServant: Master manager not found
