Jul 24 04:47:38.789 INFO: manager: 2.0.1
Jul 24 04:47:38.789 INFO: manager: Copyright (C) 2003-2022, Noriaki Ando and OpenRTM development team,
Jul 24 04:47:38.789 INFO: manager:   Intelligent Systems Research Institute, AIST,
Jul 24 04:47:38.790 INFO: manager: Copyright (C) 2022, Noriaki Ando and OpenRTM development team,
Jul 24 04:47:38.790 INFO: manager:   Industrial Cyber-Physical Research Center, AIST,
Jul 24 04:47:38.790 INFO: manager:   All right reserved.
Jul 24 04:47:38.790 INFO: manager: Manager starting.
Jul 24 04:47:38.790 INFO: manager: Starting local logging.
Jul 24 04:47:38.814 INFO: NamingOnCorba: Endpoint for the CORBA naming service (localhost) is 127.0.0.1.
Jul 24 04:47:38.814 INFO: NamingManager: NameServer connection succeeded: corba/localhost
Jul 24 04:47:38.829 INFO: ManagerServant: Named manager reference (INS) was successfully created.
Jul 24 04:47:42.932 WARNING: ManagerServant: Master manager not found
Jul 24 04:47:42.934 INFO: LocalServiceAdmin: All the local services are enabled.
Jul 24 04:47:42.994 INFO: ec_base: setRate(1000000.000000) done
Jul 24 04:47:42.994 INFO: ec_base: setRate(1000.000000) done
Jul 24 04:47:42.995 INFO: YOLOv8_Detection0: 1 execution context was created.
Jul 24 04:47:43.002 INFO: YOLOv8_Detection0: Initial active configuration set is default.
Jul 24 04:47:57.318 INFO: ManagerServant: Master manager not found
Jul 24 04:48:07.359 INFO: ManagerServant: Master manager not found
Jul 24 04:48:17.416 INFO: ManagerServant: Master manager not found
Jul 24 04:48:27.474 INFO: ManagerServant: Master manager not found
Jul 24 04:48:37.540 INFO: ManagerServant: Master manager not found
Jul 24 04:48:47.618 INFO: ManagerServant: Master manager not found
Jul 24 04:48:57.657 INFO: ManagerServant: Master manager not found
Jul 24 04:49:07.700 INFO: ManagerServant: Master manager not found
Jul 24 04:49:17.752 INFO: ManagerServant: Master manager not found
Jul 24 04:49:27.796 INFO: ManagerServant: Master manager not found
Jul 24 04:49:37.829 INFO: ManagerServant: Master manager not found
Jul 24 04:49:47.891 INFO: ManagerServant: Master manager not found
Jul 24 04:49:57.949 INFO: ManagerServant: Master manager not found
