Jul 24 07:32:29.866 INFO: manager: 2.0.1
Jul 24 07:32:29.867 INFO: manager: Copyright (C) 2003-2022, Noriaki Ando and OpenRTM development team,
Jul 24 07:32:29.867 INFO: manager:   Intelligent Systems Research Institute, AIST,
Jul 24 07:32:29.867 INFO: manager: Copyright (C) 2022, Noriaki Ando and OpenRTM development team,
Jul 24 07:32:29.868 INFO: manager:   Industrial Cyber-Physical Research Center, AIST,
Jul 24 07:32:29.868 INFO: manager:   All right reserved.
Jul 24 07:32:29.868 INFO: manager: Manager starting.
Jul 24 07:32:29.868 INFO: manager: Starting local logging.
Jul 24 07:32:29.931 INFO: NamingOnCorba: Endpoint for the CORBA naming service (localhost) is 127.0.0.1.
Jul 24 07:32:29.931 INFO: NamingManager: NameServer connection succeeded: corba/localhost
Jul 24 07:32:29.949 INFO: ManagerServant: Named manager reference (INS) was successfully created.
Jul 24 07:32:34.054 WARNING: ManagerServant: Master manager not found
Jul 24 07:32:34.056 INFO: LocalServiceAdmin: All the local services are enabled.
Jul 24 07:32:34.316 INFO: ec_base: setRate(1000000.000000) done
Jul 24 07:32:34.316 INFO: ec_base: setRate(1000.000000) done
Jul 24 07:32:34.320 INFO: YOLOv8_Detection0: 1 execution context was created.
Jul 24 07:32:34.333 INFO: YOLOv8_Detection0: Initial active configuration set is default.
Jul 24 07:32:48.782 INFO: ManagerServant: Master manager not found
Jul 24 07:32:59.664 INFO: ManagerServant: Master manager not found
Jul 24 07:33:08.872 INFO: ManagerServant: Master manager not found
Jul 24 07:33:18.951 INFO: ManagerServant: Master manager not found
Jul 24 07:33:29.070 INFO: ManagerServant: Master manager not found
Jul 24 07:33:35.171 INFO: ec_base: setRate(1000.000000) done
Jul 24 07:33:39.147 INFO: ManagerServant: Master manager not found
Jul 24 07:33:49.217 INFO: ManagerServant: Master manager not found
Jul 24 07:33:59.265 INFO: ManagerServant: Master manager not found
Jul 24 07:34:09.341 INFO: ManagerServant: Master manager not found
Jul 24 07:34:19.396 INFO: ManagerServant: Master manager not found
Jul 24 07:34:29.469 INFO: ManagerServant: Master manager not found
Jul 24 07:34:39.534 INFO: ManagerServant: Master manager not found
Jul 24 07:34:49.599 INFO: ManagerServant: Master manager not found
Jul 24 07:34:59.682 INFO: ManagerServant: Master manager not found
Jul 24 07:35:09.743 INFO: ManagerServant: Master manager not found
Jul 24 07:35:19.790 INFO: ManagerServant: Master manager not found
Jul 24 07:35:29.858 INFO: ManagerServant: Master manager not found
Jul 24 07:35:39.940 INFO: ManagerServant: Master manager not found
Jul 24 07:35:50.025 INFO: ManagerServant: Master manager not found
Jul 24 07:36:00.090 INFO: ManagerServant: Master manager not found
Jul 24 07:36:10.176 INFO: ManagerServant: Master manager not found
Jul 24 07:36:20.200 INFO: ManagerServant: Master manager not found
Jul 24 07:36:30.317 INFO: ManagerServant: Master manager not found
Jul 24 07:36:40.371 INFO: ManagerServant: Master manager not found
Jul 24 07:36:50.448 INFO: ManagerServant: Master manager not found
Jul 24 07:36:59.353 WARNING: ec_base: The component is not responding.
Jul 24 07:36:59.354 ERROR: ec_base: Unknown error: Invalid state transition.
Jul 24 07:37:00.514 INFO: ManagerServant: Master manager not found
Jul 24 07:37:10.596 INFO: ManagerServant: Master manager not found
Jul 24 07:37:20.663 INFO: ManagerServant: Master manager not found
Jul 24 07:37:30.815 INFO: ManagerServant: Master manager not found
Jul 24 07:37:31.342 ERROR: ec_worker: State of the RTC is not INACTIVE_STATE.
Jul 24 07:37:41.613 INFO: ManagerServant: Master manager not found
Jul 24 07:37:51.716 INFO: ManagerServant: Master manager not found
Jul 24 07:37:57.921 WARNING: in_image: Dead connection: fb93cc2f-aa2a-44aa-855a-d695f4887c9d
Jul 24 07:38:00.048 WARNING: in_image: Exception caught: minor code.
Jul 24 07:38:01.065 INFO: ManagerServant: Master manager not found
Jul 24 07:38:10.938 INFO: ManagerServant: Master manager not found
Jul 24 07:38:21.030 INFO: ManagerServant: Master manager not found
Jul 24 07:38:31.098 INFO: ManagerServant: Master manager not found
Jul 24 07:38:41.168 INFO: ManagerServant: Master manager not found
Jul 24 07:38:47.044 INFO: ec_base: setRate(1000.000000) done
Jul 24 07:38:51.238 INFO: ManagerServant: Master manager not found
Jul 24 07:39:01.278 INFO: ManagerServant: Master manager not found
Jul 24 07:39:12.036 INFO: ManagerServant: Master manager not found
Jul 24 07:39:14.799 WARNING: in_image: Dead connection: fb93cc2f-aa2a-44aa-855a-d695f4887c9d
Jul 24 07:39:16.844 WARNING: in_image: Exception caught: minor code.
Jul 24 07:39:21.368 INFO: ManagerServant: Master manager not found
Jul 24 07:39:31.423 INFO: ManagerServant: Master manager not found
Jul 24 07:39:39.901 INFO: ec_base: setRate(1000.000000) done
Jul 24 07:39:41.516 INFO: ManagerServant: Master manager not found
Jul 24 07:39:45.039 WARNING: ec_base: The component is not responding.
Jul 24 07:39:45.039 ERROR: ec_base: Unknown error: Invalid state transition.
Jul 24 07:39:52.131 INFO: ManagerServant: Master manager not found
Jul 24 07:40:02.126 INFO: ManagerServant: Master manager not found
Jul 24 07:40:11.676 INFO: ManagerServant: Master manager not found
Jul 24 07:40:21.868 INFO: ManagerServant: Master manager not found
Jul 24 07:40:32.869 INFO: ManagerServant: Master manager not found
Jul 24 07:40:42.665 INFO: ManagerServant: Master manager not found
Jul 24 07:40:52.763 INFO: ManagerServant: Master manager not found
Jul 24 07:41:02.966 INFO: ManagerServant: Master manager not found
Jul 24 07:41:12.969 INFO: ManagerServant: Master manager not found
Jul 24 07:41:22.864 INFO: ManagerServant: Master manager not found
Jul 24 07:41:32.871 INFO: ManagerServant: Master manager not found
Jul 24 07:41:43.264 INFO: ManagerServant: Master manager not found
Jul 24 07:41:53.067 INFO: ManagerServant: Master manager not found
Jul 24 07:42:03.268 INFO: ManagerServant: Master manager not found
Jul 24 07:42:13.070 INFO: ManagerServant: Master manager not found
Jul 24 07:42:23.168 INFO: ManagerServant: Master manager not found
Jul 24 07:42:33.469 INFO: ManagerServant: Master manager not found
Jul 24 07:42:43.268 INFO: ManagerServant: Master manager not found
Jul 24 07:42:53.470 INFO: ManagerServant: Master manager not found
Jul 24 07:43:03.367 INFO: ManagerServant: Master manager not found
Jul 24 07:43:13.768 INFO: ManagerServant: Master manager not found
Jul 24 07:43:22.692 INFO: ManagerServant: Master manager not found
Jul 24 07:43:33.643 INFO: ManagerServant: Master manager not found
Jul 24 07:43:44.039 INFO: ManagerServant: Master manager not found
Jul 24 07:43:53.645 INFO: ManagerServant: Master manager not found
Jul 24 07:44:03.944 INFO: ManagerServant: Master manager not found
Jul 24 07:44:13.741 INFO: ManagerServant: Master manager not found
Jul 24 07:44:23.542 INFO: ManagerServant: Master manager not found
Jul 24 07:44:33.831 INFO: ManagerServant: Master manager not found
Jul 24 07:44:43.741 INFO: ManagerServant: Master manager not found
Jul 24 07:44:54.031 INFO: ManagerServant: Master manager not found
Jul 24 07:45:04.244 INFO: ManagerServant: Master manager not found
Jul 24 07:45:14.331 INFO: ManagerServant: Master manager not found
Jul 24 07:45:23.942 INFO: ManagerServant: Master manager not found
Jul 24 07:45:34.343 INFO: ManagerServant: Master manager not found
Jul 24 07:45:43.446 INFO: ManagerServant: Master manager not found
Jul 24 07:45:53.589 INFO: ManagerServant: Master manager not found
Jul 24 07:46:03.574 INFO: ManagerServant: Master manager not found
Jul 24 07:46:13.664 INFO: ManagerServant: Master manager not found
Jul 24 07:46:23.730 INFO: ManagerServant: Master manager not found
Jul 24 07:46:33.843 INFO: ManagerServant: Master manager not found
Jul 24 07:46:43.934 INFO: ManagerServant: Master manager not found
Jul 24 07:46:54.008 INFO: ManagerServant: Master manager not found
Jul 24 07:47:04.093 INFO: ManagerServant: Master manager not found
Jul 24 07:47:14.198 INFO: ManagerServant: Master manager not found
Jul 24 07:47:24.283 INFO: ManagerServant: Master manager not found
Jul 24 07:47:34.373 INFO: ManagerServant: Master manager not found
Jul 24 07:47:44.490 INFO: ManagerServant: Master manager not found
Jul 24 07:47:54.612 INFO: ManagerServant: Master manager not found
Jul 24 07:48:04.576 INFO: ManagerServant: Master manager not found
Jul 24 07:48:14.673 INFO: ManagerServant: Master manager not found
Jul 24 07:48:24.783 INFO: ManagerServant: Master manager not found
Jul 24 07:48:34.877 INFO: ManagerServant: Master manager not found
Jul 24 07:48:44.947 INFO: ManagerServant: Master manager not found
Jul 24 07:48:55.033 INFO: ManagerServant: Master manager not found
Jul 24 07:49:05.138 INFO: ManagerServant: Master manager not found
Jul 24 07:49:15.207 INFO: ManagerServant: Master manager not found
Jul 24 07:49:25.310 INFO: ManagerServant: Master manager not found
Jul 24 07:49:35.411 INFO: ManagerServant: Master manager not found
Jul 24 07:49:45.398 INFO: ManagerServant: Master manager not found
Jul 24 07:49:55.451 INFO: ManagerServant: Master manager not found
Jul 24 07:50:05.557 INFO: ManagerServant: Master manager not found
Jul 24 07:50:15.558 INFO: ManagerServant: Master manager not found
Jul 24 07:50:25.624 INFO: ManagerServant: Master manager not found
Jul 24 07:50:35.737 INFO: ManagerServant: Master manager not found
Jul 24 07:50:45.773 INFO: ManagerServant: Master manager not found
Jul 24 07:50:55.858 INFO: ManagerServant: Master manager not found
Jul 24 07:51:05.934 INFO: ManagerServant: Master manager not found
Jul 24 07:51:16.021 INFO: ManagerServant: Master manager not found
Jul 24 07:51:26.092 INFO: ManagerServant: Master manager not found
Jul 24 07:51:36.198 INFO: ManagerServant: Master manager not found
Jul 24 07:51:46.276 INFO: ManagerServant: Master manager not found
Jul 24 07:51:56.355 INFO: ManagerServant: Master manager not found
Jul 24 07:52:06.430 INFO: ManagerServant: Master manager not found
Jul 24 07:52:16.511 INFO: ManagerServant: Master manager not found
Jul 24 07:52:26.592 INFO: ManagerServant: Master manager not found
Jul 24 07:52:36.676 INFO: ManagerServant: Master manager not found
Jul 24 07:52:46.769 INFO: ManagerServant: Master manager not found
Jul 24 07:52:56.839 INFO: ManagerServant: Master manager not found
Jul 24 07:53:06.912 INFO: ManagerServant: Master manager not found
Jul 24 07:53:27.369 INFO: ManagerServant: Master manager not found
Jul 24 08:06:59.015 INFO: ManagerServant: Master manager not found
Jul 24 08:07:03.350 INFO: ManagerServant: Master manager not found
Jul 24 08:07:13.212 INFO: ManagerServant: Master manager not found
Jul 24 08:07:23.313 INFO: ManagerServant: Master manager not found
