Jul 24 05:38:45.012 INFO: manager: 2.0.1
Jul 24 05:38:45.013 INFO: manager: Copyright (C) 2003-2022, Noriaki Ando and OpenRTM development team,
Jul 24 05:38:45.013 INFO: manager:   Intelligent Systems Research Institute, AIST,
Jul 24 05:38:45.013 INFO: manager: Copyright (C) 2022, Noriaki Ando and OpenRTM development team,
Jul 24 05:38:45.013 INFO: manager:   Industrial Cyber-Physical Research Center, AIST,
Jul 24 05:38:45.013 INFO: manager:   All right reserved.
Jul 24 05:38:45.013 INFO: manager: Manager starting.
Jul 24 05:38:45.013 INFO: manager: Starting local logging.
Jul 24 05:38:45.049 INFO: NamingOnCorba: Endpoint for the CORBA naming service (localhost) is 127.0.0.1.
Jul 24 05:38:45.050 INFO: NamingManager: NameServer connection succeeded: corba/localhost
Jul 24 05:38:45.062 INFO: ManagerServant: Named manager reference (INS) was successfully created.
Jul 24 05:38:49.178 WARNING: ManagerServant: Master manager not found
Jul 24 05:38:49.188 INFO: LocalServiceAdmin: All the local services are enabled.
Jul 24 05:38:49.701 INFO: ec_base: setRate(1000000.000000) done
Jul 24 05:38:49.701 INFO: ec_base: setRate(1000.000000) done
Jul 24 05:38:49.705 INFO: RealSense_RGBD_Camera0: 1 execution context was created.
Jul 24 05:38:49.730 INFO: RealSense_RGBD_Camera0: Initial active configuration set is default.
Jul 24 05:39:03.946 INFO: ManagerServant: Master manager not found
Jul 24 05:39:13.977 INFO: ManagerServant: Master manager not found
Jul 24 05:39:24.033 INFO: ManagerServant: Master manager not found
Jul 24 05:39:34.101 INFO: ManagerServant: Master manager not found
Jul 24 05:39:44.197 INFO: ManagerServant: Master manager not found
Jul 24 05:39:54.182 INFO: ManagerServant: Master manager not found
Jul 24 05:40:04.271 INFO: ManagerServant: Master manager not found
Jul 24 05:40:13.237 INFO: ec_base: setRate(1000.000000) done
Jul 24 05:40:14.318 INFO: ManagerServant: Master manager not found
Jul 24 05:40:17.994 ERROR: ec_base: State of the RTC transitioned to ERROR_STATE.
Jul 24 05:40:24.391 INFO: ManagerServant: Master manager not found
Jul 24 05:40:25.052 WARNING: SdoServiceAdmin: No available SDO service in the factory: 
Jul 24 05:40:34.448 INFO: ManagerServant: Master manager not found
Jul 24 05:40:44.540 INFO: ManagerServant: Master manager not found
Jul 24 05:40:54.536 INFO: ManagerServant: Master manager not found
