Jul 24 05:07:41.810 INFO: manager: 2.0.1
Jul 24 05:07:41.811 INFO: manager: Copyright (C) 2003-2022, Noriaki Ando and OpenRTM development team,
Jul 24 05:07:41.811 INFO: manager:   Intelligent Systems Research Institute, AIST,
Jul 24 05:07:41.811 INFO: manager: Copyright (C) 2022, Noriaki Ando and OpenRTM development team,
Jul 24 05:07:41.811 INFO: manager:   Industrial Cyber-Physical Research Center, AIST,
Jul 24 05:07:41.811 INFO: manager:   All right reserved.
Jul 24 05:07:41.811 INFO: manager: Manager starting.
Jul 24 05:07:41.811 INFO: manager: Starting local logging.
Jul 24 05:07:41.829 INFO: NamingOnCorba: Endpoint for the CORBA naming service (localhost) is 127.0.0.1.
Jul 24 05:07:41.829 INFO: NamingManager: NameServer connection succeeded: corba/localhost
Jul 24 05:07:41.839 INFO: ManagerServant: Named manager reference (INS) was successfully created.
Jul 24 05:07:45.936 WARNING: ManagerServant: Master manager not found
Jul 24 05:07:45.938 INFO: LocalServiceAdmin: All the local services are enabled.
Jul 24 05:07:46.209 INFO: ec_base: setRate(1000000.000000) done
Jul 24 05:07:46.209 INFO: ec_base: setRate(1000.000000) done
Jul 24 05:07:46.209 INFO: RealSense_RGBD_Camera0: 1 execution context was created.
Jul 24 05:07:46.218 INFO: RealSense_RGBD_Camera0: Initial active configuration set is default.
Jul 24 05:08:00.468 INFO: ManagerServant: Master manager not found
Jul 24 05:08:10.542 INFO: ManagerServant: Master manager not found
Jul 24 05:08:20.610 INFO: ManagerServant: Master manager not found
Jul 24 05:08:30.673 INFO: ManagerServant: Master manager not found
Jul 24 05:08:40.736 INFO: ManagerServant: Master manager not found
Jul 24 05:08:50.799 INFO: ManagerServant: Master manager not found
Jul 24 05:09:00.883 INFO: ManagerServant: Master manager not found
Jul 24 05:09:10.960 INFO: ManagerServant: Master manager not found
