Jul 24 05:13:09.148 INFO: manager: 2.0.1
Jul 24 05:13:09.148 INFO: manager: Copyright (C) 2003-2022, Noriaki Ando and OpenRTM development team,
Jul 24 05:13:09.148 INFO: manager:   Intelligent Systems Research Institute, AIST,
Jul 24 05:13:09.148 INFO: manager: Copyright (C) 2022, Noriaki Ando and OpenRTM development team,
Jul 24 05:13:09.148 INFO: manager:   Industrial Cyber-Physical Research Center, AIST,
Jul 24 05:13:09.148 INFO: manager:   All right reserved.
Jul 24 05:13:09.148 INFO: manager: Manager starting.
Jul 24 05:13:09.148 INFO: manager: Starting local logging.
Jul 24 05:13:09.167 INFO: NamingOnCorba: Endpoint for the CORBA naming service (localhost) is 127.0.0.1.
Jul 24 05:13:09.167 INFO: NamingManager: NameServer connection succeeded: corba/localhost
Jul 24 05:13:09.173 INFO: ManagerServant: Named manager reference (INS) was successfully created.
Jul 24 05:13:13.268 WARNING: ManagerServant: Master manager not found
Jul 24 05:13:13.270 INFO: LocalServiceAdmin: All the local services are enabled.
Jul 24 05:13:13.473 INFO: ec_base: setRate(1000000.000000) done
Jul 24 05:13:13.473 INFO: ec_base: setRate(1000.000000) done
Jul 24 05:13:13.473 INFO: RealSense_RGBD_Camera0: 1 execution context was created.
Jul 24 05:13:13.479 INFO: RealSense_RGBD_Camera0: Initial active configuration set is default.
Jul 24 05:13:27.681 INFO: ManagerServant: Master manager not found
Jul 24 05:13:37.716 INFO: ManagerServant: Master manager not found
Jul 24 05:13:47.783 INFO: ManagerServant: Master manager not found
Jul 24 05:13:57.839 INFO: ManagerServant: Master manager not found
Jul 24 05:14:07.887 INFO: ManagerServant: Master manager not found
Jul 24 05:14:17.933 INFO: ManagerServant: Master manager not found
Jul 24 05:14:27.987 INFO: ManagerServant: Master manager not found
Jul 24 05:14:38.063 INFO: ManagerServant: Master manager not found
Jul 24 05:14:48.115 INFO: ManagerServant: Master manager not found
Jul 24 05:14:54.649 INFO: ec_base: setRate(1000.000000) done
Jul 24 05:14:58.164 INFO: ManagerServant: Master manager not found
Jul 24 05:15:08.220 INFO: ManagerServant: Master manager not found
Jul 24 05:15:15.993 WARNING: SdoServiceAdmin: No available SDO service in the factory: 
Jul 24 05:15:18.238 INFO: ManagerServant: Master manager not found
Jul 24 05:15:28.248 INFO: ManagerServant: Master manager not found
Jul 24 05:15:38.270 INFO: ManagerServant: Master manager not found
Jul 24 05:15:48.366 INFO: ManagerServant: Master manager not found
Jul 24 05:15:58.428 INFO: ManagerServant: Master manager not found
Jul 24 05:16:08.473 INFO: ManagerServant: Master manager not found
Jul 24 05:16:18.508 INFO: ManagerServant: Master manager not found
Jul 24 05:16:28.586 INFO: ManagerServant: Master manager not found
Jul 24 05:16:38.642 INFO: ManagerServant: Master manager not found
Jul 24 05:16:48.735 INFO: ManagerServant: Master manager not found
Jul 24 05:16:58.831 INFO: ManagerServant: Master manager not found
Jul 24 05:17:08.839 INFO: ManagerServant: Master manager not found
Jul 24 05:17:18.880 INFO: ManagerServant: Master manager not found
Jul 24 05:17:28.940 INFO: ManagerServant: Master manager not found
Jul 24 05:17:38.991 INFO: ManagerServant: Master manager not found
Jul 24 05:17:49.059 INFO: ManagerServant: Master manager not found
Jul 24 05:17:59.113 INFO: ManagerServant: Master manager not found
Jul 24 05:18:09.180 INFO: ManagerServant: Master manager not found
Jul 24 05:18:19.232 INFO: ManagerServant: Master manager not found
Jul 24 05:18:29.316 INFO: ManagerServant: Master manager not found
Jul 24 05:18:39.355 INFO: ManagerServant: Master manager not found
Jul 24 05:18:49.376 INFO: ManagerServant: Master manager not found
Jul 24 05:18:59.413 INFO: ManagerServant: Master manager not found
Jul 24 05:19:09.458 INFO: ManagerServant: Master manager not found
Jul 24 05:19:19.507 INFO: ManagerServant: Master manager not found
Jul 24 05:19:29.528 INFO: ManagerServant: Master manager not found
Jul 24 05:19:39.586 INFO: ManagerServant: Master manager not found
Jul 24 05:19:49.635 INFO: ManagerServant: Master manager not found
Jul 24 05:19:59.664 INFO: ManagerServant: Master manager not found
Jul 24 05:20:09.697 INFO: ManagerServant: Master manager not found
Jul 24 05:20:19.755 INFO: ManagerServant: Master manager not found
Jul 24 05:20:29.813 INFO: ManagerServant: Master manager not found
Jul 24 05:20:39.892 INFO: ManagerServant: Master manager not found
