Jul 24 05:11:59.449 INFO: manager: 2.0.1
Jul 24 05:11:59.450 INFO: manager: Copyright (C) 2003-2022, Noriaki Ando and OpenRTM development team,
Jul 24 05:11:59.450 INFO: manager:   Intelligent Systems Research Institute, AIST,
Jul 24 05:11:59.450 INFO: manager: Copyright (C) 2022, Noriaki Ando and OpenRTM development team,
Jul 24 05:11:59.450 INFO: manager:   Industrial Cyber-Physical Research Center, AIST,
Jul 24 05:11:59.450 INFO: manager:   All right reserved.
Jul 24 05:11:59.450 INFO: manager: Manager starting.
Jul 24 05:11:59.450 INFO: manager: Starting local logging.
Jul 24 05:11:59.472 INFO: NamingOnCorba: Endpoint for the CORBA naming service (localhost) is 127.0.0.1.
Jul 24 05:11:59.472 INFO: NamingManager: NameServer connection succeeded: corba/localhost
Jul 24 05:11:59.487 INFO: ManagerServant: Named manager reference (INS) was successfully created.
Jul 24 05:12:03.562 WARNING: ManagerServant: Master manager not found
Jul 24 05:12:03.564 INFO: LocalServiceAdmin: All the local services are enabled.
Jul 24 05:12:03.773 INFO: ec_base: setRate(1000000.000000) done
Jul 24 05:12:03.773 INFO: ec_base: setRate(1000.000000) done
Jul 24 05:12:03.774 INFO: RealSense_RGBD_Camera0: 1 execution context was created.
Jul 24 05:12:03.785 INFO: RealSense_RGBD_Camera0: Initial active configuration set is default.
Jul 24 05:12:17.936 INFO: ManagerServant: Master manager not found
Jul 24 05:12:28.002 INFO: ManagerServant: Master manager not found
Jul 24 05:12:38.067 INFO: ManagerServant: Master manager not found
