Jul 24 07:38:29.239 INFO: manager: 2.0.1
Jul 24 07:38:29.240 INFO: manager: Copyright (C) 2003-2022, Noriaki Ando and OpenRTM development team,
Jul 24 07:38:29.240 INFO: manager:   Intelligent Systems Research Institute, AIST,
Jul 24 07:38:29.240 INFO: manager: Copyright (C) 2022, Noriaki Ando and OpenRTM development team,
Jul 24 07:38:29.240 INFO: manager:   Industrial Cyber-Physical Research Center, AIST,
Jul 24 07:38:29.240 INFO: manager:   All right reserved.
Jul 24 07:38:29.240 INFO: manager: Manager starting.
Jul 24 07:38:29.240 INFO: manager: Starting local logging.
Jul 24 07:38:29.279 INFO: NamingOnCorba: Endpoint for the CORBA naming service (localhost) is 127.0.0.1.
Jul 24 07:38:29.279 INFO: NamingManager: NameServer connection succeeded: corba/localhost
Jul 24 07:38:29.307 INFO: ManagerServant: Named manager reference (INS) was successfully created.
Jul 24 07:38:33.406 WARNING: ManagerServant: Master manager not found
Jul 24 07:38:33.410 INFO: LocalServiceAdmin: All the local services are enabled.
Jul 24 07:38:33.699 INFO: ec_base: setRate(1000000.000000) done
Jul 24 07:38:33.699 INFO: ec_base: setRate(1000.000000) done
Jul 24 07:38:33.699 INFO: RealSense_RGBD_Camera0: 1 execution context was created.
Jul 24 07:38:33.716 INFO: RealSense_RGBD_Camera0: Initial active configuration set is default.
Jul 24 07:38:47.043 INFO: ec_base: setRate(1000.000000) done
Jul 24 07:38:47.996 INFO: ManagerServant: Master manager not found
Jul 24 07:38:58.087 INFO: ManagerServant: Master manager not found
