c:\users\cakes\workspace\cal_inverse_kinematics\build\src\cal_inverse_kinematics.dir\release\cal_inverse_kinematics.obj
c:\users\cakes\workspace\cal_inverse_kinematics\build\src\cal_inverse_kinematics.dir\release\cal_4motor_ik.obj
c:\users\cakes\workspace\cal_inverse_kinematics\build\src\cal_inverse_kinematics.dir\release\basic_funtion.obj
c:\users\cakes\workspace\cal_inverse_kinematics\build\src\cmakefiles\generate.stamp
c:\users\cakes\workspace\cal_inverse_kinematics\build\src\release\cal_inverse_kinematics.lib
c:\users\cakes\workspace\cal_inverse_kinematics\build\src\release\cal_inverse_kinematics.exp
c:\users\cakes\workspace\cal_inverse_kinematics\build\src\cal_inverse_kinematics.dir\release\cal_inve.de8da61a.tlog\cl.command.1.tlog
c:\users\cakes\workspace\cal_inverse_kinematics\build\src\cal_inverse_kinematics.dir\release\cal_inve.de8da61a.tlog\cl.read.1.tlog
c:\users\cakes\workspace\cal_inverse_kinematics\build\src\cal_inverse_kinematics.dir\release\cal_inve.de8da61a.tlog\cl.write.1.tlog
c:\users\cakes\workspace\cal_inverse_kinematics\build\src\cal_inverse_kinematics.dir\release\cal_inve.de8da61a.tlog\custombuild.command.1.tlog
c:\users\cakes\workspace\cal_inverse_kinematics\build\src\cal_inverse_kinematics.dir\release\cal_inve.de8da61a.tlog\custombuild.read.1.tlog
c:\users\cakes\workspace\cal_inverse_kinematics\build\src\cal_inverse_kinematics.dir\release\cal_inve.de8da61a.tlog\custombuild.write.1.tlog
c:\users\cakes\workspace\cal_inverse_kinematics\build\src\cal_inverse_kinematics.dir\release\cal_inve.de8da61a.tlog\link-cvtres.read.1.tlog
c:\users\cakes\workspace\cal_inverse_kinematics\build\src\cal_inverse_kinematics.dir\release\cal_inve.de8da61a.tlog\link-cvtres.write.1.tlog
c:\users\cakes\workspace\cal_inverse_kinematics\build\src\cal_inverse_kinematics.dir\release\cal_inve.de8da61a.tlog\link-rc.read.1.tlog
c:\users\cakes\workspace\cal_inverse_kinematics\build\src\cal_inverse_kinematics.dir\release\cal_inve.de8da61a.tlog\link-rc.write.1.tlog
c:\users\cakes\workspace\cal_inverse_kinematics\build\src\cal_inverse_kinematics.dir\release\cal_inve.de8da61a.tlog\link.command.1.tlog
c:\users\cakes\workspace\cal_inverse_kinematics\build\src\cal_inverse_kinematics.dir\release\cal_inve.de8da61a.tlog\link.read.1.tlog
c:\users\cakes\workspace\cal_inverse_kinematics\build\src\cal_inverse_kinematics.dir\release\cal_inve.de8da61a.tlog\link.write.1.tlog
c:\users\cakes\workspace\cal_inverse_kinematics\build\src\cal_inverse_kinematics.dir\release\cal_inve.de8da61a.tlog\link.write.2u.tlog
