Jul 17 06:33:04.519 INFO: manager: 2.0.1
Jul 17 06:33:04.519 INFO: manager: Copyright (C) 2003-2022, Noriaki Ando and OpenRTM development team,
Jul 17 06:33:04.520 INFO: manager:   Intelligent Systems Research Institute, AIST,
Jul 17 06:33:04.520 INFO: manager: Copyright (C) 2022, Noriaki Ando and OpenRTM development team,
Jul 17 06:33:04.520 INFO: manager:   Industrial Cyber-Physical Research Center, AIST,
Jul 17 06:33:04.520 INFO: manager:   All right reserved.
Jul 17 06:33:04.520 INFO: manager: Manager starting.
Jul 17 06:33:04.520 INFO: manager: Starting local logging.
Jul 17 06:33:04.538 INFO: NamingOnCorba: Endpoint for the CORBA naming service (localhost) is 127.0.0.1.
Jul 17 06:33:04.538 INFO: NamingManager: NameServer connection succeeded: corba/localhost
Jul 17 06:33:04.549 INFO: ManagerServant: Named manager reference (INS) was successfully created.
Jul 17 06:33:04.557 INFO: ManagerServant: Master manager found: localhost:2810
Jul 17 06:33:04.557 INFO: ManagerServant: Adding this manager to this manager.
Jul 17 06:33:04.557 INFO: ManagerServant: Register this manager to master manager.
Jul 17 06:33:04.557 INFO: ManagerServant: Slave manager servant was successfully created.
Jul 17 06:33:04.559 INFO: LocalServiceAdmin: All the local services are enabled.
Jul 17 06:33:04.591 INFO: ec_base: setRate(1000000.000000) done
Jul 17 06:33:04.592 INFO: ec_base: setRate(1000.000000) done
Jul 17 06:33:04.592 INFO: Dynamixel0: 1 execution context was created.
Jul 17 06:33:04.593 INFO: Dynamixel0: onInitialize()
Jul 17 06:33:04.623 INFO: Dynamixel0: Initial active configuration set is default.
Jul 17 06:33:14.587 INFO: Dynamixel0: onFinalize()
