Jun 26 11:21:16.335 INFO: manager: 2.0.1
Jun 26 11:21:16.335 INFO: manager: Copyright (C) 2003-2022, Noriaki Ando and OpenRTM development team,
Jun 26 11:21:16.335 INFO: manager:   Intelligent Systems Research Institute, AIST,
Jun 26 11:21:16.335 INFO: manager: Copyright (C) 2022, Noriaki Ando and OpenRTM development team,
Jun 26 11:21:16.336 INFO: manager:   Industrial Cyber-Physical Research Center, AIST,
Jun 26 11:21:16.336 INFO: manager:   All right reserved.
Jun 26 11:21:16.336 INFO: manager: Manager starting.
Jun 26 11:21:16.336 INFO: manager: Starting local logging.
Jun 26 11:21:16.355 INFO: NamingOnCorba: Endpoint for the CORBA naming service (localhost) is 127.0.0.1.
Jun 26 11:21:16.355 INFO: NamingManager: NameServer connection succeeded: corba/localhost
Jun 26 11:21:16.365 INFO: ManagerServant: Named manager reference (INS) was successfully created.
Jun 26 11:21:20.470 WARNING: ManagerServant: Master manager not found
Jun 26 11:21:20.471 INFO: LocalServiceAdmin: All the local services are enabled.
Jun 26 11:21:20.485 INFO: ec_base: setRate(1000000.000000) done
Jun 26 11:21:20.486 INFO: ec_base: setRate(1000.000000) done
Jun 26 11:21:20.489 INFO: Dynamixel0: 1 execution context was created.
Jun 26 11:21:20.490 INFO: Dynamixel0: onInitialize()
Jun 26 11:21:20.505 INFO: Dynamixel0: Initial active configuration set is default.
Jun 26 11:21:34.679 INFO: ManagerServant: Master manager not found
Jun 26 11:21:39.166 INFO: Dynamixel0: onActivated()
Jun 26 11:21:39.324 INFO: Dynamixel0: m_initialPosition: 512, 
Jun 26 11:21:39.325 INFO: Dynamixel0: m_initialSpeed: 100, 
Jun 26 11:21:39.469 INFO: Dynamixel0: onDeactivated()
Jun 26 11:21:39.469 INFO: Dynamixel0: onAborting()
Jun 26 11:21:44.636 INFO: ManagerServant: Master manager not found
