Jul 24 04:47:12.996 INFO: manager: 2.0.1
Jul 24 04:47:12.997 INFO: manager: Copyright (C) 2003-2022, Noriaki Ando and OpenRTM development team,
Jul 24 04:47:12.998 INFO: manager:   Intelligent Systems Research Institute, AIST,
Jul 24 04:47:12.998 INFO: manager: Copyright (C) 2022, Noriaki Ando and OpenRTM development team,
Jul 24 04:47:12.998 INFO: manager:   Industrial Cyber-Physical Research Center, AIST,
Jul 24 04:47:12.998 INFO: manager:   All right reserved.
Jul 24 04:47:12.998 INFO: manager: Manager starting.
Jul 24 04:47:12.998 INFO: manager: Starting local logging.
Jul 24 04:47:13.020 INFO: NamingOnCorba: Endpoint for the CORBA naming service (localhost) is 127.0.0.1.
Jul 24 04:47:13.020 INFO: NamingManager: NameServer connection succeeded: corba/localhost
Jul 24 04:47:13.030 INFO: ManagerServant: Named manager reference (INS) was successfully created.
Jul 24 04:47:17.125 WARNING: ManagerServant: Master manager not found
Jul 24 04:47:17.127 INFO: LocalServiceAdmin: All the local services are enabled.
Jul 24 04:47:17.152 INFO: ec_base: setRate(1000000.000000) done
Jul 24 04:47:17.153 INFO: ec_base: setRate(1000.000000) done
Jul 24 04:47:17.154 INFO: Dynamixel0: 1 execution context was created.
Jul 24 04:47:17.154 INFO: Dynamixel0: onInitialize()
Jul 24 04:47:17.175 INFO: Dynamixel0: Initial active configuration set is default.
Jul 24 04:47:31.386 INFO: ManagerServant: Master manager not found
Jul 24 04:47:41.463 INFO: ManagerServant: Master manager not found
Jul 24 04:47:51.558 INFO: ManagerServant: Master manager not found
Jul 24 04:48:01.626 INFO: ManagerServant: Master manager not found
Jul 24 04:48:11.684 INFO: ManagerServant: Master manager not found
Jul 24 04:48:21.734 INFO: ManagerServant: Master manager not found
Jul 24 04:48:31.818 INFO: ManagerServant: Master manager not found
Jul 24 04:48:41.866 INFO: ManagerServant: Master manager not found
Jul 24 04:48:51.934 INFO: ManagerServant: Master manager not found
Jul 24 04:49:01.962 INFO: ManagerServant: Master manager not found
Jul 24 04:49:11.989 INFO: ManagerServant: Master manager not found
Jul 24 04:49:22.042 INFO: ManagerServant: Master manager not found
Jul 24 04:49:32.078 INFO: ManagerServant: Master manager not found
Jul 24 04:49:42.137 INFO: ManagerServant: Master manager not found
Jul 24 04:49:52.198 INFO: ManagerServant: Master manager not found
