Jun 26 11:02:14.106 INFO: manager: 2.0.1
Jun 26 11:02:14.108 INFO: manager: Copyright (C) 2003-2022, Noriaki Ando and OpenRTM development team,
Jun 26 11:02:14.108 INFO: manager:   Intelligent Systems Research Institute, AIST,
Jun 26 11:02:14.108 INFO: manager: Copyright (C) 2022, Noriaki Ando and OpenRTM development team,
Jun 26 11:02:14.108 INFO: manager:   Industrial Cyber-Physical Research Center, AIST,
Jun 26 11:02:14.108 INFO: manager:   All right reserved.
Jun 26 11:02:14.108 INFO: manager: Manager starting.
Jun 26 11:02:14.109 INFO: manager: Starting local logging.
Jun 26 11:02:14.132 INFO: NamingOnCorba: Endpoint for the CORBA naming service (localhost) is 127.0.0.1.
Jun 26 11:02:14.132 INFO: NamingManager: NameServer connection succeeded: corba/localhost
Jun 26 11:02:14.143 INFO: ManagerServant: Named manager reference (INS) was successfully created.
Jun 26 11:02:18.222 WARNING: ManagerServant: Master manager not found
Jun 26 11:02:18.229 INFO: LocalServiceAdmin: All the local services are enabled.
Jun 26 11:02:18.276 INFO: ec_base: setRate(1000000.000000) done
Jun 26 11:02:18.276 INFO: ec_base: setRate(1000.000000) done
Jun 26 11:02:18.279 INFO: Dynamixel0: 1 execution context was created.
Jun 26 11:02:18.281 INFO: Dynamixel0: onInitialize()
Jun 26 11:02:18.302 INFO: Dynamixel0: Initial active configuration set is default.
Jun 26 11:02:32.403 INFO: ManagerServant: Master manager not found
Jun 26 11:02:42.531 INFO: ManagerServant: Master manager not found
Jun 26 11:02:52.533 INFO: ManagerServant: Master manager not found
Jun 26 11:03:02.547 INFO: ManagerServant: Master manager not found
Jun 26 11:03:12.565 INFO: ManagerServant: Master manager not found
Jun 26 11:03:22.579 INFO: ManagerServant: Master manager not found
Jun 26 11:03:32.568 INFO: ManagerServant: Master manager not found
Jun 26 11:03:42.723 INFO: ManagerServant: Master manager not found
Jun 26 11:03:52.730 INFO: ManagerServant: Master manager not found
Jun 26 11:04:02.729 INFO: ManagerServant: Master manager not found
Jun 26 11:04:12.837 INFO: ManagerServant: Master manager not found
Jun 26 11:04:22.915 INFO: ManagerServant: Master manager not found
Jun 26 11:04:33.010 INFO: ManagerServant: Master manager not found
Jun 26 11:04:43.138 INFO: ManagerServant: Master manager not found
Jun 26 11:04:53.137 INFO: ManagerServant: Master manager not found
Jun 26 11:05:03.273 INFO: ManagerServant: Master manager not found
Jun 26 11:05:13.271 INFO: ManagerServant: Master manager not found
Jun 26 11:05:23.361 INFO: ManagerServant: Master manager not found
Jun 26 11:05:33.474 INFO: ManagerServant: Master manager not found
Jun 26 11:05:43.577 INFO: ManagerServant: Master manager not found
Jun 26 11:05:53.592 INFO: ManagerServant: Master manager not found
