Jul 17 06:12:35.472 INFO: manager: 2.0.1
Jul 17 06:12:35.473 INFO: manager: Copyright (C) 2003-2022, Noriaki Ando and OpenRTM development team,
Jul 17 06:12:35.473 INFO: manager:   Intelligent Systems Research Institute, AIST,
Jul 17 06:12:35.473 INFO: manager: Copyright (C) 2022, Noriaki Ando and OpenRTM development team,
Jul 17 06:12:35.473 INFO: manager:   Industrial Cyber-Physical Research Center, AIST,
Jul 17 06:12:35.474 INFO: manager:   All right reserved.
Jul 17 06:12:35.474 INFO: manager: Manager starting.
Jul 17 06:12:35.474 INFO: manager: Starting local logging.
Jul 17 06:12:35.494 INFO: NamingOnCorba: Endpoint for the CORBA naming service (localhost) is 127.0.0.1.
Jul 17 06:12:35.495 INFO: NamingManager: NameServer connection succeeded: corba/localhost
Jul 17 06:12:35.500 INFO: ManagerServant: Named manager reference (INS) was successfully created.
Jul 17 06:12:35.505 INFO: ManagerServant: Master manager found: localhost:2810
Jul 17 06:12:35.505 INFO: ManagerServant: Adding this manager to this manager.
Jul 17 06:12:35.505 INFO: ManagerServant: Register this manager to master manager.
Jul 17 06:12:35.505 INFO: ManagerServant: Slave manager servant was successfully created.
Jul 17 06:12:35.507 INFO: LocalServiceAdmin: All the local services are enabled.
Jul 17 06:12:35.529 INFO: ec_base: setRate(1000000.000000) done
Jul 17 06:12:35.529 INFO: ec_base: setRate(1000.000000) done
Jul 17 06:12:35.531 INFO: Dynamixel0: 1 execution context was created.
Jul 17 06:12:35.531 INFO: Dynamixel0: onInitialize()
Jul 17 06:12:35.554 INFO: Dynamixel0: Initial active configuration set is default.
Jul 17 06:13:17.392 INFO: Dynamixel0: onActivated()
Jul 17 06:13:17.392 ERROR: Dynamixel0: シリアルポートのオープンに失敗
Jul 17 06:13:17.392 INFO: Dynamixel0: onDeactivated()
Jul 17 06:13:17.393 INFO: Dynamixel0: onAborting()
Jul 17 06:13:17.406 ERROR: ec_base: State of the RTC transitioned to ERROR_STATE.
Jul 17 06:14:15.853 WARNING: SdoServiceAdmin: No available SDO service in the factory: 
Jul 19 06:46:55.294 INFO: manager: 2.0.1
Jul 19 06:46:55.294 INFO: manager: Copyright (C) 2003-2022, Noriaki Ando and OpenRTM development team,
Jul 19 06:46:55.294 INFO: manager:   Intelligent Systems Research Institute, AIST,
Jul 19 06:46:55.294 INFO: manager: Copyright (C) 2022, Noriaki Ando and OpenRTM development team,
Jul 19 06:46:55.295 INFO: manager:   Industrial Cyber-Physical Research Center, AIST,
Jul 19 06:46:55.295 INFO: manager:   All right reserved.
Jul 19 06:46:55.295 INFO: manager: Manager starting.
Jul 19 06:46:55.295 INFO: manager: Starting local logging.
Jul 19 06:46:55.329 INFO: NamingOnCorba: Endpoint for the CORBA naming service (localhost) is 127.0.0.1.
Jul 19 06:46:55.330 INFO: NamingManager: NameServer connection succeeded: corba/localhost
Jul 19 06:46:55.343 INFO: ManagerServant: Named manager reference (INS) was successfully created.
Jul 19 06:46:55.349 INFO: ManagerServant: Master manager found: localhost:2810
Jul 19 06:46:55.349 INFO: ManagerServant: Adding this manager to this manager.
Jul 19 06:46:55.349 INFO: ManagerServant: Register this manager to master manager.
Jul 19 06:46:55.349 INFO: ManagerServant: Slave manager servant was successfully created.
Jul 19 06:46:55.350 INFO: LocalServiceAdmin: All the local services are enabled.
Jul 19 06:46:55.375 INFO: ec_base: setRate(1000000.000000) done
Jul 19 06:46:55.376 INFO: ec_base: setRate(1000.000000) done
Jul 19 06:46:55.378 INFO: Dynamixel0: 1 execution context was created.
Jul 19 06:46:55.381 INFO: Dynamixel0: onInitialize()
Jul 19 06:46:55.418 INFO: Dynamixel0: Initial active configuration set is default.
Jul 19 06:47:13.051 WARNING: SdoServiceAdmin: No available SDO service in the factory: 
Jul 19 06:47:27.436 INFO: Dynamixel0: onActivated()
Jul 19 06:47:27.578 INFO: Dynamixel0: m_initialPosition: 512, 512, 512, 512, 512, 
Jul 19 06:47:27.578 INFO: Dynamixel0: m_initialSpeed: 100, 100, 100, 100, 100, 
Jul 19 06:47:55.051 INFO: Dynamixel0: onDeactivated()
Jul 19 06:49:58.706 INFO: Dynamixel0: onActivated()
Jul 19 06:49:58.707 INFO: Dynamixel0: m_initialPosition: 512, 512, 512, 512, 512, 
Jul 19 06:49:58.707 INFO: Dynamixel0: m_initialSpeed: 100, 100, 100, 100, 100, 
Jul 19 06:49:59.089 ERROR: ec_worker: State of the RTC is not INACTIVE_STATE.
Jul 19 06:50:16.911 INFO: Dynamixel0: onDeactivated()
Jul 19 06:51:09.022 INFO: Dynamixel0: onActivated()
Jul 19 06:51:09.023 INFO: Dynamixel0: m_initialPosition: 512, 512, 512, 512, 512, 
Jul 19 06:51:09.023 INFO: Dynamixel0: m_initialSpeed: 100, 100, 100, 100, 100, 
Jul 19 06:53:47.636 INFO: Dynamixel0: onDeactivated()
Jul 19 06:54:40.809 INFO: Dynamixel0: onActivated()
Jul 19 06:54:40.810 INFO: Dynamixel0: m_initialPosition: 512, 512, 512, 512, 512, 
Jul 19 06:54:40.810 INFO: Dynamixel0: m_initialSpeed: 100, 100, 100, 100, 100, 
Jul 19 06:55:24.900 INFO: Dynamixel0: onDeactivated()
Jul 19 07:03:19.035 INFO: Dynamixel0: onActivated()
Jul 19 07:03:19.036 INFO: Dynamixel0: m_initialPosition: 512, 512, 512, 512, 512, 
Jul 19 07:03:19.036 INFO: Dynamixel0: m_initialSpeed: 100, 100, 100, 100, 100, 
Jul 19 07:03:57.691 INFO: Dynamixel0: onDeactivated()
Jul 19 07:12:58.521 WARNING: goalPosition: Dead connection: 29c9fa6f-a21d-4c7b-a9d2-537d173a048b
Jul 19 07:13:00.574 WARNING: goalPosition: Exception caught: minor code.
Jul 19 07:14:19.911 INFO: Dynamixel0: onActivated()
Jul 19 07:14:19.911 INFO: Dynamixel0: m_initialPosition: 512, 512, 512, 512, 512, 
Jul 19 07:14:19.912 INFO: Dynamixel0: m_initialSpeed: 100, 100, 100, 100, 100, 
Jul 19 07:15:36.899 INFO: Dynamixel0: onDeactivated()
Jul 19 07:18:51.573 INFO: Dynamixel0: onActivated()
Jul 19 07:18:51.578 INFO: Dynamixel0: m_initialPosition: 512, 512, 512, 512, 512, 
Jul 19 07:18:51.578 INFO: Dynamixel0: m_initialSpeed: 100, 100, 100, 100, 100, 
Jul 19 07:19:41.566 INFO: Dynamixel0: onDeactivated()
Jul 19 07:32:12.110 WARNING: goalPosition: Dead connection: 53a089b2-2608-46e0-9fdc-534842f95560
Jul 19 07:32:14.167 WARNING: goalPosition: Exception caught: minor code(1096024066).
Jul 19 07:33:24.805 INFO: Dynamixel0: onActivated()
Jul 19 07:33:24.806 INFO: Dynamixel0: m_initialPosition: 512, 512, 512, 512, 512, 
Jul 19 07:33:24.806 INFO: Dynamixel0: m_initialSpeed: 100, 100, 100, 100, 100, 
Jul 19 07:33:25.037 INFO: Dynamixel0: 全アクチュエータのトルク制限を最大に設定
Jul 19 07:33:25.039 INFO: Dynamixel0: onDeactivated()
Jul 19 07:33:25.040 INFO: Dynamixel0: onAborting()
Jul 19 07:33:25.052 ERROR: ec_base: State of the RTC transitioned to ERROR_STATE.
Jul 19 07:33:28.907 ERROR: ec_worker: State of the RTC is not ACTIVE_STATE.
Jul 19 07:33:47.711 WARNING: SdoServiceAdmin: No available SDO service in the factory: 
