Jul 21 16:40:38.926 INFO: manager: 2.0.1
Jul 21 16:40:38.927 INFO: manager: Copyright (C) 2003-2022, Noriaki Ando and OpenRTM development team,
Jul 21 16:40:38.928 INFO: manager:   Intelligent Systems Research Institute, AIST,
Jul 21 16:40:38.933 INFO: manager: Copyright (C) 2022, Noriaki Ando and OpenRTM development team,
Jul 21 16:40:38.934 INFO: manager:   Industrial Cyber-Physical Research Center, AIST,
Jul 21 16:40:38.934 INFO: manager:   All right reserved.
Jul 21 16:40:38.935 INFO: manager: Manager starting.
Jul 21 16:40:38.935 INFO: manager: Starting local logging.
Jul 21 16:40:39.052 INFO: NamingOnCorba: Endpoint for the CORBA naming service (localhost) is 127.0.0.1.
Jul 21 16:40:39.052 INFO: NamingManager: NameServer connection succeeded: corba/localhost
Jul 21 16:40:39.115 INFO: ManagerServant: Named manager reference (INS) was successfully created.
Jul 21 16:40:43.246 WARNING: ManagerServant: Master manager not found
Jul 21 16:40:43.253 INFO: LocalServiceAdmin: All the local services are enabled.
Jul 21 16:40:43.317 INFO: ec_base: setRate(1000000.000000) done
Jul 21 16:40:43.318 INFO: ec_base: setRate(1000.000000) done
Jul 21 16:40:43.320 INFO: Dynamixel0: 1 execution context was created.
Jul 21 16:40:43.322 INFO: Dynamixel0: onInitialize()
Jul 21 16:40:43.409 INFO: Dynamixel0: Initial active configuration set is default.
Jul 21 16:40:57.616 INFO: ManagerServant: Master manager not found
Jul 21 16:41:00.810 INFO: Dynamixel0: onActivated()
Jul 21 16:41:01.097 INFO: Dynamixel0: m_initialPosition: 512, 512, 512, 512, 512, 
Jul 21 16:41:01.133 INFO: Dynamixel0: m_initialSpeed: 100, 100, 100, 100, 100, 
Jul 21 16:41:01.290 WARNING: ec_base: The component is not responding.
Jul 21 16:41:01.290 ERROR: ec_base: Unknown error: Invalid state transition.
Jul 21 16:41:07.731 INFO: Dynamixel0: onDeactivated()
Jul 21 16:41:08.316 INFO: ManagerServant: Master manager not found
Jul 21 16:41:11.098 INFO: Dynamixel0: onActivated()
Jul 21 16:41:11.287 INFO: Dynamixel0: m_initialPosition: 512, 512, 512, 512, 512, 
Jul 21 16:41:11.307 INFO: Dynamixel0: m_initialSpeed: 100, 100, 100, 100, 100, 
Jul 21 16:41:18.152 INFO: ManagerServant: Master manager not found
Jul 21 16:41:27.679 INFO: ManagerServant: Master manager not found
Jul 21 16:41:37.804 INFO: ManagerServant: Master manager not found
Jul 21 16:41:47.953 INFO: ManagerServant: Master manager not found
Jul 21 16:41:57.990 INFO: ManagerServant: Master manager not found
Jul 21 16:42:08.015 INFO: ManagerServant: Master manager not found
Jul 21 16:42:18.048 INFO: ManagerServant: Master manager not found
Jul 21 16:42:28.052 INFO: ManagerServant: Master manager not found
Jul 21 16:42:38.151 INFO: ManagerServant: Master manager not found
Jul 21 16:42:48.161 INFO: ManagerServant: Master manager not found
Jul 21 16:42:58.164 INFO: ManagerServant: Master manager not found
Jul 21 16:43:08.224 INFO: ManagerServant: Master manager not found
Jul 21 16:43:18.372 INFO: ManagerServant: Master manager not found
Jul 21 16:43:28.369 INFO: ManagerServant: Master manager not found
Jul 21 16:43:38.365 INFO: ManagerServant: Master manager not found
Jul 21 16:43:48.547 INFO: ManagerServant: Master manager not found
Jul 21 16:43:58.565 INFO: ManagerServant: Master manager not found
Jul 21 16:44:08.592 INFO: ManagerServant: Master manager not found
Jul 21 16:44:18.600 INFO: ManagerServant: Master manager not found
Jul 21 16:44:27.222 INFO: Dynamixel0: onDeactivated()
Jul 21 16:44:28.717 INFO: ManagerServant: Master manager not found
Jul 21 16:44:38.686 INFO: ManagerServant: Master manager not found
Jul 21 16:44:48.766 INFO: ManagerServant: Master manager not found
