Jun 26 11:36:59.708 INFO: manager: 2.0.1
Jun 26 11:36:59.708 INFO: manager: Copyright (C) 2003-2022, Noriaki Ando and OpenRTM development team,
Jun 26 11:36:59.708 INFO: manager:   Intelligent Systems Research Institute, AIST,
Jun 26 11:36:59.708 INFO: manager: Copyright (C) 2022, Noriaki Ando and OpenRTM development team,
Jun 26 11:36:59.708 INFO: manager:   Industrial Cyber-Physical Research Center, AIST,
Jun 26 11:36:59.708 INFO: manager:   All right reserved.
Jun 26 11:36:59.708 INFO: manager: Manager starting.
Jun 26 11:36:59.709 INFO: manager: Starting local logging.
Jun 26 11:36:59.731 INFO: NamingOnCorba: Endpoint for the CORBA naming service (localhost) is 127.0.0.1.
Jun 26 11:36:59.731 INFO: NamingManager: NameServer connection succeeded: corba/localhost
Jun 26 11:36:59.741 INFO: ManagerServant: Named manager reference (INS) was successfully created.
Jun 26 11:37:03.843 WARNING: ManagerServant: Master manager not found
Jun 26 11:37:03.845 INFO: LocalServiceAdmin: All the local services are enabled.
Jun 26 11:37:03.868 INFO: ec_base: setRate(1000000.000000) done
Jun 26 11:37:03.869 INFO: ec_base: setRate(1000.000000) done
Jun 26 11:37:03.869 INFO: Dynamixel0: 1 execution context was created.
Jun 26 11:37:03.870 INFO: Dynamixel0: onInitialize()
Jun 26 11:37:03.897 INFO: Dynamixel0: Initial active configuration set is default.
Jun 26 11:37:18.111 INFO: ManagerServant: Master manager not found
Jun 26 11:37:28.138 INFO: ManagerServant: Master manager not found
Jun 26 11:37:30.187 WARNING: SdoServiceAdmin: No available SDO service in the factory: 
Jun 26 11:37:38.144 INFO: ManagerServant: Master manager not found
Jun 26 11:37:39.857 INFO: Dynamixel0: onActivated()
Jun 26 11:37:39.992 INFO: Dynamixel0: m_initialPosition: 512, 
Jun 26 11:37:39.993 INFO: Dynamixel0: m_initialSpeed: 100, 
Jun 26 11:37:40.054 INFO: Dynamixel0: onDeactivated()
Jun 26 11:37:40.054 INFO: Dynamixel0: onAborting()
Jun 26 11:37:40.058 ERROR: ec_base: State of the RTC transitioned to ERROR_STATE.
Jun 26 11:37:48.146 INFO: ManagerServant: Master manager not found
