Jun 26 14:09:27.648 INFO: manager: 2.0.1
Jun 26 14:09:27.649 INFO: manager: Copyright (C) 2003-2022, Noriaki Ando and OpenRTM development team,
Jun 26 14:09:27.649 INFO: manager:   Intelligent Systems Research Institute, AIST,
Jun 26 14:09:27.649 INFO: manager: Copyright (C) 2022, Noriaki Ando and OpenRTM development team,
Jun 26 14:09:27.649 INFO: manager:   Industrial Cyber-Physical Research Center, AIST,
Jun 26 14:09:27.649 INFO: manager:   All right reserved.
Jun 26 14:09:27.649 INFO: manager: Manager starting.
Jun 26 14:09:27.650 INFO: manager: Starting local logging.
Jun 26 14:09:27.702 INFO: NamingOnCorba: Endpoint for the CORBA naming service (localhost) is 127.0.0.1.
Jun 26 14:09:27.702 INFO: NamingManager: NameServer connection succeeded: corba/localhost
Jun 26 14:09:27.737 INFO: ManagerServant: Named manager reference (INS) was successfully created.
Jun 26 14:09:31.830 WARNING: ManagerServant: Master manager not found
Jun 26 14:09:31.832 INFO: LocalServiceAdmin: All the local services are enabled.
Jun 26 14:09:31.851 INFO: ec_base: setRate(1000000.000000) done
Jun 26 14:09:31.851 INFO: ec_base: setRate(1000.000000) done
Jun 26 14:09:31.851 INFO: Dynamixel0: 1 execution context was created.
Jun 26 14:09:31.852 INFO: Dynamixel0: onInitialize()
Jun 26 14:09:31.883 INFO: Dynamixel0: Initial active configuration set is default.
Jun 26 14:09:46.059 INFO: ManagerServant: Master manager not found
Jun 26 14:09:52.957 INFO: Dynamixel0: onDeactivated()
Jun 26 14:10:04.514 ERROR: ec_worker: State of the RTC is not INACTIVE_STATE.
Jun 26 14:10:04.516 INFO: ManagerServant: Master manager not found
