Jul 16 08:03:43.229 INFO: manager: 2.0.1
Jul 16 08:03:43.229 INFO: manager: Copyright (C) 2003-2022, Noriaki Ando and OpenRTM development team,
Jul 16 08:03:43.229 INFO: manager:   Intelligent Systems Research Institute, AIST,
Jul 16 08:03:43.229 INFO: manager: Copyright (C) 2022, Noriaki Ando and OpenRTM development team,
Jul 16 08:03:43.229 INFO: manager:   Industrial Cyber-Physical Research Center, AIST,
Jul 16 08:03:43.229 INFO: manager:   All right reserved.
Jul 16 08:03:43.229 INFO: manager: Manager starting.
Jul 16 08:03:43.229 INFO: manager: Starting local logging.
Jul 16 08:03:43.252 INFO: NamingOnCorba: Endpoint for the CORBA naming service (localhost) is 127.0.0.1.
Jul 16 08:03:43.252 INFO: NamingManager: NameServer connection succeeded: corba/localhost
Jul 16 08:03:43.257 INFO: ManagerServant: Named manager reference (INS) was successfully created.
Jul 16 08:03:43.264 INFO: ManagerServant: Master manager found: localhost:2810
Jul 16 08:03:43.265 INFO: ManagerServant: Adding this manager to this manager.
Jul 16 08:03:43.265 INFO: ManagerServant: Register this manager to master manager.
Jul 16 08:03:43.267 INFO: ManagerServant: Slave manager servant was successfully created.
Jul 16 08:03:43.269 INFO: LocalServiceAdmin: All the local services are enabled.
Jul 16 08:03:43.303 INFO: ec_base: setRate(1000000.000000) done
Jul 16 08:03:43.303 INFO: ec_base: setRate(1000.000000) done
Jul 16 08:03:43.304 INFO: Dynamixel0: 1 execution context was created.
Jul 16 08:03:43.305 INFO: Dynamixel0: onInitialize()
Jul 16 08:03:43.332 INFO: Dynamixel0: Initial active configuration set is default.
