Jun 26 08:41:35.241 INFO: manager: 2.0.1
Jun 26 08:41:35.242 INFO: manager: Copyright (C) 2003-2022, Noriaki Ando and OpenRTM development team,
Jun 26 08:41:35.242 INFO: manager:   Intelligent Systems Research Institute, AIST,
Jun 26 08:41:35.242 INFO: manager: Copyright (C) 2022, Noriaki Ando and OpenRTM development team,
Jun 26 08:41:35.242 INFO: manager:   Industrial Cyber-Physical Research Center, AIST,
Jun 26 08:41:35.242 INFO: manager:   All right reserved.
Jun 26 08:41:35.242 INFO: manager: Manager starting.
Jun 26 08:41:35.242 INFO: manager: Starting local logging.
Jun 26 08:41:35.262 INFO: NamingOnCorba: Endpoint for the CORBA naming service (localhost) is 127.0.0.1.
Jun 26 08:41:35.262 INFO: NamingManager: NameServer connection succeeded: corba/localhost
Jun 26 08:41:35.269 INFO: ManagerServant: Named manager reference (INS) was successfully created.
Jun 26 08:41:39.372 WARNING: ManagerServant: Master manager not found
Jun 26 08:41:39.375 INFO: LocalServiceAdmin: All the local services are enabled.
Jun 26 08:41:39.398 INFO: ec_base: setRate(1000000.000000) done
Jun 26 08:41:39.398 INFO: ec_base: setRate(1000.000000) done
Jun 26 08:41:39.399 INFO: Dynamixel0: 1 execution context was created.
Jun 26 08:41:39.399 INFO: Dynamixel0: onInitialize()
Jun 26 08:41:39.429 INFO: Dynamixel0: Initial active configuration set is default.
Jun 26 08:41:50.570 INFO: Dynamixel0: onActivated()
Jun 26 08:41:50.729 INFO: Dynamixel0: m_initialPosition: 512, 
Jun 26 08:41:50.730 INFO: Dynamixel0: m_initialSpeed: 30, 
Jun 26 08:41:53.569 INFO: ManagerServant: Master manager not found
Jun 26 08:42:03.721 INFO: ManagerServant: Master manager not found
Jun 26 08:42:13.731 INFO: ManagerServant: Master manager not found
Jun 26 08:42:23.728 INFO: ManagerServant: Master manager not found
Jun 26 08:42:33.743 INFO: ManagerServant: Master manager not found
Jun 26 08:42:43.748 INFO: ManagerServant: Master manager not found
Jun 26 08:42:53.772 INFO: ManagerServant: Master manager not found
Jun 26 08:43:03.803 INFO: ManagerServant: Master manager not found
Jun 26 08:43:13.798 INFO: ManagerServant: Master manager not found
Jun 26 08:43:23.806 INFO: ManagerServant: Master manager not found
Jun 26 08:43:33.924 INFO: ManagerServant: Master manager not found
Jun 26 08:43:43.928 INFO: ManagerServant: Master manager not found
Jun 26 08:43:53.946 INFO: ManagerServant: Master manager not found
Jun 26 08:44:03.974 INFO: ManagerServant: Master manager not found
