Jun 26 08:49:03.071 INFO: manager: 2.0.1
Jun 26 08:49:03.071 INFO: manager: Copyright (C) 2003-2022, Noriaki Ando and OpenRTM development team,
Jun 26 08:49:03.071 INFO: manager:   Intelligent Systems Research Institute, AIST,
Jun 26 08:49:03.071 INFO: manager: Copyright (C) 2022, Noriaki Ando and OpenRTM development team,
Jun 26 08:49:03.071 INFO: manager:   Industrial Cyber-Physical Research Center, AIST,
Jun 26 08:49:03.071 INFO: manager:   All right reserved.
Jun 26 08:49:03.071 INFO: manager: Manager starting.
Jun 26 08:49:03.071 INFO: manager: Starting local logging.
Jun 26 08:49:03.094 INFO: NamingOnCorba: Endpoint for the CORBA naming service (localhost) is 127.0.0.1.
Jun 26 08:49:03.094 INFO: NamingManager: NameServer connection succeeded: corba/localhost
Jun 26 08:49:03.105 INFO: ManagerServant: Named manager reference (INS) was successfully created.
Jun 26 08:49:07.226 WARNING: ManagerServant: Master manager not found
Jun 26 08:49:07.234 INFO: LocalServiceAdmin: All the local services are enabled.
Jun 26 08:49:07.288 INFO: ec_base: setRate(1000000.000000) done
Jun 26 08:49:07.288 INFO: ec_base: setRate(1000.000000) done
Jun 26 08:49:07.290 INFO: Dynamixel0: 1 execution context was created.
Jun 26 08:49:07.291 INFO: Dynamixel0: onInitialize()
Jun 26 08:49:07.308 INFO: Dynamixel0: Initial active configuration set is default.
Jun 26 08:49:17.545 INFO: Dynamixel0: onActivated()
Jun 26 08:49:17.703 INFO: Dynamixel0: m_initialPosition: 512, 
Jun 26 08:49:17.704 INFO: Dynamixel0: m_initialSpeed: 30, 
Jun 26 08:49:21.448 INFO: ManagerServant: Master manager not found
Jun 26 08:49:31.551 INFO: ManagerServant: Master manager not found
