Jun 26 09:04:22.680 INFO: manager: 2.0.1
Jun 26 09:04:22.680 INFO: manager: Copyright (C) 2003-2022, Noriaki Ando and OpenRTM development team,
Jun 26 09:04:22.680 INFO: manager:   Intelligent Systems Research Institute, AIST,
Jun 26 09:04:22.680 INFO: manager: Copyright (C) 2022, Noriaki Ando and OpenRTM development team,
Jun 26 09:04:22.681 INFO: manager:   Industrial Cyber-Physical Research Center, AIST,
Jun 26 09:04:22.681 INFO: manager:   All right reserved.
Jun 26 09:04:22.681 INFO: manager: Manager starting.
Jun 26 09:04:22.681 INFO: manager: Starting local logging.
Jun 26 09:04:22.702 INFO: NamingOnCorba: Endpoint for the CORBA naming service (localhost) is 127.0.0.1.
Jun 26 09:04:22.702 INFO: NamingManager: NameServer connection succeeded: corba/localhost
Jun 26 09:04:22.716 INFO: ManagerServant: Named manager reference (INS) was successfully created.
Jun 26 09:04:26.831 WARNING: ManagerServant: Master manager not found
Jun 26 09:04:26.837 INFO: LocalServiceAdmin: All the local services are enabled.
Jun 26 09:04:26.894 INFO: ec_base: setRate(1000000.000000) done
Jun 26 09:04:26.895 INFO: ec_base: setRate(1000.000000) done
Jun 26 09:04:26.898 INFO: Dynamixel0: 1 execution context was created.
Jun 26 09:04:26.900 INFO: Dynamixel0: onInitialize()
Jun 26 09:04:26.926 INFO: Dynamixel0: Initial active configuration set is default.
Jun 26 09:04:41.063 INFO: ManagerServant: Master manager not found
Jun 26 09:04:51.076 INFO: ManagerServant: Master manager not found
Jun 26 09:05:01.071 INFO: ManagerServant: Master manager not found
Jun 26 09:05:01.073 WARNING: SdoServiceAdmin: No available SDO service in the factory: 
Jun 26 09:05:11.142 INFO: ManagerServant: Master manager not found
Jun 26 09:05:15.508 INFO: Dynamixel0: onActivated()
Jun 26 09:05:15.663 INFO: Dynamixel0: m_initialPosition: 512, 
Jun 26 09:05:15.665 INFO: Dynamixel0: m_initialSpeed: 100, 
Jun 26 09:05:15.733 INFO: Dynamixel0: onDeactivated()
Jun 26 09:05:15.733 INFO: Dynamixel0: onAborting()
Jun 26 09:05:15.738 ERROR: ec_base: State of the RTC transitioned to ERROR_STATE.
Jun 26 09:05:21.208 INFO: ManagerServant: Master manager not found
Jun 26 09:05:30.645 ERROR: ec_worker: State of the RTC is not ACTIVE_STATE.
Jun 26 09:05:31.274 INFO: ManagerServant: Master manager not found
Jun 26 09:05:41.298 INFO: ManagerServant: Master manager not found
Jun 26 09:05:51.336 INFO: ManagerServant: Master manager not found
Jun 26 09:06:01.354 INFO: ManagerServant: Master manager not found
Jun 26 09:06:11.368 INFO: ManagerServant: Master manager not found
Jun 26 09:06:21.480 INFO: ManagerServant: Master manager not found
Jun 26 09:06:31.585 INFO: ManagerServant: Master manager not found
Jun 26 09:06:41.609 INFO: ManagerServant: Master manager not found
Jun 26 09:06:51.648 INFO: ManagerServant: Master manager not found
Jun 26 09:07:01.666 INFO: ManagerServant: Master manager not found
Jun 26 09:07:11.693 INFO: ManagerServant: Master manager not found
Jun 26 09:07:21.735 INFO: ManagerServant: Master manager not found
Jun 26 09:07:31.788 INFO: ManagerServant: Master manager not found
Jun 26 09:07:41.778 INFO: ManagerServant: Master manager not found
Jun 26 09:07:51.751 INFO: ManagerServant: Master manager not found
Jun 26 09:08:01.844 INFO: ManagerServant: Master manager not found
Jun 26 09:08:11.952 INFO: ManagerServant: Master manager not found
Jun 26 09:08:21.947 INFO: ManagerServant: Master manager not found
Jun 26 09:08:31.984 INFO: ManagerServant: Master manager not found
Jun 26 09:08:42.000 INFO: ManagerServant: Master manager not found
Jun 26 09:08:52.004 INFO: ManagerServant: Master manager not found
Jun 26 09:09:02.100 INFO: ManagerServant: Master manager not found
Jun 26 09:09:12.227 INFO: ManagerServant: Master manager not found
Jun 26 09:09:22.262 INFO: ManagerServant: Master manager not found
Jun 26 09:09:32.265 INFO: ManagerServant: Master manager not found
Jun 26 09:09:42.287 INFO: ManagerServant: Master manager not found
Jun 26 09:09:52.377 INFO: ManagerServant: Master manager not found
Jun 26 09:10:02.474 INFO: ManagerServant: Master manager not found
