Jun 26 07:36:11.480 INFO: manager: 2.0.1
Jun 26 07:36:11.480 INFO: manager: Copyright (C) 2003-2022, Noriaki Ando and OpenRTM development team,
Jun 26 07:36:11.481 INFO: manager:   Intelligent Systems Research Institute, AIST,
Jun 26 07:36:11.481 INFO: manager: Copyright (C) 2022, Noriaki Ando and OpenRTM development team,
Jun 26 07:36:11.481 INFO: manager:   Industrial Cyber-Physical Research Center, AIST,
Jun 26 07:36:11.481 INFO: manager:   All right reserved.
Jun 26 07:36:11.481 INFO: manager: Manager starting.
Jun 26 07:36:11.481 INFO: manager: Starting local logging.
Jun 26 07:36:11.529 INFO: NamingOnCorba: Endpoint for the CORBA naming service (localhost) is 127.0.0.1.
Jun 26 07:36:11.530 INFO: NamingManager: NameServer connection succeeded: corba/localhost
Jun 26 07:36:11.547 INFO: ManagerServant: Named manager reference (INS) was successfully created.
Jun 26 07:36:15.646 WARNING: ManagerServant: Master manager not found
Jun 26 07:36:15.654 INFO: LocalServiceAdmin: All the local services are enabled.
Jun 26 07:36:15.725 INFO: ec_base: setRate(1000000.000000) done
Jun 26 07:36:15.726 INFO: ec_base: setRate(1000.000000) done
Jun 26 07:36:15.729 INFO: Dynamixel0: 1 execution context was created.
Jun 26 07:36:15.733 INFO: Dynamixel0: onInitialize()
Jun 26 07:36:15.773 INFO: Dynamixel0: Initial active configuration set is default.
Jun 26 07:36:26.770 INFO: Dynamixel0: onActivated()
Jun 26 07:36:26.923 INFO: Dynamixel0: m_initialPosition: 512, 
Jun 26 07:36:26.924 INFO: Dynamixel0: m_initialSpeed: 30, 
Jun 26 07:36:26.937 INFO: Dynamixel0: 全アクチュエータのトルク制限を最大に設定
Jun 26 07:36:26.953 INFO: Dynamixel0: 全アクチュエータのトルクをオン
Jun 26 07:36:26.954 INFO: Dynamixel0: 初期位置・初期速度設定
Jun 26 07:36:29.938 INFO: ManagerServant: Master manager not found
Jun 26 07:36:40.083 INFO: ManagerServant: Master manager not found
Jun 26 07:36:41.571 INFO: Dynamixel0: onDeactivated()
