Jul 05 05:21:27.983 INFO: manager: 2.0.1
Jul 05 05:21:27.984 INFO: manager: Copyright (C) 2003-2022, Noriaki Ando and OpenRTM development team,
Jul 05 05:21:27.985 INFO: manager:   Intelligent Systems Research Institute, AIST,
Jul 05 05:21:27.985 INFO: manager: Copyright (C) 2022, Noriaki Ando and OpenRTM development team,
Jul 05 05:21:27.985 INFO: manager:   Industrial Cyber-Physical Research Center, AIST,
Jul 05 05:21:27.986 INFO: manager:   All right reserved.
Jul 05 05:21:27.986 INFO: manager: Manager starting.
Jul 05 05:21:27.986 INFO: manager: Starting local logging.
Jul 05 05:21:28.060 INFO: NamingOnCorba: Endpoint for the CORBA naming service (localhost) is 127.0.0.1.
Jul 05 05:21:28.061 INFO: NamingManager: NameServer connection succeeded: corba/localhost
Jul 05 05:21:28.380 INFO: ManagerServant: Named manager reference (INS) was successfully created.
Jul 05 05:21:32.515 WARNING: ManagerServant: Master manager not found
Jul 05 05:21:32.523 INFO: LocalServiceAdmin: All the local services are enabled.
Jul 05 05:21:32.603 INFO: ec_base: setRate(1000000.000000) done
Jul 05 05:21:32.603 INFO: ec_base: setRate(1000.000000) done
Jul 05 05:21:32.608 INFO: Dynamixel0: 1 execution context was created.
Jul 05 05:21:32.611 INFO: Dynamixel0: onInitialize()
Jul 05 05:21:32.684 INFO: Dynamixel0: Initial active configuration set is default.
Jul 05 05:21:46.868 INFO: ManagerServant: Master manager not found
Jul 05 05:21:56.879 INFO: ManagerServant: Master manager not found
Jul 05 05:22:06.998 INFO: ManagerServant: Master manager not found
Jul 05 05:22:17.079 INFO: ManagerServant: Master manager not found
Jul 05 05:22:27.169 INFO: ManagerServant: Master manager not found
Jul 05 05:22:37.292 INFO: ManagerServant: Master manager not found
