Jul 01 10:49:51.050 INFO: manager: 2.0.1
Jul 01 10:49:51.050 INFO: manager: Copyright (C) 2003-2022, Noriaki Ando and OpenRTM development team,
Jul 01 10:49:51.051 INFO: manager:   Intelligent Systems Research Institute, AIST,
Jul 01 10:49:51.051 INFO: manager: Copyright (C) 2022, Noriaki Ando and OpenRTM development team,
Jul 01 10:49:51.051 INFO: manager:   Industrial Cyber-Physical Research Center, AIST,
Jul 01 10:49:51.052 INFO: manager:   All right reserved.
Jul 01 10:49:51.052 INFO: manager: Manager starting.
Jul 01 10:49:51.052 INFO: manager: Starting local logging.
Jul 01 10:49:51.092 INFO: NamingOnCorba: Endpoint for the CORBA naming service (localhost) is 127.0.0.1.
Jul 01 10:49:51.092 INFO: NamingManager: NameServer connection succeeded: corba/localhost
Jul 01 10:49:51.103 INFO: ManagerServant: Named manager reference (INS) was successfully created.
Jul 01 10:49:55.206 WARNING: ManagerServant: Master manager not found
Jul 01 10:49:55.208 INFO: LocalServiceAdmin: All the local services are enabled.
Jul 01 10:49:55.224 INFO: ec_base: setRate(1000000.000000) done
Jul 01 10:49:55.224 INFO: ec_base: setRate(1000.000000) done
Jul 01 10:49:55.225 INFO: Dynamixel0: 1 execution context was created.
Jul 01 10:49:55.225 INFO: Dynamixel0: onInitialize()
Jul 01 10:49:55.247 INFO: Dynamixel0: Initial active configuration set is default.
Jul 01 10:50:09.415 INFO: ManagerServant: Master manager not found
Jul 01 10:50:16.897 INFO: Dynamixel0: onActivated()
Jul 01 10:50:17.066 INFO: Dynamixel0: m_initialPosition: 412, 
Jul 01 10:50:17.067 INFO: Dynamixel0: m_initialSpeed: 100, 
Jul 01 10:50:19.417 INFO: ManagerServant: Master manager not found
