Jul 05 04:19:56.247 INFO: manager: 2.0.1
Jul 05 04:19:56.248 INFO: manager: Copyright (C) 2003-2022, Noriaki Ando and OpenRTM development team,
Jul 05 04:19:56.248 INFO: manager:   Intelligent Systems Research Institute, AIST,
Jul 05 04:19:56.248 INFO: manager: Copyright (C) 2022, Noriaki Ando and OpenRTM development team,
Jul 05 04:19:56.248 INFO: manager:   Industrial Cyber-Physical Research Center, AIST,
Jul 05 04:19:56.248 INFO: manager:   All right reserved.
Jul 05 04:19:56.248 INFO: manager: Manager starting.
Jul 05 04:19:56.248 INFO: manager: Starting local logging.
Jul 05 04:20:00.357 INFO: NamingManager: NameServer connection failed: corba/localhost
Jul 05 04:20:00.373 INFO: ManagerServant: Named manager reference (INS) was successfully created.
Jul 05 04:20:04.471 WARNING: ManagerServant: Master manager not found
Jul 05 04:20:04.475 INFO: LocalServiceAdmin: All the local services are enabled.
Jul 05 04:20:04.528 INFO: ec_base: setRate(1000000.000000) done
Jul 05 04:20:04.528 INFO: ec_base: setRate(1000.000000) done
Jul 05 04:20:04.530 INFO: Dynamixel0: 1 execution context was created.
Jul 05 04:20:04.531 INFO: Dynamixel0: onInitialize()
Jul 05 04:20:04.551 INFO: Dynamixel0: Initial active configuration set is default.
Jul 05 04:20:18.719 INFO: NamingManager: NameServer connection failed: corba/localhost
Jul 05 04:20:22.827 INFO: ManagerServant: Master manager not found
Jul 05 04:20:28.765 INFO: NamingManager: NameServer connection failed: corba/localhost
Jul 05 04:20:32.853 INFO: ManagerServant: Master manager not found
Jul 05 04:20:38.766 INFO: NamingManager: NameServer connection failed: corba/localhost
Jul 05 04:20:42.866 INFO: ManagerServant: Master manager not found
Jul 05 04:20:44.761 INFO: NamingOnCorba: Endpoint for the CORBA naming service (localhost) is 127.0.0.1.
Jul 05 04:20:44.761 INFO: NamingManager: NameServer connection succeeded: corba/localhost
Jul 05 04:20:44.761 INFO: NamingManager: Connected to a name server: corba/localhost
Jul 05 04:20:48.865 INFO: ManagerServant: Master manager not found
Jul 05 04:20:58.876 INFO: ManagerServant: Master manager not found
Jul 05 04:21:08.918 INFO: ManagerServant: Master manager not found
Jul 05 04:21:14.597 WARNING: SdoServiceAdmin: No available SDO service in the factory: 
Jul 05 04:21:18.929 INFO: ManagerServant: Master manager not found
Jul 05 04:21:28.952 INFO: ManagerServant: Master manager not found
Jul 05 04:21:38.975 INFO: ManagerServant: Master manager not found
Jul 05 04:21:48.983 INFO: ManagerServant: Master manager not found
Jul 05 04:21:59.005 INFO: ManagerServant: Master manager not found
Jul 05 04:22:04.000 INFO: Dynamixel0: onActivated()
Jul 05 04:22:04.146 INFO: Dynamixel0: m_initialPosition: 512, 512, 512, 512, 
Jul 05 04:22:04.147 INFO: Dynamixel0: m_initialSpeed: 100, 100, 100, 100, 
Jul 05 04:22:09.030 INFO: ManagerServant: Master manager not found
Jul 05 04:22:19.049 INFO: ManagerServant: Master manager not found
Jul 05 04:22:29.061 INFO: ManagerServant: Master manager not found
Jul 05 04:22:39.039 INFO: ManagerServant: Master manager not found
Jul 05 04:22:49.199 INFO: ManagerServant: Master manager not found
Jul 05 04:22:59.179 INFO: ManagerServant: Master manager not found
Jul 05 04:23:09.270 INFO: ManagerServant: Master manager not found
Jul 05 04:23:19.377 INFO: ManagerServant: Master manager not found
Jul 05 04:23:29.465 INFO: ManagerServant: Master manager not found
Jul 05 04:23:39.600 INFO: ManagerServant: Master manager not found
Jul 05 04:23:49.556 INFO: ManagerServant: Master manager not found
Jul 05 04:23:59.655 INFO: ManagerServant: Master manager not found
Jul 05 04:24:09.653 INFO: ManagerServant: Master manager not found
Jul 05 04:24:19.778 INFO: ManagerServant: Master manager not found
Jul 05 04:24:29.763 INFO: ManagerServant: Master manager not found
Jul 05 04:24:39.892 INFO: ManagerServant: Master manager not found
Jul 05 04:24:44.479 INFO: Dynamixel0: onDeactivated()
Jul 05 04:24:49.923 INFO: ManagerServant: Master manager not found
Jul 05 04:25:00.043 INFO: ManagerServant: Master manager not found
Jul 05 04:25:10.076 INFO: ManagerServant: Master manager not found
Jul 05 04:25:20.085 INFO: ManagerServant: Master manager not found
Jul 05 04:25:30.104 INFO: ManagerServant: Master manager not found
Jul 05 04:25:40.124 INFO: ManagerServant: Master manager not found
Jul 05 04:25:42.191 INFO: Dynamixel0: onActivated()
Jul 05 04:25:42.192 INFO: Dynamixel0: m_initialPosition: 512, 512, 512, 512, 
Jul 05 04:25:42.193 INFO: Dynamixel0: m_initialSpeed: 100, 100, 100, 100, 
Jul 05 04:25:47.405 ERROR: Dynamixel0: 通信エラー連続発生
Jul 05 04:25:47.406 INFO: Dynamixel0: onDeactivated()
Jul 05 04:25:47.406 INFO: Dynamixel0: onAborting()
Jul 05 04:25:48.089 ERROR: ec_worker: State of the RTC is not ACTIVE_STATE.
Jul 05 04:25:50.149 INFO: ManagerServant: Master manager not found
