Jul 17 07:19:28.591 INFO: manager: 2.0.1
Jul 17 07:19:28.591 INFO: manager: Copyright (C) 2003-2022, Noriaki Ando and OpenRTM development team,
Jul 17 07:19:28.591 INFO: manager:   Intelligent Systems Research Institute, AIST,
Jul 17 07:19:28.591 INFO: manager: Copyright (C) 2022, Noriaki Ando and OpenRTM development team,
Jul 17 07:19:28.592 INFO: manager:   Industrial Cyber-Physical Research Center, AIST,
Jul 17 07:19:28.592 INFO: manager:   All right reserved.
Jul 17 07:19:28.592 INFO: manager: Manager starting.
Jul 17 07:19:28.592 INFO: manager: Starting local logging.
Jul 17 07:19:28.632 INFO: NamingOnCorba: Endpoint for the CORBA naming service (localhost) is 127.0.0.1.
Jul 17 07:19:28.632 INFO: NamingManager: NameServer connection succeeded: corba/localhost
Jul 17 07:19:28.647 INFO: ManagerServant: Named manager reference (INS) was successfully created.
Jul 17 07:19:28.652 INFO: ManagerServant: Master manager found: localhost:2810
Jul 17 07:19:28.652 INFO: ManagerServant: Adding this manager to this manager.
Jul 17 07:19:28.652 INFO: ManagerServant: Register this manager to master manager.
Jul 17 07:19:28.652 INFO: ManagerServant: Slave manager servant was successfully created.
Jul 17 07:19:28.653 INFO: LocalServiceAdmin: All the local services are enabled.
Jul 17 07:19:28.668 INFO: ec_base: setRate(1000000.000000) done
Jul 17 07:19:28.668 INFO: ec_base: setRate(1000.000000) done
Jul 17 07:19:28.669 INFO: Dynamixel0: 1 execution context was created.
Jul 17 07:19:28.669 INFO: Dynamixel0: onInitialize()
Jul 17 07:19:28.685 INFO: Dynamixel0: Initial active configuration set is default.
Jul 17 07:19:55.385 INFO: Dynamixel0: onActivated()
Jul 17 07:19:55.528 INFO: Dynamixel0: m_initialPosition: 512, 512, 512, 512, 512, 
Jul 17 07:19:55.529 INFO: Dynamixel0: m_initialSpeed: 100, 100, 100, 100, 100, 
Jul 17 07:20:56.944 INFO: Dynamixel0: onDeactivated()
Jul 17 07:21:18.119 WARNING: goalPosition: Dead connection: f561a0f3-ce45-4b26-a845-603f834cc267
Jul 17 07:21:20.180 WARNING: goalPosition: Exception caught: minor code(1096024066).
Jul 17 07:21:44.615 INFO: Dynamixel0: onActivated()
Jul 17 07:21:44.615 INFO: Dynamixel0: m_initialPosition: 512, 512, 512, 512, 512, 
Jul 17 07:21:44.616 INFO: Dynamixel0: m_initialSpeed: 100, 100, 100, 100, 100, 
Jul 17 07:22:30.830 INFO: Dynamixel0: onDeactivated()
Jul 17 07:22:36.309 INFO: Dynamixel0: onActivated()
Jul 17 07:22:36.309 INFO: Dynamixel0: m_initialPosition: 512, 512, 512, 512, 512, 
Jul 17 07:22:36.309 INFO: Dynamixel0: m_initialSpeed: 100, 100, 100, 100, 100, 
Jul 17 07:22:51.015 INFO: Dynamixel0: onDeactivated()
Jul 17 07:23:48.627 ERROR: ec_worker: State of the RTC is not ACTIVE_STATE.
