Jun 26 12:03:29.811 INFO: manager: 2.0.1
Jun 26 12:03:29.811 INFO: manager: Copyright (C) 2003-2022, Noriaki Ando and OpenRTM development team,
Jun 26 12:03:29.811 INFO: manager:   Intelligent Systems Research Institute, AIST,
Jun 26 12:03:29.811 INFO: manager: Copyright (C) 2022, Noriaki Ando and OpenRTM development team,
Jun 26 12:03:29.811 INFO: manager:   Industrial Cyber-Physical Research Center, AIST,
Jun 26 12:03:29.811 INFO: manager:   All right reserved.
Jun 26 12:03:29.811 INFO: manager: Manager starting.
Jun 26 12:03:29.811 INFO: manager: Starting local logging.
Jun 26 12:03:29.832 INFO: NamingOnCorba: Endpoint for the CORBA naming service (localhost) is 127.0.0.1.
Jun 26 12:03:29.832 INFO: NamingManager: NameServer connection succeeded: corba/localhost
Jun 26 12:03:29.840 INFO: ManagerServant: Named manager reference (INS) was successfully created.
Jun 26 12:03:33.947 WARNING: ManagerServant: Master manager not found
Jun 26 12:03:33.949 INFO: LocalServiceAdmin: All the local services are enabled.
Jun 26 12:03:33.974 INFO: ec_base: setRate(1000000.000000) done
Jun 26 12:03:33.975 INFO: ec_base: setRate(1000.000000) done
Jun 26 12:03:33.976 INFO: Dynamixel0: 1 execution context was created.
Jun 26 12:03:33.977 INFO: Dynamixel0: onInitialize()
Jun 26 12:03:34.015 INFO: Dynamixel0: Initial active configuration set is default.
Jun 26 12:03:48.173 INFO: ManagerServant: Master manager not found
Jun 26 12:03:58.116 INFO: Dynamixel0: onActivated()
Jun 26 12:03:58.170 INFO: ManagerServant: Master manager not found
Jun 26 12:03:58.258 INFO: Dynamixel0: m_initialPosition: 512, 
Jun 26 12:03:58.258 INFO: Dynamixel0: m_initialSpeed: 100, 
Jun 26 12:04:08.287 INFO: ManagerServant: Master manager not found
