Jul 01 11:18:20.684 INFO: manager: 2.0.1
Jul 01 11:18:20.685 INFO: manager: Copyright (C) 2003-2022, Noriaki Ando and OpenRTM development team,
Jul 01 11:18:20.685 INFO: manager:   Intelligent Systems Research Institute, AIST,
Jul 01 11:18:20.685 INFO: manager: Copyright (C) 2022, Noriaki Ando and OpenRTM development team,
Jul 01 11:18:20.685 INFO: manager:   Industrial Cyber-Physical Research Center, AIST,
Jul 01 11:18:20.685 INFO: manager:   All right reserved.
Jul 01 11:18:20.685 INFO: manager: Manager starting.
Jul 01 11:18:20.685 INFO: manager: Starting local logging.
Jul 01 11:18:20.720 INFO: NamingOnCorba: Endpoint for the CORBA naming service (localhost) is 127.0.0.1.
Jul 01 11:18:20.720 INFO: NamingManager: NameServer connection succeeded: corba/localhost
Jul 01 11:18:20.733 INFO: ManagerServant: Named manager reference (INS) was successfully created.
Jul 01 11:18:24.830 WARNING: ManagerServant: Master manager not found
Jul 01 11:18:24.839 INFO: LocalServiceAdmin: All the local services are enabled.
Jul 01 11:18:24.896 INFO: ec_base: setRate(1000000.000000) done
Jul 01 11:18:24.896 INFO: ec_base: setRate(1000.000000) done
Jul 01 11:18:24.899 INFO: Dynamixel0: 1 execution context was created.
Jul 01 11:18:24.901 INFO: Dynamixel0: onInitialize()
Jul 01 11:18:24.924 INFO: Dynamixel0: Initial active configuration set is default.
Jul 01 11:18:39.114 INFO: ManagerServant: Master manager not found
Jul 01 11:18:49.109 INFO: ManagerServant: Master manager not found
Jul 01 11:18:59.228 INFO: ManagerServant: Master manager not found
Jul 01 11:19:09.224 INFO: ManagerServant: Master manager not found
Jul 01 11:19:19.298 INFO: ManagerServant: Master manager not found
Jul 01 11:19:29.387 INFO: ManagerServant: Master manager not found
Jul 01 11:19:39.495 INFO: ManagerServant: Master manager not found
Jul 01 11:19:49.486 INFO: ManagerServant: Master manager not found
Jul 01 11:19:59.633 INFO: ManagerServant: Master manager not found
Jul 01 11:20:09.643 INFO: ManagerServant: Master manager not found
Jul 01 11:20:19.642 INFO: ManagerServant: Master manager not found
Jul 01 11:20:29.666 INFO: ManagerServant: Master manager not found
Jul 01 11:20:39.666 INFO: ManagerServant: Master manager not found
Jul 01 11:20:49.741 INFO: ManagerServant: Master manager not found
Jul 01 11:20:59.848 INFO: ManagerServant: Master manager not found
Jul 01 11:21:09.850 INFO: ManagerServant: Master manager not found
Jul 01 11:21:19.975 INFO: ManagerServant: Master manager not found
Jul 01 11:21:29.986 INFO: ManagerServant: Master manager not found
Jul 01 11:21:39.965 INFO: ManagerServant: Master manager not found
Jul 01 11:21:50.092 INFO: ManagerServant: Master manager not found
Jul 01 11:22:00.090 INFO: ManagerServant: Master manager not found
Jul 01 11:22:10.209 INFO: ManagerServant: Master manager not found
Jul 01 11:22:20.215 INFO: ManagerServant: Master manager not found
Jul 01 11:22:30.235 INFO: ManagerServant: Master manager not found
Jul 01 11:22:40.246 INFO: ManagerServant: Master manager not found
Jul 01 11:22:50.233 INFO: ManagerServant: Master manager not found
Jul 01 11:23:00.337 INFO: ManagerServant: Master manager not found
Jul 01 11:23:10.423 INFO: ManagerServant: Master manager not found
Jul 01 11:23:20.542 INFO: ManagerServant: Master manager not found
Jul 01 11:23:30.537 INFO: ManagerServant: Master manager not found
Jul 01 11:23:32.412 WARNING: SdoServiceAdmin: No available SDO service in the factory: 
Jul 01 11:23:40.645 INFO: ManagerServant: Master manager not found
Jul 01 11:23:45.817 INFO: Dynamixel0: onActivated()
Jul 01 11:23:45.955 INFO: Dynamixel0: m_initialPosition: 512, 
Jul 01 11:23:45.957 INFO: Dynamixel0: m_initialSpeed: 100, 
Jul 01 11:23:50.678 INFO: ManagerServant: Master manager not found
Jul 01 11:24:00.711 INFO: ManagerServant: Master manager not found
Jul 01 11:24:10.695 INFO: ManagerServant: Master manager not found
Jul 01 11:24:20.798 INFO: ManagerServant: Master manager not found
Jul 01 11:24:30.778 INFO: ManagerServant: Master manager not found
Jul 01 11:24:40.888 INFO: ManagerServant: Master manager not found
Jul 01 11:24:50.996 INFO: ManagerServant: Master manager not found
Jul 01 11:25:00.992 INFO: ManagerServant: Master manager not found
Jul 01 11:25:11.097 INFO: ManagerServant: Master manager not found
Jul 01 11:25:21.199 INFO: ManagerServant: Master manager not found
Jul 01 11:25:31.296 INFO: ManagerServant: Master manager not found
Jul 01 11:25:41.358 INFO: ManagerServant: Master manager not found
Jul 01 11:25:51.461 INFO: ManagerServant: Master manager not found
Jul 01 11:26:01.546 INFO: ManagerServant: Master manager not found
Jul 01 11:26:03.785 WARNING: goalPosition: Dead connection: 189c2b2c-ce20-4b75-bd7c-c75578983508
