Jun 26 08:45:06.023 INFO: manager: 2.0.1
Jun 26 08:45:06.024 INFO: manager: Copyright (C) 2003-2022, Noriaki Ando and OpenRTM development team,
Jun 26 08:45:06.024 INFO: manager:   Intelligent Systems Research Institute, AIST,
Jun 26 08:45:06.024 INFO: manager: Copyright (C) 2022, Noriaki Ando and OpenRTM development team,
Jun 26 08:45:06.024 INFO: manager:   Industrial Cyber-Physical Research Center, AIST,
Jun 26 08:45:06.024 INFO: manager:   All right reserved.
Jun 26 08:45:06.024 INFO: manager: Manager starting.
Jun 26 08:45:06.024 INFO: manager: Starting local logging.
Jun 26 08:45:06.046 INFO: NamingOnCorba: Endpoint for the CORBA naming service (localhost) is 127.0.0.1.
Jun 26 08:45:06.046 INFO: NamingManager: NameServer connection succeeded: corba/localhost
Jun 26 08:45:06.053 INFO: ManagerServant: Named manager reference (INS) was successfully created.
Jun 26 08:45:10.166 WARNING: ManagerServant: Master manager not found
Jun 26 08:45:10.168 INFO: LocalServiceAdmin: All the local services are enabled.
Jun 26 08:45:10.191 INFO: ec_base: setRate(1000000.000000) done
Jun 26 08:45:10.191 INFO: ec_base: setRate(1000.000000) done
Jun 26 08:45:10.192 INFO: Dynamixel0: 1 execution context was created.
Jun 26 08:45:10.193 INFO: Dynamixel0: onInitialize()
Jun 26 08:45:10.219 INFO: Dynamixel0: Initial active configuration set is default.
Jun 26 08:45:21.011 WARNING: SdoServiceAdmin: No available SDO service in the factory: 
Jun 26 08:45:24.415 INFO: ManagerServant: Master manager not found
Jun 26 08:45:28.440 INFO: Dynamixel0: onActivated()
Jun 26 08:45:28.595 INFO: Dynamixel0: m_initialPosition: 512, 
Jun 26 08:45:28.595 INFO: Dynamixel0: m_initialSpeed: 30, 
Jun 26 08:45:28.653 INFO: Dynamixel0: 全アクチュエータのトルク制限を最大に設定
Jun 26 08:45:28.653 INFO: Dynamixel0: onDeactivated()
Jun 26 08:45:28.653 INFO: Dynamixel0: onAborting()
Jun 26 08:45:28.666 ERROR: ec_base: State of the RTC transitioned to ERROR_STATE.
Jun 26 08:45:34.423 INFO: ManagerServant: Master manager not found
