Jun 26 08:46:33.759 INFO: manager: 2.0.1
Jun 26 08:46:33.759 INFO: manager: Copyright (C) 2003-2022, Noriaki Ando and OpenRTM development team,
Jun 26 08:46:33.759 INFO: manager:   Intelligent Systems Research Institute, AIST,
Jun 26 08:46:33.759 INFO: manager: Copyright (C) 2022, Noriaki Ando and OpenRTM development team,
Jun 26 08:46:33.759 INFO: manager:   Industrial Cyber-Physical Research Center, AIST,
Jun 26 08:46:33.759 INFO: manager:   All right reserved.
Jun 26 08:46:33.759 INFO: manager: Manager starting.
Jun 26 08:46:33.759 INFO: manager: Starting local logging.
Jun 26 08:46:33.770 INFO: NamingOnCorba: Endpoint for the CORBA naming service (localhost) is 127.0.0.1.
Jun 26 08:46:33.771 INFO: NamingManager: NameServer connection succeeded: corba/localhost
Jun 26 08:46:33.775 INFO: ManagerServant: Named manager reference (INS) was successfully created.
Jun 26 08:46:37.904 WARNING: ManagerServant: Master manager not found
Jun 26 08:46:37.906 INFO: LocalServiceAdmin: All the local services are enabled.
Jun 26 08:46:37.930 INFO: ec_base: setRate(1000000.000000) done
Jun 26 08:46:37.930 INFO: ec_base: setRate(1000.000000) done
Jun 26 08:46:37.930 INFO: Dynamixel0: 1 execution context was created.
Jun 26 08:46:37.931 INFO: Dynamixel0: onInitialize()
Jun 26 08:46:37.947 INFO: Dynamixel0: Initial active configuration set is default.
Jun 26 08:46:50.597 ERROR: ec_worker: State of the RTC is not ACTIVE_STATE.
Jun 26 08:46:51.804 INFO: Dynamixel0: onActivated()
Jun 26 08:46:51.942 INFO: Dynamixel0: m_initialPosition: 512, 
Jun 26 08:46:51.943 INFO: Dynamixel0: m_initialSpeed: 30, 
Jun 26 08:46:52.101 INFO: ManagerServant: Master manager not found
Jun 26 08:47:02.110 INFO: ManagerServant: Master manager not found
