Jun 26 07:46:48.809 INFO: manager: 2.0.1
Jun 26 07:46:48.810 INFO: manager: Copyright (C) 2003-2022, Noriaki Ando and OpenRTM development team,
Jun 26 07:46:48.810 INFO: manager:   Intelligent Systems Research Institute, AIST,
Jun 26 07:46:48.810 INFO: manager: Copyright (C) 2022, Noriaki Ando and OpenRTM development team,
Jun 26 07:46:48.810 INFO: manager:   Industrial Cyber-Physical Research Center, AIST,
Jun 26 07:46:48.810 INFO: manager:   All right reserved.
Jun 26 07:46:48.810 INFO: manager: Manager starting.
Jun 26 07:46:48.810 INFO: manager: Starting local logging.
Jun 26 07:46:48.832 INFO: NamingOnCorba: Endpoint for the CORBA naming service (localhost) is 127.0.0.1.
Jun 26 07:46:48.832 INFO: NamingManager: NameServer connection succeeded: corba/localhost
Jun 26 07:46:48.840 INFO: ManagerServant: Named manager reference (INS) was successfully created.
Jun 26 07:46:52.956 WARNING: ManagerServant: Master manager not found
Jun 26 07:46:52.958 INFO: LocalServiceAdmin: All the local services are enabled.
Jun 26 07:46:52.980 INFO: ec_base: setRate(1000000.000000) done
Jun 26 07:46:52.980 INFO: ec_base: setRate(1000.000000) done
Jun 26 07:46:52.981 INFO: Dynamixel0: 1 execution context was created.
Jun 26 07:46:52.981 INFO: Dynamixel0: onInitialize()
Jun 26 07:46:53.009 INFO: Dynamixel0: Initial active configuration set is default.
Jun 26 07:47:02.158 INFO: Dynamixel0: onActivated()
Jun 26 07:47:02.159 ERROR: Dynamixel0: シリアルポートのオープンに失敗
Jun 26 07:47:02.159 INFO: Dynamixel0: onDeactivated()
Jun 26 07:47:02.159 INFO: Dynamixel0: onAborting()
Jun 26 07:47:02.167 ERROR: ec_base: State of the RTC transitioned to ERROR_STATE.
Jun 26 07:47:06.074 ERROR: ec_worker: State of the RTC is not ACTIVE_STATE.
Jun 26 07:47:07.055 ERROR: ec_worker: State of the RTC is not ACTIVE_STATE.
Jun 26 07:47:07.128 INFO: ManagerServant: Master manager not found
