Jun 26 12:14:12.602 INFO: manager: 2.0.1
Jun 26 12:14:12.602 INFO: manager: Copyright (C) 2003-2022, Noriaki Ando and OpenRTM development team,
Jun 26 12:14:12.602 INFO: manager:   Intelligent Systems Research Institute, AIST,
Jun 26 12:14:12.602 INFO: manager: Copyright (C) 2022, Noriaki Ando and OpenRTM development team,
Jun 26 12:14:12.602 INFO: manager:   Industrial Cyber-Physical Research Center, AIST,
Jun 26 12:14:12.602 INFO: manager:   All right reserved.
Jun 26 12:14:12.602 INFO: manager: Manager starting.
Jun 26 12:14:12.602 INFO: manager: Starting local logging.
Jun 26 12:14:12.622 INFO: NamingOnCorba: Endpoint for the CORBA naming service (localhost) is 127.0.0.1.
Jun 26 12:14:12.622 INFO: NamingManager: NameServer connection succeeded: corba/localhost
Jun 26 12:14:12.631 INFO: ManagerServant: Named manager reference (INS) was successfully created.
Jun 26 12:14:16.738 WARNING: ManagerServant: Master manager not found
Jun 26 12:14:16.741 INFO: LocalServiceAdmin: All the local services are enabled.
Jun 26 12:14:16.765 INFO: ec_base: setRate(1000000.000000) done
Jun 26 12:14:16.765 INFO: ec_base: setRate(1000.000000) done
Jun 26 12:14:16.766 INFO: Dynamixel0: 1 execution context was created.
Jun 26 12:14:16.767 INFO: Dynamixel0: onInitialize()
Jun 26 12:14:16.796 INFO: Dynamixel0: Initial active configuration set is default.
Jun 26 12:14:27.563 INFO: Dynamixel0: onActivated()
Jun 26 12:14:27.564 ERROR: Dynamixel0: シリアルポートのオープンに失敗
Jun 26 12:14:27.564 INFO: Dynamixel0: onDeactivated()
Jun 26 12:14:27.564 INFO: Dynamixel0: onAborting()
Jun 26 12:14:27.568 ERROR: ec_base: State of the RTC transitioned to ERROR_STATE.
Jun 26 12:14:30.907 INFO: ManagerServant: Master manager not found
Jun 26 12:14:31.668 WARNING: SdoServiceAdmin: No available SDO service in the factory: 
