Jun 26 11:51:14.109 INFO: manager: 2.0.1
Jun 26 11:51:14.110 INFO: manager: Copyright (C) 2003-2022, Noriaki Ando and OpenRTM development team,
Jun 26 11:51:14.110 INFO: manager:   Intelligent Systems Research Institute, AIST,
Jun 26 11:51:14.110 INFO: manager: Copyright (C) 2022, Noriaki Ando and OpenRTM development team,
Jun 26 11:51:14.110 INFO: manager:   Industrial Cyber-Physical Research Center, AIST,
Jun 26 11:51:14.111 INFO: manager:   All right reserved.
Jun 26 11:51:14.111 INFO: manager: Manager starting.
Jun 26 11:51:14.111 INFO: manager: Starting local logging.
Jun 26 11:51:14.133 INFO: NamingOnCorba: Endpoint for the CORBA naming service (localhost) is 127.0.0.1.
Jun 26 11:51:14.133 INFO: NamingManager: NameServer connection succeeded: corba/localhost
Jun 26 11:51:14.161 INFO: ManagerServant: Named manager reference (INS) was successfully created.
Jun 26 11:51:18.215 WARNING: ManagerServant: Master manager not found
Jun 26 11:51:18.216 INFO: LocalServiceAdmin: All the local services are enabled.
Jun 26 11:51:18.227 INFO: ec_base: setRate(1000000.000000) done
Jun 26 11:51:18.228 INFO: ec_base: setRate(1000.000000) done
Jun 26 11:51:18.228 INFO: Dynamixel0: 1 execution context was created.
Jun 26 11:51:18.228 INFO: Dynamixel0: onInitialize()
Jun 26 11:51:18.247 INFO: Dynamixel0: Initial active configuration set is default.
Jun 26 11:51:26.631 WARNING: SdoServiceAdmin: No available SDO service in the factory: 
Jun 26 11:51:32.393 INFO: ManagerServant: Master manager not found
Jun 26 11:51:42.381 INFO: ManagerServant: Master manager not found
Jun 26 11:51:43.087 INFO: Dynamixel0: onActivated()
Jun 26 11:51:43.235 INFO: Dynamixel0: m_initialPosition: 512, 
Jun 26 11:51:43.236 INFO: Dynamixel0: m_initialSpeed: 100, 
Jun 26 11:51:43.298 INFO: Dynamixel0: onDeactivated()
Jun 26 11:51:43.298 INFO: Dynamixel0: onAborting()
Jun 26 11:51:43.302 ERROR: ec_base: State of the RTC transitioned to ERROR_STATE.
Jun 26 11:51:52.386 INFO: ManagerServant: Master manager not found
Jun 26 11:52:02.398 INFO: ManagerServant: Master manager not found
Jun 26 11:52:12.464 INFO: ManagerServant: Master manager not found
Jun 26 11:52:22.463 INFO: ManagerServant: Master manager not found
Jun 26 11:52:32.518 INFO: ManagerServant: Master manager not found
