Jul 21 16:35:09.111 INFO: manager: 2.0.1
Jul 21 16:35:09.112 INFO: manager: Copyright (C) 2003-2022, Noriaki Ando and OpenRTM development team,
Jul 21 16:35:09.112 INFO: manager:   Intelligent Systems Research Institute, AIST,
Jul 21 16:35:09.112 INFO: manager: Copyright (C) 2022, Noriaki Ando and OpenRTM development team,
Jul 21 16:35:09.112 INFO: manager:   Industrial Cyber-Physical Research Center, AIST,
Jul 21 16:35:09.112 INFO: manager:   All right reserved.
Jul 21 16:35:09.112 INFO: manager: Manager starting.
Jul 21 16:35:09.112 INFO: manager: Starting local logging.
Jul 21 16:35:09.130 INFO: NamingOnCorba: Endpoint for the CORBA naming service (localhost) is 127.0.0.1.
Jul 21 16:35:09.130 INFO: NamingManager: NameServer connection succeeded: corba/localhost
Jul 21 16:35:09.137 INFO: ManagerServant: Named manager reference (INS) was successfully created.
Jul 21 16:35:13.274 WARNING: ManagerServant: Master manager not found
Jul 21 16:35:13.277 INFO: LocalServiceAdmin: All the local services are enabled.
Jul 21 16:35:13.325 INFO: ec_base: setRate(1000000.000000) done
Jul 21 16:35:13.326 INFO: ec_base: setRate(1000.000000) done
Jul 21 16:35:13.328 INFO: Dynamixel0: 1 execution context was created.
Jul 21 16:35:13.329 INFO: Dynamixel0: onInitialize()
Jul 21 16:35:13.354 INFO: Dynamixel0: Initial active configuration set is default.
Jul 21 16:35:27.476 INFO: ManagerServant: Master manager not found
Jul 21 16:35:37.564 INFO: ManagerServant: Master manager not found
Jul 21 16:35:47.670 INFO: ManagerServant: Master manager not found
Jul 21 16:35:58.320 INFO: ManagerServant: Master manager not found
Jul 21 16:36:08.502 INFO: ManagerServant: Master manager not found
Jul 21 16:36:17.941 INFO: ManagerServant: Master manager not found
Jul 21 16:36:28.004 INFO: ManagerServant: Master manager not found
Jul 21 16:36:30.457 INFO: Dynamixel0: onActivated()
Jul 21 16:36:30.603 INFO: Dynamixel0: m_initialPosition: 512, 512, 512, 512, 512, 
Jul 21 16:36:30.605 INFO: Dynamixel0: m_initialSpeed: 100, 100, 100, 100, 100, 
Jul 21 16:36:38.107 INFO: ManagerServant: Master manager not found
Jul 21 16:36:48.215 INFO: ManagerServant: Master manager not found
Jul 21 16:36:58.279 INFO: ManagerServant: Master manager not found
Jul 21 16:37:09.165 INFO: ManagerServant: Master manager not found
Jul 21 16:37:18.356 INFO: ManagerServant: Master manager not found
Jul 21 16:37:28.059 INFO: Dynamixel0: onDeactivated()
Jul 21 16:37:28.383 INFO: ManagerServant: Master manager not found
Jul 21 16:37:38.408 INFO: ManagerServant: Master manager not found
Jul 21 16:37:48.831 INFO: ManagerServant: Master manager not found
Jul 21 16:37:58.516 INFO: ManagerServant: Master manager not found
Jul 21 16:38:08.528 INFO: ManagerServant: Master manager not found
Jul 21 16:38:18.568 INFO: ManagerServant: Master manager not found
Jul 21 16:38:28.604 INFO: ManagerServant: Master manager not found
Jul 21 16:38:38.636 INFO: ManagerServant: Master manager not found
Jul 21 16:38:39.977 WARNING: goalPosition: Dead connection: e430c25d-7d64-4f06-901b-abeed7297cb7
Jul 21 16:38:46.104 WARNING: goalPosition: Exception caught: minor code(1096024066).
Jul 21 16:38:48.700 INFO: ManagerServant: Master manager not found
Jul 21 16:38:52.874 WARNING: movingSpeed: Dead connection: 61744c6a-fa78-4c72-9fed-1bd7e44ad290
Jul 21 16:38:59.477 INFO: ManagerServant: Master manager not found
Jul 21 16:38:59.867 WARNING: movingSpeed: Exception caught: minor code.
Jul 21 16:39:09.771 INFO: ManagerServant: Master manager not found
Jul 21 16:39:19.879 INFO: ManagerServant: Master manager not found
Jul 21 16:39:29.735 INFO: ManagerServant: Master manager not found
Jul 21 16:39:39.608 INFO: ManagerServant: Master manager not found
Jul 21 16:39:47.319 INFO: Dynamixel0: onActivated()
Jul 21 16:39:47.322 INFO: Dynamixel0: m_initialPosition: 512, 512, 512, 512, 512, 
Jul 21 16:39:47.323 INFO: Dynamixel0: m_initialSpeed: 100, 100, 100, 100, 100, 
Jul 21 16:39:49.367 INFO: ManagerServant: Master manager not found
