Jun 26 08:08:51.734 INFO: manager: 2.0.1
Jun 26 08:08:51.734 INFO: manager: Copyright (C) 2003-2022, Noriaki Ando and OpenRTM development team,
Jun 26 08:08:51.735 INFO: manager:   Intelligent Systems Research Institute, AIST,
Jun 26 08:08:51.735 INFO: manager: Copyright (C) 2022, Noriaki Ando and OpenRTM development team,
Jun 26 08:08:51.735 INFO: manager:   Industrial Cyber-Physical Research Center, AIST,
Jun 26 08:08:51.735 INFO: manager:   All right reserved.
Jun 26 08:08:51.735 INFO: manager: Manager starting.
Jun 26 08:08:51.735 INFO: manager: Starting local logging.
Jun 26 08:08:51.754 INFO: NamingOnCorba: Endpoint for the CORBA naming service (localhost) is 127.0.0.1.
Jun 26 08:08:51.754 INFO: NamingManager: NameServer connection succeeded: corba/localhost
Jun 26 08:08:51.763 INFO: ManagerServant: Named manager reference (INS) was successfully created.
Jun 26 08:08:55.847 WARNING: ManagerServant: Master manager not found
Jun 26 08:08:55.849 INFO: LocalServiceAdmin: All the local services are enabled.
Jun 26 08:08:55.871 INFO: ec_base: setRate(1000000.000000) done
Jun 26 08:08:55.871 INFO: ec_base: setRate(1000.000000) done
Jun 26 08:08:55.872 INFO: Dynamixel0: 1 execution context was created.
Jun 26 08:08:55.873 INFO: Dynamixel0: onInitialize()
Jun 26 08:08:55.899 INFO: Dynamixel0: Initial active configuration set is default.
Jun 26 08:09:01.488 INFO: Dynamixel0: onActivated()
Jun 26 08:09:01.639 INFO: Dynamixel0: m_initialPosition: 512, 
Jun 26 08:09:01.640 INFO: Dynamixel0: m_initialSpeed: 30, 
Jun 26 08:09:01.685 INFO: Dynamixel0: 全アクチュエータのトルク制限を最大に設定
Jun 26 08:09:01.685 INFO: Dynamixel0: onDeactivated()
Jun 26 08:09:01.685 INFO: Dynamixel0: onAborting()
Jun 26 08:09:01.698 ERROR: ec_base: State of the RTC transitioned to ERROR_STATE.
Jun 26 08:09:10.031 INFO: ManagerServant: Master manager not found
Jun 26 08:09:20.114 INFO: ManagerServant: Master manager not found
Jun 26 08:09:30.165 INFO: ManagerServant: Master manager not found
Jun 26 08:09:40.179 INFO: ManagerServant: Master manager not found
Jun 26 08:09:50.189 INFO: ManagerServant: Master manager not found
Jun 26 08:10:00.336 INFO: ManagerServant: Master manager not found
Jun 26 08:10:10.366 INFO: ManagerServant: Master manager not found
Jun 26 08:10:20.370 INFO: ManagerServant: Master manager not found
Jun 26 08:10:30.479 INFO: ManagerServant: Master manager not found
Jun 26 08:10:40.570 INFO: ManagerServant: Master manager not found
Jun 26 08:10:50.653 INFO: ManagerServant: Master manager not found
Jun 26 08:11:00.776 INFO: ManagerServant: Master manager not found
Jun 26 08:11:10.886 INFO: ManagerServant: Master manager not found
Jun 26 08:11:20.880 INFO: ManagerServant: Master manager not found
Jun 26 08:11:30.896 INFO: ManagerServant: Master manager not found
Jun 26 08:11:40.930 INFO: ManagerServant: Master manager not found
Jun 26 08:11:50.993 INFO: ManagerServant: Master manager not found
Jun 26 08:12:01.084 INFO: ManagerServant: Master manager not found
Jun 26 08:12:11.100 INFO: ManagerServant: Master manager not found
Jun 26 08:12:21.131 INFO: ManagerServant: Master manager not found
Jun 26 08:12:31.125 INFO: ManagerServant: Master manager not found
Jun 26 08:12:41.128 INFO: ManagerServant: Master manager not found
Jun 26 08:12:51.233 INFO: ManagerServant: Master manager not found
Jun 26 08:13:01.266 INFO: ManagerServant: Master manager not found
Jun 26 08:13:11.295 INFO: ManagerServant: Master manager not found
Jun 26 08:13:21.325 INFO: ManagerServant: Master manager not found
Jun 26 08:13:31.355 INFO: ManagerServant: Master manager not found
Jun 26 08:13:41.320 INFO: ManagerServant: Master manager not found
Jun 26 08:13:51.420 INFO: ManagerServant: Master manager not found
Jun 26 08:14:01.543 INFO: ManagerServant: Master manager not found
