Jul 23 12:22:11.709 INFO: manager: 2.0.1
Jul 23 12:22:11.710 INFO: manager: Copyright (C) 2003-2022, Noriaki Ando and OpenRTM development team,
Jul 23 12:22:11.710 INFO: manager:   Intelligent Systems Research Institute, AIST,
Jul 23 12:22:11.710 INFO: manager: Copyright (C) 2022, Noriaki Ando and OpenRTM development team,
Jul 23 12:22:11.710 INFO: manager:   Industrial Cyber-Physical Research Center, AIST,
Jul 23 12:22:11.711 INFO: manager:   All right reserved.
Jul 23 12:22:11.711 INFO: manager: Manager starting.
Jul 23 12:22:11.711 INFO: manager: Starting local logging.
Jul 23 12:22:11.758 INFO: NamingOnCorba: Endpoint for the CORBA naming service (localhost) is 127.0.0.1.
Jul 23 12:22:11.758 INFO: NamingManager: NameServer connection succeeded: corba/localhost
Jul 23 12:22:11.769 INFO: ManagerServant: Named manager reference (INS) was successfully created.
Jul 23 12:22:15.865 WARNING: ManagerServant: Master manager not found
Jul 23 12:22:15.868 INFO: LocalServiceAdmin: All the local services are enabled.
Jul 23 12:22:15.891 INFO: ec_base: setRate(1000000.000000) done
Jul 23 12:22:15.892 INFO: ec_base: setRate(1000.000000) done
Jul 23 12:22:15.892 INFO: Dynamixel0: 1 execution context was created.
Jul 23 12:22:15.892 INFO: Dynamixel0: onInitialize()
Jul 23 12:22:15.918 INFO: Dynamixel0: Initial active configuration set is default.
Jul 23 12:22:30.162 INFO: ManagerServant: Master manager not found
Jul 23 12:22:30.774 INFO: ec_base: setRate(1000.000000) done
Jul 23 12:22:40.252 INFO: ManagerServant: Master manager not found
Jul 23 12:22:50.334 INFO: ManagerServant: Master manager not found
Jul 23 12:22:51.989 INFO: Dynamixel0: onActivated()
Jul 23 12:22:52.152 INFO: Dynamixel0: m_initialPosition: 512, 512, 512, 512, 
Jul 23 12:22:52.152 INFO: Dynamixel0: m_initialSpeed: 100, 100, 100, 100, 
Jul 23 12:23:00.384 INFO: ManagerServant: Master manager not found
Jul 23 12:23:10.476 INFO: ManagerServant: Master manager not found
Jul 23 12:23:19.333 WARNING: SdoServiceAdmin: No available SDO service in the factory: 
Jul 23 12:23:20.562 INFO: ManagerServant: Master manager not found
Jul 23 12:23:30.625 INFO: ManagerServant: Master manager not found
Jul 23 12:23:30.879 INFO: Dynamixel0: onDeactivated()
Jul 23 12:23:40.716 INFO: ManagerServant: Master manager not found
Jul 23 12:23:43.368 INFO: Dynamixel0: onActivated()
Jul 23 12:23:43.369 INFO: Dynamixel0: m_initialPosition: 512, 512, 512, 512, 512, 
Jul 23 12:23:43.369 INFO: Dynamixel0: m_initialSpeed: 100, 100, 100, 100, 100, 
