Jul 04 11:38:54.547 INFO: manager: 2.0.1
Jul 04 11:38:54.547 INFO: manager: Copyright (C) 2003-2022, Noriaki Ando and OpenRTM development team,
Jul 04 11:38:54.547 INFO: manager:   Intelligent Systems Research Institute, AIST,
Jul 04 11:38:54.547 INFO: manager: Copyright (C) 2022, Noriaki Ando and OpenRTM development team,
Jul 04 11:38:54.547 INFO: manager:   Industrial Cyber-Physical Research Center, AIST,
Jul 04 11:38:54.548 INFO: manager:   All right reserved.
Jul 04 11:38:54.548 INFO: manager: Manager starting.
Jul 04 11:38:54.548 INFO: manager: Starting local logging.
Jul 04 11:38:54.570 INFO: NamingOnCorba: Endpoint for the CORBA naming service (localhost) is 127.0.0.1.
Jul 04 11:38:54.570 INFO: NamingManager: NameServer connection succeeded: corba/localhost
Jul 04 11:38:54.581 INFO: ManagerServant: Named manager reference (INS) was successfully created.
Jul 04 11:38:58.661 WARNING: ManagerServant: Master manager not found
Jul 04 11:38:58.663 INFO: LocalServiceAdmin: All the local services are enabled.
Jul 04 11:38:58.681 INFO: ec_base: setRate(1000000.000000) done
Jul 04 11:38:58.682 INFO: ec_base: setRate(1000.000000) done
Jul 04 11:38:58.682 INFO: Dynamixel0: 1 execution context was created.
Jul 04 11:38:58.682 INFO: Dynamixel0: onInitialize()
Jul 04 11:38:58.697 INFO: Dynamixel0: Initial active configuration set is default.
Jul 04 11:39:05.678 WARNING: SdoServiceAdmin: No available SDO service in the factory: 
Jul 04 11:39:12.886 INFO: ManagerServant: Master manager not found
Jul 04 11:39:13.991 INFO: Dynamixel0: onActivated()
Jul 04 11:39:14.146 INFO: Dynamixel0: m_initialPosition: 512, 512, 512, 512, 
Jul 04 11:39:14.147 INFO: Dynamixel0: m_initialSpeed: 100, 100, 100, 100, 
Jul 04 11:39:22.881 INFO: ManagerServant: Master manager not found
Jul 04 11:39:24.572 INFO: Dynamixel0: onDeactivated()
Jul 04 11:39:24.572 INFO: Dynamixel0: onAborting()
Jul 04 11:39:32.979 INFO: ManagerServant: Master manager not found
Jul 04 11:39:37.369 ERROR: ec_worker: State of the RTC is not ACTIVE_STATE.
