Jul 17 06:11:51.045 INFO: manager: 2.0.1
Jul 17 06:11:51.045 INFO: manager: Copyright (C) 2003-2022, Noriaki Ando and OpenRTM development team,
Jul 17 06:11:51.046 INFO: manager:   Intelligent Systems Research Institute, AIST,
Jul 17 06:11:51.046 INFO: manager: Copyright (C) 2022, Noriaki Ando and OpenRTM development team,
Jul 17 06:11:51.046 INFO: manager:   Industrial Cyber-Physical Research Center, AIST,
Jul 17 06:11:51.046 INFO: manager:   All right reserved.
Jul 17 06:11:51.046 INFO: manager: Manager starting.
Jul 17 06:11:51.046 INFO: manager: Starting local logging.
Jul 17 06:11:51.070 INFO: NamingOnCorba: Endpoint for the CORBA naming service (localhost) is 127.0.0.1.
Jul 17 06:11:51.070 INFO: NamingManager: NameServer connection succeeded: corba/localhost
Jul 17 06:11:51.083 INFO: ManagerServant: Named manager reference (INS) was successfully created.
Jul 17 06:11:51.086 INFO: ManagerServant: Master manager found: localhost:2810
Jul 17 06:11:51.087 INFO: ManagerServant: Adding this manager to this manager.
Jul 17 06:11:51.087 INFO: ManagerServant: Register this manager to master manager.
Jul 17 06:11:51.088 INFO: ManagerServant: Slave manager servant was successfully created.
Jul 17 06:11:51.094 INFO: LocalServiceAdmin: All the local services are enabled.
Jul 17 06:11:51.133 INFO: ec_base: setRate(1000000.000000) done
Jul 17 06:11:51.133 INFO: ec_base: setRate(1000.000000) done
Jul 17 06:11:51.135 INFO: Dynamixel0: 1 execution context was created.
Jul 17 06:11:51.136 INFO: Dynamixel0: onInitialize()
Jul 17 06:11:51.154 INFO: Dynamixel0: Initial active configuration set is default.
Jul 17 06:12:02.515 INFO: Dynamixel0: onActivated()
Jul 17 06:12:02.517 ERROR: Dynamixel0: シリアルポートのオープンに失敗
Jul 17 06:12:02.517 INFO: Dynamixel0: onDeactivated()
Jul 17 06:12:02.518 INFO: Dynamixel0: onAborting()
Jul 17 06:12:02.527 ERROR: ec_base: State of the RTC transitioned to ERROR_STATE.
Jul 17 06:12:06.508 ERROR: ec_worker: State of the RTC is not ACTIVE_STATE.
