Jul 21 17:08:18.718 INFO: manager: 2.0.1
Jul 21 17:08:18.719 INFO: manager: Copyright (C) 2003-2022, Noriaki Ando and OpenRTM development team,
Jul 21 17:08:18.719 INFO: manager:   Intelligent Systems Research Institute, AIST,
Jul 21 17:08:18.719 INFO: manager: Copyright (C) 2022, Noriaki Ando and OpenRTM development team,
Jul 21 17:08:18.720 INFO: manager:   Industrial Cyber-Physical Research Center, AIST,
Jul 21 17:08:18.720 INFO: manager:   All right reserved.
Jul 21 17:08:18.720 INFO: manager: Manager starting.
Jul 21 17:08:18.726 INFO: manager: Starting local logging.
Jul 21 17:08:18.827 INFO: NamingOnCorba: Endpoint for the CORBA naming service (localhost) is 127.0.0.1.
Jul 21 17:08:18.827 INFO: NamingManager: NameServer connection succeeded: corba/localhost
Jul 21 17:08:18.933 INFO: ManagerServant: Named manager reference (INS) was successfully created.
Jul 21 17:08:23.063 WARNING: ManagerServant: Master manager not found
Jul 21 17:08:23.065 INFO: LocalServiceAdmin: All the local services are enabled.
Jul 21 17:08:23.080 INFO: ec_base: setRate(1000000.000000) done
Jul 21 17:08:23.080 INFO: ec_base: setRate(1000.000000) done
Jul 21 17:08:23.081 INFO: Dynamixel0: 1 execution context was created.
Jul 21 17:08:23.081 INFO: Dynamixel0: onInitialize()
Jul 21 17:08:23.102 INFO: Dynamixel0: Initial active configuration set is default.
Jul 21 17:08:35.850 INFO: Dynamixel0: onActivated()
Jul 21 17:08:35.994 INFO: Dynamixel0: m_initialPosition: 512, 512, 512, 512, 512, 
Jul 21 17:08:35.994 INFO: Dynamixel0: m_initialSpeed: 100, 100, 100, 100, 100, 
Jul 21 17:08:37.240 INFO: ManagerServant: Master manager not found
Jul 21 17:08:47.233 INFO: ManagerServant: Master manager not found
Jul 21 17:08:57.372 INFO: ManagerServant: Master manager not found
Jul 21 17:09:07.450 INFO: ManagerServant: Master manager not found
Jul 21 17:09:17.462 INFO: ManagerServant: Master manager not found
Jul 21 17:09:27.491 INFO: ManagerServant: Master manager not found
Jul 21 17:09:35.371 INFO: Dynamixel0: onDeactivated()
Jul 21 17:09:37.463 INFO: ManagerServant: Master manager not found
Jul 21 17:09:41.289 WARNING: SdoServiceAdmin: No available SDO service in the factory: 
Jul 21 17:09:47.537 INFO: ManagerServant: Master manager not found
