Jul 04 11:37:42.230 INFO: manager: 2.0.1
Jul 04 11:37:42.230 INFO: manager: Copyright (C) 2003-2022, Noriaki Ando and OpenRTM development team,
Jul 04 11:37:42.230 INFO: manager:   Intelligent Systems Research Institute, AIST,
Jul 04 11:37:42.231 INFO: manager: Copyright (C) 2022, Noriaki Ando and OpenRTM development team,
Jul 04 11:37:42.231 INFO: manager:   Industrial Cyber-Physical Research Center, AIST,
Jul 04 11:37:42.231 INFO: manager:   All right reserved.
Jul 04 11:37:42.231 INFO: manager: Manager starting.
Jul 04 11:37:42.231 INFO: manager: Starting local logging.
Jul 04 11:37:42.250 INFO: NamingOnCorba: Endpoint for the CORBA naming service (localhost) is 127.0.0.1.
Jul 04 11:37:42.250 INFO: NamingManager: NameServer connection succeeded: corba/localhost
Jul 04 11:37:42.255 INFO: ManagerServant: Named manager reference (INS) was successfully created.
Jul 04 11:37:46.338 WARNING: ManagerServant: Master manager not found
Jul 04 11:37:46.340 INFO: LocalServiceAdmin: All the local services are enabled.
Jul 04 11:37:46.354 INFO: ec_base: setRate(1000000.000000) done
Jul 04 11:37:46.355 INFO: ec_base: setRate(1000.000000) done
Jul 04 11:37:46.355 INFO: Dynamixel0: 1 execution context was created.
Jul 04 11:37:46.355 INFO: Dynamixel0: onInitialize()
Jul 04 11:37:46.385 INFO: Dynamixel0: Initial active configuration set is default.
Jul 04 11:37:50.446 WARNING: SdoServiceAdmin: No available SDO service in the factory: 
Jul 04 11:38:00.513 INFO: ManagerServant: Master manager not found
Jul 04 11:38:10.639 INFO: ManagerServant: Master manager not found
Jul 04 11:38:18.893 INFO: Dynamixel0: onActivated()
Jul 04 11:38:19.027 INFO: Dynamixel0: m_initialPosition: 512, 512, 
Jul 04 11:38:19.028 INFO: Dynamixel0: m_initialSpeed: 100, 100, 
Jul 04 11:38:20.607 INFO: ManagerServant: Master manager not found
Jul 04 11:38:23.823 INFO: Dynamixel0: onDeactivated()
Jul 04 11:38:30.422 INFO: Dynamixel0: onActivated()
Jul 04 11:38:30.422 INFO: Dynamixel0: m_initialPosition: 512, 512, 512, 512, 
Jul 04 11:38:30.422 INFO: Dynamixel0: m_initialSpeed: 100, 100, 100, 100, 
Jul 04 11:38:30.749 INFO: ManagerServant: Master manager not found
