Jul 05 05:23:46.419 INFO: manager: 2.0.1
Jul 05 05:23:46.421 INFO: manager: Copyright (C) 2003-2022, Noriaki Ando and OpenRTM development team,
Jul 05 05:23:46.422 INFO: manager:   Intelligent Systems Research Institute, AIST,
Jul 05 05:23:46.422 INFO: manager: Copyright (C) 2022, Noriaki Ando and OpenRTM development team,
Jul 05 05:23:46.423 INFO: manager:   Industrial Cyber-Physical Research Center, AIST,
Jul 05 05:23:46.424 INFO: manager:   All right reserved.
Jul 05 05:23:46.425 INFO: manager: Manager starting.
Jul 05 05:23:46.425 INFO: manager: Starting local logging.
Jul 05 05:23:46.574 INFO: NamingOnCorba: Endpoint for the CORBA naming service (localhost) is 127.0.0.1.
Jul 05 05:23:46.579 INFO: NamingManager: NameServer connection succeeded: corba/localhost
Jul 05 05:23:46.733 INFO: ManagerServant: Named manager reference (INS) was successfully created.
Jul 05 05:23:51.224 WARNING: ManagerServant: Master manager not found
Jul 05 05:23:51.231 INFO: LocalServiceAdmin: All the local services are enabled.
Jul 05 05:23:51.415 INFO: ec_base: setRate(1000000.000000) done
Jul 05 05:23:51.416 INFO: ec_base: setRate(1000.000000) done
Jul 05 05:23:51.425 INFO: Dynamixel0: 1 execution context was created.
Jul 05 05:23:51.429 INFO: Dynamixel0: onInitialize()
Jul 05 05:23:51.708 INFO: Dynamixel0: Initial active configuration set is default.
Jul 05 05:24:06.069 INFO: ManagerServant: Master manager not found
Jul 05 05:24:15.960 INFO: ManagerServant: Master manager not found
Jul 05 05:24:26.009 INFO: ManagerServant: Master manager not found
Jul 05 05:24:36.055 INFO: ManagerServant: Master manager not found
Jul 05 05:24:46.093 INFO: ManagerServant: Master manager not found
Jul 05 05:24:56.096 INFO: ManagerServant: Master manager not found
Jul 05 05:25:06.216 INFO: ManagerServant: Master manager not found
Jul 05 05:25:16.229 INFO: ManagerServant: Master manager not found
Jul 05 05:25:26.264 INFO: ManagerServant: Master manager not found
Jul 05 05:25:35.940 INFO: Dynamixel0: onActivated()
Jul 05 05:25:36.087 INFO: Dynamixel0: m_initialPosition: 512, 512, 
Jul 05 05:25:36.088 INFO: Dynamixel0: m_initialSpeed: 100, 100, 
Jul 05 05:25:36.141 INFO: Dynamixel0: 全アクチュエータのトルク制限を最大に設定
Jul 05 05:25:36.142 INFO: Dynamixel0: onDeactivated()
Jul 05 05:25:36.142 INFO: Dynamixel0: onAborting()
Jul 05 05:25:36.156 ERROR: ec_base: State of the RTC transitioned to ERROR_STATE.
Jul 05 05:25:36.266 INFO: ManagerServant: Master manager not found
Jul 05 05:25:39.766 WARNING: SdoServiceAdmin: No available SDO service in the factory: 
Jul 05 05:25:43.099 ERROR: ec_worker: State of the RTC is not ACTIVE_STATE.
Jul 05 05:25:46.378 INFO: ManagerServant: Master manager not found
