Jun 26 07:40:24.917 INFO: manager: 2.0.1
Jun 26 07:40:24.917 INFO: manager: Copyright (C) 2003-2022, Noriaki Ando and OpenRTM development team,
Jun 26 07:40:24.917 INFO: manager:   Intelligent Systems Research Institute, AIST,
Jun 26 07:40:24.917 INFO: manager: Copyright (C) 2022, Noriaki Ando and OpenRTM development team,
Jun 26 07:40:24.917 INFO: manager:   Industrial Cyber-Physical Research Center, AIST,
Jun 26 07:40:24.917 INFO: manager:   All right reserved.
Jun 26 07:40:24.917 INFO: manager: Manager starting.
Jun 26 07:40:24.917 INFO: manager: Starting local logging.
Jun 26 07:40:24.940 INFO: NamingOnCorba: Endpoint for the CORBA naming service (localhost) is 127.0.0.1.
Jun 26 07:40:24.940 INFO: NamingManager: NameServer connection succeeded: corba/localhost
Jun 26 07:40:24.948 INFO: ManagerServant: Named manager reference (INS) was successfully created.
Jun 26 07:40:29.111 WARNING: ManagerServant: Master manager not found
Jun 26 07:40:29.118 INFO: LocalServiceAdmin: All the local services are enabled.
Jun 26 07:40:29.149 INFO: ec_base: setRate(1000000.000000) done
Jun 26 07:40:29.150 INFO: ec_base: setRate(1000.000000) done
Jun 26 07:40:29.151 INFO: Dynamixel0: 1 execution context was created.
Jun 26 07:40:29.153 INFO: Dynamixel0: onInitialize()
Jun 26 07:40:29.171 INFO: Dynamixel0: Initial active configuration set is default.
Jun 26 07:40:33.452 INFO: Dynamixel0: onActivated()
Jun 26 07:40:33.606 INFO: Dynamixel0: m_initialPosition: 512, 
Jun 26 07:40:33.606 INFO: Dynamixel0: m_initialSpeed: 30, 
Jun 26 07:40:43.331 INFO: ManagerServant: Master manager not found
