Jul 04 11:32:04.564 INFO: manager: 2.0.1
Jul 04 11:32:04.564 INFO: manager: Copyright (C) 2003-2022, Noriaki Ando and OpenRTM development team,
Jul 04 11:32:04.564 INFO: manager:   Intelligent Systems Research Institute, AIST,
Jul 04 11:32:04.564 INFO: manager: Copyright (C) 2022, Noriaki Ando and OpenRTM development team,
Jul 04 11:32:04.564 INFO: manager:   Industrial Cyber-Physical Research Center, AIST,
Jul 04 11:32:04.564 INFO: manager:   All right reserved.
Jul 04 11:32:04.564 INFO: manager: Manager starting.
Jul 04 11:32:04.564 INFO: manager: Starting local logging.
Jul 04 11:32:04.586 INFO: NamingOnCorba: Endpoint for the CORBA naming service (localhost) is 127.0.0.1.
Jul 04 11:32:04.586 INFO: NamingManager: NameServer connection succeeded: corba/localhost
Jul 04 11:32:04.594 INFO: ManagerServant: Named manager reference (INS) was successfully created.
Jul 04 11:32:08.687 WARNING: ManagerServant: Master manager not found
Jul 04 11:32:08.689 INFO: LocalServiceAdmin: All the local services are enabled.
Jul 04 11:32:08.710 INFO: ec_base: setRate(1000000.000000) done
Jul 04 11:32:08.710 INFO: ec_base: setRate(1000.000000) done
Jul 04 11:32:08.711 INFO: Dynamixel0: 1 execution context was created.
Jul 04 11:32:08.712 INFO: Dynamixel0: onInitialize()
Jul 04 11:32:08.735 INFO: Dynamixel0: Initial active configuration set is default.
Jul 04 11:32:22.841 INFO: ManagerServant: Master manager not found
Jul 04 11:32:32.939 INFO: ManagerServant: Master manager not found
Jul 04 11:32:42.944 INFO: ManagerServant: Master manager not found
Jul 04 11:32:44.111 INFO: Dynamixel0: onActivated()
Jul 04 11:32:44.255 INFO: Dynamixel0: m_initialPosition: 512, 512, 512, 512, 
Jul 04 11:32:44.256 INFO: Dynamixel0: m_initialSpeed: 100, 100, 100, 100, 
Jul 04 11:32:44.443 INFO: Dynamixel0: 全アクチュエータのトルク制限を最大に設定
Jul 04 11:32:44.443 INFO: Dynamixel0: onDeactivated()
Jul 04 11:32:44.444 INFO: Dynamixel0: onAborting()
Jul 04 11:32:44.458 ERROR: ec_base: State of the RTC transitioned to ERROR_STATE.
Jul 04 11:32:47.607 WARNING: SdoServiceAdmin: No available SDO service in the factory: 
Jul 04 11:32:52.088 ERROR: ec_worker: State of the RTC is not ACTIVE_STATE.
Jul 04 11:32:52.940 INFO: ManagerServant: Master manager not found
