Jun 26 12:14:56.581 INFO: manager: 2.0.1
Jun 26 12:14:56.581 INFO: manager: Copyright (C) 2003-2022, Noriaki Ando and OpenRTM development team,
Jun 26 12:14:56.581 INFO: manager:   Intelligent Systems Research Institute, AIST,
Jun 26 12:14:56.581 INFO: manager: Copyright (C) 2022, Noriaki Ando and OpenRTM development team,
Jun 26 12:14:56.581 INFO: manager:   Industrial Cyber-Physical Research Center, AIST,
Jun 26 12:14:56.581 INFO: manager:   All right reserved.
Jun 26 12:14:56.581 INFO: manager: Manager starting.
Jun 26 12:14:56.581 INFO: manager: Starting local logging.
Jun 26 12:14:56.609 INFO: NamingOnCorba: Endpoint for the CORBA naming service (localhost) is 127.0.0.1.
Jun 26 12:14:56.609 INFO: NamingManager: NameServer connection succeeded: corba/localhost
Jun 26 12:14:56.618 INFO: ManagerServant: Named manager reference (INS) was successfully created.
Jun 26 12:15:00.793 WARNING: ManagerServant: Master manager not found
Jun 26 12:15:00.815 INFO: LocalServiceAdmin: All the local services are enabled.
Jun 26 12:15:01.047 INFO: ec_base: setRate(1000000.000000) done
Jun 26 12:15:01.047 INFO: ec_base: setRate(1000.000000) done
Jun 26 12:15:01.060 INFO: Dynamixel0: 1 execution context was created.
Jun 26 12:15:01.068 INFO: Dynamixel0: onInitialize()
Jun 26 12:15:01.120 INFO: Dynamixel0: Initial active configuration set is default.
Jun 26 12:15:11.384 INFO: Dynamixel0: onActivated()
Jun 26 12:15:11.526 INFO: Dynamixel0: m_initialPosition: 512, 
Jun 26 12:15:11.527 INFO: Dynamixel0: m_initialSpeed: 100, 
Jun 26 12:15:15.303 INFO: ManagerServant: Master manager not found
Jun 26 12:15:19.136 INFO: Dynamixel0: onDeactivated()
Jun 26 12:15:25.421 INFO: ManagerServant: Master manager not found
