Jul 21 16:15:07.638 INFO: manager: 2.0.1
Jul 21 16:15:07.642 INFO: manager: Copyright (C) 2003-2022, Noriaki Ando and OpenRTM development team,
Jul 21 16:15:07.643 INFO: manager:   Intelligent Systems Research Institute, AIST,
Jul 21 16:15:07.644 INFO: manager: Copyright (C) 2022, Noriaki Ando and OpenRTM development team,
Jul 21 16:15:07.644 INFO: manager:   Industrial Cyber-Physical Research Center, AIST,
Jul 21 16:15:07.645 INFO: manager:   All right reserved.
Jul 21 16:15:07.645 INFO: manager: Manager starting.
Jul 21 16:15:07.646 INFO: manager: Starting local logging.
Jul 21 16:15:07.769 INFO: NamingOnCorba: Endpoint for the CORBA naming service (localhost) is 127.0.0.1.
Jul 21 16:15:07.769 INFO: NamingManager: NameServer connection succeeded: corba/localhost
Jul 21 16:15:07.813 INFO: ManagerServant: Named manager reference (INS) was successfully created.
Jul 21 16:15:07.849 INFO: ManagerServant: Master manager found: localhost:2810
Jul 21 16:15:07.850 INFO: ManagerServant: Adding this manager to this manager.
Jul 21 16:15:07.850 INFO: ManagerServant: Register this manager to master manager.
Jul 21 16:15:07.852 INFO: ManagerServant: Slave manager servant was successfully created.
Jul 21 16:15:07.861 INFO: LocalServiceAdmin: All the local services are enabled.
Jul 21 16:15:08.012 INFO: ec_base: setRate(1000000.000000) done
Jul 21 16:15:08.013 INFO: ec_base: setRate(1000.000000) done
Jul 21 16:15:08.015 INFO: Dynamixel0: 1 execution context was created.
Jul 21 16:15:08.017 INFO: Dynamixel0: onInitialize()
Jul 21 16:15:08.114 INFO: Dynamixel0: Initial active configuration set is default.
Jul 21 16:16:35.864 INFO: Dynamixel0: onActivated()
Jul 21 16:16:36.022 INFO: Dynamixel0: m_initialPosition: 512, 512, 512, 512, 512, 
Jul 21 16:16:36.023 INFO: Dynamixel0: m_initialSpeed: 100, 100, 100, 100, 100, 
