Jul 04 11:47:45.975 INFO: manager: 2.0.1
Jul 04 11:47:45.975 INFO: manager: Copyright (C) 2003-2022, Noriaki Ando and OpenRTM development team,
Jul 04 11:47:45.975 INFO: manager:   Intelligent Systems Research Institute, AIST,
Jul 04 11:47:45.975 INFO: manager: Copyright (C) 2022, Noriaki Ando and OpenRTM development team,
Jul 04 11:47:45.975 INFO: manager:   Industrial Cyber-Physical Research Center, AIST,
Jul 04 11:47:45.975 INFO: manager:   All right reserved.
Jul 04 11:47:45.975 INFO: manager: Manager starting.
Jul 04 11:47:45.976 INFO: manager: Starting local logging.
Jul 04 11:47:45.994 INFO: NamingOnCorba: Endpoint for the CORBA naming service (localhost) is 127.0.0.1.
Jul 04 11:47:45.994 INFO: NamingManager: NameServer connection succeeded: corba/localhost
Jul 04 11:47:46.002 INFO: ManagerServant: Named manager reference (INS) was successfully created.
Jul 04 11:47:50.117 WARNING: ManagerServant: Master manager not found
Jul 04 11:47:50.121 INFO: LocalServiceAdmin: All the local services are enabled.
Jul 04 11:47:50.143 INFO: ec_base: setRate(1000000.000000) done
Jul 04 11:47:50.143 INFO: ec_base: setRate(1000.000000) done
Jul 04 11:47:50.144 INFO: Dynamixel0: 1 execution context was created.
Jul 04 11:47:50.144 INFO: Dynamixel0: onInitialize()
Jul 04 11:47:50.159 INFO: Dynamixel0: Initial active configuration set is default.
Jul 04 11:48:04.310 INFO: ManagerServant: Master manager not found
Jul 04 11:48:14.325 INFO: ManagerServant: Master manager not found
Jul 04 11:48:15.557 WARNING: SdoServiceAdmin: No available SDO service in the factory: 
Jul 04 11:48:24.297 INFO: ManagerServant: Master manager not found
Jul 04 11:48:29.631 INFO: Dynamixel0: onActivated()
Jul 04 11:48:29.768 INFO: Dynamixel0: m_initialPosition: 512, 512, 512, 512, 
Jul 04 11:48:29.768 INFO: Dynamixel0: m_initialSpeed: 100, 100, 100, 100, 
Jul 04 11:48:34.361 INFO: ManagerServant: Master manager not found
Jul 04 11:48:44.443 INFO: ManagerServant: Master manager not found
Jul 04 11:48:54.590 INFO: ManagerServant: Master manager not found
Jul 04 11:49:04.575 INFO: ManagerServant: Master manager not found
Jul 04 11:49:14.693 INFO: ManagerServant: Master manager not found
Jul 04 11:49:16.017 INFO: Dynamixel0: onDeactivated()
Jul 04 11:49:16.017 INFO: Dynamixel0: onAborting()
Jul 04 11:49:24.682 INFO: ManagerServant: Master manager not found
Jul 04 11:49:29.233 ERROR: ec_worker: State of the RTC is not ACTIVE_STATE.
Jul 04 11:49:34.815 INFO: ManagerServant: Master manager not found
Jul 04 11:49:44.806 INFO: ManagerServant: Master manager not found
Jul 04 11:49:46.767 WARNING: SdoServiceAdmin: No available SDO service in the factory: 
