Jun 26 07:42:51.493 INFO: manager: 2.0.1
Jun 26 07:42:51.494 INFO: manager: Copyright (C) 2003-2022, Noriaki Ando and OpenRTM development team,
Jun 26 07:42:51.494 INFO: manager:   Intelligent Systems Research Institute, AIST,
Jun 26 07:42:51.494 INFO: manager: Copyright (C) 2022, Noriaki Ando and OpenRTM development team,
Jun 26 07:42:51.494 INFO: manager:   Industrial Cyber-Physical Research Center, AIST,
Jun 26 07:42:51.494 INFO: manager:   All right reserved.
Jun 26 07:42:51.494 INFO: manager: Manager starting.
Jun 26 07:42:51.494 INFO: manager: Starting local logging.
Jun 26 07:42:51.515 INFO: NamingOnCorba: Endpoint for the CORBA naming service (localhost) is 127.0.0.1.
Jun 26 07:42:51.515 INFO: NamingManager: NameServer connection succeeded: corba/localhost
Jun 26 07:42:51.522 INFO: ManagerServant: Named manager reference (INS) was successfully created.
Jun 26 07:42:55.614 WARNING: ManagerServant: Master manager not found
Jun 26 07:42:55.621 INFO: LocalServiceAdmin: All the local services are enabled.
Jun 26 07:42:55.675 INFO: ec_base: setRate(1000000.000000) done
Jun 26 07:42:55.675 INFO: ec_base: setRate(1000.000000) done
Jun 26 07:42:55.677 INFO: Dynamixel0: 1 execution context was created.
Jun 26 07:42:55.680 INFO: Dynamixel0: onInitialize()
Jun 26 07:42:55.702 INFO: Dynamixel0: Initial active configuration set is default.
Jun 26 07:42:59.712 INFO: Dynamixel0: onActivated()
Jun 26 07:42:59.864 INFO: Dynamixel0: m_initialPosition: 512, 
Jun 26 07:42:59.866 INFO: Dynamixel0: m_initialSpeed: 30, 
Jun 26 07:43:09.864 INFO: ManagerServant: Master manager not found
Jun 26 07:43:10.386 INFO: Dynamixel0: onDeactivated()
Jun 26 07:43:10.392 INFO: Dynamixel0: onFinalize()
