Jun 26 08:08:08.632 INFO: manager: 2.0.1
Jun 26 08:08:08.632 INFO: manager: Copyright (C) 2003-2022, Noriaki Ando and OpenRTM development team,
Jun 26 08:08:08.632 INFO: manager:   Intelligent Systems Research Institute, AIST,
Jun 26 08:08:08.632 INFO: manager: Copyright (C) 2022, Noriaki Ando and OpenRTM development team,
Jun 26 08:08:08.632 INFO: manager:   Industrial Cyber-Physical Research Center, AIST,
Jun 26 08:08:08.632 INFO: manager:   All right reserved.
Jun 26 08:08:08.632 INFO: manager: Manager starting.
Jun 26 08:08:08.632 INFO: manager: Starting local logging.
Jun 26 08:08:08.653 INFO: NamingOnCorba: Endpoint for the CORBA naming service (localhost) is 127.0.0.1.
Jun 26 08:08:08.654 INFO: NamingManager: NameServer connection succeeded: corba/localhost
Jun 26 08:08:08.664 INFO: ManagerServant: Named manager reference (INS) was successfully created.
Jun 26 08:08:12.763 WARNING: ManagerServant: Master manager not found
Jun 26 08:08:12.766 INFO: LocalServiceAdmin: All the local services are enabled.
Jun 26 08:08:12.798 INFO: ec_base: setRate(1000000.000000) done
Jun 26 08:08:12.799 INFO: ec_base: setRate(1000.000000) done
Jun 26 08:08:12.800 INFO: Dynamixel0: 1 execution context was created.
Jun 26 08:08:12.801 INFO: Dynamixel0: onInitialize()
Jun 26 08:08:12.828 INFO: Dynamixel0: Initial active configuration set is default.
Jun 26 08:08:26.974 INFO: ManagerServant: Master manager not found
Jun 26 08:08:29.509 INFO: Dynamixel0: onActivated()
Jun 26 08:08:29.664 INFO: Dynamixel0: m_initialPosition: 512, 
Jun 26 08:08:29.665 INFO: Dynamixel0: m_initialSpeed: 30, 
Jun 26 08:08:29.708 INFO: Dynamixel0: 全アクチュエータのトルク制限を最大に設定
Jun 26 08:08:29.708 INFO: Dynamixel0: onDeactivated()
Jun 26 08:08:29.708 INFO: Dynamixel0: onAborting()
Jun 26 08:08:29.721 ERROR: ec_base: State of the RTC transitioned to ERROR_STATE.
