Jun 26 14:08:14.694 INFO: manager: 2.0.1
Jun 26 14:08:14.695 INFO: manager: Copyright (C) 2003-2022, Noriaki Ando and OpenRTM development team,
Jun 26 14:08:14.695 INFO: manager:   Intelligent Systems Research Institute, AIST,
Jun 26 14:08:14.695 INFO: manager: Copyright (C) 2022, Noriaki Ando and OpenRTM development team,
Jun 26 14:08:14.695 INFO: manager:   Industrial Cyber-Physical Research Center, AIST,
Jun 26 14:08:14.695 INFO: manager:   All right reserved.
Jun 26 14:08:14.696 INFO: manager: Manager starting.
Jun 26 14:08:14.696 INFO: manager: Starting local logging.
Jun 26 14:08:14.744 INFO: NamingOnCorba: Endpoint for the CORBA naming service (localhost) is 127.0.0.1.
Jun 26 14:08:14.745 INFO: NamingManager: NameServer connection succeeded: corba/localhost
Jun 26 14:08:14.764 INFO: ManagerServant: Named manager reference (INS) was successfully created.
Jun 26 14:08:18.901 WARNING: ManagerServant: Master manager not found
Jun 26 14:08:18.921 INFO: LocalServiceAdmin: All the local services are enabled.
Jun 26 14:08:19.158 INFO: ec_base: setRate(1000000.000000) done
Jun 26 14:08:19.159 INFO: ec_base: setRate(1000.000000) done
Jun 26 14:08:19.163 INFO: Dynamixel0: 1 execution context was created.
Jun 26 14:08:19.166 INFO: Dynamixel0: onInitialize()
Jun 26 14:08:19.263 INFO: Dynamixel0: Initial active configuration set is default.
Jun 26 14:08:33.511 INFO: ManagerServant: Master manager not found
Jun 26 14:08:43.485 INFO: ManagerServant: Master manager not found
Jun 26 14:08:53.634 INFO: ManagerServant: Master manager not found
