Jul 24 05:13:14.514 INFO: manager: 2.0.1
Jul 24 05:13:14.515 INFO: manager: Copyright (C) 2003-2022, Noriaki Ando and OpenRTM development team,
Jul 24 05:13:14.515 INFO: manager:   Intelligent Systems Research Institute, AIST,
Jul 24 05:13:14.515 INFO: manager: Copyright (C) 2022, Noriaki Ando and OpenRTM development team,
Jul 24 05:13:14.515 INFO: manager:   Industrial Cyber-Physical Research Center, AIST,
Jul 24 05:13:14.515 INFO: manager:   All right reserved.
Jul 24 05:13:14.515 INFO: manager: Manager starting.
Jul 24 05:13:14.515 INFO: manager: Starting local logging.
Jul 24 05:13:14.535 INFO: NamingOnCorba: Endpoint for the CORBA naming service (localhost) is 127.0.0.1.
Jul 24 05:13:14.535 INFO: NamingManager: NameServer connection succeeded: corba/localhost
Jul 24 05:13:14.541 INFO: ManagerServant: Named manager reference (INS) was successfully created.
Jul 24 05:13:18.624 WARNING: ManagerServant: Master manager not found
Jul 24 05:13:18.626 INFO: LocalServiceAdmin: All the local services are enabled.
Jul 24 05:13:18.650 INFO: ec_base: setRate(1000000.000000) done
Jul 24 05:13:18.650 INFO: ec_base: setRate(1000.000000) done
Jul 24 05:13:18.651 INFO: Dynamixel0: 1 execution context was created.
Jul 24 05:13:18.651 INFO: Dynamixel0: onInitialize()
Jul 24 05:13:18.672 INFO: Dynamixel0: Initial active configuration set is default.
Jul 24 05:13:32.875 INFO: ManagerServant: Master manager not found
Jul 24 05:13:42.949 INFO: ManagerServant: Master manager not found
Jul 24 05:13:53.025 INFO: ManagerServant: Master manager not found
Jul 24 05:14:03.073 INFO: ManagerServant: Master manager not found
Jul 24 05:14:13.127 INFO: ManagerServant: Master manager not found
Jul 24 05:14:23.174 INFO: ManagerServant: Master manager not found
Jul 24 05:14:33.241 INFO: ManagerServant: Master manager not found
Jul 24 05:14:43.250 INFO: ManagerServant: Master manager not found
Jul 24 05:14:53.311 INFO: ManagerServant: Master manager not found
Jul 24 05:14:54.648 INFO: ec_base: setRate(1000.000000) done
Jul 24 05:15:03.357 INFO: ManagerServant: Master manager not found
Jul 24 05:15:06.120 WARNING: SdoServiceAdmin: No available SDO service in the factory: 
Jul 24 05:15:13.400 INFO: ManagerServant: Master manager not found
Jul 24 05:15:23.409 INFO: ManagerServant: Master manager not found
Jul 24 05:15:33.445 INFO: ManagerServant: Master manager not found
Jul 24 05:15:35.892 INFO: Dynamixel0: onActivated()
Jul 24 05:15:36.033 INFO: Dynamixel0: m_initialPosition: 512, 512, 512, 512, 512, 
Jul 24 05:15:36.033 INFO: Dynamixel0: m_initialSpeed: 100, 100, 100, 100, 100, 
Jul 24 05:15:43.483 INFO: ManagerServant: Master manager not found
Jul 24 05:15:53.536 INFO: ManagerServant: Master manager not found
Jul 24 05:16:03.603 INFO: ManagerServant: Master manager not found
Jul 24 05:16:13.665 INFO: ManagerServant: Master manager not found
Jul 24 05:16:23.722 INFO: ManagerServant: Master manager not found
Jul 24 05:16:33.803 INFO: ManagerServant: Master manager not found
Jul 24 05:16:43.882 INFO: ManagerServant: Master manager not found
Jul 24 05:16:53.989 INFO: ManagerServant: Master manager not found
Jul 24 05:17:04.055 INFO: ManagerServant: Master manager not found
Jul 24 05:17:14.093 INFO: ManagerServant: Master manager not found
Jul 24 05:17:24.120 INFO: ManagerServant: Master manager not found
Jul 24 05:17:34.168 INFO: ManagerServant: Master manager not found
Jul 24 05:17:44.216 INFO: ManagerServant: Master manager not found
Jul 24 05:17:53.570 INFO: Dynamixel0: onDeactivated()
Jul 24 05:17:54.285 INFO: ManagerServant: Master manager not found
Jul 24 05:18:04.365 INFO: ManagerServant: Master manager not found
Jul 24 05:18:14.437 INFO: ManagerServant: Master manager not found
Jul 24 05:18:24.532 INFO: ManagerServant: Master manager not found
Jul 24 05:18:34.530 INFO: ManagerServant: Master manager not found
Jul 24 05:18:44.553 INFO: ManagerServant: Master manager not found
Jul 24 05:18:54.592 INFO: ManagerServant: Master manager not found
Jul 24 05:19:04.652 INFO: ManagerServant: Master manager not found
Jul 24 05:19:14.705 INFO: ManagerServant: Master manager not found
Jul 24 05:19:24.737 INFO: ManagerServant: Master manager not found
Jul 24 05:19:34.770 INFO: ManagerServant: Master manager not found
Jul 24 05:19:44.825 INFO: ManagerServant: Master manager not found
Jul 24 05:19:54.846 INFO: ManagerServant: Master manager not found
Jul 24 05:20:04.870 INFO: ManagerServant: Master manager not found
Jul 24 05:20:14.920 INFO: ManagerServant: Master manager not found
Jul 24 05:20:24.959 INFO: ManagerServant: Master manager not found
Jul 24 05:20:35.022 INFO: ManagerServant: Master manager not found
