Jul 10 03:34:46.174 INFO: manager: 2.0.1
Jul 10 03:34:46.175 INFO: manager: Copyright (C) 2003-2022, Noriaki Ando and OpenRTM development team,
Jul 10 03:34:46.175 INFO: manager:   Intelligent Systems Research Institute, AIST,
Jul 10 03:34:46.175 INFO: manager: Copyright (C) 2022, Noriaki Ando and OpenRTM development team,
Jul 10 03:34:46.175 INFO: manager:   Industrial Cyber-Physical Research Center, AIST,
Jul 10 03:34:46.176 INFO: manager:   All right reserved.
Jul 10 03:34:46.176 INFO: manager: Manager starting.
Jul 10 03:34:46.176 INFO: manager: Starting local logging.
Jul 10 03:34:46.227 INFO: NamingOnCorba: Endpoint for the CORBA naming service (localhost) is 127.0.0.1.
Jul 10 03:34:46.227 INFO: NamingManager: NameServer connection succeeded: corba/localhost
Jul 10 03:34:46.245 INFO: ManagerServant: Named manager reference (INS) was successfully created.
Jul 10 03:34:50.348 WARNING: ManagerServant: Master manager not found
Jul 10 03:34:50.350 INFO: LocalServiceAdmin: All the local services are enabled.
Jul 10 03:34:50.365 INFO: ec_base: setRate(1000000.000000) done
Jul 10 03:34:50.366 INFO: ec_base: setRate(1000.000000) done
Jul 10 03:34:50.366 INFO: Dynamixel0: 1 execution context was created.
Jul 10 03:34:50.366 INFO: Dynamixel0: onInitialize()
Jul 10 03:34:50.384 INFO: Dynamixel0: Initial active configuration set is default.
Jul 10 03:35:04.489 INFO: ManagerServant: Master manager not found
Jul 10 03:35:14.577 INFO: ManagerServant: Master manager not found
Jul 10 03:35:15.711 WARNING: SdoServiceAdmin: No available SDO service in the factory: 
Jul 10 03:35:23.058 INFO: Dynamixel0: onActivated()
Jul 10 03:35:23.509 WARNING: ec_base: The component is not responding.
Jul 10 03:35:23.509 ERROR: ec_base: Unknown error: Invalid state transition.
Jul 10 03:35:24.643 INFO: ManagerServant: Master manager not found
Jul 10 03:35:24.822 INFO: Dynamixel0: m_initialPosition: 512, 512, 512, 512, 
Jul 10 03:35:24.824 INFO: Dynamixel0: m_initialSpeed: 100, 100, 100, 100, 
Jul 10 03:35:34.954 INFO: ManagerServant: Master manager not found
Jul 10 03:35:43.284 ERROR: Dynamixel0: 通信エラー連続発生
Jul 10 03:35:43.284 INFO: Dynamixel0: onDeactivated()
Jul 10 03:35:43.284 INFO: Dynamixel0: onAborting()
Jul 10 03:35:44.672 INFO: ManagerServant: Master manager not found
Jul 10 03:35:54.788 INFO: ManagerServant: Master manager not found
Jul 10 03:36:04.824 INFO: ManagerServant: Master manager not found
Jul 10 03:36:14.874 INFO: ManagerServant: Master manager not found
Jul 10 03:36:25.002 INFO: ManagerServant: Master manager not found
Jul 10 03:36:35.082 INFO: ManagerServant: Master manager not found
Jul 10 03:36:45.153 INFO: ManagerServant: Master manager not found
Jul 10 03:36:55.260 INFO: ManagerServant: Master manager not found
Jul 10 03:37:05.385 INFO: ManagerServant: Master manager not found
Jul 10 03:37:15.374 INFO: ManagerServant: Master manager not found
Jul 10 03:37:26.194 INFO: ManagerServant: Master manager not found
Jul 10 03:37:36.234 INFO: ManagerServant: Master manager not found
Jul 10 03:37:46.229 INFO: ManagerServant: Master manager not found
Jul 10 03:37:56.073 INFO: ManagerServant: Master manager not found
Jul 10 03:38:06.029 INFO: ManagerServant: Master manager not found
Jul 10 03:38:15.638 INFO: ManagerServant: Master manager not found
Jul 10 03:38:25.725 INFO: ManagerServant: Master manager not found
Jul 10 03:38:36.314 INFO: ManagerServant: Master manager not found
Jul 10 03:38:46.772 INFO: ManagerServant: Master manager not found
Jul 10 03:38:55.906 INFO: ManagerServant: Master manager not found
Jul 10 03:39:06.389 INFO: ManagerServant: Master manager not found
Jul 10 03:39:16.059 INFO: ManagerServant: Master manager not found
Jul 10 03:39:26.463 INFO: ManagerServant: Master manager not found
Jul 10 03:39:36.107 INFO: ManagerServant: Master manager not found
Jul 10 03:39:46.179 INFO: ManagerServant: Master manager not found
Jul 10 03:39:56.239 INFO: ManagerServant: Master manager not found
Jul 10 03:40:06.313 INFO: ManagerServant: Master manager not found
Jul 10 03:40:16.328 INFO: ManagerServant: Master manager not found
Jul 10 03:40:26.285 INFO: ManagerServant: Master manager not found
Jul 10 03:40:36.377 INFO: ManagerServant: Master manager not found
Jul 10 03:40:46.482 INFO: ManagerServant: Master manager not found
Jul 10 03:40:56.557 INFO: ManagerServant: Master manager not found
Jul 10 03:41:07.231 INFO: ManagerServant: Master manager not found
