Jul 24 04:17:39.902 INFO: manager: 2.0.1
Jul 24 04:17:39.903 INFO: manager: Copyright (C) 2003-2022, Noriaki Ando and OpenRTM development team,
Jul 24 04:17:39.903 INFO: manager:   Intelligent Systems Research Institute, AIST,
Jul 24 04:17:39.903 INFO: manager: Copyright (C) 2022, Noriaki Ando and OpenRTM development team,
Jul 24 04:17:39.903 INFO: manager:   Industrial Cyber-Physical Research Center, AIST,
Jul 24 04:17:39.903 INFO: manager:   All right reserved.
Jul 24 04:17:39.903 INFO: manager: Manager starting.
Jul 24 04:17:39.903 INFO: manager: Starting local logging.
Jul 24 04:17:39.925 INFO: NamingOnCorba: Endpoint for the CORBA naming service (localhost) is 127.0.0.1.
Jul 24 04:17:39.925 INFO: NamingManager: NameServer connection succeeded: corba/localhost
Jul 24 04:17:39.935 INFO: ManagerServant: Named manager reference (INS) was successfully created.
Jul 24 04:17:44.035 WARNING: ManagerServant: Master manager not found
Jul 24 04:17:44.038 INFO: LocalServiceAdmin: All the local services are enabled.
Jul 24 04:17:44.060 INFO: ec_base: setRate(1000000.000000) done
Jul 24 04:17:44.060 INFO: ec_base: setRate(1000.000000) done
Jul 24 04:17:44.061 INFO: Dynamixel0: 1 execution context was created.
Jul 24 04:17:44.062 INFO: Dynamixel0: onInitialize()
Jul 24 04:17:44.082 INFO: Dynamixel0: Initial active configuration set is default.
Jul 24 04:17:54.765 INFO: ec_base: setRate(1000.000000) done
Jul 24 04:17:58.209 INFO: ManagerServant: Master manager not found
Jul 24 04:18:00.269 INFO: Dynamixel0: onActivated()
Jul 24 04:18:00.426 INFO: Dynamixel0: m_initialPosition: 512, 512, 512, 512, 512, 
Jul 24 04:18:00.426 INFO: Dynamixel0: m_initialSpeed: 100, 100, 100, 100, 100, 
Jul 24 04:18:08.284 INFO: ManagerServant: Master manager not found
Jul 24 04:18:18.335 INFO: ManagerServant: Master manager not found
Jul 24 04:18:28.405 INFO: ManagerServant: Master manager not found
Jul 24 04:18:38.472 INFO: ManagerServant: Master manager not found
Jul 24 04:18:48.562 INFO: ManagerServant: Master manager not found
Jul 24 04:18:58.417 INFO: Dynamixel0: onDeactivated()
Jul 24 04:18:58.603 INFO: ManagerServant: Master manager not found
Jul 24 04:19:08.682 INFO: ManagerServant: Master manager not found
Jul 24 04:19:18.760 INFO: ManagerServant: Master manager not found
Jul 24 04:19:20.977 WARNING: goalPosition: Dead connection: e2f8c0a2-dc42-4d31-b954-30364d80cb95
Jul 24 04:19:23.027 WARNING: goalPosition: Exception caught: minor code.
Jul 24 04:19:25.077 WARNING: movingSpeed: Dead connection: 4cf74173-819c-45ac-8350-579803da94bd
Jul 24 04:19:27.123 WARNING: movingSpeed: Exception caught: minor code.
Jul 24 04:19:28.862 INFO: ManagerServant: Master manager not found
Jul 24 04:19:29.174 WARNING: moving: Dead connection: 3db79d49-a9a6-478c-9752-e0bcbcf6d000
Jul 24 04:19:31.220 WARNING: moving: Exception caught: minor code.
Jul 24 04:19:38.943 INFO: ManagerServant: Master manager not found
Jul 24 04:19:49.002 INFO: ManagerServant: Master manager not found
Jul 24 04:19:59.077 INFO: ManagerServant: Master manager not found
Jul 24 04:20:09.171 INFO: ManagerServant: Master manager not found
Jul 24 04:20:19.245 INFO: ManagerServant: Master manager not found
Jul 24 04:20:29.331 INFO: ManagerServant: Master manager not found
Jul 24 04:20:39.415 INFO: ManagerServant: Master manager not found
Jul 24 04:20:49.496 INFO: ManagerServant: Master manager not found
Jul 24 04:20:59.563 INFO: ManagerServant: Master manager not found
Jul 24 04:21:09.646 INFO: ManagerServant: Master manager not found
Jul 24 04:21:19.690 INFO: ManagerServant: Master manager not found
Jul 24 04:21:29.765 INFO: ManagerServant: Master manager not found
Jul 24 04:21:39.822 INFO: ManagerServant: Master manager not found
Jul 24 04:21:49.885 INFO: ManagerServant: Master manager not found
Jul 24 04:21:59.959 INFO: ManagerServant: Master manager not found
Jul 24 04:22:04.810 INFO: Dynamixel0: onActivated()
Jul 24 04:22:04.810 INFO: Dynamixel0: m_initialPosition: 512, 512, 512, 512, 512, 
Jul 24 04:22:04.810 INFO: Dynamixel0: m_initialSpeed: 100, 100, 100, 100, 100, 
Jul 24 04:22:10.012 INFO: ManagerServant: Master manager not found
Jul 24 04:22:20.068 INFO: ManagerServant: Master manager not found
Jul 24 04:22:23.017 INFO: Dynamixel0: onDeactivated()
Jul 24 04:22:30.111 INFO: ManagerServant: Master manager not found
Jul 24 04:22:40.205 INFO: ManagerServant: Master manager not found
Jul 24 04:22:50.300 INFO: ManagerServant: Master manager not found
Jul 24 04:23:00.352 INFO: ManagerServant: Master manager not found
Jul 24 04:23:07.535 ERROR: goalPosition: Connection failed. cleanup.
Jul 24 04:23:07.535 ERROR: goalPosition: Invalid connector id: e2f8c0a2-dc42-4d31-b954-30364d80cb95
Jul 24 04:23:07.539 ERROR: movingSpeed: Connection failed. cleanup.
Jul 24 04:23:07.539 ERROR: movingSpeed: Invalid connector id: 4cf74173-819c-45ac-8350-579803da94bd
Jul 24 04:23:07.577 INFO: ec_base: setRate(1000.000000) done
Jul 24 04:23:10.440 INFO: ManagerServant: Master manager not found
Jul 24 04:23:15.278 WARNING: ec_base: The component is not responding.
Jul 24 04:23:15.278 ERROR: ec_base: Unknown error: Invalid state transition.
Jul 24 04:23:20.521 INFO: ManagerServant: Master manager not found
Jul 24 04:23:30.580 INFO: ManagerServant: Master manager not found
Jul 24 04:23:31.134 ERROR: ec_worker: State of the RTC is not ACTIVE_STATE.
