Jul 19 10:15:36.973 INFO: manager: 2.0.1
Jul 19 10:15:36.974 INFO: manager: Copyright (C) 2003-2022, Noriaki Ando and OpenRTM development team,
Jul 19 10:15:36.974 INFO: manager:   Intelligent Systems Research Institute, AIST,
Jul 19 10:15:36.974 INFO: manager: Copyright (C) 2022, Noriaki Ando and OpenRTM development team,
Jul 19 10:15:36.974 INFO: manager:   Industrial Cyber-Physical Research Center, AIST,
Jul 19 10:15:36.974 INFO: manager:   All right reserved.
Jul 19 10:15:36.975 INFO: manager: Manager starting.
Jul 19 10:15:36.975 INFO: manager: Starting local logging.
Jul 19 10:15:36.999 INFO: NamingOnCorba: Endpoint for the CORBA naming service (localhost) is 127.0.0.1.
Jul 19 10:15:36.999 INFO: NamingManager: NameServer connection succeeded: corba/localhost
Jul 19 10:15:37.021 INFO: ManagerServant: Named manager reference (INS) was successfully created.
Jul 19 10:15:37.030 INFO: ManagerServant: Master manager found: localhost:2810
Jul 19 10:15:37.030 INFO: ManagerServant: Adding this manager to this manager.
Jul 19 10:15:37.030 INFO: ManagerServant: Register this manager to master manager.
Jul 19 10:15:37.031 INFO: ManagerServant: Slave manager servant was successfully created.
Jul 19 10:15:37.033 INFO: LocalServiceAdmin: All the local services are enabled.
Jul 19 10:15:37.050 INFO: ec_base: setRate(1000000.000000) done
Jul 19 10:15:37.050 INFO: ec_base: setRate(1000.000000) done
Jul 19 10:15:37.051 INFO: Dynamixel0: 1 execution context was created.
Jul 19 10:15:37.052 INFO: Dynamixel0: onInitialize()
Jul 19 10:15:37.069 INFO: Dynamixel0: Initial active configuration set is default.
Jul 19 10:18:47.318 WARNING: SdoServiceAdmin: No available SDO service in the factory: 
Jul 19 10:23:42.140 INFO: Dynamixel0: onActivated()
Jul 19 10:23:42.281 INFO: Dynamixel0: m_initialPosition: 512, 512, 512, 512, 512, 
Jul 19 10:23:42.283 INFO: Dynamixel0: m_initialSpeed: 100, 100, 100, 100, 100, 
Jul 19 10:24:37.390 INFO: Dynamixel0: onDeactivated()
Jul 19 10:24:56.967 WARNING: goalPosition: Dead connection: b114ee96-54b2-4a80-89db-f04f00f89412
Jul 19 10:24:59.013 WARNING: goalPosition: Exception caught: minor code(1096024066).
