Jul 24 04:51:03.321 INFO: manager: 2.0.1
Jul 24 04:51:03.321 INFO: manager: Copyright (C) 2003-2022, Noriaki Ando and OpenRTM development team,
Jul 24 04:51:03.321 INFO: manager:   Intelligent Systems Research Institute, AIST,
Jul 24 04:51:03.321 INFO: manager: Copyright (C) 2022, Noriaki Ando and OpenRTM development team,
Jul 24 04:51:03.321 INFO: manager:   Industrial Cyber-Physical Research Center, AIST,
Jul 24 04:51:03.321 INFO: manager:   All right reserved.
Jul 24 04:51:03.321 INFO: manager: Manager starting.
Jul 24 04:51:03.321 INFO: manager: Starting local logging.
Jul 24 04:51:03.345 INFO: NamingOnCorba: Endpoint for the CORBA naming service (localhost) is 127.0.0.1.
Jul 24 04:51:03.345 INFO: NamingManager: NameServer connection succeeded: corba/localhost
Jul 24 04:51:03.354 INFO: ManagerServant: Named manager reference (INS) was successfully created.
Jul 24 04:51:07.444 WARNING: ManagerServant: Master manager not found
Jul 24 04:51:07.447 INFO: LocalServiceAdmin: All the local services are enabled.
Jul 24 04:51:07.469 INFO: ec_base: setRate(1000000.000000) done
Jul 24 04:51:07.470 INFO: ec_base: setRate(1000.000000) done
Jul 24 04:51:07.470 INFO: Dynamixel0: 1 execution context was created.
Jul 24 04:51:07.471 INFO: Dynamixel0: onInitialize()
Jul 24 04:51:07.485 INFO: Dynamixel0: Initial active configuration set is default.
Jul 24 04:51:21.665 INFO: ManagerServant: Master manager not found
Jul 24 04:51:31.731 INFO: ManagerServant: Master manager not found
Jul 24 04:51:41.767 INFO: ManagerServant: Master manager not found
