Jun 26 12:06:39.272 INFO: manager: 2.0.1
Jun 26 12:06:39.272 INFO: manager: Copyright (C) 2003-2022, Noriaki Ando and OpenRTM development team,
Jun 26 12:06:39.273 INFO: manager:   Intelligent Systems Research Institute, AIST,
Jun 26 12:06:39.274 INFO: manager: Copyright (C) 2022, Noriaki Ando and OpenRTM development team,
Jun 26 12:06:39.274 INFO: manager:   Industrial Cyber-Physical Research Center, AIST,
Jun 26 12:06:39.274 INFO: manager:   All right reserved.
Jun 26 12:06:39.274 INFO: manager: Manager starting.
Jun 26 12:06:39.274 INFO: manager: Starting local logging.
Jun 26 12:06:39.308 INFO: NamingOnCorba: Endpoint for the CORBA naming service (localhost) is 127.0.0.1.
Jun 26 12:06:39.308 INFO: NamingManager: NameServer connection succeeded: corba/localhost
Jun 26 12:06:39.319 INFO: ManagerServant: Named manager reference (INS) was successfully created.
Jun 26 12:06:43.418 WARNING: ManagerServant: Master manager not found
Jun 26 12:06:43.420 INFO: LocalServiceAdmin: All the local services are enabled.
Jun 26 12:06:43.439 INFO: ec_base: setRate(1000000.000000) done
Jun 26 12:06:43.440 INFO: ec_base: setRate(1000.000000) done
Jun 26 12:06:43.440 INFO: Dynamixel0: 1 execution context was created.
Jun 26 12:06:43.441 INFO: Dynamixel0: onInitialize()
Jun 26 12:06:43.463 INFO: Dynamixel0: Initial active configuration set is default.
Jun 26 12:06:57.602 INFO: ManagerServant: Master manager not found
Jun 26 12:07:01.826 INFO: Dynamixel0: onActivated()
Jun 26 12:07:01.976 INFO: Dynamixel0: m_initialPosition: 512, 
Jun 26 12:07:01.977 INFO: Dynamixel0: m_initialSpeed: 100, 
Jun 26 12:07:07.669 INFO: ManagerServant: Master manager not found
Jun 26 12:07:17.817 INFO: ManagerServant: Master manager not found
Jun 26 12:07:27.827 INFO: ManagerServant: Master manager not found
