Jul 04 09:46:07.009 INFO: manager: 2.0.1
Jul 04 09:46:07.010 INFO: manager: Copyright (C) 2003-2022, Noriaki Ando and OpenRTM development team,
Jul 04 09:46:07.010 INFO: manager:   Intelligent Systems Research Institute, AIST,
Jul 04 09:46:07.011 INFO: manager: Copyright (C) 2022, Noriaki Ando and OpenRTM development team,
Jul 04 09:46:07.011 INFO: manager:   Industrial Cyber-Physical Research Center, AIST,
Jul 04 09:46:07.011 INFO: manager:   All right reserved.
Jul 04 09:46:07.011 INFO: manager: Manager starting.
Jul 04 09:46:07.011 INFO: manager: Starting local logging.
Jul 04 09:46:07.051 INFO: NamingOnCorba: Endpoint for the CORBA naming service (localhost) is 127.0.0.1.
Jul 04 09:46:07.051 INFO: NamingManager: NameServer connection succeeded: corba/localhost
Jul 04 09:46:07.068 INFO: ManagerServant: Named manager reference (INS) was successfully created.
Jul 04 09:46:11.154 WARNING: ManagerServant: Master manager not found
Jul 04 09:46:11.156 INFO: LocalServiceAdmin: All the local services are enabled.
Jul 04 09:46:11.176 INFO: ec_base: setRate(1000000.000000) done
Jul 04 09:46:11.176 INFO: ec_base: setRate(1000.000000) done
Jul 04 09:46:11.177 INFO: Dynamixel0: 1 execution context was created.
Jul 04 09:46:11.178 INFO: Dynamixel0: onInitialize()
Jul 04 09:46:11.217 INFO: Dynamixel0: Initial active configuration set is default.
Jul 04 09:46:25.363 INFO: ManagerServant: Master manager not found
Jul 04 09:46:35.401 INFO: ManagerServant: Master manager not found
Jul 04 09:46:36.023 WARNING: SdoServiceAdmin: No available SDO service in the factory: 
Jul 04 09:46:45.522 INFO: ManagerServant: Master manager not found
Jul 04 09:46:46.579 INFO: Dynamixel0: onActivated()
Jul 04 09:46:46.722 INFO: Dynamixel0: m_initialPosition: 512, 512, 
Jul 04 09:46:46.722 INFO: Dynamixel0: m_initialSpeed: 100, 100, 
Jul 04 09:46:49.539 ERROR: Dynamixel0: 通信エラー連続発生
Jul 04 09:46:49.539 INFO: Dynamixel0: onDeactivated()
Jul 04 09:46:49.540 INFO: Dynamixel0: onAborting()
Jul 04 09:46:55.605 INFO: ManagerServant: Master manager not found
Jul 04 09:47:05.590 INFO: ManagerServant: Master manager not found
Jul 04 09:47:09.137 ERROR: ec_worker: State of the RTC is not ACTIVE_STATE.
