Jun 26 07:41:43.551 INFO: manager: 2.0.1
Jun 26 07:41:43.551 INFO: manager: Copyright (C) 2003-2022, Noriaki Ando and OpenRTM development team,
Jun 26 07:41:43.551 INFO: manager:   Intelligent Systems Research Institute, AIST,
Jun 26 07:41:43.551 INFO: manager: Copyright (C) 2022, Noriaki Ando and OpenRTM development team,
Jun 26 07:41:43.551 INFO: manager:   Industrial Cyber-Physical Research Center, AIST,
Jun 26 07:41:43.551 INFO: manager:   All right reserved.
Jun 26 07:41:43.551 INFO: manager: Manager starting.
Jun 26 07:41:43.551 INFO: manager: Starting local logging.
Jun 26 07:41:43.572 INFO: NamingOnCorba: Endpoint for the CORBA naming service (localhost) is 127.0.0.1.
Jun 26 07:41:43.573 INFO: NamingManager: NameServer connection succeeded: corba/localhost
Jun 26 07:41:43.581 INFO: ManagerServant: Named manager reference (INS) was successfully created.
Jun 26 07:41:47.696 WARNING: ManagerServant: Master manager not found
Jun 26 07:41:47.699 INFO: LocalServiceAdmin: All the local services are enabled.
Jun 26 07:41:47.727 INFO: ec_base: setRate(1000000.000000) done
Jun 26 07:41:47.727 INFO: ec_base: setRate(1000.000000) done
Jun 26 07:41:47.728 INFO: Dynamixel0: 1 execution context was created.
Jun 26 07:41:47.729 INFO: Dynamixel0: onInitialize()
Jun 26 07:41:47.755 INFO: Dynamixel0: Initial active configuration set is default.
Jun 26 07:41:52.784 INFO: Dynamixel0: onActivated()
Jun 26 07:41:52.930 INFO: Dynamixel0: m_initialPosition: 512, 
Jun 26 07:41:52.930 INFO: Dynamixel0: m_initialSpeed: 30, 
Jun 26 07:42:01.179 INFO: Dynamixel0: onDeactivated()
Jun 26 07:42:01.885 INFO: ManagerServant: Master manager not found
Jun 26 07:42:02.390 INFO: Dynamixel0: onFinalize()
