Jun 26 11:53:20.336 INFO: manager: 2.0.1
Jun 26 11:53:20.336 INFO: manager: Copyright (C) 2003-2022, Noriaki Ando and OpenRTM development team,
Jun 26 11:53:20.336 INFO: manager:   Intelligent Systems Research Institute, AIST,
Jun 26 11:53:20.336 INFO: manager: Copyright (C) 2022, Noriaki Ando and OpenRTM development team,
Jun 26 11:53:20.336 INFO: manager:   Industrial Cyber-Physical Research Center, AIST,
Jun 26 11:53:20.337 INFO: manager:   All right reserved.
Jun 26 11:53:20.337 INFO: manager: Manager starting.
Jun 26 11:53:20.337 INFO: manager: Starting local logging.
Jun 26 11:53:20.362 INFO: NamingOnCorba: Endpoint for the CORBA naming service (localhost) is 127.0.0.1.
Jun 26 11:53:20.362 INFO: NamingManager: NameServer connection succeeded: corba/localhost
Jun 26 11:53:20.375 INFO: ManagerServant: Named manager reference (INS) was successfully created.
Jun 26 11:53:24.473 WARNING: ManagerServant: Master manager not found
Jun 26 11:53:24.476 INFO: LocalServiceAdmin: All the local services are enabled.
Jun 26 11:53:24.506 INFO: ec_base: setRate(1000000.000000) done
Jun 26 11:53:24.506 INFO: ec_base: setRate(1000.000000) done
Jun 26 11:53:24.507 INFO: Dynamixel0: 1 execution context was created.
Jun 26 11:53:24.507 INFO: Dynamixel0: onInitialize()
Jun 26 11:53:24.538 INFO: Dynamixel0: Initial active configuration set is default.
Jun 26 11:53:38.677 INFO: ManagerServant: Master manager not found
Jun 26 11:53:42.344 INFO: Dynamixel0: onActivated()
Jun 26 11:53:42.499 INFO: Dynamixel0: m_initialPosition: 512, 
Jun 26 11:53:42.500 INFO: Dynamixel0: m_initialSpeed: 100, 
Jun 26 11:53:42.625 INFO: Dynamixel0: onDeactivated()
Jun 26 11:53:42.625 INFO: Dynamixel0: onAborting()
Jun 26 11:53:48.659 INFO: ManagerServant: Master manager not found
Jun 26 11:53:58.680 INFO: ManagerServant: Master manager not found
Jun 26 11:54:08.688 INFO: ManagerServant: Master manager not found
Jun 26 11:54:18.708 INFO: ManagerServant: Master manager not found
Jun 26 11:54:28.700 INFO: ManagerServant: Master manager not found
Jun 26 11:54:38.851 INFO: ManagerServant: Master manager not found
Jun 26 11:54:48.839 INFO: ManagerServant: Master manager not found
Jun 26 11:54:58.844 INFO: ManagerServant: Master manager not found
Jun 26 11:55:08.852 INFO: ManagerServant: Master manager not found
Jun 26 11:55:19.005 INFO: ManagerServant: Master manager not found
Jun 26 11:55:29.045 INFO: ManagerServant: Master manager not found
Jun 26 11:55:39.078 INFO: ManagerServant: Master manager not found
Jun 26 11:55:49.135 INFO: ManagerServant: Master manager not found
