Jul 21 16:56:08.469 INFO: manager: 2.0.1
Jul 21 16:56:08.471 INFO: manager: Copyright (C) 2003-2022, Noriaki Ando and OpenRTM development team,
Jul 21 16:56:08.471 INFO: manager:   Intelligent Systems Research Institute, AIST,
Jul 21 16:56:08.472 INFO: manager: Copyright (C) 2022, Noriaki Ando and OpenRTM development team,
Jul 21 16:56:08.472 INFO: manager:   Industrial Cyber-Physical Research Center, AIST,
Jul 21 16:56:08.472 INFO: manager:   All right reserved.
Jul 21 16:56:08.472 INFO: manager: Manager starting.
Jul 21 16:56:08.473 INFO: manager: Starting local logging.
Jul 21 16:56:08.560 INFO: NamingOnCorba: Endpoint for the CORBA naming service (localhost) is 127.0.0.1.
Jul 21 16:56:08.562 INFO: NamingManager: NameServer connection succeeded: corba/localhost
Jul 21 16:56:08.594 INFO: ManagerServant: Named manager reference (INS) was successfully created.
Jul 21 16:56:12.695 WARNING: ManagerServant: Master manager not found
Jul 21 16:56:12.696 INFO: LocalServiceAdmin: All the local services are enabled.
Jul 21 16:56:12.716 INFO: ec_base: setRate(1000000.000000) done
Jul 21 16:56:12.716 INFO: ec_base: setRate(1000.000000) done
Jul 21 16:56:12.716 INFO: Dynamixel0: 1 execution context was created.
Jul 21 16:56:12.717 INFO: Dynamixel0: onInitialize()
Jul 21 16:56:12.742 INFO: Dynamixel0: Initial active configuration set is default.
Jul 21 16:56:26.956 INFO: ManagerServant: Master manager not found
Jul 21 16:56:28.620 INFO: Dynamixel0: onActivated()
Jul 21 16:56:28.779 INFO: Dynamixel0: m_initialPosition: 512, 512, 512, 512, 512, 
Jul 21 16:56:28.780 INFO: Dynamixel0: m_initialSpeed: 100, 100, 100, 100, 100, 
Jul 21 16:56:37.005 INFO: ManagerServant: Master manager not found
Jul 21 16:56:47.046 INFO: ManagerServant: Master manager not found
Jul 21 16:56:57.060 INFO: ManagerServant: Master manager not found
Jul 21 16:57:07.119 INFO: ManagerServant: Master manager not found
Jul 21 16:57:17.143 INFO: ManagerServant: Master manager not found
Jul 21 16:57:27.270 INFO: ManagerServant: Master manager not found
Jul 21 16:57:37.324 INFO: ManagerServant: Master manager not found
Jul 21 16:57:47.309 INFO: ManagerServant: Master manager not found
Jul 21 16:57:52.050 INFO: Dynamixel0: onDeactivated()
Jul 21 16:57:57.492 INFO: ManagerServant: Master manager not found
Jul 21 16:58:07.538 INFO: ManagerServant: Master manager not found
Jul 21 16:58:17.613 INFO: ManagerServant: Master manager not found
Jul 21 16:58:27.614 INFO: ManagerServant: Master manager not found
Jul 21 16:58:34.392 WARNING: goalPosition: Dead connection: 3bc82997-e782-4ee3-9ed7-33481cb5bcf8
Jul 21 16:58:37.745 INFO: ManagerServant: Master manager not found
Jul 21 16:58:40.497 WARNING: goalPosition: Exception caught: minor code(1096024066).
Jul 21 16:58:46.678 WARNING: movingSpeed: Dead connection: 42014113-e6b3-4aaa-8189-306619ab2716
Jul 21 16:58:47.774 INFO: ManagerServant: Master manager not found
Jul 21 16:58:52.917 WARNING: movingSpeed: Exception caught: minor code.
Jul 21 16:58:58.372 INFO: ManagerServant: Master manager not found
Jul 21 16:59:08.284 INFO: ManagerServant: Master manager not found
Jul 21 16:59:17.830 INFO: ManagerServant: Master manager not found
Jul 21 16:59:27.820 INFO: ManagerServant: Master manager not found
Jul 21 16:59:37.923 INFO: ManagerServant: Master manager not found
Jul 21 16:59:46.327 INFO: Dynamixel0: onActivated()
Jul 21 16:59:46.328 INFO: Dynamixel0: m_initialPosition: 512, 512, 512, 512, 512, 
Jul 21 16:59:46.330 INFO: Dynamixel0: m_initialSpeed: 100, 100, 100, 100, 100, 
Jul 21 16:59:48.061 INFO: ManagerServant: Master manager not found
Jul 21 16:59:58.132 INFO: ManagerServant: Master manager not found
Jul 21 17:00:08.165 INFO: ManagerServant: Master manager not found
Jul 21 17:00:18.192 INFO: ManagerServant: Master manager not found
Jul 21 17:00:28.222 INFO: ManagerServant: Master manager not found
Jul 21 17:00:38.250 INFO: ManagerServant: Master manager not found
Jul 21 17:00:48.281 INFO: ManagerServant: Master manager not found
Jul 21 17:00:53.130 INFO: Dynamixel0: onDeactivated()
Jul 21 17:00:58.293 INFO: ManagerServant: Master manager not found
Jul 21 17:01:08.357 INFO: ManagerServant: Master manager not found
Jul 21 17:01:15.836 WARNING: goalPosition: Dead connection: 590981e6-552d-4ded-97f8-5eeb753bec82
Jul 21 17:01:18.419 INFO: ManagerServant: Master manager not found
Jul 21 17:01:21.951 WARNING: goalPosition: Exception caught: minor code(1096024066).
Jul 21 17:01:28.081 WARNING: movingSpeed: Dead connection: 27f5a617-2ca9-4a6a-923d-676190261781
Jul 21 17:01:28.428 INFO: ManagerServant: Master manager not found
Jul 21 17:01:34.210 WARNING: movingSpeed: Exception caught: minor code.
Jul 21 17:01:38.486 INFO: ManagerServant: Master manager not found
Jul 21 17:01:48.868 INFO: ManagerServant: Master manager not found
Jul 21 17:01:59.011 INFO: ManagerServant: Master manager not found
Jul 21 17:02:08.647 INFO: ManagerServant: Master manager not found
Jul 21 17:02:18.539 INFO: ManagerServant: Master manager not found
Jul 21 17:02:28.569 INFO: ManagerServant: Master manager not found
Jul 21 17:02:38.586 INFO: ManagerServant: Master manager not found
Jul 21 17:02:45.217 INFO: Dynamixel0: onActivated()
Jul 21 17:02:45.218 INFO: Dynamixel0: m_initialPosition: 512, 512, 512, 512, 512, 
Jul 21 17:02:45.219 INFO: Dynamixel0: m_initialSpeed: 100, 100, 100, 100, 100, 
Jul 21 17:02:48.649 INFO: ManagerServant: Master manager not found
Jul 21 17:02:58.696 INFO: ManagerServant: Master manager not found
Jul 21 17:03:03.758 INFO: Dynamixel0: onDeactivated()
Jul 21 17:03:08.722 INFO: ManagerServant: Master manager not found
