Jul 16 10:44:35.084 INFO: manager: 2.0.1
Jul 16 10:44:35.086 INFO: manager: Copyright (C) 2003-2022, Noriaki Ando and OpenRTM development team,
Jul 16 10:44:35.086 INFO: manager:   Intelligent Systems Research Institute, AIST,
Jul 16 10:44:35.086 INFO: manager: Copyright (C) 2022, Noriaki Ando and OpenRTM development team,
Jul 16 10:44:35.086 INFO: manager:   Industrial Cyber-Physical Research Center, AIST,
Jul 16 10:44:35.086 INFO: manager:   All right reserved.
Jul 16 10:44:35.086 INFO: manager: Manager starting.
Jul 16 10:44:35.086 INFO: manager: Starting local logging.
Jul 16 10:44:35.105 INFO: NamingOnCorba: Endpoint for the CORBA naming service (localhost) is 127.0.0.1.
Jul 16 10:44:35.105 INFO: NamingManager: NameServer connection succeeded: corba/localhost
Jul 16 10:44:35.116 INFO: ManagerServant: Named manager reference (INS) was successfully created.
Jul 16 10:44:35.121 INFO: ManagerServant: Master manager found: localhost:2810
Jul 16 10:44:35.121 INFO: ManagerServant: Adding this manager to this manager.
Jul 16 10:44:35.121 INFO: ManagerServant: Register this manager to master manager.
Jul 16 10:44:35.122 INFO: ManagerServant: Slave manager servant was successfully created.
Jul 16 10:44:35.123 INFO: LocalServiceAdmin: All the local services are enabled.
Jul 16 10:44:35.154 INFO: ec_base: setRate(1000000.000000) done
Jul 16 10:44:35.155 INFO: ec_base: setRate(1000.000000) done
Jul 16 10:44:35.156 INFO: Dynamixel0: 1 execution context was created.
Jul 16 10:44:35.157 INFO: Dynamixel0: onInitialize()
Jul 16 10:44:35.186 INFO: Dynamixel0: Initial active configuration set is default.
Jul 16 10:45:31.325 INFO: Dynamixel0: onActivated()
Jul 16 10:45:31.480 INFO: Dynamixel0: m_initialPosition: 512, 512, 512, 512, 512, 
Jul 16 10:45:31.483 INFO: Dynamixel0: m_initialSpeed: 100, 100, 100, 100, 100, 
Jul 16 10:48:48.204 INFO: Dynamixel0: onDeactivated()
Jul 16 10:49:01.107 INFO: Dynamixel0: onActivated()
Jul 16 10:49:01.107 INFO: Dynamixel0: m_initialPosition: 512, 512, 512, 512, 512, 
Jul 16 10:49:01.107 INFO: Dynamixel0: m_initialSpeed: 100, 100, 100, 100, 100, 
Jul 16 10:49:50.986 ERROR: ec_worker: State of the RTC is not INACTIVE_STATE.
Jul 16 10:53:01.327 INFO: Dynamixel0: onDeactivated()
