Jul 19 13:19:49.870 INFO: manager: 2.0.1
Jul 19 13:19:49.871 INFO: manager: Copyright (C) 2003-2022, Noriaki Ando and OpenRTM development team,
Jul 19 13:19:49.871 INFO: manager:   Intelligent Systems Research Institute, AIST,
Jul 19 13:19:49.871 INFO: manager: Copyright (C) 2022, Noriaki Ando and OpenRTM development team,
Jul 19 13:19:49.872 INFO: manager:   Industrial Cyber-Physical Research Center, AIST,
Jul 19 13:19:49.872 INFO: manager:   All right reserved.
Jul 19 13:19:49.872 INFO: manager: Manager starting.
Jul 19 13:19:49.872 INFO: manager: Starting local logging.
Jul 19 13:19:49.892 INFO: NamingOnCorba: Endpoint for the CORBA naming service (localhost) is 127.0.0.1.
Jul 19 13:19:49.892 INFO: NamingManager: NameServer connection succeeded: corba/localhost
Jul 19 13:19:49.899 INFO: ManagerServant: Named manager reference (INS) was successfully created.
Jul 19 13:19:49.922 INFO: ManagerServant: Master manager found: localhost:2810
Jul 19 13:19:49.922 INFO: ManagerServant: Adding this manager to this manager.
Jul 19 13:19:49.922 INFO: ManagerServant: Register this manager to master manager.
Jul 19 13:19:49.923 INFO: ManagerServant: Slave manager servant was successfully created.
Jul 19 13:19:49.925 INFO: LocalServiceAdmin: All the local services are enabled.
Jul 19 13:19:49.940 INFO: ec_base: setRate(1000000.000000) done
Jul 19 13:19:49.941 INFO: ec_base: setRate(1000.000000) done
Jul 19 13:19:49.941 INFO: Dynamixel0: 1 execution context was created.
Jul 19 13:19:49.941 INFO: Dynamixel0: onInitialize()
Jul 19 13:19:49.959 INFO: Dynamixel0: Initial active configuration set is default.
Jul 19 13:20:32.055 INFO: Dynamixel0: onActivated()
Jul 19 13:20:32.201 INFO: Dynamixel0: m_initialPosition: 512, 512, 512, 512, 512, 
Jul 19 13:20:32.203 INFO: Dynamixel0: m_initialSpeed: 100, 100, 100, 100, 100, 
Jul 19 13:21:24.115 INFO: Dynamixel0: onDeactivated()
Jul 19 13:21:40.273 WARNING: goalPosition: Dead connection: 4e4f757a-176d-4279-81ba-7454513fd76d
Jul 19 13:21:42.314 WARNING: goalPosition: Exception caught: minor code(1096024066).
Jul 19 13:21:44.346 WARNING: movingSpeed: Dead connection: 5f4d34da-3ba2-4e94-a59f-9c4142c80bff
Jul 19 13:21:46.389 WARNING: movingSpeed: Exception caught: minor code.
Jul 19 13:22:24.669 INFO: Dynamixel0: onActivated()
Jul 19 13:22:24.670 INFO: Dynamixel0: m_initialPosition: 512, 512, 512, 512, 512, 
Jul 19 13:22:24.670 INFO: Dynamixel0: m_initialSpeed: 100, 100, 100, 100, 100, 
Jul 19 13:23:26.492 INFO: Dynamixel0: onDeactivated()
Jul 19 13:23:37.765 WARNING: goalPosition: Dead connection: d1a023a1-0eb5-42a1-af01-66e54cd8d547
Jul 19 13:23:39.811 WARNING: goalPosition: Exception caught: minor code(1096024066).
Jul 19 13:23:41.869 WARNING: movingSpeed: Dead connection: 2f6dbe5d-6889-402f-bafd-d56f46181012
Jul 19 13:23:43.920 WARNING: movingSpeed: Exception caught: minor code(1096024066).
Jul 19 13:24:20.792 INFO: Dynamixel0: onActivated()
Jul 19 13:24:20.792 INFO: Dynamixel0: m_initialPosition: 512, 512, 512, 512, 512, 
Jul 19 13:24:20.793 INFO: Dynamixel0: m_initialSpeed: 100, 100, 100, 100, 100, 
Jul 19 13:26:17.562 INFO: Dynamixel0: onDeactivated()
Jul 19 13:30:45.692 WARNING: goalPosition: Dead connection: 57bedf4f-6d13-4ad4-bbdd-2c0b8bc332ad
Jul 19 13:30:47.760 WARNING: goalPosition: Exception caught: minor code.
Jul 19 13:30:49.806 WARNING: movingSpeed: Dead connection: 5b0535c8-733a-4820-ae6a-b8bd7c81dbc1
Jul 19 13:30:51.860 WARNING: movingSpeed: Exception caught: minor code(1096024066).
Jul 19 13:31:45.789 WARNING: SdoServiceAdmin: No available SDO service in the factory: 
Jul 19 13:32:03.652 INFO: Dynamixel0: onActivated()
Jul 19 13:32:03.652 INFO: Dynamixel0: m_initialPosition: 512, 512, 512, 512, 512, 
Jul 19 13:32:03.652 INFO: Dynamixel0: m_initialSpeed: 100, 100, 100, 100, 100, 
