Jul 19 09:56:44.777 INFO: manager: 2.0.1
Jul 19 09:56:44.777 INFO: manager: Copyright (C) 2003-2022, Noriaki Ando and OpenRTM development team,
Jul 19 09:56:44.777 INFO: manager:   Intelligent Systems Research Institute, AIST,
Jul 19 09:56:44.777 INFO: manager: Copyright (C) 2022, Noriaki Ando and OpenRTM development team,
Jul 19 09:56:44.778 INFO: manager:   Industrial Cyber-Physical Research Center, AIST,
Jul 19 09:56:44.778 INFO: manager:   All right reserved.
Jul 19 09:56:44.778 INFO: manager: Manager starting.
Jul 19 09:56:44.778 INFO: manager: Starting local logging.
Jul 19 09:56:44.797 INFO: NamingOnCorba: Endpoint for the CORBA naming service (localhost) is 127.0.0.1.
Jul 19 09:56:44.798 INFO: NamingManager: NameServer connection succeeded: corba/localhost
Jul 19 09:56:44.806 INFO: ManagerServant: Named manager reference (INS) was successfully created.
Jul 19 09:56:44.813 INFO: ManagerServant: Master manager found: localhost:2810
Jul 19 09:56:44.814 INFO: ManagerServant: Adding this manager to this manager.
Jul 19 09:56:44.814 INFO: ManagerServant: Register this manager to master manager.
Jul 19 09:56:44.814 INFO: ManagerServant: Slave manager servant was successfully created.
Jul 19 09:56:44.815 INFO: LocalServiceAdmin: All the local services are enabled.
Jul 19 09:56:44.830 INFO: ec_base: setRate(1000000.000000) done
Jul 19 09:56:44.831 INFO: ec_base: setRate(1000.000000) done
Jul 19 09:56:44.832 INFO: Dynamixel0: 1 execution context was created.
Jul 19 09:56:44.833 INFO: Dynamixel0: onInitialize()
Jul 19 09:56:44.868 INFO: Dynamixel0: Initial active configuration set is default.
Jul 19 09:57:11.686 INFO: Dynamixel0: onActivated()
Jul 19 09:57:11.822 INFO: Dynamixel0: m_initialPosition: 512, 512, 512, 512, 512, 
Jul 19 09:57:11.823 INFO: Dynamixel0: m_initialSpeed: 100, 100, 100, 100, 100, 
Jul 19 09:57:49.838 INFO: Dynamixel0: onDeactivated()
