Jun 26 07:39:08.705 INFO: manager: 2.0.1
Jun 26 07:39:08.705 INFO: manager: Copyright (C) 2003-2022, Noriaki Ando and OpenRTM development team,
Jun 26 07:39:08.705 INFO: manager:   Intelligent Systems Research Institute, AIST,
Jun 26 07:39:08.705 INFO: manager: Copyright (C) 2022, Noriaki Ando and OpenRTM development team,
Jun 26 07:39:08.705 INFO: manager:   Industrial Cyber-Physical Research Center, AIST,
Jun 26 07:39:08.705 INFO: manager:   All right reserved.
Jun 26 07:39:08.705 INFO: manager: Manager starting.
Jun 26 07:39:08.706 INFO: manager: Starting local logging.
Jun 26 07:39:08.724 INFO: NamingOnCorba: Endpoint for the CORBA naming service (localhost) is 127.0.0.1.
Jun 26 07:39:08.725 INFO: NamingManager: NameServer connection succeeded: corba/localhost
Jun 26 07:39:08.732 INFO: ManagerServant: Named manager reference (INS) was successfully created.
Jun 26 07:39:12.848 WARNING: ManagerServant: Master manager not found
Jun 26 07:39:12.850 INFO: LocalServiceAdmin: All the local services are enabled.
Jun 26 07:39:12.873 INFO: ec_base: setRate(1000000.000000) done
Jun 26 07:39:12.873 INFO: ec_base: setRate(1000.000000) done
Jun 26 07:39:12.874 INFO: Dynamixel0: 1 execution context was created.
Jun 26 07:39:12.874 INFO: Dynamixel0: onInitialize()
Jun 26 07:39:12.899 INFO: Dynamixel0: Initial active configuration set is default.
Jun 26 07:39:20.893 INFO: Dynamixel0: onActivated()
Jun 26 07:39:21.030 INFO: Dynamixel0: m_initialPosition: 512, 
Jun 26 07:39:21.031 INFO: Dynamixel0: m_initialSpeed: 30, 
Jun 26 07:39:27.025 INFO: ManagerServant: Master manager not found
Jun 26 07:39:29.728 INFO: Dynamixel0: onDeactivated()
Jun 26 07:39:29.741 INFO: Dynamixel0: onFinalize()
