Jul 04 11:43:16.151 INFO: manager: 2.0.1
Jul 04 11:43:16.151 INFO: manager: Copyright (C) 2003-2022, Noriaki Ando and OpenRTM development team,
Jul 04 11:43:16.151 INFO: manager:   Intelligent Systems Research Institute, AIST,
Jul 04 11:43:16.152 INFO: manager: Copyright (C) 2022, Noriaki Ando and OpenRTM development team,
Jul 04 11:43:16.152 INFO: manager:   Industrial Cyber-Physical Research Center, AIST,
Jul 04 11:43:16.152 INFO: manager:   All right reserved.
Jul 04 11:43:16.152 INFO: manager: Manager starting.
Jul 04 11:43:16.152 INFO: manager: Starting local logging.
Jul 04 11:43:16.177 INFO: NamingOnCorba: Endpoint for the CORBA naming service (localhost) is 127.0.0.1.
Jul 04 11:43:16.177 INFO: NamingManager: NameServer connection succeeded: corba/localhost
Jul 04 11:43:16.187 INFO: ManagerServant: Named manager reference (INS) was successfully created.
Jul 04 11:43:20.296 WARNING: ManagerServant: Master manager not found
Jul 04 11:43:20.300 INFO: LocalServiceAdmin: All the local services are enabled.
Jul 04 11:43:20.335 INFO: ec_base: setRate(1000000.000000) done
Jul 04 11:43:20.335 INFO: ec_base: setRate(1000.000000) done
Jul 04 11:43:20.337 INFO: Dynamixel0: 1 execution context was created.
Jul 04 11:43:20.339 INFO: Dynamixel0: onInitialize()
Jul 04 11:43:20.356 INFO: Dynamixel0: Initial active configuration set is default.
Jul 04 11:43:34.527 INFO: ManagerServant: Master manager not found
Jul 04 11:43:37.044 WARNING: SdoServiceAdmin: No available SDO service in the factory: 
Jul 04 11:43:44.539 INFO: ManagerServant: Master manager not found
Jul 04 11:43:54.630 INFO: ManagerServant: Master manager not found
Jul 04 11:43:54.850 INFO: Dynamixel0: onActivated()
Jul 04 11:43:55.006 INFO: Dynamixel0: m_initialPosition: 512, 512, 512, 512, 
Jul 04 11:43:55.007 INFO: Dynamixel0: m_initialSpeed: 100, 100, 100, 100, 
Jul 04 11:44:04.642 INFO: ManagerServant: Master manager not found
Jul 04 11:44:14.673 INFO: ManagerServant: Master manager not found
Jul 04 11:44:24.667 INFO: ManagerServant: Master manager not found
Jul 04 11:44:34.782 INFO: ManagerServant: Master manager not found
Jul 04 11:44:41.320 INFO: Dynamixel0: onDeactivated()
Jul 04 11:44:41.321 INFO: Dynamixel0: onAborting()
Jul 04 11:44:44.805 INFO: ManagerServant: Master manager not found
Jul 04 11:44:54.794 INFO: ManagerServant: Master manager not found
Jul 04 11:45:04.836 INFO: ManagerServant: Master manager not found
Jul 04 11:45:14.815 INFO: ManagerServant: Master manager not found
Jul 04 11:45:24.955 INFO: ManagerServant: Master manager not found
Jul 04 11:45:34.949 INFO: ManagerServant: Master manager not found
Jul 04 11:45:45.063 INFO: ManagerServant: Master manager not found
Jul 04 11:45:55.186 INFO: ManagerServant: Master manager not found
Jul 04 11:46:05.258 INFO: ManagerServant: Master manager not found
Jul 04 11:46:15.394 INFO: ManagerServant: Master manager not found
Jul 04 11:46:25.369 INFO: ManagerServant: Master manager not found
Jul 04 11:46:35.512 INFO: ManagerServant: Master manager not found
Jul 04 11:46:45.528 INFO: ManagerServant: Master manager not found
Jul 04 11:46:55.528 INFO: ManagerServant: Master manager not found
Jul 04 11:47:05.627 INFO: ManagerServant: Master manager not found
Jul 04 11:47:15.650 INFO: ManagerServant: Master manager not found
Jul 04 11:47:25.640 INFO: ManagerServant: Master manager not found
Jul 04 11:47:31.095 WARNING: goalPosition: Dead connection: 79d730ce-fe66-4f6e-8e63-249188ab4d29
Jul 04 11:47:33.120 WARNING: goalPosition: Exception caught: minor code.
Jul 04 11:47:33.262 ERROR: ec_worker: State of the RTC is not ACTIVE_STATE.
Jul 04 11:47:35.730 INFO: ManagerServant: Master manager not found
