Jun 26 11:00:35.020 INFO: manager: 2.0.1
Jun 26 11:00:35.020 INFO: manager: Copyright (C) 2003-2022, Noriaki Ando and OpenRTM development team,
Jun 26 11:00:35.020 INFO: manager:   Intelligent Systems Research Institute, AIST,
Jun 26 11:00:35.020 INFO: manager: Copyright (C) 2022, Noriaki Ando and OpenRTM development team,
Jun 26 11:00:35.020 INFO: manager:   Industrial Cyber-Physical Research Center, AIST,
Jun 26 11:00:35.020 INFO: manager:   All right reserved.
Jun 26 11:00:35.020 INFO: manager: Manager starting.
Jun 26 11:00:35.020 INFO: manager: Starting local logging.
Jun 26 11:00:35.043 INFO: NamingOnCorba: Endpoint for the CORBA naming service (localhost) is 127.0.0.1.
Jun 26 11:00:35.043 INFO: NamingManager: NameServer connection succeeded: corba/localhost
Jun 26 11:00:35.060 INFO: ManagerServant: Named manager reference (INS) was successfully created.
Jun 26 11:00:39.157 WARNING: ManagerServant: Master manager not found
Jun 26 11:00:39.159 INFO: LocalServiceAdmin: All the local services are enabled.
Jun 26 11:00:39.176 INFO: ec_base: setRate(1000000.000000) done
Jun 26 11:00:39.176 INFO: ec_base: setRate(1000.000000) done
Jun 26 11:00:39.177 INFO: Dynamixel0: 1 execution context was created.
Jun 26 11:00:39.177 INFO: Dynamixel0: onInitialize()
Jun 26 11:00:39.194 INFO: Dynamixel0: Initial active configuration set is default.
Jun 26 11:00:52.920 WARNING: SdoServiceAdmin: No available SDO service in the factory: 
Jun 26 11:00:53.371 INFO: ManagerServant: Master manager not found
Jun 26 11:01:03.367 INFO: ManagerServant: Master manager not found
Jun 26 11:01:04.105 INFO: Dynamixel0: onActivated()
Jun 26 11:01:04.243 INFO: Dynamixel0: m_initialPosition: 512, 
Jun 26 11:01:04.244 INFO: Dynamixel0: m_initialSpeed: 100, 
Jun 26 11:01:04.368 INFO: Dynamixel0: onDeactivated()
Jun 26 11:01:04.368 INFO: Dynamixel0: onAborting()
Jun 26 11:01:13.373 INFO: ManagerServant: Master manager not found
Jun 26 11:01:20.926 WARNING: goalPosition: Dead connection: e7664be2-246f-4837-9029-1c919e80b601
