Jul 05 08:34:15.327 INFO: manager: 2.0.1
Jul 05 08:34:15.327 INFO: manager: Copyright (C) 2003-2022, Noriaki Ando and OpenRTM development team,
Jul 05 08:34:15.328 INFO: manager:   Intelligent Systems Research Institute, AIST,
Jul 05 08:34:15.328 INFO: manager: Copyright (C) 2022, Noriaki Ando and OpenRTM development team,
Jul 05 08:34:15.328 INFO: manager:   Industrial Cyber-Physical Research Center, AIST,
Jul 05 08:34:15.328 INFO: manager:   All right reserved.
Jul 05 08:34:15.328 INFO: manager: Manager starting.
Jul 05 08:34:15.328 INFO: manager: Starting local logging.
Jul 05 08:34:15.346 INFO: NamingOnCorba: Endpoint for the CORBA naming service (localhost) is 127.0.0.1.
Jul 05 08:34:15.346 INFO: NamingManager: NameServer connection succeeded: corba/localhost
Jul 05 08:34:15.351 INFO: ManagerServant: Named manager reference (INS) was successfully created.
Jul 05 08:34:19.478 WARNING: ManagerServant: Master manager not found
Jul 05 08:34:19.481 INFO: LocalServiceAdmin: All the local services are enabled.
Jul 05 08:34:19.512 INFO: ec_base: setRate(1000000.000000) done
Jul 05 08:34:19.512 INFO: ec_base: setRate(1000.000000) done
Jul 05 08:34:19.513 INFO: Dynamixel0: 1 execution context was created.
Jul 05 08:34:19.514 INFO: Dynamixel0: onInitialize()
Jul 05 08:34:19.528 INFO: Dynamixel0: Initial active configuration set is default.
Jul 05 08:34:26.359 WARNING: SdoServiceAdmin: No available SDO service in the factory: 
Jul 05 08:34:33.690 INFO: ManagerServant: Master manager not found
Jul 05 08:34:43.736 INFO: ManagerServant: Master manager not found
Jul 05 08:34:44.329 INFO: Dynamixel0: onActivated()
Jul 05 08:34:44.468 INFO: Dynamixel0: m_initialPosition: 512, 512, 512, 512, 
Jul 05 08:34:44.469 INFO: Dynamixel0: m_initialSpeed: 100, 100, 100, 100, 
Jul 05 08:34:53.812 INFO: ManagerServant: Master manager not found
Jul 05 08:35:03.916 INFO: ManagerServant: Master manager not found
Jul 05 08:35:13.917 INFO: ManagerServant: Master manager not found
Jul 05 08:35:24.012 INFO: ManagerServant: Master manager not found
Jul 05 08:35:34.017 INFO: ManagerServant: Master manager not found
Jul 05 08:35:44.117 INFO: ManagerServant: Master manager not found
Jul 05 08:35:54.110 INFO: ManagerServant: Master manager not found
Jul 05 08:36:04.103 INFO: ManagerServant: Master manager not found
Jul 05 08:36:14.115 INFO: ManagerServant: Master manager not found
Jul 05 08:36:24.230 INFO: ManagerServant: Master manager not found
Jul 05 08:36:34.213 INFO: ManagerServant: Master manager not found
Jul 05 08:36:44.317 INFO: ManagerServant: Master manager not found
Jul 05 08:36:54.417 INFO: ManagerServant: Master manager not found
Jul 05 08:36:54.978 INFO: Dynamixel0: onDeactivated()
