Jul 19 08:43:18.860 INFO: manager: 2.0.1
Jul 19 08:43:18.860 INFO: manager: Copyright (C) 2003-2022, Noriaki Ando and OpenRTM development team,
Jul 19 08:43:18.860 INFO: manager:   Intelligent Systems Research Institute, AIST,
Jul 19 08:43:18.860 INFO: manager: Copyright (C) 2022, Noriaki Ando and OpenRTM development team,
Jul 19 08:43:18.860 INFO: manager:   Industrial Cyber-Physical Research Center, AIST,
Jul 19 08:43:18.860 INFO: manager:   All right reserved.
Jul 19 08:43:18.860 INFO: manager: Manager starting.
Jul 19 08:43:18.860 INFO: manager: Starting local logging.
Jul 19 08:43:18.882 INFO: NamingOnCorba: Endpoint for the CORBA naming service (localhost) is 127.0.0.1.
Jul 19 08:43:18.882 INFO: NamingManager: NameServer connection succeeded: corba/localhost
Jul 19 08:43:18.891 INFO: ManagerServant: Named manager reference (INS) was successfully created.
Jul 19 08:43:18.899 INFO: ManagerServant: Master manager found: localhost:2810
Jul 19 08:43:18.899 INFO: ManagerServant: Adding this manager to this manager.
Jul 19 08:43:18.899 INFO: ManagerServant: Register this manager to master manager.
Jul 19 08:43:18.900 INFO: ManagerServant: Slave manager servant was successfully created.
Jul 19 08:43:18.901 INFO: LocalServiceAdmin: All the local services are enabled.
Jul 19 08:43:18.918 INFO: ec_base: setRate(1000000.000000) done
Jul 19 08:43:18.918 INFO: ec_base: setRate(1000.000000) done
Jul 19 08:43:18.918 INFO: Dynamixel0: 1 execution context was created.
Jul 19 08:43:18.919 INFO: Dynamixel0: onInitialize()
Jul 19 08:43:18.945 INFO: Dynamixel0: Initial active configuration set is default.
Jul 19 08:43:30.845 INFO: Dynamixel0: onActivated()
Jul 19 08:43:30.993 INFO: Dynamixel0: m_initialPosition: 512, 512, 512, 512, 512, 
Jul 19 08:43:30.994 INFO: Dynamixel0: m_initialSpeed: 100, 100, 100, 100, 100, 
Jul 19 08:44:22.427 INFO: Dynamixel0: onDeactivated()
Jul 19 08:44:26.485 WARNING: goalPosition: Dead connection: 8ac49a38-afde-4002-9ed3-b8db11d37302
Jul 19 08:44:28.523 WARNING: goalPosition: Exception caught: minor code.
Jul 19 08:46:45.800 INFO: Dynamixel0: onActivated()
Jul 19 08:46:45.800 INFO: Dynamixel0: m_initialPosition: 512, 512, 512, 512, 512, 
Jul 19 08:46:45.801 INFO: Dynamixel0: m_initialSpeed: 100, 100, 100, 100, 100, 
Jul 19 08:50:37.883 WARNING: goalPosition: Dead connection: b62c34a0-cece-46d5-83f2-ec61ab286239
Jul 19 08:50:39.935 WARNING: goalPosition: Exception caught: minor code(1096024066).
Jul 19 08:50:47.475 INFO: Dynamixel0: onDeactivated()
Jul 19 08:51:02.061 INFO: Dynamixel0: onActivated()
Jul 19 08:51:02.062 INFO: Dynamixel0: m_initialPosition: 512, 512, 512, 512, 512, 
Jul 19 08:51:02.063 INFO: Dynamixel0: m_initialSpeed: 100, 100, 100, 100, 100, 
Jul 19 08:51:46.413 WARNING: goalPosition: Dead connection: c0783b7f-49a8-431c-b3f3-b8665a63cd78
Jul 19 08:51:48.470 WARNING: goalPosition: Exception caught: minor code(1096024066).
Jul 19 08:52:50.203 INFO: Dynamixel0: onDeactivated()
Jul 19 08:53:21.574 INFO: Dynamixel0: onActivated()
Jul 19 08:53:21.575 INFO: Dynamixel0: m_initialPosition: 512, 512, 512, 512, 512, 
Jul 19 08:53:21.575 INFO: Dynamixel0: m_initialSpeed: 100, 100, 100, 100, 100, 
