Jun 26 08:29:44.364 INFO: manager: 2.0.1
Jun 26 08:29:44.364 INFO: manager: Copyright (C) 2003-2022, Noriaki Ando and OpenRTM development team,
Jun 26 08:29:44.364 INFO: manager:   Intelligent Systems Research Institute, AIST,
Jun 26 08:29:44.364 INFO: manager: Copyright (C) 2022, Noriaki Ando and OpenRTM development team,
Jun 26 08:29:44.364 INFO: manager:   Industrial Cyber-Physical Research Center, AIST,
Jun 26 08:29:44.364 INFO: manager:   All right reserved.
Jun 26 08:29:44.364 INFO: manager: Manager starting.
Jun 26 08:29:44.364 INFO: manager: Starting local logging.
Jun 26 08:29:44.387 INFO: NamingOnCorba: Endpoint for the CORBA naming service (localhost) is 127.0.0.1.
Jun 26 08:29:44.387 INFO: NamingManager: NameServer connection succeeded: corba/localhost
Jun 26 08:29:44.395 INFO: ManagerServant: Named manager reference (INS) was successfully created.
Jun 26 08:29:48.489 WARNING: ManagerServant: Master manager not found
Jun 26 08:29:48.496 INFO: LocalServiceAdmin: All the local services are enabled.
Jun 26 08:29:48.581 INFO: ec_base: setRate(1000000.000000) done
Jun 26 08:29:48.583 INFO: ec_base: setRate(1000.000000) done
Jun 26 08:29:48.589 INFO: Dynamixel0: 1 execution context was created.
Jun 26 08:29:48.590 INFO: Dynamixel0: onInitialize()
Jun 26 08:29:48.693 INFO: Dynamixel0: Initial active configuration set is default.
Jun 26 08:29:53.257 INFO: Dynamixel0: onActivated()
Jun 26 08:29:53.415 INFO: Dynamixel0: m_initialPosition: 512, 
Jun 26 08:29:53.416 INFO: Dynamixel0: m_initialSpeed: 30, 
Jun 26 08:29:53.510 INFO: Dynamixel0: 全アクチュエータのトルク制限を最大に設定
Jun 26 08:29:53.511 INFO: Dynamixel0: onDeactivated()
Jun 26 08:29:53.511 INFO: Dynamixel0: onAborting()
Jun 26 08:29:53.523 ERROR: ec_base: State of the RTC transitioned to ERROR_STATE.
Jun 26 08:30:02.873 INFO: ManagerServant: Master manager not found
Jun 26 08:30:12.891 INFO: ManagerServant: Master manager not found
Jun 26 08:30:17.267 INFO: Dynamixel0: onReset()
Jun 26 08:30:17.287 INFO: Dynamixel0: onFinalize()
