Jul 21 16:11:40.130 INFO: manager: 2.0.1
Jul 21 16:11:40.132 INFO: manager: Copyright (C) 2003-2022, Noriaki Ando and OpenRTM development team,
Jul 21 16:11:40.133 INFO: manager:   Intelligent Systems Research Institute, AIST,
Jul 21 16:11:40.134 INFO: manager: Copyright (C) 2022, Noriaki Ando and OpenRTM development team,
Jul 21 16:11:40.134 INFO: manager:   Industrial Cyber-Physical Research Center, AIST,
Jul 21 16:11:40.135 INFO: manager:   All right reserved.
Jul 21 16:11:40.135 INFO: manager: Manager starting.
Jul 21 16:11:40.136 INFO: manager: Starting local logging.
Jul 21 16:11:40.242 INFO: NamingOnCorba: Endpoint for the CORBA naming service (localhost) is 127.0.0.1.
Jul 21 16:11:40.243 INFO: NamingManager: NameServer connection succeeded: corba/localhost
Jul 21 16:11:40.300 INFO: ManagerServant: Named manager reference (INS) was successfully created.
Jul 21 16:11:40.334 INFO: ManagerServant: Master manager found: localhost:2810
Jul 21 16:11:40.335 INFO: ManagerServant: Adding this manager to this manager.
Jul 21 16:11:40.336 INFO: ManagerServant: Register this manager to master manager.
Jul 21 16:11:40.339 INFO: ManagerServant: Slave manager servant was successfully created.
Jul 21 16:11:40.346 INFO: LocalServiceAdmin: All the local services are enabled.
Jul 21 16:11:40.494 INFO: ec_base: setRate(1000000.000000) done
Jul 21 16:11:40.495 INFO: ec_base: setRate(1000.000000) done
Jul 21 16:11:40.497 INFO: Dynamixel0: 1 execution context was created.
Jul 21 16:11:40.500 INFO: Dynamixel0: onInitialize()
Jul 21 16:11:40.611 INFO: Dynamixel0: Initial active configuration set is default.
Jul 21 16:12:24.575 INFO: Dynamixel0: onActivated()
Jul 21 16:12:24.724 INFO: Dynamixel0: m_initialPosition: 512, 512, 512, 512, 512, 
Jul 21 16:12:24.724 INFO: Dynamixel0: m_initialSpeed: 100, 100, 100, 100, 100, 
Jul 21 16:14:36.725 INFO: Dynamixel0: onDeactivated()
