Jun 26 11:58:34.502 INFO: manager: 2.0.1
Jun 26 11:58:34.503 INFO: manager: Copyright (C) 2003-2022, Noriaki Ando and OpenRTM development team,
Jun 26 11:58:34.503 INFO: manager:   Intelligent Systems Research Institute, AIST,
Jun 26 11:58:34.504 INFO: manager: Copyright (C) 2022, Noriaki Ando and OpenRTM development team,
Jun 26 11:58:34.506 INFO: manager:   Industrial Cyber-Physical Research Center, AIST,
Jun 26 11:58:34.507 INFO: manager:   All right reserved.
Jun 26 11:58:34.507 INFO: manager: Manager starting.
Jun 26 11:58:34.507 INFO: manager: Starting local logging.
Jun 26 11:58:34.532 INFO: NamingOnCorba: Endpoint for the CORBA naming service (localhost) is 127.0.0.1.
Jun 26 11:58:34.532 INFO: NamingManager: NameServer connection succeeded: corba/localhost
Jun 26 11:58:34.548 INFO: ManagerServant: Named manager reference (INS) was successfully created.
Jun 26 11:58:38.639 WARNING: ManagerServant: Master manager not found
Jun 26 11:58:38.642 INFO: LocalServiceAdmin: All the local services are enabled.
Jun 26 11:58:38.659 INFO: ec_base: setRate(1000000.000000) done
Jun 26 11:58:38.659 INFO: ec_base: setRate(1000.000000) done
Jun 26 11:58:38.659 INFO: Dynamixel0: 1 execution context was created.
Jun 26 11:58:38.659 INFO: Dynamixel0: onInitialize()
Jun 26 11:58:38.679 INFO: Dynamixel0: Initial active configuration set is default.
Jun 26 11:58:52.800 INFO: ManagerServant: Master manager not found
Jun 26 11:58:54.881 INFO: Dynamixel0: onActivated()
Jun 26 11:58:55.044 INFO: Dynamixel0: m_initialPosition: 512, 
Jun 26 11:58:55.044 INFO: Dynamixel0: m_initialSpeed: 100, 
Jun 26 11:58:55.169 INFO: Dynamixel0: onDeactivated()
Jun 26 11:58:55.169 INFO: Dynamixel0: onAborting()
Jun 26 11:59:02.804 INFO: ManagerServant: Master manager not found
Jun 26 11:59:12.869 INFO: ManagerServant: Master manager not found
Jun 26 11:59:22.893 INFO: ManagerServant: Master manager not found
Jun 26 11:59:32.912 INFO: ManagerServant: Master manager not found
Jun 26 11:59:42.941 INFO: ManagerServant: Master manager not found
Jun 26 11:59:52.964 INFO: ManagerServant: Master manager not found
Jun 26 12:00:03.005 INFO: ManagerServant: Master manager not found
Jun 26 12:00:13.024 INFO: ManagerServant: Master manager not found
Jun 26 12:00:23.060 INFO: ManagerServant: Master manager not found
Jun 26 12:00:33.083 INFO: ManagerServant: Master manager not found
Jun 26 12:00:43.076 INFO: ManagerServant: Master manager not found
Jun 26 12:00:53.213 INFO: ManagerServant: Master manager not found
Jun 26 12:01:03.246 INFO: ManagerServant: Master manager not found
Jun 26 12:01:13.261 INFO: ManagerServant: Master manager not found
Jun 26 12:01:23.319 INFO: ManagerServant: Master manager not found
Jun 26 12:01:33.377 INFO: ManagerServant: Master manager not found
Jun 26 12:01:43.394 INFO: ManagerServant: Master manager not found
