Jul 23 10:31:56.273 INFO: manager: 2.0.1
Jul 23 10:31:56.274 INFO: manager: Copyright (C) 2003-2022, Noriaki Ando and OpenRTM development team,
Jul 23 10:31:56.274 INFO: manager:   Intelligent Systems Research Institute, AIST,
Jul 23 10:31:56.274 INFO: manager: Copyright (C) 2022, Noriaki Ando and OpenRTM development team,
Jul 23 10:31:56.275 INFO: manager:   Industrial Cyber-Physical Research Center, AIST,
Jul 23 10:31:56.275 INFO: manager:   All right reserved.
Jul 23 10:31:56.275 INFO: manager: Manager starting.
Jul 23 10:31:56.275 INFO: manager: Starting local logging.
Jul 23 10:31:56.309 INFO: NamingOnCorba: Endpoint for the CORBA naming service (localhost) is 127.0.0.1.
Jul 23 10:31:56.309 INFO: NamingManager: NameServer connection succeeded: corba/localhost
Jul 23 10:31:56.322 INFO: ManagerServant: Named manager reference (INS) was successfully created.
Jul 23 10:32:00.425 WARNING: ManagerServant: Master manager not found
Jul 23 10:32:00.427 INFO: LocalServiceAdmin: All the local services are enabled.
Jul 23 10:32:00.445 INFO: ec_base: setRate(1000000.000000) done
Jul 23 10:32:00.445 INFO: ec_base: setRate(1000.000000) done
Jul 23 10:32:00.445 INFO: Dynamixel0: 1 execution context was created.
Jul 23 10:32:00.445 INFO: Dynamixel0: onInitialize()
Jul 23 10:32:00.460 INFO: Dynamixel0: Initial active configuration set is default.
Jul 23 10:32:09.382 INFO: ec_base: setRate(1000.000000) done
Jul 23 10:32:11.551 INFO: Dynamixel0: onActivated()
Jul 23 10:32:11.700 INFO: Dynamixel0: m_initialPosition: 512, 512, 512, 512, 512, 
Jul 23 10:32:11.700 INFO: Dynamixel0: m_initialSpeed: 100, 100, 100, 100, 100, 
Jul 23 10:32:14.579 INFO: ManagerServant: Master manager not found
Jul 23 10:32:24.679 INFO: ManagerServant: Master manager not found
Jul 23 10:32:34.777 INFO: ManagerServant: Master manager not found
Jul 23 10:32:44.867 INFO: ManagerServant: Master manager not found
Jul 23 10:32:54.949 INFO: ManagerServant: Master manager not found
Jul 23 10:33:05.053 INFO: Dynamixel0: onDeactivated()
Jul 23 10:33:05.069 INFO: ManagerServant: Master manager not found
Jul 23 10:33:15.170 INFO: ManagerServant: Master manager not found
Jul 23 10:33:21.216 WARNING: goalPosition: Dead connection: e2f8c0a2-dc42-4d31-b954-30364d80cb95
Jul 23 10:33:23.264 WARNING: goalPosition: Exception caught: minor code.
Jul 23 10:33:25.291 INFO: ManagerServant: Master manager not found
Jul 23 10:33:25.317 WARNING: movingSpeed: Dead connection: 4cf74173-819c-45ac-8350-579803da94bd
Jul 23 10:33:27.363 WARNING: movingSpeed: Exception caught: minor code.
Jul 23 10:33:29.410 WARNING: moving: Dead connection: 3db79d49-a9a6-478c-9752-e0bcbcf6d000
Jul 23 10:33:31.458 WARNING: moving: Exception caught: minor code.
Jul 23 10:33:35.381 INFO: ManagerServant: Master manager not found
Jul 23 10:33:45.477 INFO: ManagerServant: Master manager not found
Jul 23 10:33:55.565 INFO: ManagerServant: Master manager not found
Jul 23 10:33:57.710 INFO: ec_base: setRate(1000.000000) done
Jul 23 10:34:00.205 INFO: Dynamixel0: onActivated()
Jul 23 10:34:00.206 INFO: Dynamixel0: m_initialPosition: 512, 512, 512, 512, 512, 
Jul 23 10:34:00.206 INFO: Dynamixel0: m_initialSpeed: 100, 100, 100, 100, 100, 
Jul 23 10:34:05.647 INFO: ManagerServant: Master manager not found
Jul 23 10:34:15.739 INFO: ManagerServant: Master manager not found
Jul 23 10:34:25.847 INFO: ManagerServant: Master manager not found
Jul 23 10:34:35.944 INFO: ManagerServant: Master manager not found
Jul 23 10:34:46.043 INFO: ManagerServant: Master manager not found
Jul 23 10:34:56.069 INFO: ManagerServant: Master manager not found
Jul 23 10:35:06.166 INFO: ManagerServant: Master manager not found
Jul 23 10:35:16.148 INFO: ManagerServant: Master manager not found
Jul 23 10:35:21.062 INFO: Dynamixel0: onDeactivated()
Jul 23 10:35:26.263 INFO: ManagerServant: Master manager not found
Jul 23 10:35:36.382 INFO: ManagerServant: Master manager not found
Jul 23 10:35:44.273 WARNING: goalPosition: Dead connection: e2f8c0a2-dc42-4d31-b954-30364d80cb95
Jul 23 10:35:46.323 WARNING: goalPosition: Exception caught: minor code.
Jul 23 10:35:46.371 INFO: ManagerServant: Master manager not found
Jul 23 10:35:48.363 WARNING: movingSpeed: Dead connection: 4cf74173-819c-45ac-8350-579803da94bd
Jul 23 10:35:50.402 WARNING: movingSpeed: Exception caught: minor code.
Jul 23 10:35:52.454 WARNING: moving: Dead connection: 3db79d49-a9a6-478c-9752-e0bcbcf6d000
Jul 23 10:35:54.506 WARNING: moving: Exception caught: minor code.
Jul 23 10:35:56.454 INFO: ManagerServant: Master manager not found
Jul 23 10:36:06.539 INFO: ManagerServant: Master manager not found
Jul 23 10:36:07.534 INFO: ec_base: setRate(1000.000000) done
Jul 23 10:36:10.676 INFO: Dynamixel0: onActivated()
Jul 23 10:36:10.677 INFO: Dynamixel0: m_initialPosition: 512, 512, 512, 512, 512, 
Jul 23 10:36:10.677 INFO: Dynamixel0: m_initialSpeed: 100, 100, 100, 100, 100, 
Jul 23 10:36:16.634 INFO: ManagerServant: Master manager not found
Jul 23 10:36:26.710 INFO: ManagerServant: Master manager not found
Jul 23 10:36:35.120 INFO: Dynamixel0: onDeactivated()
Jul 23 10:36:36.815 INFO: ManagerServant: Master manager not found
Jul 23 10:36:46.917 INFO: ManagerServant: Master manager not found
Jul 23 10:36:48.829 WARNING: goalPosition: Dead connection: e2f8c0a2-dc42-4d31-b954-30364d80cb95
Jul 23 10:36:50.887 WARNING: goalPosition: Exception caught: minor code.
Jul 23 10:36:52.935 WARNING: movingSpeed: Dead connection: 4cf74173-819c-45ac-8350-579803da94bd
Jul 23 10:36:54.997 WARNING: movingSpeed: Exception caught: minor code.
Jul 23 10:36:56.919 INFO: ManagerServant: Master manager not found
Jul 23 10:36:57.043 WARNING: moving: Dead connection: 3db79d49-a9a6-478c-9752-e0bcbcf6d000
Jul 23 10:36:59.087 WARNING: moving: Exception caught: minor code.
Jul 23 10:37:07.030 INFO: ManagerServant: Master manager not found
Jul 23 10:37:16.986 INFO: ManagerServant: Master manager not found
Jul 23 10:37:20.381 INFO: ec_base: setRate(1000.000000) done
Jul 23 10:37:22.769 INFO: Dynamixel0: onActivated()
Jul 23 10:37:22.770 INFO: Dynamixel0: m_initialPosition: 512, 512, 512, 512, 512, 
Jul 23 10:37:22.770 INFO: Dynamixel0: m_initialSpeed: 100, 100, 100, 100, 100, 
Jul 23 10:37:27.086 INFO: ManagerServant: Master manager not found
