Jul 10 03:33:49.160 INFO: manager: 2.0.1
Jul 10 03:33:49.160 INFO: manager: Copyright (C) 2003-2022, Noriaki Ando and OpenRTM development team,
Jul 10 03:33:49.161 INFO: manager:   Intelligent Systems Research Institute, AIST,
Jul 10 03:33:49.161 INFO: manager: Copyright (C) 2022, Noriaki Ando and OpenRTM development team,
Jul 10 03:33:49.161 INFO: manager:   Industrial Cyber-Physical Research Center, AIST,
Jul 10 03:33:49.161 INFO: manager:   All right reserved.
Jul 10 03:33:49.161 INFO: manager: Manager starting.
Jul 10 03:33:49.162 INFO: manager: Starting local logging.
Jul 10 03:33:49.214 INFO: NamingOnCorba: Endpoint for the CORBA naming service (localhost) is 127.0.0.1.
Jul 10 03:33:49.214 INFO: NamingManager: NameServer connection succeeded: corba/localhost
Jul 10 03:33:49.238 INFO: ManagerServant: Named manager reference (INS) was successfully created.
Jul 10 03:33:53.343 WARNING: ManagerServant: Master manager not found
Jul 10 03:33:53.346 INFO: LocalServiceAdmin: All the local services are enabled.
Jul 10 03:33:53.373 INFO: ec_base: setRate(1000000.000000) done
Jul 10 03:33:53.373 INFO: ec_base: setRate(1000.000000) done
Jul 10 03:33:53.374 INFO: Dynamixel0: 1 execution context was created.
Jul 10 03:33:53.374 INFO: Dynamixel0: onInitialize()
Jul 10 03:33:53.400 INFO: Dynamixel0: Initial active configuration set is default.
Jul 10 03:34:04.566 INFO: Dynamixel0: onActivated()
Jul 10 03:34:04.568 ERROR: Dynamixel0: シリアルポートのオープンに失敗
Jul 10 03:34:04.568 INFO: Dynamixel0: onDeactivated()
Jul 10 03:34:04.568 INFO: Dynamixel0: onAborting()
Jul 10 03:34:04.579 ERROR: ec_base: State of the RTC transitioned to ERROR_STATE.
Jul 10 03:34:07.547 INFO: ManagerServant: Master manager not found
Jul 10 03:34:10.227 ERROR: ec_worker: State of the RTC is not ACTIVE_STATE.
Jul 10 03:34:11.809 WARNING: SdoServiceAdmin: No available SDO service in the factory: 
