Jun 26 09:10:30.818 INFO: manager: 2.0.1
Jun 26 09:10:30.818 INFO: manager: Copyright (C) 2003-2022, Noriaki Ando and OpenRTM development team,
Jun 26 09:10:30.818 INFO: manager:   Intelligent Systems Research Institute, AIST,
Jun 26 09:10:30.818 INFO: manager: Copyright (C) 2022, Noriaki Ando and OpenRTM development team,
Jun 26 09:10:30.818 INFO: manager:   Industrial Cyber-Physical Research Center, AIST,
Jun 26 09:10:30.819 INFO: manager:   All right reserved.
Jun 26 09:10:30.819 INFO: manager: Manager starting.
Jun 26 09:10:30.819 INFO: manager: Starting local logging.
Jun 26 09:10:30.888 INFO: NamingOnCorba: Endpoint for the CORBA naming service (localhost) is 127.0.0.1.
Jun 26 09:10:30.888 INFO: NamingManager: NameServer connection succeeded: corba/localhost
Jun 26 09:10:30.902 INFO: ManagerServant: Named manager reference (INS) was successfully created.
Jun 26 09:10:35.023 WARNING: ManagerServant: Master manager not found
Jun 26 09:10:35.027 INFO: LocalServiceAdmin: All the local services are enabled.
Jun 26 09:10:35.047 INFO: ec_base: setRate(1000000.000000) done
Jun 26 09:10:35.048 INFO: ec_base: setRate(1000.000000) done
Jun 26 09:10:35.049 INFO: Dynamixel0: 1 execution context was created.
Jun 26 09:10:35.050 INFO: Dynamixel0: onInitialize()
Jun 26 09:10:35.077 INFO: Dynamixel0: Initial active configuration set is default.
Jun 26 09:10:46.341 WARNING: SdoServiceAdmin: No available SDO service in the factory: 
Jun 26 09:10:49.229 INFO: ManagerServant: Master manager not found
Jun 26 09:10:57.471 INFO: Dynamixel0: onActivated()
Jun 26 09:10:57.617 INFO: Dynamixel0: m_initialPosition: 512, 
Jun 26 09:10:57.618 INFO: Dynamixel0: m_initialSpeed: 100, 
Jun 26 09:10:57.680 INFO: Dynamixel0: onDeactivated()
Jun 26 09:10:57.680 INFO: Dynamixel0: onAborting()
Jun 26 09:10:57.687 ERROR: ec_base: State of the RTC transitioned to ERROR_STATE.
Jun 26 09:10:59.195 INFO: ManagerServant: Master manager not found
Jun 26 09:11:09.247 INFO: ManagerServant: Master manager not found
Jun 26 09:11:19.233 INFO: ManagerServant: Master manager not found
Jun 26 09:11:29.262 INFO: ManagerServant: Master manager not found
Jun 26 09:11:39.281 INFO: ManagerServant: Master manager not found
