Jul 01 10:54:31.209 INFO: manager: 2.0.1
Jul 01 10:54:31.210 INFO: manager: Copyright (C) 2003-2022, Noriaki Ando and OpenRTM development team,
Jul 01 10:54:31.211 INFO: manager:   Intelligent Systems Research Institute, AIST,
Jul 01 10:54:31.211 INFO: manager: Copyright (C) 2022, Noriaki Ando and OpenRTM development team,
Jul 01 10:54:31.211 INFO: manager:   Industrial Cyber-Physical Research Center, AIST,
Jul 01 10:54:31.211 INFO: manager:   All right reserved.
Jul 01 10:54:31.211 INFO: manager: Manager starting.
Jul 01 10:54:31.211 INFO: manager: Starting local logging.
Jul 01 10:54:31.252 INFO: NamingOnCorba: Endpoint for the CORBA naming service (localhost) is 127.0.0.1.
Jul 01 10:54:31.252 INFO: NamingManager: NameServer connection succeeded: corba/localhost
Jul 01 10:54:31.268 INFO: ManagerServant: Named manager reference (INS) was successfully created.
Jul 01 10:54:35.409 WARNING: ManagerServant: Master manager not found
Jul 01 10:54:35.412 INFO: LocalServiceAdmin: All the local services are enabled.
Jul 01 10:54:35.435 INFO: ec_base: setRate(1000000.000000) done
Jul 01 10:54:35.435 INFO: ec_base: setRate(1000.000000) done
Jul 01 10:54:35.436 INFO: Dynamixel0: 1 execution context was created.
Jul 01 10:54:35.437 INFO: Dynamixel0: onInitialize()
Jul 01 10:54:35.468 INFO: Dynamixel0: Initial active configuration set is default.
Jul 01 10:54:49.644 INFO: ManagerServant: Master manager not found
Jul 01 10:54:50.552 WARNING: SdoServiceAdmin: No available SDO service in the factory: 
Jul 01 10:54:59.787 INFO: ManagerServant: Master manager not found
Jul 01 10:55:02.796 INFO: Dynamixel0: onActivated()
Jul 01 10:55:02.940 INFO: Dynamixel0: m_initialPosition: 612, 
Jul 01 10:55:02.941 INFO: Dynamixel0: m_initialSpeed: 100, 
Jul 01 10:55:09.774 INFO: ManagerServant: Master manager not found
Jul 01 10:55:19.861 INFO: ManagerServant: Master manager not found
Jul 01 10:55:25.858 INFO: Dynamixel0: onDeactivated()
Jul 01 10:55:25.868 INFO: Dynamixel0: onFinalize()
