Jul 10 03:46:08.764 INFO: manager: 2.0.1
Jul 10 03:46:08.765 INFO: manager: Copyright (C) 2003-2022, Noriaki Ando and OpenRTM development team,
Jul 10 03:46:08.765 INFO: manager:   Intelligent Systems Research Institute, AIST,
Jul 10 03:46:08.765 INFO: manager: Copyright (C) 2022, Noriaki Ando and OpenRTM development team,
Jul 10 03:46:08.765 INFO: manager:   Industrial Cyber-Physical Research Center, AIST,
Jul 10 03:46:08.765 INFO: manager:   All right reserved.
Jul 10 03:46:08.765 INFO: manager: Manager starting.
Jul 10 03:46:08.765 INFO: manager: Starting local logging.
Jul 10 03:46:08.787 INFO: NamingOnCorba: Endpoint for the CORBA naming service (localhost) is 127.0.0.1.
Jul 10 03:46:08.787 INFO: NamingManager: NameServer connection succeeded: corba/localhost
Jul 10 03:46:08.804 INFO: ManagerServant: Named manager reference (INS) was successfully created.
Jul 10 03:46:12.982 WARNING: ManagerServant: Master manager not found
Jul 10 03:46:13.014 INFO: LocalServiceAdmin: All the local services are enabled.
Jul 10 03:46:13.229 INFO: ec_base: setRate(1000000.000000) done
Jul 10 03:46:13.229 INFO: ec_base: setRate(1000.000000) done
Jul 10 03:46:13.247 INFO: Dynamixel0: 1 execution context was created.
Jul 10 03:46:13.259 INFO: Dynamixel0: onInitialize()
Jul 10 03:46:13.309 INFO: Dynamixel0: Initial active configuration set is default.
Jul 10 03:46:27.504 INFO: ManagerServant: Master manager not found
Jul 10 03:46:37.543 INFO: ManagerServant: Master manager not found
