Jun 26 10:57:44.952 INFO: manager: 2.0.1
Jun 26 10:57:44.952 INFO: manager: Copyright (C) 2003-2022, Noriaki Ando and OpenRTM development team,
Jun 26 10:57:44.952 INFO: manager:   Intelligent Systems Research Institute, AIST,
Jun 26 10:57:44.952 INFO: manager: Copyright (C) 2022, Noriaki Ando and OpenRTM development team,
Jun 26 10:57:44.952 INFO: manager:   Industrial Cyber-Physical Research Center, AIST,
Jun 26 10:57:44.953 INFO: manager:   All right reserved.
Jun 26 10:57:44.953 INFO: manager: Manager starting.
Jun 26 10:57:44.953 INFO: manager: Starting local logging.
Jun 26 10:57:44.983 INFO: NamingOnCorba: Endpoint for the CORBA naming service (localhost) is 127.0.0.1.
Jun 26 10:57:44.983 INFO: NamingManager: NameServer connection succeeded: corba/localhost
Jun 26 10:57:45.009 INFO: ManagerServant: Named manager reference (INS) was successfully created.
Jun 26 10:57:49.096 WARNING: ManagerServant: Master manager not found
Jun 26 10:57:49.104 INFO: LocalServiceAdmin: All the local services are enabled.
Jun 26 10:57:49.171 INFO: ec_base: setRate(1000000.000000) done
Jun 26 10:57:49.171 INFO: ec_base: setRate(1000.000000) done
Jun 26 10:57:49.174 INFO: Dynamixel0: 1 execution context was created.
Jun 26 10:57:49.177 INFO: Dynamixel0: onInitialize()
Jun 26 10:57:49.208 INFO: Dynamixel0: Initial active configuration set is default.
Jun 26 10:58:03.380 INFO: ManagerServant: Master manager not found
Jun 26 10:58:06.058 WARNING: SdoServiceAdmin: No available SDO service in the factory: 
Jun 26 10:58:13.394 INFO: ManagerServant: Master manager not found
Jun 26 10:58:19.073 INFO: Dynamixel0: onActivated()
Jun 26 10:58:19.214 INFO: Dynamixel0: m_initialPosition: 512, 
Jun 26 10:58:19.214 INFO: Dynamixel0: m_initialSpeed: 100, 
Jun 26 10:58:19.344 INFO: Dynamixel0: onDeactivated()
Jun 26 10:58:19.344 INFO: Dynamixel0: onAborting()
Jun 26 10:58:23.352 INFO: ManagerServant: Master manager not found
Jun 26 10:58:33.382 INFO: ManagerServant: Master manager not found
Jun 26 10:58:37.492 ERROR: ec_worker: State of the RTC is not ACTIVE_STATE.
Jun 26 10:58:43.457 INFO: ManagerServant: Master manager not found
Jun 26 10:58:46.157 INFO: Dynamixel0: onReset()
Jun 26 10:58:46.178 INFO: Dynamixel0: onFinalize()
