Jun 26 08:16:16.665 INFO: manager: 2.0.1
Jun 26 08:16:16.665 INFO: manager: Copyright (C) 2003-2022, Noriaki Ando and OpenRTM development team,
Jun 26 08:16:16.665 INFO: manager:   Intelligent Systems Research Institute, AIST,
Jun 26 08:16:16.665 INFO: manager: Copyright (C) 2022, Noriaki Ando and OpenRTM development team,
Jun 26 08:16:16.665 INFO: manager:   Industrial Cyber-Physical Research Center, AIST,
Jun 26 08:16:16.665 INFO: manager:   All right reserved.
Jun 26 08:16:16.665 INFO: manager: Manager starting.
Jun 26 08:16:16.665 INFO: manager: Starting local logging.
Jun 26 08:16:16.684 INFO: NamingOnCorba: Endpoint for the CORBA naming service (localhost) is 127.0.0.1.
Jun 26 08:16:16.684 INFO: NamingManager: NameServer connection succeeded: corba/localhost
Jun 26 08:16:16.693 INFO: ManagerServant: Named manager reference (INS) was successfully created.
Jun 26 08:16:20.794 WARNING: ManagerServant: Master manager not found
Jun 26 08:16:20.797 INFO: LocalServiceAdmin: All the local services are enabled.
Jun 26 08:16:20.820 INFO: ec_base: setRate(1000000.000000) done
Jun 26 08:16:20.820 INFO: ec_base: setRate(1000.000000) done
Jun 26 08:16:20.821 INFO: Dynamixel0: 1 execution context was created.
Jun 26 08:16:20.822 INFO: Dynamixel0: onInitialize()
Jun 26 08:16:20.835 INFO: Dynamixel0: Initial active configuration set is default.
Jun 26 08:16:23.833 INFO: Dynamixel0: onActivated()
Jun 26 08:16:23.976 INFO: Dynamixel0: m_initialPosition: 512, 
Jun 26 08:16:23.977 INFO: Dynamixel0: m_initialSpeed: 30, 
Jun 26 08:16:24.026 INFO: Dynamixel0: 全アクチュエータのトルク制限を最大に設定
Jun 26 08:16:24.027 INFO: Dynamixel0: onDeactivated()
Jun 26 08:16:24.027 INFO: Dynamixel0: onAborting()
Jun 26 08:16:24.039 ERROR: ec_base: State of the RTC transitioned to ERROR_STATE.
Jun 26 08:16:34.979 INFO: ManagerServant: Master manager not found
Jun 26 08:16:45.009 INFO: ManagerServant: Master manager not found
Jun 26 08:16:55.009 INFO: ManagerServant: Master manager not found
Jun 26 08:17:05.134 INFO: ManagerServant: Master manager not found
Jun 26 08:17:15.140 INFO: ManagerServant: Master manager not found
Jun 26 08:17:25.263 INFO: ManagerServant: Master manager not found
Jun 26 08:17:35.261 INFO: ManagerServant: Master manager not found
Jun 26 08:17:45.266 INFO: ManagerServant: Master manager not found
Jun 26 08:17:55.242 INFO: ManagerServant: Master manager not found
Jun 26 08:18:05.366 INFO: ManagerServant: Master manager not found
Jun 26 08:18:15.418 INFO: ManagerServant: Master manager not found
Jun 26 08:18:25.427 INFO: ManagerServant: Master manager not found
Jun 26 08:18:35.466 INFO: ManagerServant: Master manager not found
Jun 26 08:18:45.533 INFO: ManagerServant: Master manager not found
Jun 26 08:18:55.572 INFO: ManagerServant: Master manager not found
Jun 26 08:19:05.617 INFO: ManagerServant: Master manager not found
Jun 26 08:19:15.621 INFO: ManagerServant: Master manager not found
Jun 26 08:19:25.614 INFO: ManagerServant: Master manager not found
Jun 26 08:19:35.761 INFO: ManagerServant: Master manager not found
Jun 26 08:19:45.779 INFO: ManagerServant: Master manager not found
Jun 26 08:19:55.793 INFO: ManagerServant: Master manager not found
Jun 26 08:20:05.898 INFO: ManagerServant: Master manager not found
Jun 26 08:20:15.928 INFO: ManagerServant: Master manager not found
Jun 26 08:20:25.954 INFO: ManagerServant: Master manager not found
Jun 26 08:20:35.973 INFO: ManagerServant: Master manager not found
Jun 26 08:20:45.999 INFO: ManagerServant: Master manager not found
Jun 26 08:20:56.063 INFO: ManagerServant: Master manager not found
Jun 26 08:21:06.071 INFO: ManagerServant: Master manager not found
Jun 26 08:21:16.077 INFO: ManagerServant: Master manager not found
Jun 26 08:21:26.196 INFO: ManagerServant: Master manager not found
Jun 26 08:21:36.217 INFO: ManagerServant: Master manager not found
Jun 26 08:21:46.239 INFO: ManagerServant: Master manager not found
Jun 26 08:21:56.267 INFO: ManagerServant: Master manager not found
Jun 26 08:22:06.292 INFO: ManagerServant: Master manager not found
Jun 26 08:22:16.328 INFO: ManagerServant: Master manager not found
Jun 26 08:22:26.314 INFO: ManagerServant: Master manager not found
Jun 26 08:22:36.432 INFO: ManagerServant: Master manager not found
Jun 26 08:22:46.557 INFO: ManagerServant: Master manager not found
Jun 26 08:22:56.573 INFO: ManagerServant: Master manager not found
Jun 26 08:23:06.650 INFO: ManagerServant: Master manager not found
Jun 26 08:23:16.667 INFO: ManagerServant: Master manager not found
Jun 26 08:23:26.704 INFO: ManagerServant: Master manager not found
Jun 26 08:23:36.738 INFO: ManagerServant: Master manager not found
Jun 26 08:23:46.756 INFO: ManagerServant: Master manager not found
Jun 26 08:23:56.773 INFO: ManagerServant: Master manager not found
Jun 26 08:24:06.816 INFO: ManagerServant: Master manager not found
Jun 26 08:24:16.807 INFO: ManagerServant: Master manager not found
Jun 26 08:24:26.822 INFO: ManagerServant: Master manager not found
Jun 26 08:24:36.831 INFO: ManagerServant: Master manager not found
Jun 26 08:24:46.969 INFO: ManagerServant: Master manager not found
Jun 26 08:24:56.952 INFO: ManagerServant: Master manager not found
Jun 26 08:25:07.047 INFO: ManagerServant: Master manager not found
Jun 26 08:25:17.070 INFO: ManagerServant: Master manager not found
Jun 26 08:25:27.096 INFO: ManagerServant: Master manager not found
Jun 26 08:25:37.115 INFO: ManagerServant: Master manager not found
Jun 26 08:25:47.275 INFO: ManagerServant: Master manager not found
Jun 26 08:25:57.292 INFO: ManagerServant: Master manager not found
Jun 26 08:26:07.311 INFO: ManagerServant: Master manager not found
Jun 26 08:26:17.436 INFO: ManagerServant: Master manager not found
Jun 26 08:26:27.557 INFO: ManagerServant: Master manager not found
Jun 26 08:26:37.587 INFO: ManagerServant: Master manager not found
Jun 26 08:26:47.591 INFO: ManagerServant: Master manager not found
Jun 26 08:26:57.640 INFO: ManagerServant: Master manager not found
Jun 26 08:27:07.677 INFO: ManagerServant: Master manager not found
Jun 26 08:27:17.712 INFO: ManagerServant: Master manager not found
Jun 26 08:27:27.762 INFO: ManagerServant: Master manager not found
Jun 26 08:27:37.864 INFO: ManagerServant: Master manager not found
Jun 26 08:27:47.913 INFO: ManagerServant: Master manager not found
Jun 26 08:27:57.962 INFO: ManagerServant: Master manager not found
Jun 26 08:28:07.985 INFO: ManagerServant: Master manager not found
Jun 26 08:28:18.000 INFO: ManagerServant: Master manager not found
Jun 26 08:28:28.111 INFO: ManagerServant: Master manager not found
Jun 26 08:28:38.099 INFO: ManagerServant: Master manager not found
Jun 26 08:28:48.190 INFO: ManagerServant: Master manager not found
Jun 26 08:28:58.208 INFO: ManagerServant: Master manager not found
Jun 26 08:29:08.304 INFO: ManagerServant: Master manager not found
