Jun 26 11:49:59.870 INFO: manager: 2.0.1
Jun 26 11:49:59.870 INFO: manager: Copyright (C) 2003-2022, Noriaki Ando and OpenRTM development team,
Jun 26 11:49:59.870 INFO: manager:   Intelligent Systems Research Institute, AIST,
Jun 26 11:49:59.870 INFO: manager: Copyright (C) 2022, Noriaki Ando and OpenRTM development team,
Jun 26 11:49:59.871 INFO: manager:   Industrial Cyber-Physical Research Center, AIST,
Jun 26 11:49:59.871 INFO: manager:   All right reserved.
Jun 26 11:49:59.871 INFO: manager: Manager starting.
Jun 26 11:49:59.871 INFO: manager: Starting local logging.
Jun 26 11:49:59.902 INFO: NamingOnCorba: Endpoint for the CORBA naming service (localhost) is 127.0.0.1.
Jun 26 11:49:59.902 INFO: NamingManager: NameServer connection succeeded: corba/localhost
Jun 26 11:49:59.913 INFO: ManagerServant: Named manager reference (INS) was successfully created.
Jun 26 11:50:03.969 WARNING: ManagerServant: Master manager not found
Jun 26 11:50:03.971 INFO: LocalServiceAdmin: All the local services are enabled.
Jun 26 11:50:03.993 INFO: ec_base: setRate(1000000.000000) done
Jun 26 11:50:03.993 INFO: ec_base: setRate(1000.000000) done
Jun 26 11:50:03.995 INFO: Dynamixel0: 1 execution context was created.
Jun 26 11:50:03.995 INFO: Dynamixel0: onInitialize()
Jun 26 11:50:04.023 INFO: Dynamixel0: Initial active configuration set is default.
Jun 26 11:50:16.189 WARNING: SdoServiceAdmin: No available SDO service in the factory: 
Jun 26 11:50:18.166 INFO: ManagerServant: Master manager not found
Jun 26 11:50:25.929 INFO: Dynamixel0: onActivated()
Jun 26 11:50:26.077 INFO: Dynamixel0: m_initialPosition: 512, 
Jun 26 11:50:26.078 INFO: Dynamixel0: m_initialSpeed: 100, 
Jun 26 11:50:26.203 INFO: Dynamixel0: onDeactivated()
Jun 26 11:50:26.204 INFO: Dynamixel0: onAborting()
Jun 26 11:50:28.235 INFO: ManagerServant: Master manager not found
Jun 26 11:50:38.246 INFO: ManagerServant: Master manager not found
Jun 26 11:50:48.281 INFO: ManagerServant: Master manager not found
