Jul 01 11:39:46.425 INFO: manager: 2.0.1
Jul 01 11:39:46.425 INFO: manager: Copyright (C) 2003-2022, Noriaki Ando and OpenRTM development team,
Jul 01 11:39:46.425 INFO: manager:   Intelligent Systems Research Institute, AIST,
Jul 01 11:39:46.425 INFO: manager: Copyright (C) 2022, Noriaki Ando and OpenRTM development team,
Jul 01 11:39:46.425 INFO: manager:   Industrial Cyber-Physical Research Center, AIST,
Jul 01 11:39:46.425 INFO: manager:   All right reserved.
Jul 01 11:39:46.426 INFO: manager: Manager starting.
Jul 01 11:39:46.426 INFO: manager: Starting local logging.
Jul 01 11:39:46.446 INFO: NamingOnCorba: Endpoint for the CORBA naming service (localhost) is 127.0.0.1.
Jul 01 11:39:46.446 INFO: NamingManager: NameServer connection succeeded: corba/localhost
Jul 01 11:39:46.457 INFO: ManagerServant: Named manager reference (INS) was successfully created.
Jul 01 11:39:50.598 WARNING: ManagerServant: Master manager not found
Jul 01 11:39:50.600 INFO: LocalServiceAdmin: All the local services are enabled.
Jul 01 11:39:50.628 INFO: ec_base: setRate(1000000.000000) done
Jul 01 11:39:50.629 INFO: ec_base: setRate(1000.000000) done
Jul 01 11:39:50.629 INFO: Dynamixel0: 1 execution context was created.
Jul 01 11:39:50.629 INFO: Dynamixel0: onInitialize()
Jul 01 11:39:50.643 INFO: Dynamixel0: Initial active configuration set is default.
Jul 01 11:40:04.776 INFO: ManagerServant: Master manager not found
Jul 01 11:40:14.915 INFO: ManagerServant: Master manager not found
Jul 01 11:40:16.639 INFO: Dynamixel0: onActivated()
Jul 01 11:40:16.799 INFO: Dynamixel0: m_initialPosition: 512, 512, 
Jul 01 11:40:16.800 INFO: Dynamixel0: m_initialSpeed: 100, 100, 
Jul 01 11:40:24.909 INFO: ManagerServant: Master manager not found
Jul 01 11:40:35.017 INFO: ManagerServant: Master manager not found
Jul 01 11:40:45.012 INFO: ManagerServant: Master manager not found
Jul 01 11:40:55.113 INFO: ManagerServant: Master manager not found
Jul 01 11:41:05.208 INFO: ManagerServant: Master manager not found
Jul 01 11:41:15.302 INFO: ManagerServant: Master manager not found
Jul 01 11:41:25.387 INFO: ManagerServant: Master manager not found
Jul 01 11:41:35.487 INFO: ManagerServant: Master manager not found
Jul 01 11:41:45.611 INFO: ManagerServant: Master manager not found
Jul 01 11:41:55.621 INFO: ManagerServant: Master manager not found
Jul 01 11:42:05.605 INFO: ManagerServant: Master manager not found
Jul 01 11:42:15.713 INFO: ManagerServant: Master manager not found
Jul 01 11:42:25.698 INFO: ManagerServant: Master manager not found
Jul 01 11:42:35.812 INFO: ManagerServant: Master manager not found
Jul 01 11:42:45.923 INFO: ManagerServant: Master manager not found
Jul 01 11:42:54.118 INFO: Dynamixel0: onDeactivated()
Jul 01 11:42:55.868 INFO: ManagerServant: Master manager not found
Jul 01 11:43:05.979 INFO: ManagerServant: Master manager not found
Jul 01 11:43:16.062 INFO: ManagerServant: Master manager not found
Jul 01 11:43:26.189 INFO: ManagerServant: Master manager not found
Jul 01 11:43:36.186 INFO: ManagerServant: Master manager not found
Jul 01 11:43:46.302 INFO: ManagerServant: Master manager not found
Jul 01 11:43:56.313 INFO: ManagerServant: Master manager not found
Jul 01 11:44:06.305 INFO: ManagerServant: Master manager not found
