Jul 19 08:30:20.522 INFO: manager: 2.0.1
Jul 19 08:30:20.523 INFO: manager: Copyright (C) 2003-2022, Noriaki Ando and OpenRTM development team,
Jul 19 08:30:20.523 INFO: manager:   Intelligent Systems Research Institute, AIST,
Jul 19 08:30:20.523 INFO: manager: Copyright (C) 2022, Noriaki Ando and OpenRTM development team,
Jul 19 08:30:20.523 INFO: manager:   Industrial Cyber-Physical Research Center, AIST,
Jul 19 08:30:20.523 INFO: manager:   All right reserved.
Jul 19 08:30:20.523 INFO: manager: Manager starting.
Jul 19 08:30:20.523 INFO: manager: Starting local logging.
Jul 19 08:30:20.545 INFO: NamingOnCorba: Endpoint for the CORBA naming service (localhost) is 127.0.0.1.
Jul 19 08:30:20.545 INFO: NamingManager: NameServer connection succeeded: corba/localhost
Jul 19 08:30:20.557 INFO: ManagerServant: Named manager reference (INS) was successfully created.
Jul 19 08:30:20.562 INFO: ManagerServant: Master manager found: localhost:2810
Jul 19 08:30:20.563 INFO: ManagerServant: Adding this manager to this manager.
Jul 19 08:30:20.563 INFO: ManagerServant: Register this manager to master manager.
Jul 19 08:30:20.564 INFO: ManagerServant: Slave manager servant was successfully created.
Jul 19 08:30:20.566 INFO: LocalServiceAdmin: All the local services are enabled.
Jul 19 08:30:20.585 INFO: ec_base: setRate(1000000.000000) done
Jul 19 08:30:20.585 INFO: ec_base: setRate(1000.000000) done
Jul 19 08:30:20.586 INFO: Dynamixel0: 1 execution context was created.
Jul 19 08:30:20.587 INFO: Dynamixel0: onInitialize()
Jul 19 08:30:20.615 INFO: Dynamixel0: Initial active configuration set is default.
Jul 19 08:30:29.628 INFO: Dynamixel0: onActivated()
Jul 19 08:30:29.771 INFO: Dynamixel0: m_initialPosition: 512, 512, 512, 512, 512, 
Jul 19 08:30:29.772 INFO: Dynamixel0: m_initialSpeed: 100, 100, 100, 100, 100, 
Jul 19 08:32:57.595 WARNING: goalPosition: Dead connection: 70053035-0527-4693-8f2f-3b414b81411e
Jul 19 08:32:59.654 WARNING: goalPosition: Exception caught: minor code.
Jul 19 08:32:59.971 INFO: Dynamixel0: onDeactivated()
Jul 19 08:33:00.124 ERROR: ec_worker: State of the RTC is not ACTIVE_STATE.
Jul 19 08:33:00.207 ERROR: ec_worker: State of the RTC is not ACTIVE_STATE.
Jul 19 08:33:00.282 ERROR: ec_worker: State of the RTC is not ACTIVE_STATE.
Jul 19 08:33:00.376 ERROR: ec_worker: State of the RTC is not ACTIVE_STATE.
Jul 19 08:33:00.468 ERROR: ec_worker: State of the RTC is not ACTIVE_STATE.
Jul 19 08:33:45.547 INFO: Dynamixel0: onActivated()
Jul 19 08:33:45.548 INFO: Dynamixel0: m_initialPosition: 512, 512, 512, 512, 512, 
Jul 19 08:33:45.548 INFO: Dynamixel0: m_initialSpeed: 100, 100, 100, 100, 100, 
Jul 19 08:34:25.958 INFO: Dynamixel0: onDeactivated()
Jul 19 08:37:04.077 INFO: Dynamixel0: onActivated()
Jul 19 08:37:04.077 INFO: Dynamixel0: m_initialPosition: 512, 512, 512, 512, 512, 
Jul 19 08:37:04.077 INFO: Dynamixel0: m_initialSpeed: 100, 100, 100, 100, 100, 
Jul 19 08:38:53.277 WARNING: goalPosition: Dead connection: e223b83a-a542-42af-b73b-5dd5f4003ab3
Jul 19 08:38:55.319 WARNING: goalPosition: Exception caught: minor code(1096024066).
Jul 19 08:38:59.876 INFO: Dynamixel0: onDeactivated()
Jul 19 08:42:35.697 INFO: Dynamixel0: onActivated()
Jul 19 08:42:35.697 INFO: Dynamixel0: m_initialPosition: 512, 512, 512, 512, 512, 
Jul 19 08:42:35.697 INFO: Dynamixel0: m_initialSpeed: 100, 100, 100, 100, 100, 
Jul 19 08:42:43.362 INFO: Dynamixel0: onDeactivated()
Jul 19 08:42:50.531 WARNING: SdoServiceAdmin: No available SDO service in the factory: 
Jul 19 08:42:52.830 INFO: Dynamixel0: onActivated()
Jul 19 08:42:52.830 INFO: Dynamixel0: m_initialPosition: 512, 512, 512, 512, 512, 
Jul 19 08:42:52.830 INFO: Dynamixel0: m_initialSpeed: 100, 100, 100, 100, 100, 
Jul 19 08:42:56.013 INFO: Dynamixel0: onDeactivated()
