Jul 19 09:51:12.983 INFO: manager: 2.0.1
Jul 19 09:51:12.984 INFO: manager: Copyright (C) 2003-2022, Noriaki Ando and OpenRTM development team,
Jul 19 09:51:12.984 INFO: manager:   Intelligent Systems Research Institute, AIST,
Jul 19 09:51:12.984 INFO: manager: Copyright (C) 2022, Noriaki Ando and OpenRTM development team,
Jul 19 09:51:12.984 INFO: manager:   Industrial Cyber-Physical Research Center, AIST,
Jul 19 09:51:12.984 INFO: manager:   All right reserved.
Jul 19 09:51:12.984 INFO: manager: Manager starting.
Jul 19 09:51:12.984 INFO: manager: Starting local logging.
Jul 19 09:51:13.009 INFO: NamingOnCorba: Endpoint for the CORBA naming service (localhost) is 127.0.0.1.
Jul 19 09:51:13.009 INFO: NamingManager: NameServer connection succeeded: corba/localhost
Jul 19 09:51:13.015 INFO: ManagerServant: Named manager reference (INS) was successfully created.
Jul 19 09:51:13.021 INFO: ManagerServant: Master manager found: localhost:2810
Jul 19 09:51:13.022 INFO: ManagerServant: Adding this manager to this manager.
Jul 19 09:51:13.022 INFO: ManagerServant: Register this manager to master manager.
Jul 19 09:51:13.022 INFO: ManagerServant: Slave manager servant was successfully created.
Jul 19 09:51:13.023 INFO: LocalServiceAdmin: All the local services are enabled.
Jul 19 09:51:13.043 INFO: ec_base: setRate(1000000.000000) done
Jul 19 09:51:13.043 INFO: ec_base: setRate(1000.000000) done
Jul 19 09:51:13.044 INFO: Dynamixel0: 1 execution context was created.
Jul 19 09:51:13.044 INFO: Dynamixel0: onInitialize()
Jul 19 09:51:13.071 INFO: Dynamixel0: Initial active configuration set is default.
Jul 19 09:51:47.237 INFO: Dynamixel0: onActivated()
Jul 19 09:51:47.390 INFO: Dynamixel0: m_initialPosition: 512, 512, 512, 512, 512, 
Jul 19 09:51:47.391 INFO: Dynamixel0: m_initialSpeed: 100, 100, 100, 100, 100, 
Jul 19 09:51:48.349 INFO: Dynamixel0: onDeactivated()
Jul 19 09:51:48.349 INFO: Dynamixel0: onAborting()
Jul 19 09:51:52.953 WARNING: SdoServiceAdmin: No available SDO service in the factory: 
Jul 19 09:51:58.012 ERROR: ec_worker: State of the RTC is not ACTIVE_STATE.
