Jun 26 12:08:08.337 INFO: manager: 2.0.1
Jun 26 12:08:08.337 INFO: manager: Copyright (C) 2003-2022, Noriaki Ando and OpenRTM development team,
Jun 26 12:08:08.337 INFO: manager:   Intelligent Systems Research Institute, AIST,
Jun 26 12:08:08.337 INFO: manager: Copyright (C) 2022, Noriaki Ando and OpenRTM development team,
Jun 26 12:08:08.337 INFO: manager:   Industrial Cyber-Physical Research Center, AIST,
Jun 26 12:08:08.337 INFO: manager:   All right reserved.
Jun 26 12:08:08.337 INFO: manager: Manager starting.
Jun 26 12:08:08.337 INFO: manager: Starting local logging.
Jun 26 12:08:08.358 INFO: NamingOnCorba: Endpoint for the CORBA naming service (localhost) is 127.0.0.1.
Jun 26 12:08:08.359 INFO: NamingManager: NameServer connection succeeded: corba/localhost
Jun 26 12:08:08.366 INFO: ManagerServant: Named manager reference (INS) was successfully created.
Jun 26 12:08:12.467 WARNING: ManagerServant: Master manager not found
Jun 26 12:08:12.470 INFO: LocalServiceAdmin: All the local services are enabled.
Jun 26 12:08:12.492 INFO: ec_base: setRate(1000000.000000) done
Jun 26 12:08:12.493 INFO: ec_base: setRate(1000.000000) done
Jun 26 12:08:12.493 INFO: Dynamixel0: 1 execution context was created.
Jun 26 12:08:12.494 INFO: Dynamixel0: onInitialize()
Jun 26 12:08:12.520 INFO: Dynamixel0: Initial active configuration set is default.
Jun 26 12:08:21.750 INFO: Dynamixel0: onActivated()
Jun 26 12:08:21.895 INFO: Dynamixel0: m_initialPosition: 512, 
Jun 26 12:08:21.896 INFO: Dynamixel0: m_initialSpeed: 30, 
Jun 26 12:08:26.701 INFO: ManagerServant: Master manager not found
Jun 26 12:08:36.701 INFO: ManagerServant: Master manager not found
Jun 26 12:08:46.699 INFO: ManagerServant: Master manager not found
Jun 26 12:08:52.794 INFO: Dynamixel0: onDeactivated()
Jun 26 12:08:56.808 INFO: ManagerServant: Master manager not found
Jun 26 12:09:06.827 INFO: ManagerServant: Master manager not found
Jun 26 12:09:08.725 INFO: Dynamixel0: onActivated()
Jun 26 12:09:08.726 INFO: Dynamixel0: m_initialPosition: 512, 
Jun 26 12:09:08.726 INFO: Dynamixel0: m_initialSpeed: 30, 
Jun 26 12:09:12.245 INFO: Dynamixel0: onDeactivated()
Jun 26 12:09:16.796 INFO: ManagerServant: Master manager not found
Jun 26 12:09:26.833 INFO: ManagerServant: Master manager not found
Jun 26 12:09:36.475 WARNING: SdoServiceAdmin: No available SDO service in the factory: 
Jun 26 12:09:36.823 INFO: ManagerServant: Master manager not found
Jun 26 12:09:46.942 INFO: ManagerServant: Master manager not found
Jun 26 12:09:56.942 INFO: ManagerServant: Master manager not found
Jun 26 12:10:06.974 INFO: ManagerServant: Master manager not found
Jun 26 12:10:16.989 INFO: ManagerServant: Master manager not found
Jun 26 12:10:27.024 INFO: ManagerServant: Master manager not found
Jun 26 12:10:37.069 INFO: ManagerServant: Master manager not found
Jun 26 12:10:38.780 INFO: Dynamixel0: onActivated()
Jun 26 12:10:38.780 INFO: Dynamixel0: m_initialPosition: 512, 
Jun 26 12:10:38.781 INFO: Dynamixel0: m_initialSpeed: 30, 
Jun 26 12:10:38.916 INFO: Dynamixel0: onDeactivated()
Jun 26 12:10:38.916 INFO: Dynamixel0: onAborting()
Jun 26 12:10:47.063 INFO: ManagerServant: Master manager not found
Jun 26 12:10:57.104 INFO: ManagerServant: Master manager not found
Jun 26 12:11:05.006 ERROR: ec_worker: State of the RTC is not INACTIVE_STATE.
Jun 26 12:11:07.170 INFO: ManagerServant: Master manager not found
Jun 26 12:11:07.964 ERROR: ec_worker: State of the RTC is not ACTIVE_STATE.
Jun 26 12:11:17.178 INFO: ManagerServant: Master manager not found
Jun 26 12:11:27.222 INFO: ManagerServant: Master manager not found
