Jul 05 06:04:42.798 INFO: manager: 2.0.1
Jul 05 06:04:42.798 INFO: manager: Copyright (C) 2003-2022, Noriaki Ando and OpenRTM development team,
Jul 05 06:04:42.798 INFO: manager:   Intelligent Systems Research Institute, AIST,
Jul 05 06:04:42.798 INFO: manager: Copyright (C) 2022, Noriaki Ando and OpenRTM development team,
Jul 05 06:04:42.798 INFO: manager:   Industrial Cyber-Physical Research Center, AIST,
Jul 05 06:04:42.798 INFO: manager:   All right reserved.
Jul 05 06:04:42.799 INFO: manager: Manager starting.
Jul 05 06:04:42.799 INFO: manager: Starting local logging.
Jul 05 06:04:42.822 INFO: NamingOnCorba: Endpoint for the CORBA naming service (localhost) is 127.0.0.1.
Jul 05 06:04:42.823 INFO: NamingManager: NameServer connection succeeded: corba/localhost
Jul 05 06:04:42.828 INFO: ManagerServant: Named manager reference (INS) was successfully created.
Jul 05 06:04:46.915 WARNING: ManagerServant: Master manager not found
Jul 05 06:04:46.918 INFO: LocalServiceAdmin: All the local services are enabled.
Jul 05 06:04:46.937 INFO: ec_base: setRate(1000000.000000) done
Jul 05 06:04:46.938 INFO: ec_base: setRate(1000.000000) done
Jul 05 06:04:46.938 INFO: Dynamixel0: 1 execution context was created.
Jul 05 06:04:46.939 INFO: Dynamixel0: onInitialize()
Jul 05 06:04:46.958 INFO: Dynamixel0: Initial active configuration set is default.
Jul 05 06:05:01.157 INFO: ManagerServant: Master manager not found
Jul 05 06:05:11.248 INFO: ManagerServant: Master manager not found
Jul 05 06:05:16.265 INFO: Dynamixel0: onActivated()
Jul 05 06:05:16.399 INFO: Dynamixel0: m_initialPosition: 512, 
Jul 05 06:05:16.399 INFO: Dynamixel0: m_initialSpeed: 100, 
Jul 05 06:05:21.320 INFO: ManagerServant: Master manager not found
Jul 05 06:05:31.387 INFO: ManagerServant: Master manager not found
Jul 05 06:05:41.436 INFO: ManagerServant: Master manager not found
Jul 05 06:05:51.533 INFO: ManagerServant: Master manager not found
Jul 05 06:06:01.603 INFO: ManagerServant: Master manager not found
Jul 05 06:06:11.649 INFO: ManagerServant: Master manager not found
Jul 05 06:06:21.710 INFO: ManagerServant: Master manager not found
Jul 05 06:06:31.776 INFO: ManagerServant: Master manager not found
Jul 05 06:06:41.821 INFO: ManagerServant: Master manager not found
Jul 05 06:06:51.931 INFO: ManagerServant: Master manager not found
Jul 05 06:07:02.002 INFO: ManagerServant: Master manager not found
Jul 05 06:07:12.082 INFO: ManagerServant: Master manager not found
Jul 05 06:07:22.170 INFO: ManagerServant: Master manager not found
Jul 05 06:07:32.224 INFO: ManagerServant: Master manager not found
Jul 05 06:07:42.263 INFO: ManagerServant: Master manager not found
Jul 05 06:07:52.345 INFO: ManagerServant: Master manager not found
Jul 05 06:08:02.396 INFO: ManagerServant: Master manager not found
Jul 05 06:08:12.480 INFO: ManagerServant: Master manager not found
Jul 05 06:08:12.608 INFO: Dynamixel0: onDeactivated()
Jul 05 06:08:22.501 INFO: ManagerServant: Master manager not found
Jul 05 06:08:32.570 INFO: ManagerServant: Master manager not found
Jul 05 06:08:42.630 INFO: ManagerServant: Master manager not found
Jul 05 06:08:52.695 INFO: ManagerServant: Master manager not found
Jul 05 06:09:02.747 INFO: ManagerServant: Master manager not found
Jul 05 06:09:12.824 INFO: ManagerServant: Master manager not found
Jul 05 06:09:22.927 INFO: ManagerServant: Master manager not found
Jul 05 06:09:32.998 INFO: ManagerServant: Master manager not found
Jul 05 06:09:43.050 INFO: ManagerServant: Master manager not found
Jul 05 06:09:53.112 INFO: ManagerServant: Master manager not found
Jul 05 06:10:03.167 INFO: ManagerServant: Master manager not found
Jul 05 06:10:13.250 INFO: ManagerServant: Master manager not found
Jul 05 06:10:23.312 INFO: ManagerServant: Master manager not found
Jul 05 06:10:33.394 INFO: ManagerServant: Master manager not found
Jul 05 06:10:43.435 INFO: ManagerServant: Master manager not found
Jul 05 06:10:53.509 INFO: ManagerServant: Master manager not found
Jul 05 06:11:03.572 INFO: ManagerServant: Master manager not found
Jul 05 06:11:13.656 INFO: ManagerServant: Master manager not found
Jul 05 06:11:23.730 INFO: ManagerServant: Master manager not found
Jul 05 06:11:33.802 INFO: ManagerServant: Master manager not found
Jul 05 06:11:43.880 INFO: ManagerServant: Master manager not found
Jul 05 06:11:53.962 INFO: ManagerServant: Master manager not found
Jul 05 06:12:04.019 INFO: ManagerServant: Master manager not found
Jul 05 06:12:14.088 INFO: ManagerServant: Master manager not found
Jul 05 06:12:24.087 INFO: ManagerServant: Master manager not found
Jul 05 06:12:34.128 INFO: ManagerServant: Master manager not found
Jul 05 06:12:44.240 INFO: ManagerServant: Master manager not found
Jul 05 06:12:54.292 INFO: ManagerServant: Master manager not found
Jul 05 06:13:04.333 INFO: ManagerServant: Master manager not found
Jul 05 06:13:14.403 INFO: ManagerServant: Master manager not found
Jul 05 06:13:24.456 INFO: ManagerServant: Master manager not found
Jul 05 06:13:34.472 INFO: ManagerServant: Master manager not found
Jul 05 06:13:44.497 INFO: ManagerServant: Master manager not found
Jul 05 06:13:54.535 INFO: ManagerServant: Master manager not found
Jul 05 06:14:03.910 ERROR: ec_worker: State of the RTC is not ACTIVE_STATE.
Jul 05 06:14:04.574 INFO: ManagerServant: Master manager not found
