Jul 04 09:55:51.736 INFO: manager: 2.0.1
Jul 04 09:55:51.736 INFO: manager: Copyright (C) 2003-2022, Noriaki Ando and OpenRTM development team,
Jul 04 09:55:51.737 INFO: manager:   Intelligent Systems Research Institute, AIST,
Jul 04 09:55:51.737 INFO: manager: Copyright (C) 2022, Noriaki Ando and OpenRTM development team,
Jul 04 09:55:51.737 INFO: manager:   Industrial Cyber-Physical Research Center, AIST,
Jul 04 09:55:51.737 INFO: manager:   All right reserved.
Jul 04 09:55:51.737 INFO: manager: Manager starting.
Jul 04 09:55:51.737 INFO: manager: Starting local logging.
Jul 04 09:55:51.760 INFO: NamingOnCorba: Endpoint for the CORBA naming service (localhost) is 127.0.0.1.
Jul 04 09:55:51.760 INFO: NamingManager: NameServer connection succeeded: corba/localhost
Jul 04 09:55:51.768 INFO: ManagerServant: Named manager reference (INS) was successfully created.
Jul 04 09:55:55.843 WARNING: ManagerServant: Master manager not found
Jul 04 09:55:55.845 INFO: LocalServiceAdmin: All the local services are enabled.
Jul 04 09:55:55.858 INFO: ec_base: setRate(1000000.000000) done
Jul 04 09:55:55.858 INFO: ec_base: setRate(1000.000000) done
Jul 04 09:55:55.859 INFO: Dynamixel0: 1 execution context was created.
Jul 04 09:55:55.859 INFO: Dynamixel0: onInitialize()
Jul 04 09:55:55.876 INFO: Dynamixel0: Initial active configuration set is default.
Jul 04 09:56:10.070 INFO: ManagerServant: Master manager not found
Jul 04 09:56:19.221 WARNING: SdoServiceAdmin: No available SDO service in the factory: 
Jul 04 09:56:20.120 INFO: ManagerServant: Master manager not found
Jul 04 09:56:30.127 INFO: ManagerServant: Master manager not found
Jul 04 09:56:39.015 INFO: Dynamixel0: onActivated()
Jul 04 09:56:39.170 INFO: Dynamixel0: m_initialPosition: 512, 512, 512, 512, 
Jul 04 09:56:39.171 INFO: Dynamixel0: m_initialSpeed: 100, 100, 100, 100, 
Jul 04 09:56:40.170 INFO: ManagerServant: Master manager not found
Jul 04 09:56:43.608 ERROR: Dynamixel0: 通信エラー連続発生
Jul 04 09:56:43.609 INFO: Dynamixel0: onDeactivated()
Jul 04 09:56:43.609 INFO: Dynamixel0: onAborting()
Jul 04 09:56:50.206 INFO: ManagerServant: Master manager not found
Jul 04 09:57:00.238 INFO: ManagerServant: Master manager not found
Jul 04 09:57:07.441 ERROR: ec_worker: State of the RTC is not ACTIVE_STATE.
Jul 04 09:57:10.240 INFO: ManagerServant: Master manager not found
Jul 04 09:57:20.339 INFO: ManagerServant: Master manager not found
