Jul 04 11:30:40.405 INFO: manager: 2.0.1
Jul 04 11:30:40.405 INFO: manager: Copyright (C) 2003-2022, Noriaki Ando and OpenRTM development team,
Jul 04 11:30:40.405 INFO: manager:   Intelligent Systems Research Institute, AIST,
Jul 04 11:30:40.405 INFO: manager: Copyright (C) 2022, Noriaki Ando and OpenRTM development team,
Jul 04 11:30:40.405 INFO: manager:   Industrial Cyber-Physical Research Center, AIST,
Jul 04 11:30:40.405 INFO: manager:   All right reserved.
Jul 04 11:30:40.405 INFO: manager: Manager starting.
Jul 04 11:30:40.405 INFO: manager: Starting local logging.
Jul 04 11:30:40.425 INFO: NamingOnCorba: Endpoint for the CORBA naming service (localhost) is 127.0.0.1.
Jul 04 11:30:40.425 INFO: NamingManager: NameServer connection succeeded: corba/localhost
Jul 04 11:30:40.430 INFO: ManagerServant: Named manager reference (INS) was successfully created.
Jul 04 11:30:44.549 WARNING: ManagerServant: Master manager not found
Jul 04 11:30:44.551 INFO: LocalServiceAdmin: All the local services are enabled.
Jul 04 11:30:44.573 INFO: ec_base: setRate(1000000.000000) done
Jul 04 11:30:44.573 INFO: ec_base: setRate(1000.000000) done
Jul 04 11:30:44.573 INFO: Dynamixel0: 1 execution context was created.
Jul 04 11:30:44.574 INFO: Dynamixel0: onInitialize()
Jul 04 11:30:44.591 INFO: Dynamixel0: Initial active configuration set is default.
Jul 04 11:30:58.727 INFO: ManagerServant: Master manager not found
Jul 04 11:31:06.880 INFO: Dynamixel0: onActivated()
Jul 04 11:31:07.016 INFO: Dynamixel0: m_initialPosition: 512, 512, 
Jul 04 11:31:07.016 INFO: Dynamixel0: m_initialSpeed: 100, 100, 
Jul 04 11:31:08.840 INFO: ManagerServant: Master manager not found
Jul 04 11:31:11.506 WARNING: SdoServiceAdmin: No available SDO service in the factory: 
Jul 04 11:31:18.529 INFO: Dynamixel0: onDeactivated()
Jul 04 11:31:18.821 INFO: ManagerServant: Master manager not found
Jul 04 11:31:28.961 INFO: ManagerServant: Master manager not found
Jul 04 11:31:31.005 INFO: Dynamixel0: onActivated()
Jul 04 11:31:31.006 INFO: Dynamixel0: m_initialPosition: 512, 512, 512, 512, 
Jul 04 11:31:31.006 INFO: Dynamixel0: m_initialSpeed: 100, 100, 100, 100, 
