Jul 19 10:05:46.253 INFO: manager: 2.0.1
Jul 19 10:05:46.254 INFO: manager: Copyright (C) 2003-2022, Noriaki Ando and OpenRTM development team,
Jul 19 10:05:46.254 INFO: manager:   Intelligent Systems Research Institute, AIST,
Jul 19 10:05:46.254 INFO: manager: Copyright (C) 2022, Noriaki Ando and OpenRTM development team,
Jul 19 10:05:46.254 INFO: manager:   Industrial Cyber-Physical Research Center, AIST,
Jul 19 10:05:46.254 INFO: manager:   All right reserved.
Jul 19 10:05:46.254 INFO: manager: Manager starting.
Jul 19 10:05:46.254 INFO: manager: Starting local logging.
Jul 19 10:05:46.278 INFO: NamingOnCorba: Endpoint for the CORBA naming service (localhost) is 127.0.0.1.
Jul 19 10:05:46.278 INFO: NamingManager: NameServer connection succeeded: corba/localhost
Jul 19 10:05:46.289 INFO: ManagerServant: Named manager reference (INS) was successfully created.
Jul 19 10:05:46.295 INFO: ManagerServant: Master manager found: localhost:2810
Jul 19 10:05:46.295 INFO: ManagerServant: Adding this manager to this manager.
Jul 19 10:05:46.295 INFO: ManagerServant: Register this manager to master manager.
Jul 19 10:05:46.296 INFO: ManagerServant: Slave manager servant was successfully created.
Jul 19 10:05:46.298 INFO: LocalServiceAdmin: All the local services are enabled.
Jul 19 10:05:46.318 INFO: ec_base: setRate(1000000.000000) done
Jul 19 10:05:46.319 INFO: ec_base: setRate(1000.000000) done
Jul 19 10:05:46.320 INFO: Dynamixel0: 1 execution context was created.
Jul 19 10:05:46.321 INFO: Dynamixel0: onInitialize()
Jul 19 10:05:46.345 INFO: Dynamixel0: Initial active configuration set is default.
Jul 19 10:06:03.802 INFO: Dynamixel0: onActivated()
Jul 19 10:06:03.959 INFO: Dynamixel0: m_initialPosition: 512, 512, 512, 512, 512, 
Jul 19 10:06:03.960 INFO: Dynamixel0: m_initialSpeed: 100, 100, 100, 100, 100, 
