Jul 19 13:34:27.780 INFO: manager: 2.0.1
Jul 19 13:34:27.782 INFO: manager: Copyright (C) 2003-2022, Noriaki Ando and OpenRTM development team,
Jul 19 13:34:27.783 INFO: manager:   Intelligent Systems Research Institute, AIST,
Jul 19 13:34:27.783 INFO: manager: Copyright (C) 2022, Noriaki Ando and OpenRTM development team,
Jul 19 13:34:27.784 INFO: manager:   Industrial Cyber-Physical Research Center, AIST,
Jul 19 13:34:27.784 INFO: manager:   All right reserved.
Jul 19 13:34:27.785 INFO: manager: Manager starting.
Jul 19 13:34:27.785 INFO: manager: Starting local logging.
Jul 19 13:34:27.932 INFO: NamingOnCorba: Endpoint for the CORBA naming service (localhost) is 127.0.0.1.
Jul 19 13:34:27.933 INFO: NamingManager: NameServer connection succeeded: corba/localhost
Jul 19 13:34:28.019 INFO: ManagerServant: Named manager reference (INS) was successfully created.
Jul 19 13:34:28.054 INFO: ManagerServant: Master manager found: localhost:2810
Jul 19 13:34:28.055 INFO: ManagerServant: Adding this manager to this manager.
Jul 19 13:34:28.055 INFO: ManagerServant: Register this manager to master manager.
Jul 19 13:34:28.058 INFO: ManagerServant: Slave manager servant was successfully created.
Jul 19 13:34:28.065 INFO: LocalServiceAdmin: All the local services are enabled.
Jul 19 13:34:28.138 INFO: ec_base: setRate(1000000.000000) done
Jul 19 13:34:28.139 INFO: ec_base: setRate(1000.000000) done
Jul 19 13:34:28.143 INFO: Dynamixel0: 1 execution context was created.
Jul 19 13:34:28.144 INFO: Dynamixel0: onInitialize()
Jul 19 13:34:28.249 INFO: Dynamixel0: Initial active configuration set is default.
Jul 19 13:34:50.439 WARNING: SdoServiceAdmin: No available SDO service in the factory: 
Jul 19 13:35:23.796 INFO: Dynamixel0: onActivated()
Jul 19 13:35:23.948 INFO: Dynamixel0: m_initialPosition: 512, 512, 512, 512, 512, 
Jul 19 13:35:23.948 INFO: Dynamixel0: m_initialSpeed: 100, 100, 100, 100, 100, 
Jul 19 13:36:09.635 INFO: Dynamixel0: onDeactivated()
Jul 19 13:36:09.635 INFO: Dynamixel0: onAborting()
Jul 19 13:36:18.730 ERROR: ec_worker: State of the RTC is not ACTIVE_STATE.
