Jul 04 13:29:13.435 INFO: manager: 2.0.1
Jul 04 13:29:13.436 INFO: manager: Copyright (C) 2003-2022, Noriaki Ando and OpenRTM development team,
Jul 04 13:29:13.436 INFO: manager:   Intelligent Systems Research Institute, AIST,
Jul 04 13:29:13.436 INFO: manager: Copyright (C) 2022, Noriaki Ando and OpenRTM development team,
Jul 04 13:29:13.437 INFO: manager:   Industrial Cyber-Physical Research Center, AIST,
Jul 04 13:29:13.437 INFO: manager:   All right reserved.
Jul 04 13:29:13.437 INFO: manager: Manager starting.
Jul 04 13:29:13.437 INFO: manager: Starting local logging.
Jul 04 13:29:13.466 INFO: NamingOnCorba: Endpoint for the CORBA naming service (localhost) is 127.0.0.1.
Jul 04 13:29:13.467 INFO: NamingManager: NameServer connection succeeded: corba/localhost
Jul 04 13:29:13.476 INFO: ManagerServant: Named manager reference (INS) was successfully created.
Jul 04 13:29:17.589 WARNING: ManagerServant: Master manager not found
Jul 04 13:29:17.591 INFO: LocalServiceAdmin: All the local services are enabled.
Jul 04 13:29:17.611 INFO: ec_base: setRate(1000000.000000) done
Jul 04 13:29:17.611 INFO: ec_base: setRate(1000.000000) done
Jul 04 13:29:17.612 INFO: Dynamixel0: 1 execution context was created.
Jul 04 13:29:17.612 INFO: Dynamixel0: onInitialize()
Jul 04 13:29:17.627 INFO: Dynamixel0: Initial active configuration set is default.
Jul 04 13:29:26.491 WARNING: SdoServiceAdmin: No available SDO service in the factory: 
Jul 04 13:29:31.806 INFO: ManagerServant: Master manager not found
Jul 04 13:29:37.921 INFO: Dynamixel0: onActivated()
Jul 04 13:29:38.066 INFO: Dynamixel0: m_initialPosition: 512, 512, 512, 512, 
Jul 04 13:29:38.067 INFO: Dynamixel0: m_initialSpeed: 100, 100, 100, 100, 
Jul 04 13:29:41.752 INFO: ManagerServant: Master manager not found
Jul 04 13:29:51.750 INFO: ManagerServant: Master manager not found
Jul 04 13:30:01.753 INFO: ManagerServant: Master manager not found
Jul 04 13:30:11.732 INFO: ManagerServant: Master manager not found
Jul 04 13:30:21.847 INFO: ManagerServant: Master manager not found
Jul 04 13:30:31.978 INFO: ManagerServant: Master manager not found
Jul 04 13:30:42.012 INFO: ManagerServant: Master manager not found
Jul 04 13:30:52.061 INFO: ManagerServant: Master manager not found
Jul 04 13:31:02.066 INFO: ManagerServant: Master manager not found
Jul 04 13:31:12.049 INFO: ManagerServant: Master manager not found
Jul 04 13:31:22.161 INFO: ManagerServant: Master manager not found
Jul 04 13:31:32.313 INFO: ManagerServant: Master manager not found
Jul 04 13:31:42.295 INFO: ManagerServant: Master manager not found
Jul 04 13:31:52.295 INFO: ManagerServant: Master manager not found
Jul 04 13:32:02.386 INFO: ManagerServant: Master manager not found
Jul 04 13:32:12.422 INFO: ManagerServant: Master manager not found
Jul 04 13:32:22.442 INFO: ManagerServant: Master manager not found
Jul 04 13:32:32.528 INFO: ManagerServant: Master manager not found
Jul 04 13:32:42.607 INFO: ManagerServant: Master manager not found
Jul 04 13:32:52.732 INFO: ManagerServant: Master manager not found
Jul 04 13:33:02.808 INFO: ManagerServant: Master manager not found
Jul 04 13:33:12.875 INFO: ManagerServant: Master manager not found
Jul 04 13:33:22.926 INFO: ManagerServant: Master manager not found
Jul 04 13:33:32.949 INFO: ManagerServant: Master manager not found
Jul 04 13:33:42.962 INFO: ManagerServant: Master manager not found
Jul 04 13:33:53.062 INFO: ManagerServant: Master manager not found
Jul 04 13:34:03.051 INFO: ManagerServant: Master manager not found
Jul 04 13:34:04.829 INFO: Dynamixel0: onDeactivated()
Jul 04 13:34:04.830 INFO: Dynamixel0: onAborting()
Jul 04 13:34:13.130 INFO: ManagerServant: Master manager not found
Jul 04 13:34:23.222 INFO: ManagerServant: Master manager not found
Jul 04 13:34:33.343 INFO: ManagerServant: Master manager not found
Jul 04 13:34:43.367 INFO: ManagerServant: Master manager not found
Jul 04 13:34:53.380 INFO: ManagerServant: Master manager not found
