Jun 26 08:14:17.933 INFO: manager: 2.0.1
Jun 26 08:14:17.933 INFO: manager: Copyright (C) 2003-2022, Noriaki Ando and OpenRTM development team,
Jun 26 08:14:17.933 INFO: manager:   Intelligent Systems Research Institute, AIST,
Jun 26 08:14:17.934 INFO: manager: Copyright (C) 2022, Noriaki Ando and OpenRTM development team,
Jun 26 08:14:17.934 INFO: manager:   Industrial Cyber-Physical Research Center, AIST,
Jun 26 08:14:17.934 INFO: manager:   All right reserved.
Jun 26 08:14:17.934 INFO: manager: Manager starting.
Jun 26 08:14:17.934 INFO: manager: Starting local logging.
Jun 26 08:14:17.969 INFO: NamingOnCorba: Endpoint for the CORBA naming service (localhost) is 127.0.0.1.
Jun 26 08:14:17.969 INFO: NamingManager: NameServer connection succeeded: corba/localhost
Jun 26 08:14:17.976 INFO: ManagerServant: Named manager reference (INS) was successfully created.
Jun 26 08:14:22.055 WARNING: ManagerServant: Master manager not found
Jun 26 08:14:22.057 INFO: LocalServiceAdmin: All the local services are enabled.
Jun 26 08:14:22.076 INFO: ec_base: setRate(1000000.000000) done
Jun 26 08:14:22.077 INFO: ec_base: setRate(1000.000000) done
Jun 26 08:14:22.077 INFO: Dynamixel0: 1 execution context was created.
Jun 26 08:14:22.078 INFO: Dynamixel0: onInitialize()
Jun 26 08:14:22.101 INFO: Dynamixel0: Initial active configuration set is default.
Jun 26 08:14:28.444 INFO: Dynamixel0: onActivated()
Jun 26 08:14:28.580 INFO: Dynamixel0: m_initialPosition: 512, 
Jun 26 08:14:28.581 INFO: Dynamixel0: m_initialSpeed: 30, 
Jun 26 08:14:28.620 INFO: Dynamixel0: 全アクチュエータのトルク制限を最大に設定
Jun 26 08:14:28.620 INFO: Dynamixel0: onDeactivated()
Jun 26 08:14:28.620 INFO: Dynamixel0: onAborting()
Jun 26 08:14:28.633 ERROR: ec_base: State of the RTC transitioned to ERROR_STATE.
Jun 26 08:14:36.237 INFO: ManagerServant: Master manager not found
Jun 26 08:14:46.260 INFO: ManagerServant: Master manager not found
Jun 26 08:14:56.290 INFO: ManagerServant: Master manager not found
Jun 26 08:15:06.316 INFO: ManagerServant: Master manager not found
Jun 26 08:15:16.451 INFO: ManagerServant: Master manager not found
Jun 26 08:15:26.485 INFO: ManagerServant: Master manager not found
Jun 26 08:15:36.530 INFO: ManagerServant: Master manager not found
Jun 26 08:15:46.569 INFO: ManagerServant: Master manager not found
Jun 26 08:15:47.253 ERROR: ec_worker: State of the RTC is not ACTIVE_STATE.
