Jul 04 11:29:12.831 INFO: manager: 2.0.1
Jul 04 11:29:12.831 INFO: manager: Copyright (C) 2003-2022, Noriaki Ando and OpenRTM development team,
Jul 04 11:29:12.832 INFO: manager:   Intelligent Systems Research Institute, AIST,
Jul 04 11:29:12.832 INFO: manager: Copyright (C) 2022, Noriaki Ando and OpenRTM development team,
Jul 04 11:29:12.832 INFO: manager:   Industrial Cyber-Physical Research Center, AIST,
Jul 04 11:29:12.832 INFO: manager:   All right reserved.
Jul 04 11:29:12.832 INFO: manager: Manager starting.
Jul 04 11:29:12.832 INFO: manager: Starting local logging.
Jul 04 11:29:12.855 INFO: NamingOnCorba: Endpoint for the CORBA naming service (localhost) is 127.0.0.1.
Jul 04 11:29:12.855 INFO: NamingManager: NameServer connection succeeded: corba/localhost
Jul 04 11:29:12.867 INFO: ManagerServant: Named manager reference (INS) was successfully created.
Jul 04 11:29:16.959 WARNING: ManagerServant: Master manager not found
Jul 04 11:29:16.964 INFO: LocalServiceAdmin: All the local services are enabled.
Jul 04 11:29:17.007 INFO: ec_base: setRate(1000000.000000) done
Jul 04 11:29:17.007 INFO: ec_base: setRate(1000.000000) done
Jul 04 11:29:17.008 INFO: Dynamixel0: 1 execution context was created.
Jul 04 11:29:17.010 INFO: Dynamixel0: onInitialize()
Jul 04 11:29:17.035 INFO: Dynamixel0: Initial active configuration set is default.
Jul 04 11:29:31.191 INFO: ManagerServant: Master manager not found
Jul 04 11:29:41.193 INFO: ManagerServant: Master manager not found
Jul 04 11:29:51.299 INFO: ManagerServant: Master manager not found
Jul 04 11:29:51.662 WARNING: SdoServiceAdmin: No available SDO service in the factory: 
Jul 04 11:30:01.242 INFO: Dynamixel0: onActivated()
Jul 04 11:30:01.388 INFO: Dynamixel0: m_initialPosition: 512, 512, 512, 512, 
Jul 04 11:30:01.389 INFO: Dynamixel0: m_initialSpeed: 100, 100, 100, 100, 
Jul 04 11:30:01.394 INFO: ManagerServant: Master manager not found
Jul 04 11:30:06.810 ERROR: Dynamixel0: 通信エラー連続発生
Jul 04 11:30:06.811 INFO: Dynamixel0: onDeactivated()
Jul 04 11:30:06.811 INFO: Dynamixel0: onAborting()
Jul 04 11:30:11.539 INFO: ManagerServant: Master manager not found
Jul 04 11:30:14.759 ERROR: ec_worker: State of the RTC is not ACTIVE_STATE.
