Jul 04 13:17:55.028 INFO: manager: 2.0.1
Jul 04 13:17:55.028 INFO: manager: Copyright (C) 2003-2022, Noriaki Ando and OpenRTM development team,
Jul 04 13:17:55.029 INFO: manager:   Intelligent Systems Research Institute, AIST,
Jul 04 13:17:55.029 INFO: manager: Copyright (C) 2022, Noriaki Ando and OpenRTM development team,
Jul 04 13:17:55.029 INFO: manager:   Industrial Cyber-Physical Research Center, AIST,
Jul 04 13:17:55.029 INFO: manager:   All right reserved.
Jul 04 13:17:55.029 INFO: manager: Manager starting.
Jul 04 13:17:55.029 INFO: manager: Starting local logging.
Jul 04 13:17:55.050 INFO: NamingOnCorba: Endpoint for the CORBA naming service (localhost) is 127.0.0.1.
Jul 04 13:17:55.050 INFO: NamingManager: NameServer connection succeeded: corba/localhost
Jul 04 13:17:55.057 INFO: ManagerServant: Named manager reference (INS) was successfully created.
Jul 04 13:17:59.177 WARNING: ManagerServant: Master manager not found
Jul 04 13:17:59.184 INFO: LocalServiceAdmin: All the local services are enabled.
Jul 04 13:17:59.239 INFO: ec_base: setRate(1000000.000000) done
Jul 04 13:17:59.240 INFO: ec_base: setRate(1000.000000) done
Jul 04 13:17:59.244 INFO: Dynamixel0: 1 execution context was created.
Jul 04 13:17:59.246 INFO: Dynamixel0: onInitialize()
Jul 04 13:17:59.278 INFO: Dynamixel0: Initial active configuration set is default.
Jul 04 13:18:13.439 INFO: ManagerServant: Master manager not found
Jul 04 13:18:20.668 WARNING: SdoServiceAdmin: No available SDO service in the factory: 
Jul 04 13:18:23.554 INFO: ManagerServant: Master manager not found
Jul 04 13:18:33.686 INFO: ManagerServant: Master manager not found
Jul 04 13:18:41.321 INFO: Dynamixel0: onActivated()
Jul 04 13:18:41.472 INFO: Dynamixel0: m_initialPosition: 512, 512, 512, 512, 
Jul 04 13:18:41.473 INFO: Dynamixel0: m_initialSpeed: 100, 100, 100, 100, 
Jul 04 13:18:43.683 INFO: ManagerServant: Master manager not found
Jul 04 13:18:53.674 INFO: ManagerServant: Master manager not found
Jul 04 13:19:03.701 INFO: ManagerServant: Master manager not found
Jul 04 13:19:13.736 INFO: ManagerServant: Master manager not found
Jul 04 13:19:23.735 INFO: ManagerServant: Master manager not found
Jul 04 13:19:33.754 INFO: ManagerServant: Master manager not found
Jul 04 13:19:43.857 INFO: ManagerServant: Master manager not found
Jul 04 13:19:53.872 INFO: ManagerServant: Master manager not found
Jul 04 13:20:03.904 INFO: ManagerServant: Master manager not found
Jul 04 13:20:13.903 INFO: ManagerServant: Master manager not found
Jul 04 13:20:24.057 INFO: ManagerServant: Master manager not found
Jul 04 13:20:34.054 INFO: ManagerServant: Master manager not found
Jul 04 13:20:44.091 INFO: ManagerServant: Master manager not found
Jul 04 13:20:54.092 INFO: ManagerServant: Master manager not found
Jul 04 13:21:04.236 INFO: ManagerServant: Master manager not found
Jul 04 13:21:14.210 INFO: ManagerServant: Master manager not found
Jul 04 13:21:24.320 INFO: ManagerServant: Master manager not found
Jul 04 13:21:34.341 INFO: ManagerServant: Master manager not found
Jul 04 13:21:44.329 INFO: ManagerServant: Master manager not found
Jul 04 13:21:50.060 INFO: Dynamixel0: onDeactivated()
