Jul 19 10:01:03.378 INFO: manager: 2.0.1
Jul 19 10:01:03.379 INFO: manager: Copyright (C) 2003-2022, Noriaki Ando and OpenRTM development team,
Jul 19 10:01:03.379 INFO: manager:   Intelligent Systems Research Institute, AIST,
Jul 19 10:01:03.379 INFO: manager: Copyright (C) 2022, Noriaki Ando and OpenRTM development team,
Jul 19 10:01:03.379 INFO: manager:   Industrial Cyber-Physical Research Center, AIST,
Jul 19 10:01:03.379 INFO: manager:   All right reserved.
Jul 19 10:01:03.379 INFO: manager: Manager starting.
Jul 19 10:01:03.379 INFO: manager: Starting local logging.
Jul 19 10:01:03.408 INFO: NamingOnCorba: Endpoint for the CORBA naming service (localhost) is 127.0.0.1.
Jul 19 10:01:03.408 INFO: NamingManager: NameServer connection succeeded: corba/localhost
Jul 19 10:01:03.422 INFO: ManagerServant: Named manager reference (INS) was successfully created.
Jul 19 10:01:03.428 INFO: ManagerServant: Master manager found: localhost:2810
Jul 19 10:01:03.428 INFO: ManagerServant: Adding this manager to this manager.
Jul 19 10:01:03.429 INFO: ManagerServant: Register this manager to master manager.
Jul 19 10:01:03.430 INFO: ManagerServant: Slave manager servant was successfully created.
Jul 19 10:01:03.433 INFO: LocalServiceAdmin: All the local services are enabled.
Jul 19 10:01:03.450 INFO: ec_base: setRate(1000000.000000) done
Jul 19 10:01:03.450 INFO: ec_base: setRate(1000.000000) done
Jul 19 10:01:03.451 INFO: Dynamixel0: 1 execution context was created.
Jul 19 10:01:03.452 INFO: Dynamixel0: onInitialize()
Jul 19 10:01:03.471 INFO: Dynamixel0: Initial active configuration set is default.
Jul 19 10:01:36.254 INFO: Dynamixel0: onActivated()
Jul 19 10:01:36.408 INFO: Dynamixel0: m_initialPosition: 512, 512, 512, 512, 512, 
Jul 19 10:01:36.409 INFO: Dynamixel0: m_initialSpeed: 100, 100, 100, 100, 100, 
Jul 19 10:02:10.908 INFO: Dynamixel0: onDeactivated()
Jul 19 10:02:15.472 WARNING: SdoServiceAdmin: No available SDO service in the factory: 
