Jul 04 09:47:28.643 INFO: manager: 2.0.1
Jul 04 09:47:28.643 INFO: manager: Copyright (C) 2003-2022, Noriaki Ando and OpenRTM development team,
Jul 04 09:47:28.643 INFO: manager:   Intelligent Systems Research Institute, AIST,
Jul 04 09:47:28.643 INFO: manager: Copyright (C) 2022, Noriaki Ando and OpenRTM development team,
Jul 04 09:47:28.643 INFO: manager:   Industrial Cyber-Physical Research Center, AIST,
Jul 04 09:47:28.644 INFO: manager:   All right reserved.
Jul 04 09:47:28.644 INFO: manager: Manager starting.
Jul 04 09:47:28.644 INFO: manager: Starting local logging.
Jul 04 09:47:28.671 INFO: NamingOnCorba: Endpoint for the CORBA naming service (localhost) is 127.0.0.1.
Jul 04 09:47:28.671 INFO: NamingManager: NameServer connection succeeded: corba/localhost
Jul 04 09:47:28.684 INFO: ManagerServant: Named manager reference (INS) was successfully created.
Jul 04 09:47:32.742 WARNING: ManagerServant: Master manager not found
Jul 04 09:47:32.744 INFO: LocalServiceAdmin: All the local services are enabled.
Jul 04 09:47:32.758 INFO: ec_base: setRate(1000000.000000) done
Jul 04 09:47:32.758 INFO: ec_base: setRate(1000.000000) done
Jul 04 09:47:32.758 INFO: Dynamixel0: 1 execution context was created.
Jul 04 09:47:32.759 INFO: Dynamixel0: onInitialize()
Jul 04 09:47:32.786 INFO: Dynamixel0: Initial active configuration set is default.
Jul 04 09:47:46.968 INFO: ManagerServant: Master manager not found
Jul 04 09:47:52.688 WARNING: SdoServiceAdmin: No available SDO service in the factory: 
Jul 04 09:47:56.986 INFO: ManagerServant: Master manager not found
Jul 04 09:48:05.275 INFO: Dynamixel0: onActivated()
Jul 04 09:48:05.435 INFO: Dynamixel0: m_initialPosition: 512, 512, 512, 512, 
Jul 04 09:48:05.436 INFO: Dynamixel0: m_initialSpeed: 100, 100, 100, 100, 
Jul 04 09:48:07.028 INFO: ManagerServant: Master manager not found
Jul 04 09:48:10.097 ERROR: Dynamixel0: 通信エラー連続発生
Jul 04 09:48:10.097 INFO: Dynamixel0: onDeactivated()
Jul 04 09:48:10.098 INFO: Dynamixel0: onAborting()
Jul 04 09:48:17.052 INFO: ManagerServant: Master manager not found
Jul 04 09:48:21.218 ERROR: ec_worker: State of the RTC is not ACTIVE_STATE.
Jul 04 09:48:27.127 INFO: ManagerServant: Master manager not found
Jul 04 09:48:37.138 INFO: ManagerServant: Master manager not found
