Jul 17 07:14:21.885 INFO: manager: 2.0.1
Jul 17 07:14:21.885 INFO: manager: Copyright (C) 2003-2022, Noriaki Ando and OpenRTM development team,
Jul 17 07:14:21.886 INFO: manager:   Intelligent Systems Research Institute, AIST,
Jul 17 07:14:21.886 INFO: manager: Copyright (C) 2022, Noriaki Ando and OpenRTM development team,
Jul 17 07:14:21.886 INFO: manager:   Industrial Cyber-Physical Research Center, AIST,
Jul 17 07:14:21.886 INFO: manager:   All right reserved.
Jul 17 07:14:21.886 INFO: manager: Manager starting.
Jul 17 07:14:21.886 INFO: manager: Starting local logging.
Jul 17 07:14:21.914 INFO: NamingOnCorba: Endpoint for the CORBA naming service (localhost) is 127.0.0.1.
Jul 17 07:14:21.915 INFO: NamingManager: NameServer connection succeeded: corba/localhost
Jul 17 07:14:21.924 INFO: ManagerServant: Named manager reference (INS) was successfully created.
Jul 17 07:14:21.930 INFO: ManagerServant: Master manager found: localhost:2810
Jul 17 07:14:21.930 INFO: ManagerServant: Adding this manager to this manager.
Jul 17 07:14:21.930 INFO: ManagerServant: Register this manager to master manager.
Jul 17 07:14:21.931 INFO: ManagerServant: Slave manager servant was successfully created.
Jul 17 07:14:21.931 INFO: LocalServiceAdmin: All the local services are enabled.
Jul 17 07:14:21.951 INFO: ec_base: setRate(1000000.000000) done
Jul 17 07:14:21.951 INFO: ec_base: setRate(1000.000000) done
Jul 17 07:14:21.953 INFO: Dynamixel0: 1 execution context was created.
Jul 17 07:14:21.954 INFO: Dynamixel0: onInitialize()
Jul 17 07:14:21.984 INFO: Dynamixel0: Initial active configuration set is default.
Jul 17 07:14:51.561 INFO: Dynamixel0: onActivated()
Jul 17 07:14:51.704 INFO: Dynamixel0: m_initialPosition: 512, 512, 512, 512, 512, 
Jul 17 07:14:51.704 INFO: Dynamixel0: m_initialSpeed: 100, 100, 100, 100, 100, 
Jul 17 07:15:50.507 WARNING: goalPosition: Dead connection: 5789b421-ddc7-495a-96be-772416b5b029
