Jul 04 09:57:46.253 INFO: manager: 2.0.1
Jul 04 09:57:46.253 INFO: manager: Copyright (C) 2003-2022, Noriaki Ando and OpenRTM development team,
Jul 04 09:57:46.253 INFO: manager:   Intelligent Systems Research Institute, AIST,
Jul 04 09:57:46.253 INFO: manager: Copyright (C) 2022, Noriaki Ando and OpenRTM development team,
Jul 04 09:57:46.254 INFO: manager:   Industrial Cyber-Physical Research Center, AIST,
Jul 04 09:57:46.254 INFO: manager:   All right reserved.
Jul 04 09:57:46.254 INFO: manager: Manager starting.
Jul 04 09:57:46.254 INFO: manager: Starting local logging.
Jul 04 09:57:46.274 INFO: NamingOnCorba: Endpoint for the CORBA naming service (localhost) is 127.0.0.1.
Jul 04 09:57:46.275 INFO: NamingManager: NameServer connection succeeded: corba/localhost
Jul 04 09:57:46.280 INFO: ManagerServant: Named manager reference (INS) was successfully created.
Jul 04 09:57:50.393 WARNING: ManagerServant: Master manager not found
Jul 04 09:57:50.395 INFO: LocalServiceAdmin: All the local services are enabled.
Jul 04 09:57:50.408 INFO: ec_base: setRate(1000000.000000) done
Jul 04 09:57:50.409 INFO: ec_base: setRate(1000.000000) done
Jul 04 09:57:50.410 INFO: Dynamixel0: 1 execution context was created.
Jul 04 09:57:50.410 INFO: Dynamixel0: onInitialize()
Jul 04 09:57:50.425 INFO: Dynamixel0: Initial active configuration set is default.
Jul 04 09:57:58.481 WARNING: SdoServiceAdmin: No available SDO service in the factory: 
Jul 04 09:58:04.578 INFO: ManagerServant: Master manager not found
Jul 04 09:58:14.682 INFO: ManagerServant: Master manager not found
Jul 04 09:58:20.925 INFO: Dynamixel0: onActivated()
Jul 04 09:58:21.060 INFO: Dynamixel0: m_initialPosition: 512, 512, 512, 512, 
Jul 04 09:58:21.061 INFO: Dynamixel0: m_initialSpeed: 100, 100, 100, 100, 
Jul 04 09:58:24.747 INFO: ManagerServant: Master manager not found
Jul 04 09:58:34.825 INFO: ManagerServant: Master manager not found
Jul 04 09:58:44.834 INFO: ManagerServant: Master manager not found
Jul 04 09:58:54.880 INFO: ManagerServant: Master manager not found
Jul 04 09:59:04.918 INFO: ManagerServant: Master manager not found
Jul 04 09:59:14.934 INFO: ManagerServant: Master manager not found
Jul 04 09:59:25.044 INFO: ManagerServant: Master manager not found
Jul 04 09:59:25.422 INFO: Dynamixel0: onDeactivated()
Jul 04 09:59:25.422 INFO: Dynamixel0: onAborting()
Jul 04 09:59:35.063 INFO: ManagerServant: Master manager not found
Jul 04 09:59:45.093 INFO: ManagerServant: Master manager not found
Jul 04 09:59:55.122 INFO: ManagerServant: Master manager not found
Jul 04 10:00:05.139 INFO: ManagerServant: Master manager not found
Jul 04 10:00:15.156 INFO: ManagerServant: Master manager not found
Jul 04 10:00:25.265 INFO: ManagerServant: Master manager not found
Jul 04 10:00:35.263 INFO: ManagerServant: Master manager not found
Jul 04 10:00:45.388 INFO: ManagerServant: Master manager not found
Jul 04 10:00:55.432 INFO: ManagerServant: Master manager not found
Jul 04 10:01:05.440 INFO: ManagerServant: Master manager not found
Jul 04 10:01:15.481 INFO: ManagerServant: Master manager not found
Jul 04 10:01:25.500 INFO: ManagerServant: Master manager not found
Jul 04 10:01:35.497 INFO: ManagerServant: Master manager not found
Jul 04 10:01:45.604 INFO: ManagerServant: Master manager not found
Jul 04 10:01:55.618 INFO: ManagerServant: Master manager not found
Jul 04 10:02:05.658 INFO: ManagerServant: Master manager not found
Jul 04 10:02:15.669 INFO: ManagerServant: Master manager not found
Jul 04 10:02:25.818 INFO: ManagerServant: Master manager not found
Jul 04 10:02:35.822 INFO: ManagerServant: Master manager not found
Jul 04 10:02:45.972 INFO: ManagerServant: Master manager not found
Jul 04 10:02:55.980 INFO: ManagerServant: Master manager not found
Jul 04 10:03:05.592 WARNING: goalPosition: Dead connection: e9fe7e61-c924-46ff-99f8-cad11d7333c2
Jul 04 10:03:06.030 INFO: ManagerServant: Master manager not found
Jul 04 10:03:07.641 WARNING: goalPosition: Exception caught: minor code(1096024066).
Jul 04 10:03:07.646 ERROR: ec_worker: State of the RTC is not ACTIVE_STATE.
