Jul 19 08:53:41.259 INFO: manager: 2.0.1
Jul 19 08:53:41.259 INFO: manager: Copyright (C) 2003-2022, Noriaki Ando and OpenRTM development team,
Jul 19 08:53:41.259 INFO: manager:   Intelligent Systems Research Institute, AIST,
Jul 19 08:53:41.259 INFO: manager: Copyright (C) 2022, Noriaki Ando and OpenRTM development team,
Jul 19 08:53:41.259 INFO: manager:   Industrial Cyber-Physical Research Center, AIST,
Jul 19 08:53:41.259 INFO: manager:   All right reserved.
Jul 19 08:53:41.259 INFO: manager: Manager starting.
Jul 19 08:53:41.259 INFO: manager: Starting local logging.
Jul 19 08:53:41.283 INFO: NamingOnCorba: Endpoint for the CORBA naming service (localhost) is 127.0.0.1.
Jul 19 08:53:41.283 INFO: NamingManager: NameServer connection succeeded: corba/localhost
Jul 19 08:53:41.292 INFO: ManagerServant: Named manager reference (INS) was successfully created.
Jul 19 08:53:41.298 INFO: ManagerServant: Master manager found: localhost:2810
Jul 19 08:53:41.298 INFO: ManagerServant: Adding this manager to this manager.
Jul 19 08:53:41.298 INFO: ManagerServant: Register this manager to master manager.
Jul 19 08:53:41.298 INFO: ManagerServant: Slave manager servant was successfully created.
Jul 19 08:53:41.300 INFO: LocalServiceAdmin: All the local services are enabled.
Jul 19 08:53:41.320 INFO: ec_base: setRate(1000000.000000) done
Jul 19 08:53:41.320 INFO: ec_base: setRate(1000.000000) done
Jul 19 08:53:41.321 INFO: Dynamixel0: 1 execution context was created.
Jul 19 08:53:41.322 INFO: Dynamixel0: onInitialize()
Jul 19 08:53:41.348 INFO: Dynamixel0: Initial active configuration set is default.
Jul 19 08:53:50.030 INFO: Dynamixel0: onActivated()
Jul 19 08:53:50.178 INFO: Dynamixel0: m_initialPosition: 512, 512, 512, 512, 512, 
Jul 19 08:53:50.178 INFO: Dynamixel0: m_initialSpeed: 100, 100, 100, 100, 100, 
Jul 19 08:54:23.402 INFO: Dynamixel0: onDeactivated()
Jul 19 08:54:50.316 WARNING: goalPosition: Dead connection: 6c2d79ea-9271-4ee7-930e-2b61976c415a
Jul 19 08:54:52.359 WARNING: goalPosition: Exception caught: minor code.
Jul 19 08:56:42.080 INFO: Dynamixel0: onActivated()
Jul 19 08:56:42.081 INFO: Dynamixel0: m_initialPosition: 512, 512, 512, 512, 512, 
Jul 19 08:56:42.081 INFO: Dynamixel0: m_initialSpeed: 100, 100, 100, 100, 100, 
Jul 19 08:57:45.660 INFO: Dynamixel0: onDeactivated()
Jul 19 09:02:16.686 INFO: Dynamixel0: onActivated()
Jul 19 09:02:16.687 INFO: Dynamixel0: m_initialPosition: 512, 512, 512, 512, 512, 
Jul 19 09:02:16.687 INFO: Dynamixel0: m_initialSpeed: 100, 100, 100, 100, 100, 
Jul 19 09:03:06.200 INFO: Dynamixel0: onDeactivated()
Jul 19 09:03:16.397 WARNING: goalPosition: Dead connection: 9f98d8ab-9cbd-4a13-9588-229c5c9e4567
Jul 19 09:03:18.466 WARNING: goalPosition: Exception caught: minor code(1096024066).
Jul 19 09:04:47.724 INFO: Dynamixel0: onActivated()
Jul 19 09:04:47.725 INFO: Dynamixel0: m_initialPosition: 512, 512, 512, 512, 512, 
Jul 19 09:04:47.725 INFO: Dynamixel0: m_initialSpeed: 100, 100, 100, 100, 100, 
Jul 19 09:05:18.557 INFO: Dynamixel0: onDeactivated()
Jul 19 09:06:48.853 INFO: Dynamixel0: onActivated()
Jul 19 09:06:48.854 INFO: Dynamixel0: m_initialPosition: 512, 512, 512, 512, 512, 
Jul 19 09:06:48.854 INFO: Dynamixel0: m_initialSpeed: 100, 100, 100, 100, 100, 
Jul 19 09:07:52.429 INFO: Dynamixel0: onDeactivated()
Jul 19 09:19:07.783 WARNING: goalPosition: Dead connection: 7c6532b9-3681-4f63-b752-df3c87779d27
Jul 19 09:19:09.824 WARNING: goalPosition: Exception caught: minor code(1096024066).
Jul 19 09:19:47.378 INFO: Dynamixel0: onActivated()
Jul 19 09:19:47.379 INFO: Dynamixel0: m_initialPosition: 512, 512, 512, 512, 512, 
Jul 19 09:19:47.379 INFO: Dynamixel0: m_initialSpeed: 100, 100, 100, 100, 100, 
Jul 19 09:19:47.603 INFO: Dynamixel0: 全アクチュエータのトルク制限を最大に設定
Jul 19 09:19:47.604 INFO: Dynamixel0: onDeactivated()
Jul 19 09:19:47.604 INFO: Dynamixel0: onAborting()
Jul 19 09:19:47.617 ERROR: ec_base: State of the RTC transitioned to ERROR_STATE.
Jul 19 09:19:51.194 ERROR: ec_worker: State of the RTC is not ACTIVE_STATE.
Jul 19 09:19:57.166 WARNING: SdoServiceAdmin: No available SDO service in the factory: 
