Jul 01 11:38:33.840 INFO: manager: 2.0.1
Jul 01 11:38:33.840 INFO: manager: Copyright (C) 2003-2022, Noriaki Ando and OpenRTM development team,
Jul 01 11:38:33.840 INFO: manager:   Intelligent Systems Research Institute, AIST,
Jul 01 11:38:33.840 INFO: manager: Copyright (C) 2022, Noriaki Ando and OpenRTM development team,
Jul 01 11:38:33.840 INFO: manager:   Industrial Cyber-Physical Research Center, AIST,
Jul 01 11:38:33.840 INFO: manager:   All right reserved.
Jul 01 11:38:33.840 INFO: manager: Manager starting.
Jul 01 11:38:33.840 INFO: manager: Starting local logging.
Jul 01 11:38:33.858 INFO: NamingOnCorba: Endpoint for the CORBA naming service (localhost) is 127.0.0.1.
Jul 01 11:38:33.858 INFO: NamingManager: NameServer connection succeeded: corba/localhost
Jul 01 11:38:33.872 INFO: ManagerServant: Named manager reference (INS) was successfully created.
Jul 01 11:38:37.961 WARNING: ManagerServant: Master manager not found
Jul 01 11:38:37.964 INFO: LocalServiceAdmin: All the local services are enabled.
Jul 01 11:38:37.988 INFO: ec_base: setRate(1000000.000000) done
Jul 01 11:38:37.988 INFO: ec_base: setRate(1000.000000) done
Jul 01 11:38:37.988 INFO: Dynamixel0: 1 execution context was created.
Jul 01 11:38:37.991 INFO: Dynamixel0: onInitialize()
Jul 01 11:38:38.004 INFO: Dynamixel0: Initial active configuration set is default.
Jul 01 11:38:46.232 WARNING: SdoServiceAdmin: No available SDO service in the factory: 
Jul 01 11:38:52.142 INFO: ManagerServant: Master manager not found
Jul 01 11:39:02.210 INFO: ManagerServant: Master manager not found
Jul 01 11:39:12.324 INFO: ManagerServant: Master manager not found
Jul 01 11:39:22.314 INFO: ManagerServant: Master manager not found
Jul 01 11:39:23.788 ERROR: ec_worker: State of the RTC is not ACTIVE_STATE.
Jul 01 11:39:32.416 INFO: ManagerServant: Master manager not found
