Jul 04 11:50:15.062 INFO: manager: 2.0.1
Jul 04 11:50:15.062 INFO: manager: Copyright (C) 2003-2022, Noriaki Ando and OpenRTM development team,
Jul 04 11:50:15.063 INFO: manager:   Intelligent Systems Research Institute, AIST,
Jul 04 11:50:15.063 INFO: manager: Copyright (C) 2022, Noriaki Ando and OpenRTM development team,
Jul 04 11:50:15.063 INFO: manager:   Industrial Cyber-Physical Research Center, AIST,
Jul 04 11:50:15.063 INFO: manager:   All right reserved.
Jul 04 11:50:15.063 INFO: manager: Manager starting.
Jul 04 11:50:15.063 INFO: manager: Starting local logging.
Jul 04 11:50:15.084 INFO: NamingOnCorba: Endpoint for the CORBA naming service (localhost) is 127.0.0.1.
Jul 04 11:50:15.084 INFO: NamingManager: NameServer connection succeeded: corba/localhost
Jul 04 11:50:15.092 INFO: ManagerServant: Named manager reference (INS) was successfully created.
Jul 04 11:50:19.161 WARNING: ManagerServant: Master manager not found
Jul 04 11:50:19.163 INFO: LocalServiceAdmin: All the local services are enabled.
Jul 04 11:50:19.184 INFO: ec_base: setRate(1000000.000000) done
Jul 04 11:50:19.184 INFO: ec_base: setRate(1000.000000) done
Jul 04 11:50:19.185 INFO: Dynamixel0: 1 execution context was created.
Jul 04 11:50:19.185 INFO: Dynamixel0: onInitialize()
Jul 04 11:50:19.198 INFO: Dynamixel0: Initial active configuration set is default.
Jul 04 11:50:33.326 INFO: ManagerServant: Master manager not found
Jul 04 11:50:43.420 INFO: ManagerServant: Master manager not found
Jul 04 11:50:53.529 INFO: ManagerServant: Master manager not found
Jul 04 11:50:59.324 INFO: Dynamixel0: onActivated()
Jul 04 11:50:59.461 INFO: Dynamixel0: m_initialPosition: 512, 512, 512, 512, 
Jul 04 11:50:59.462 INFO: Dynamixel0: m_initialSpeed: 100, 100, 100, 100, 
Jul 04 11:51:03.503 INFO: ManagerServant: Master manager not found
Jul 04 11:51:13.494 INFO: ManagerServant: Master manager not found
Jul 04 11:51:23.481 INFO: ManagerServant: Master manager not found
Jul 04 11:51:33.591 INFO: ManagerServant: Master manager not found
Jul 04 11:51:43.584 INFO: ManagerServant: Master manager not found
Jul 04 11:51:44.575 ERROR: Dynamixel0: 通信エラー連続発生
Jul 04 11:51:44.575 INFO: Dynamixel0: onDeactivated()
Jul 04 11:51:44.575 INFO: Dynamixel0: onAborting()
Jul 04 11:51:53.702 INFO: ManagerServant: Master manager not found
Jul 04 11:52:03.704 INFO: ManagerServant: Master manager not found
Jul 04 11:52:13.737 INFO: ManagerServant: Master manager not found
Jul 04 11:52:15.668 WARNING: SdoServiceAdmin: No available SDO service in the factory: 
