Jul 04 09:51:54.619 INFO: manager: 2.0.1
Jul 04 09:51:54.620 INFO: manager: Copyright (C) 2003-2022, Noriaki Ando and OpenRTM development team,
Jul 04 09:51:54.620 INFO: manager:   Intelligent Systems Research Institute, AIST,
Jul 04 09:51:54.620 INFO: manager: Copyright (C) 2022, Noriaki Ando and OpenRTM development team,
Jul 04 09:51:54.620 INFO: manager:   Industrial Cyber-Physical Research Center, AIST,
Jul 04 09:51:54.620 INFO: manager:   All right reserved.
Jul 04 09:51:54.620 INFO: manager: Manager starting.
Jul 04 09:51:54.620 INFO: manager: Starting local logging.
Jul 04 09:51:54.640 INFO: NamingOnCorba: Endpoint for the CORBA naming service (localhost) is 127.0.0.1.
Jul 04 09:51:54.640 INFO: NamingManager: NameServer connection succeeded: corba/localhost
Jul 04 09:51:54.651 INFO: ManagerServant: Named manager reference (INS) was successfully created.
Jul 04 09:51:58.740 WARNING: ManagerServant: Master manager not found
Jul 04 09:51:58.741 INFO: LocalServiceAdmin: All the local services are enabled.
Jul 04 09:51:58.758 INFO: ec_base: setRate(1000000.000000) done
Jul 04 09:51:58.758 INFO: ec_base: setRate(1000.000000) done
Jul 04 09:51:58.759 INFO: Dynamixel0: 1 execution context was created.
Jul 04 09:51:58.760 INFO: Dynamixel0: onInitialize()
Jul 04 09:51:58.778 INFO: Dynamixel0: Initial active configuration set is default.
Jul 04 09:52:12.929 INFO: ManagerServant: Master manager not found
Jul 04 09:52:23.031 INFO: ManagerServant: Master manager not found
Jul 04 09:52:33.046 INFO: ManagerServant: Master manager not found
Jul 04 09:52:36.723 WARNING: SdoServiceAdmin: No available SDO service in the factory: 
Jul 04 09:52:43.059 INFO: ManagerServant: Master manager not found
Jul 04 09:52:45.617 INFO: Dynamixel0: onActivated()
Jul 04 09:52:45.757 INFO: Dynamixel0: m_initialPosition: 512, 512, 512, 512, 
Jul 04 09:52:45.758 INFO: Dynamixel0: m_initialSpeed: 100, 100, 100, 100, 
Jul 04 09:52:53.086 INFO: ManagerServant: Master manager not found
Jul 04 09:53:03.087 INFO: ManagerServant: Master manager not found
Jul 04 09:53:13.079 INFO: ManagerServant: Master manager not found
Jul 04 09:53:15.440 INFO: Dynamixel0: onDeactivated()
Jul 04 09:53:23.199 INFO: ManagerServant: Master manager not found
Jul 04 09:53:27.924 INFO: Dynamixel0: onActivated()
Jul 04 09:53:27.925 INFO: Dynamixel0: m_initialPosition: 512, 512, 512, 512, 
Jul 04 09:53:27.926 INFO: Dynamixel0: m_initialSpeed: 100, 100, 100, 100, 
Jul 04 09:53:33.136 INFO: ManagerServant: Master manager not found
Jul 04 09:53:43.294 INFO: ManagerServant: Master manager not found
Jul 04 09:53:53.290 INFO: ManagerServant: Master manager not found
Jul 04 09:54:02.922 INFO: Dynamixel0: onDeactivated()
Jul 04 09:54:02.923 INFO: Dynamixel0: onAborting()
Jul 04 09:54:03.388 INFO: ManagerServant: Master manager not found
Jul 04 09:54:13.412 INFO: ManagerServant: Master manager not found
Jul 04 09:54:23.414 INFO: ManagerServant: Master manager not found
Jul 04 09:54:33.534 INFO: ManagerServant: Master manager not found
Jul 04 09:54:43.562 INFO: ManagerServant: Master manager not found
Jul 04 09:54:53.562 INFO: ManagerServant: Master manager not found
Jul 04 09:55:03.594 INFO: ManagerServant: Master manager not found
Jul 04 09:55:13.633 INFO: ManagerServant: Master manager not found
Jul 04 09:55:21.397 ERROR: ec_worker: State of the RTC is not ACTIVE_STATE.
Jul 04 09:55:23.653 INFO: ManagerServant: Master manager not found
Jul 04 09:55:33.689 INFO: ManagerServant: Master manager not found
