Jul 04 09:49:05.472 INFO: manager: 2.0.1
Jul 04 09:49:05.473 INFO: manager: Copyright (C) 2003-2022, Noriaki Ando and OpenRTM development team,
Jul 04 09:49:05.473 INFO: manager:   Intelligent Systems Research Institute, AIST,
Jul 04 09:49:05.473 INFO: manager: Copyright (C) 2022, Noriaki Ando and OpenRTM development team,
Jul 04 09:49:05.473 INFO: manager:   Industrial Cyber-Physical Research Center, AIST,
Jul 04 09:49:05.473 INFO: manager:   All right reserved.
Jul 04 09:49:05.473 INFO: manager: Manager starting.
Jul 04 09:49:05.473 INFO: manager: Starting local logging.
Jul 04 09:49:05.497 INFO: NamingOnCorba: Endpoint for the CORBA naming service (localhost) is 127.0.0.1.
Jul 04 09:49:05.498 INFO: NamingManager: NameServer connection succeeded: corba/localhost
Jul 04 09:49:05.508 INFO: ManagerServant: Named manager reference (INS) was successfully created.
Jul 04 09:49:09.577 WARNING: ManagerServant: Master manager not found
Jul 04 09:49:09.581 INFO: LocalServiceAdmin: All the local services are enabled.
Jul 04 09:49:09.606 INFO: ec_base: setRate(1000000.000000) done
Jul 04 09:49:09.607 INFO: ec_base: setRate(1000.000000) done
Jul 04 09:49:09.607 INFO: Dynamixel0: 1 execution context was created.
Jul 04 09:49:09.608 INFO: Dynamixel0: onInitialize()
Jul 04 09:49:09.640 INFO: Dynamixel0: Initial active configuration set is default.
Jul 04 09:49:23.795 INFO: ManagerServant: Master manager not found
Jul 04 09:49:33.814 INFO: ManagerServant: Master manager not found
Jul 04 09:49:35.358 INFO: Dynamixel0: onActivated()
Jul 04 09:49:35.502 INFO: Dynamixel0: m_initialPosition: 512, 512, 
Jul 04 09:49:35.502 INFO: Dynamixel0: m_initialSpeed: 100, 100, 
Jul 04 09:49:43.857 INFO: ManagerServant: Master manager not found
Jul 04 09:49:47.271 INFO: Dynamixel0: onDeactivated()
Jul 04 09:49:53.875 INFO: ManagerServant: Master manager not found
Jul 04 09:49:56.641 WARNING: SdoServiceAdmin: No available SDO service in the factory: 
Jul 04 09:50:03.904 INFO: ManagerServant: Master manager not found
Jul 04 09:50:13.879 INFO: Dynamixel0: onActivated()
Jul 04 09:50:13.880 INFO: Dynamixel0: m_initialPosition: 512, 512, 
Jul 04 09:50:13.880 INFO: Dynamixel0: m_initialSpeed: 100, 100, 
Jul 04 09:50:13.917 INFO: ManagerServant: Master manager not found
Jul 04 09:50:19.308 INFO: Dynamixel0: onDeactivated()
Jul 04 09:50:23.943 INFO: ManagerServant: Master manager not found
Jul 04 09:50:33.923 INFO: ManagerServant: Master manager not found
Jul 04 09:50:36.211 INFO: Dynamixel0: onActivated()
Jul 04 09:50:36.212 INFO: Dynamixel0: m_initialPosition: 512, 512, 512, 512, 
Jul 04 09:50:36.212 INFO: Dynamixel0: m_initialSpeed: 100, 100, 100, 100, 
Jul 04 09:50:44.014 INFO: ManagerServant: Master manager not found
