Jul 19 13:34:05.683 INFO: manager: 2.0.1
Jul 19 13:34:05.684 INFO: manager: Copyright (C) 2003-2022, Noriaki Ando and OpenRTM development team,
Jul 19 13:34:05.684 INFO: manager:   Intelligent Systems Research Institute, AIST,
Jul 19 13:34:05.685 INFO: manager: Copyright (C) 2022, Noriaki Ando and OpenRTM development team,
Jul 19 13:34:05.685 INFO: manager:   Industrial Cyber-Physical Research Center, AIST,
Jul 19 13:34:05.686 INFO: manager:   All right reserved.
Jul 19 13:34:05.686 INFO: manager: Manager starting.
Jul 19 13:34:05.686 INFO: manager: Starting local logging.
Jul 19 13:34:05.760 INFO: NamingOnCorba: Endpoint for the CORBA naming service (localhost) is 127.0.0.1.
Jul 19 13:34:05.761 INFO: NamingManager: NameServer connection succeeded: corba/localhost
Jul 19 13:34:05.809 INFO: ManagerServant: Named manager reference (INS) was successfully created.
Jul 19 13:34:05.831 INFO: ManagerServant: Master manager found: localhost:2810
Jul 19 13:34:05.832 INFO: ManagerServant: Adding this manager to this manager.
Jul 19 13:34:05.832 INFO: ManagerServant: Register this manager to master manager.
Jul 19 13:34:05.833 INFO: ManagerServant: Slave manager servant was successfully created.
Jul 19 13:34:05.839 INFO: LocalServiceAdmin: All the local services are enabled.
Jul 19 13:34:05.941 INFO: ec_base: setRate(1000000.000000) done
Jul 19 13:34:05.942 INFO: ec_base: setRate(1000.000000) done
Jul 19 13:34:05.944 INFO: Dynamixel0: 1 execution context was created.
Jul 19 13:34:05.949 INFO: Dynamixel0: onInitialize()
Jul 19 13:34:06.063 INFO: Dynamixel0: Initial active configuration set is default.
