Jul 05 05:50:56.435 INFO: manager: 2.0.1
Jul 05 05:50:56.435 INFO: manager: Copyright (C) 2003-2022, Noriaki Ando and OpenRTM development team,
Jul 05 05:50:56.435 INFO: manager:   Intelligent Systems Research Institute, AIST,
Jul 05 05:50:56.435 INFO: manager: Copyright (C) 2022, Noriaki Ando and OpenRTM development team,
Jul 05 05:50:56.436 INFO: manager:   Industrial Cyber-Physical Research Center, AIST,
Jul 05 05:50:56.436 INFO: manager:   All right reserved.
Jul 05 05:50:56.436 INFO: manager: Manager starting.
Jul 05 05:50:56.436 INFO: manager: Starting local logging.
Jul 05 05:50:56.457 INFO: NamingOnCorba: Endpoint for the CORBA naming service (localhost) is 127.0.0.1.
Jul 05 05:50:56.457 INFO: NamingManager: NameServer connection succeeded: corba/localhost
Jul 05 05:50:56.466 INFO: ManagerServant: Named manager reference (INS) was successfully created.
Jul 05 05:51:00.594 WARNING: ManagerServant: Master manager not found
Jul 05 05:51:00.598 INFO: LocalServiceAdmin: All the local services are enabled.
Jul 05 05:51:00.618 INFO: ec_base: setRate(1000000.000000) done
Jul 05 05:51:00.618 INFO: ec_base: setRate(1000.000000) done
Jul 05 05:51:00.619 INFO: Dynamixel0: 1 execution context was created.
Jul 05 05:51:00.619 INFO: Dynamixel0: onInitialize()
Jul 05 05:51:00.634 INFO: Dynamixel0: Initial active configuration set is default.
Jul 05 05:51:14.827 INFO: ManagerServant: Master manager not found
Jul 05 05:51:16.949 INFO: Dynamixel0: onActivated()
Jul 05 05:51:17.086 INFO: Dynamixel0: m_initialPosition: 512, 512, 512, 512, 
Jul 05 05:51:17.086 INFO: Dynamixel0: m_initialSpeed: 100, 100, 100, 100, 
Jul 05 05:51:24.920 INFO: ManagerServant: Master manager not found
Jul 05 05:51:34.986 INFO: ManagerServant: Master manager not found
Jul 05 05:51:45.036 INFO: ManagerServant: Master manager not found
Jul 05 05:51:55.100 INFO: ManagerServant: Master manager not found
Jul 05 05:52:05.171 INFO: ManagerServant: Master manager not found
Jul 05 05:52:15.231 INFO: ManagerServant: Master manager not found
Jul 05 05:52:25.283 INFO: ManagerServant: Master manager not found
Jul 05 05:52:35.341 INFO: ManagerServant: Master manager not found
Jul 05 05:52:45.413 INFO: ManagerServant: Master manager not found
Jul 05 05:52:55.482 INFO: ManagerServant: Master manager not found
Jul 05 05:53:05.544 INFO: ManagerServant: Master manager not found
Jul 05 05:53:15.608 INFO: ManagerServant: Master manager not found
Jul 05 05:53:25.676 INFO: ManagerServant: Master manager not found
Jul 05 05:53:35.751 INFO: ManagerServant: Master manager not found
Jul 05 05:53:45.846 INFO: ManagerServant: Master manager not found
Jul 05 05:53:55.906 INFO: ManagerServant: Master manager not found
Jul 05 05:54:05.994 INFO: ManagerServant: Master manager not found
Jul 05 05:54:16.077 INFO: ManagerServant: Master manager not found
Jul 05 05:54:26.155 INFO: ManagerServant: Master manager not found
Jul 05 05:54:36.210 INFO: ManagerServant: Master manager not found
Jul 05 05:54:46.273 INFO: ManagerServant: Master manager not found
Jul 05 05:54:56.361 INFO: ManagerServant: Master manager not found
Jul 05 05:55:06.427 INFO: ManagerServant: Master manager not found
Jul 05 05:55:16.506 INFO: ManagerServant: Master manager not found
Jul 05 05:55:26.588 INFO: ManagerServant: Master manager not found
Jul 05 05:55:36.663 INFO: ManagerServant: Master manager not found
Jul 05 05:55:46.751 INFO: ManagerServant: Master manager not found
Jul 05 05:55:56.849 INFO: ManagerServant: Master manager not found
Jul 05 05:56:06.923 INFO: ManagerServant: Master manager not found
Jul 05 05:56:17.016 INFO: ManagerServant: Master manager not found
Jul 05 05:56:27.078 INFO: ManagerServant: Master manager not found
Jul 05 05:56:37.143 INFO: ManagerServant: Master manager not found
Jul 05 05:56:47.201 INFO: ManagerServant: Master manager not found
Jul 05 05:56:57.302 INFO: ManagerServant: Master manager not found
Jul 05 05:57:07.301 INFO: ManagerServant: Master manager not found
Jul 05 05:57:17.388 INFO: ManagerServant: Master manager not found
Jul 05 05:57:27.436 INFO: ManagerServant: Master manager not found
Jul 05 05:57:37.518 INFO: ManagerServant: Master manager not found
Jul 05 05:57:47.595 INFO: ManagerServant: Master manager not found
Jul 05 05:57:57.671 INFO: ManagerServant: Master manager not found
Jul 05 05:58:07.724 INFO: ManagerServant: Master manager not found
Jul 05 05:58:17.796 INFO: ManagerServant: Master manager not found
Jul 05 05:58:27.879 INFO: ManagerServant: Master manager not found
Jul 05 05:58:37.932 INFO: ManagerServant: Master manager not found
Jul 05 05:58:47.975 INFO: ManagerServant: Master manager not found
Jul 05 05:58:58.046 INFO: ManagerServant: Master manager not found
Jul 05 05:59:08.097 INFO: ManagerServant: Master manager not found
Jul 05 05:59:18.153 INFO: ManagerServant: Master manager not found
Jul 05 05:59:28.205 INFO: ManagerServant: Master manager not found
Jul 05 05:59:38.245 INFO: ManagerServant: Master manager not found
Jul 05 05:59:48.282 INFO: ManagerServant: Master manager not found
Jul 05 05:59:58.404 INFO: ManagerServant: Master manager not found
Jul 05 06:00:08.486 INFO: ManagerServant: Master manager not found
Jul 05 06:00:18.573 INFO: ManagerServant: Master manager not found
Jul 05 06:00:28.657 INFO: ManagerServant: Master manager not found
Jul 05 06:00:38.751 INFO: ManagerServant: Master manager not found
Jul 05 06:00:48.816 INFO: ManagerServant: Master manager not found
Jul 05 06:00:58.855 INFO: ManagerServant: Master manager not found
Jul 05 06:01:08.918 INFO: ManagerServant: Master manager not found
Jul 05 06:01:19.001 INFO: ManagerServant: Master manager not found
Jul 05 06:01:29.084 INFO: ManagerServant: Master manager not found
Jul 05 06:01:39.139 INFO: ManagerServant: Master manager not found
Jul 05 06:01:49.195 INFO: ManagerServant: Master manager not found
Jul 05 06:01:59.249 INFO: ManagerServant: Master manager not found
Jul 05 06:02:04.885 INFO: Dynamixel0: onDeactivated()
