Jun 26 11:47:49.648 INFO: manager: 2.0.1
Jun 26 11:47:49.648 INFO: manager: Copyright (C) 2003-2022, Noriaki Ando and OpenRTM development team,
Jun 26 11:47:49.649 INFO: manager:   Intelligent Systems Research Institute, AIST,
Jun 26 11:47:49.649 INFO: manager: Copyright (C) 2022, Noriaki Ando and OpenRTM development team,
Jun 26 11:47:49.649 INFO: manager:   Industrial Cyber-Physical Research Center, AIST,
Jun 26 11:47:49.649 INFO: manager:   All right reserved.
Jun 26 11:47:49.649 INFO: manager: Manager starting.
Jun 26 11:47:49.649 INFO: manager: Starting local logging.
Jun 26 11:47:49.691 INFO: NamingOnCorba: Endpoint for the CORBA naming service (localhost) is 127.0.0.1.
Jun 26 11:47:49.692 INFO: NamingManager: NameServer connection succeeded: corba/localhost
Jun 26 11:47:49.705 INFO: ManagerServant: Named manager reference (INS) was successfully created.
Jun 26 11:47:53.797 WARNING: ManagerServant: Master manager not found
Jun 26 11:47:53.800 INFO: LocalServiceAdmin: All the local services are enabled.
Jun 26 11:47:53.823 INFO: ec_base: setRate(1000000.000000) done
Jun 26 11:47:53.823 INFO: ec_base: setRate(1000.000000) done
Jun 26 11:47:53.824 INFO: Dynamixel0: 1 execution context was created.
Jun 26 11:47:53.825 INFO: Dynamixel0: onInitialize()
Jun 26 11:47:53.856 INFO: Dynamixel0: Initial active configuration set is default.
Jun 26 11:48:00.827 WARNING: SdoServiceAdmin: No available SDO service in the factory: 
Jun 26 11:48:08.045 INFO: ManagerServant: Master manager not found
Jun 26 11:48:18.023 INFO: Dynamixel0: onActivated()
Jun 26 11:48:18.049 INFO: ManagerServant: Master manager not found
Jun 26 11:48:18.169 INFO: Dynamixel0: m_initialPosition: 512, 
Jun 26 11:48:18.170 INFO: Dynamixel0: m_initialSpeed: 100, 
Jun 26 11:48:18.297 INFO: Dynamixel0: onDeactivated()
Jun 26 11:48:18.297 INFO: Dynamixel0: onAborting()
Jun 26 11:48:28.051 INFO: ManagerServant: Master manager not found
Jun 26 11:48:38.063 INFO: ManagerServant: Master manager not found
Jun 26 11:48:48.185 INFO: ManagerServant: Master manager not found
Jun 26 11:48:58.203 INFO: ManagerServant: Master manager not found
Jun 26 11:49:08.240 INFO: ManagerServant: Master manager not found
Jun 26 11:49:18.291 INFO: ManagerServant: Master manager not found
Jun 26 11:49:28.343 INFO: ManagerServant: Master manager not found
Jun 26 11:49:38.413 INFO: ManagerServant: Master manager not found
