Jul 03 08:58:20.057 INFO: manager: 2.0.1
Jul 03 08:58:20.057 INFO: manager: Copyright (C) 2003-2022, Noriaki Ando and OpenRTM development team,
Jul 03 08:58:20.057 INFO: manager:   Intelligent Systems Research Institute, AIST,
Jul 03 08:58:20.057 INFO: manager: Copyright (C) 2022, Noriaki Ando and OpenRTM development team,
Jul 03 08:58:20.058 INFO: manager:   Industrial Cyber-Physical Research Center, AIST,
Jul 03 08:58:20.058 INFO: manager:   All right reserved.
Jul 03 08:58:20.058 INFO: manager: Manager starting.
Jul 03 08:58:20.058 INFO: manager: Starting local logging.
Jul 03 08:58:20.082 INFO: NamingOnCorba: Endpoint for the CORBA naming service (localhost) is 127.0.0.1.
Jul 03 08:58:20.083 INFO: NamingManager: NameServer connection succeeded: corba/localhost
Jul 03 08:58:20.089 INFO: ManagerServant: Named manager reference (INS) was successfully created.
Jul 03 08:58:24.208 WARNING: ManagerServant: Master manager not found
Jul 03 08:58:24.211 INFO: LocalServiceAdmin: All the local services are enabled.
Jul 03 08:58:24.246 INFO: ec_base: setRate(1000000.000000) done
Jul 03 08:58:24.246 INFO: ec_base: setRate(1000.000000) done
Jul 03 08:58:24.248 INFO: Dynamixel0: 1 execution context was created.
Jul 03 08:58:24.249 INFO: Dynamixel0: onInitialize()
Jul 03 08:58:24.274 INFO: Dynamixel0: Initial active configuration set is default.
Jul 03 08:58:38.453 INFO: ManagerServant: Master manager not found
Jul 03 08:58:48.453 INFO: ManagerServant: Master manager not found
Jul 03 08:58:58.449 INFO: ManagerServant: Master manager not found
Jul 03 08:59:08.175 WARNING: SdoServiceAdmin: No available SDO service in the factory: 
Jul 03 08:59:08.525 INFO: ManagerServant: Master manager not found
Jul 03 08:59:18.660 INFO: ManagerServant: Master manager not found
Jul 03 08:59:28.672 INFO: ManagerServant: Master manager not found
Jul 03 08:59:29.968 INFO: Dynamixel0: onActivated()
Jul 03 08:59:30.111 INFO: Dynamixel0: m_initialPosition: 512, 512, 512, 512, 
Jul 03 08:59:30.111 INFO: Dynamixel0: m_initialSpeed: 100, 100, 100, 100, 
Jul 03 08:59:38.662 INFO: ManagerServant: Master manager not found
Jul 03 08:59:48.738 INFO: ManagerServant: Master manager not found
Jul 03 08:59:58.840 INFO: ManagerServant: Master manager not found
Jul 03 09:00:09.004 INFO: ManagerServant: Master manager not found
Jul 03 09:00:18.991 INFO: ManagerServant: Master manager not found
Jul 03 09:00:29.133 INFO: ManagerServant: Master manager not found
Jul 03 09:00:39.183 INFO: ManagerServant: Master manager not found
Jul 03 09:00:49.205 INFO: ManagerServant: Master manager not found
Jul 03 09:00:59.221 INFO: ManagerServant: Master manager not found
Jul 03 09:01:09.254 INFO: ManagerServant: Master manager not found
Jul 03 09:01:19.255 INFO: ManagerServant: Master manager not found
Jul 03 09:01:29.240 INFO: ManagerServant: Master manager not found
Jul 03 09:01:39.359 INFO: ManagerServant: Master manager not found
Jul 03 09:01:49.357 INFO: ManagerServant: Master manager not found
Jul 03 09:01:59.363 INFO: ManagerServant: Master manager not found
Jul 03 09:02:09.386 INFO: ManagerServant: Master manager not found
Jul 03 09:02:19.359 INFO: ManagerServant: Master manager not found
Jul 03 09:02:29.432 INFO: ManagerServant: Master manager not found
Jul 03 09:02:39.555 INFO: ManagerServant: Master manager not found
Jul 03 09:02:49.529 INFO: ManagerServant: Master manager not found
Jul 03 09:02:59.666 INFO: ManagerServant: Master manager not found
Jul 03 09:03:09.621 INFO: ManagerServant: Master manager not found
Jul 03 09:03:19.739 INFO: ManagerServant: Master manager not found
Jul 03 09:03:29.833 INFO: ManagerServant: Master manager not found
Jul 03 09:03:39.870 INFO: ManagerServant: Master manager not found
Jul 03 09:03:49.846 INFO: ManagerServant: Master manager not found
Jul 03 09:03:59.951 INFO: ManagerServant: Master manager not found
Jul 03 09:04:09.940 INFO: ManagerServant: Master manager not found
Jul 03 09:04:20.053 INFO: ManagerServant: Master manager not found
Jul 03 09:04:30.160 INFO: ManagerServant: Master manager not found
Jul 03 09:04:40.272 INFO: ManagerServant: Master manager not found
Jul 03 09:04:50.269 INFO: ManagerServant: Master manager not found
Jul 03 09:05:00.360 INFO: ManagerServant: Master manager not found
Jul 03 09:05:10.473 INFO: ManagerServant: Master manager not found
Jul 03 09:05:20.471 INFO: ManagerServant: Master manager not found
Jul 03 09:05:30.568 INFO: ManagerServant: Master manager not found
Jul 03 09:05:40.671 INFO: ManagerServant: Master manager not found
Jul 03 09:05:50.804 INFO: ManagerServant: Master manager not found
Jul 03 09:05:58.178 WARNING: goalPosition: Dead connection: d20c125b-e592-4165-9863-20c149729be3
Jul 03 09:06:00.252 WARNING: goalPosition: Exception caught: minor code.
Jul 03 09:06:00.398 INFO: Dynamixel0: onDeactivated()
Jul 03 09:06:00.856 INFO: ManagerServant: Master manager not found
Jul 03 09:06:10.829 INFO: ManagerServant: Master manager not found
Jul 03 09:06:20.839 INFO: ManagerServant: Master manager not found
Jul 03 09:06:30.874 INFO: ManagerServant: Master manager not found
Jul 03 09:06:40.872 INFO: ManagerServant: Master manager not found
Jul 03 09:06:50.871 INFO: ManagerServant: Master manager not found
Jul 03 09:07:00.986 INFO: ManagerServant: Master manager not found
Jul 03 09:07:03.718 INFO: Dynamixel0: onActivated()
Jul 03 09:07:03.720 INFO: Dynamixel0: m_initialPosition: 512, 512, 512, 512, 
Jul 03 09:07:03.720 INFO: Dynamixel0: m_initialSpeed: 100, 100, 100, 100, 
Jul 03 09:07:11.075 INFO: ManagerServant: Master manager not found
Jul 03 09:07:21.196 INFO: ManagerServant: Master manager not found
Jul 03 09:07:31.227 INFO: ManagerServant: Master manager not found
Jul 03 09:07:38.517 INFO: Dynamixel0: onDeactivated()
Jul 03 09:07:41.212 INFO: ManagerServant: Master manager not found
Jul 03 09:07:51.348 INFO: ManagerServant: Master manager not found
Jul 03 09:07:51.474 WARNING: goalPosition: Dead connection: 15e5df4f-57ae-44d6-b95e-77e8515aaa73
Jul 03 09:07:53.534 WARNING: goalPosition: Exception caught: minor code(1096024066).
Jul 03 09:08:01.361 INFO: ManagerServant: Master manager not found
Jul 03 09:08:11.365 INFO: ManagerServant: Master manager not found
Jul 03 09:08:21.443 INFO: ManagerServant: Master manager not found
Jul 03 09:08:31.593 INFO: ManagerServant: Master manager not found
Jul 03 09:08:41.561 INFO: ManagerServant: Master manager not found
Jul 03 09:08:51.657 INFO: ManagerServant: Master manager not found
Jul 03 09:09:01.771 INFO: ManagerServant: Master manager not found
Jul 03 09:09:02.571 INFO: Dynamixel0: onActivated()
Jul 03 09:09:02.572 INFO: Dynamixel0: m_initialPosition: 512, 512, 512, 512, 
Jul 03 09:09:02.572 INFO: Dynamixel0: m_initialSpeed: 100, 100, 100, 100, 
Jul 03 09:09:11.869 INFO: ManagerServant: Master manager not found
Jul 03 09:09:21.966 INFO: ManagerServant: Master manager not found
Jul 03 09:09:31.970 INFO: ManagerServant: Master manager not found
Jul 03 09:09:42.089 INFO: ManagerServant: Master manager not found
Jul 03 09:09:52.081 INFO: ManagerServant: Master manager not found
Jul 03 09:10:02.153 INFO: ManagerServant: Master manager not found
Jul 03 09:10:12.286 INFO: ManagerServant: Master manager not found
Jul 03 09:10:22.279 INFO: ManagerServant: Master manager not found
Jul 03 09:10:32.271 INFO: ManagerServant: Master manager not found
Jul 03 09:10:42.371 INFO: ManagerServant: Master manager not found
Jul 03 09:10:52.503 INFO: ManagerServant: Master manager not found
Jul 03 09:11:02.613 INFO: ManagerServant: Master manager not found
Jul 03 09:11:12.603 INFO: ManagerServant: Master manager not found
Jul 03 09:11:22.623 INFO: ManagerServant: Master manager not found
Jul 03 09:11:32.623 INFO: ManagerServant: Master manager not found
Jul 03 09:11:42.713 INFO: ManagerServant: Master manager not found
Jul 03 09:11:52.722 INFO: ManagerServant: Master manager not found
Jul 03 09:12:02.854 INFO: ManagerServant: Master manager not found
Jul 03 09:12:12.959 INFO: ManagerServant: Master manager not found
Jul 03 09:12:22.958 INFO: ManagerServant: Master manager not found
Jul 03 09:12:33.063 INFO: ManagerServant: Master manager not found
Jul 03 09:12:43.068 INFO: ManagerServant: Master manager not found
Jul 03 09:12:53.055 INFO: ManagerServant: Master manager not found
Jul 03 09:13:03.200 INFO: ManagerServant: Master manager not found
Jul 03 09:13:13.230 INFO: ManagerServant: Master manager not found
Jul 03 09:13:23.179 INFO: ManagerServant: Master manager not found
Jul 03 09:13:24.632 WARNING: goalPosition: Dead connection: 9ff6709a-3fcb-4984-b213-2f8c09196dda
Jul 03 09:13:25.135 INFO: Dynamixel0: onDeactivated()
Jul 03 09:13:26.678 WARNING: goalPosition: Exception caught: minor code(1096024066).
Jul 03 09:13:33.284 INFO: ManagerServant: Master manager not found
Jul 03 09:13:43.285 INFO: ManagerServant: Master manager not found
Jul 03 09:13:53.409 INFO: ManagerServant: Master manager not found
Jul 03 09:14:03.428 INFO: ManagerServant: Master manager not found
Jul 03 09:14:13.456 INFO: ManagerServant: Master manager not found
Jul 03 09:14:23.477 INFO: ManagerServant: Master manager not found
Jul 03 09:14:29.361 INFO: Dynamixel0: onActivated()
Jul 03 09:14:29.362 INFO: Dynamixel0: m_initialPosition: 512, 512, 512, 512, 
Jul 03 09:14:29.362 INFO: Dynamixel0: m_initialSpeed: 100, 100, 100, 100, 
Jul 03 09:14:33.466 INFO: ManagerServant: Master manager not found
Jul 03 09:14:43.595 INFO: ManagerServant: Master manager not found
Jul 03 09:14:53.621 INFO: ManagerServant: Master manager not found
Jul 03 09:15:03.608 INFO: ManagerServant: Master manager not found
Jul 03 09:15:13.747 INFO: ManagerServant: Master manager not found
Jul 03 09:15:23.772 INFO: ManagerServant: Master manager not found
Jul 03 09:15:33.839 INFO: ManagerServant: Master manager not found
Jul 03 09:15:34.460 WARNING: goalPosition: Dead connection: bd3d72bd-f7ec-4f6c-863c-1d4056f2fc2d
Jul 03 09:15:36.502 WARNING: goalPosition: Exception caught: minor code(1096024066).
