Jul 16 11:39:56.124 INFO: manager: 2.0.1
Jul 16 11:39:56.124 INFO: manager: Copyright (C) 2003-2022, Noriaki Ando and OpenRTM development team,
Jul 16 11:39:56.124 INFO: manager:   Intelligent Systems Research Institute, AIST,
Jul 16 11:39:56.124 INFO: manager: Copyright (C) 2022, Noriaki Ando and OpenRTM development team,
Jul 16 11:39:56.125 INFO: manager:   Industrial Cyber-Physical Research Center, AIST,
Jul 16 11:39:56.125 INFO: manager:   All right reserved.
Jul 16 11:39:56.125 INFO: manager: Manager starting.
Jul 16 11:39:56.125 INFO: manager: Starting local logging.
Jul 16 11:39:56.192 INFO: NamingOnCorba: Endpoint for the CORBA naming service (localhost) is 127.0.0.1.
Jul 16 11:39:56.192 INFO: NamingManager: NameServer connection succeeded: corba/localhost
Jul 16 11:39:56.216 INFO: ManagerServant: Named manager reference (INS) was successfully created.
Jul 16 11:39:56.254 INFO: ManagerServant: Master manager found: localhost:2810
Jul 16 11:39:56.255 INFO: ManagerServant: Adding this manager to this manager.
Jul 16 11:39:56.255 INFO: ManagerServant: Register this manager to master manager.
Jul 16 11:39:56.256 INFO: ManagerServant: Slave manager servant was successfully created.
Jul 16 11:39:56.263 INFO: LocalServiceAdmin: All the local services are enabled.
Jul 16 11:39:56.324 INFO: ec_base: setRate(1000000.000000) done
Jul 16 11:39:56.325 INFO: ec_base: setRate(1000.000000) done
Jul 16 11:39:56.328 INFO: Dynamixel0: 1 execution context was created.
Jul 16 11:39:56.328 INFO: Dynamixel0: onInitialize()
Jul 16 11:39:56.388 INFO: Dynamixel0: Initial active configuration set is default.
Jul 16 11:40:53.125 INFO: Dynamixel0: onActivated()
Jul 16 11:40:53.281 INFO: Dynamixel0: m_initialPosition: 512, 512, 512, 512, 512, 
Jul 16 11:40:53.282 INFO: Dynamixel0: m_initialSpeed: 100, 100, 100, 100, 100, 
Jul 16 11:41:30.016 INFO: Dynamixel0: onDeactivated()
Jul 16 11:43:39.171 INFO: Dynamixel0: onActivated()
Jul 16 11:43:39.171 INFO: Dynamixel0: m_initialPosition: 512, 512, 512, 512, 512, 
Jul 16 11:43:39.172 INFO: Dynamixel0: m_initialSpeed: 100, 100, 100, 100, 100, 
Jul 16 11:44:45.300 INFO: Dynamixel0: onDeactivated()
Jul 16 11:45:33.965 INFO: Dynamixel0: onActivated()
Jul 16 11:45:33.965 INFO: Dynamixel0: m_initialPosition: 512, 512, 512, 512, 512, 
Jul 16 11:45:33.965 INFO: Dynamixel0: m_initialSpeed: 100, 100, 100, 100, 100, 
Jul 16 11:45:51.525 INFO: Dynamixel0: onDeactivated()
Jul 16 11:45:53.438 INFO: Dynamixel0: onActivated()
Jul 16 11:45:53.439 INFO: Dynamixel0: m_initialPosition: 512, 512, 512, 512, 512, 
Jul 16 11:45:53.440 INFO: Dynamixel0: m_initialSpeed: 100, 100, 100, 100, 100, 
Jul 16 11:46:00.630 INFO: Dynamixel0: onDeactivated()
Jul 16 11:46:45.542 ERROR: ec_worker: State of the RTC is not ACTIVE_STATE.
Jul 16 11:46:46.520 INFO: Dynamixel0: onActivated()
Jul 16 11:46:46.521 INFO: Dynamixel0: m_initialPosition: 512, 512, 512, 512, 512, 
Jul 16 11:46:46.521 INFO: Dynamixel0: m_initialSpeed: 100, 100, 100, 100, 100, 
Jul 16 11:47:03.771 INFO: Dynamixel0: onDeactivated()
