Jun 26 11:13:28.303 INFO: manager: 2.0.1
Jun 26 11:13:28.303 INFO: manager: Copyright (C) 2003-2022, Noriaki Ando and OpenRTM development team,
Jun 26 11:13:28.303 INFO: manager:   Intelligent Systems Research Institute, AIST,
Jun 26 11:13:28.303 INFO: manager: Copyright (C) 2022, Noriaki Ando and OpenRTM development team,
Jun 26 11:13:28.303 INFO: manager:   Industrial Cyber-Physical Research Center, AIST,
Jun 26 11:13:28.304 INFO: manager:   All right reserved.
Jun 26 11:13:28.304 INFO: manager: Manager starting.
Jun 26 11:13:28.304 INFO: manager: Starting local logging.
Jun 26 11:13:28.333 INFO: NamingOnCorba: Endpoint for the CORBA naming service (localhost) is 127.0.0.1.
Jun 26 11:13:28.334 INFO: NamingManager: NameServer connection succeeded: corba/localhost
Jun 26 11:13:28.347 INFO: ManagerServant: Named manager reference (INS) was successfully created.
Jun 26 11:13:32.430 WARNING: ManagerServant: Master manager not found
Jun 26 11:13:32.432 INFO: LocalServiceAdmin: All the local services are enabled.
Jun 26 11:13:32.447 INFO: ec_base: setRate(1000000.000000) done
Jun 26 11:13:32.447 INFO: ec_base: setRate(1000.000000) done
Jun 26 11:13:32.448 INFO: Dynamixel0: 1 execution context was created.
Jun 26 11:13:32.448 INFO: Dynamixel0: onInitialize()
Jun 26 11:13:32.463 INFO: Dynamixel0: Initial active configuration set is default.
Jun 26 11:13:44.357 WARNING: SdoServiceAdmin: No available SDO service in the factory: 
Jun 26 11:13:46.552 INFO: ManagerServant: Master manager not found
Jun 26 11:13:56.712 INFO: ManagerServant: Master manager not found
Jun 26 11:13:57.578 INFO: Dynamixel0: onActivated()
Jun 26 11:13:57.720 INFO: Dynamixel0: m_initialPosition: 512, 
Jun 26 11:13:57.721 INFO: Dynamixel0: m_initialSpeed: 100, 
Jun 26 11:13:57.848 INFO: Dynamixel0: onDeactivated()
Jun 26 11:13:57.848 INFO: Dynamixel0: onAborting()
Jun 26 11:14:06.754 INFO: ManagerServant: Master manager not found
