Jul 19 13:37:29.407 INFO: manager: 2.0.1
Jul 19 13:37:29.409 INFO: manager: Copyright (C) 2003-2022, Noriaki Ando and OpenRTM development team,
Jul 19 13:37:29.410 INFO: manager:   Intelligent Systems Research Institute, AIST,
Jul 19 13:37:29.413 INFO: manager: Copyright (C) 2022, Noriaki Ando and OpenRTM development team,
Jul 19 13:37:29.413 INFO: manager:   Industrial Cyber-Physical Research Center, AIST,
Jul 19 13:37:29.414 INFO: manager:   All right reserved.
Jul 19 13:37:29.414 INFO: manager: Manager starting.
Jul 19 13:37:29.415 INFO: manager: Starting local logging.
Jul 19 13:37:29.591 INFO: NamingOnCorba: Endpoint for the CORBA naming service (localhost) is 127.0.0.1.
Jul 19 13:37:29.592 INFO: NamingManager: NameServer connection succeeded: corba/localhost
Jul 19 13:37:29.716 INFO: ManagerServant: Named manager reference (INS) was successfully created.
Jul 19 13:37:29.767 INFO: ManagerServant: Master manager found: localhost:2810
Jul 19 13:37:29.768 INFO: ManagerServant: Adding this manager to this manager.
Jul 19 13:37:29.769 INFO: ManagerServant: Register this manager to master manager.
Jul 19 13:37:29.770 INFO: ManagerServant: Slave manager servant was successfully created.
Jul 19 13:37:29.778 INFO: LocalServiceAdmin: All the local services are enabled.
Jul 19 13:37:29.872 INFO: ec_base: setRate(1000000.000000) done
Jul 19 13:37:29.874 INFO: ec_base: setRate(1000.000000) done
Jul 19 13:37:29.877 INFO: Dynamixel0: 1 execution context was created.
Jul 19 13:37:29.879 INFO: Dynamixel0: onInitialize()
Jul 19 13:37:29.977 INFO: Dynamixel0: Initial active configuration set is default.
Jul 19 13:38:06.253 WARNING: SdoServiceAdmin: No available SDO service in the factory: 
Jul 19 13:38:21.902 INFO: Dynamixel0: onActivated()
Jul 19 13:38:22.048 INFO: Dynamixel0: m_initialPosition: 512, 512, 512, 512, 512, 
Jul 19 13:38:22.049 INFO: Dynamixel0: m_initialSpeed: 100, 100, 100, 100, 100, 
Jul 19 13:38:58.963 INFO: Dynamixel0: onDeactivated()
