Jul 17 06:16:52.499 INFO: manager: 2.0.1
Jul 17 06:16:52.500 INFO: manager: Copyright (C) 2003-2022, Noriaki Ando and OpenRTM development team,
Jul 17 06:16:52.500 INFO: manager:   Intelligent Systems Research Institute, AIST,
Jul 17 06:16:52.500 INFO: manager: Copyright (C) 2022, Noriaki Ando and OpenRTM development team,
Jul 17 06:16:52.500 INFO: manager:   Industrial Cyber-Physical Research Center, AIST,
Jul 17 06:16:52.500 INFO: manager:   All right reserved.
Jul 17 06:16:52.500 INFO: manager: Manager starting.
Jul 17 06:16:52.500 INFO: manager: Starting local logging.
Jul 17 06:16:52.520 INFO: NamingOnCorba: Endpoint for the CORBA naming service (localhost) is 127.0.0.1.
Jul 17 06:16:52.521 INFO: NamingManager: NameServer connection succeeded: corba/localhost
Jul 17 06:16:52.528 INFO: ManagerServant: Named manager reference (INS) was successfully created.
Jul 17 06:16:52.537 INFO: ManagerServant: Master manager found: localhost:2810
Jul 17 06:16:52.537 INFO: ManagerServant: Adding this manager to this manager.
Jul 17 06:16:52.537 INFO: ManagerServant: Register this manager to master manager.
Jul 17 06:16:52.538 INFO: ManagerServant: Slave manager servant was successfully created.
Jul 17 06:16:52.539 INFO: LocalServiceAdmin: All the local services are enabled.
Jul 17 06:16:52.560 INFO: ec_base: setRate(1000000.000000) done
Jul 17 06:16:52.560 INFO: ec_base: setRate(1000.000000) done
Jul 17 06:16:52.561 INFO: Dynamixel0: 1 execution context was created.
Jul 17 06:16:52.561 INFO: Dynamixel0: onInitialize()
Jul 17 06:16:52.581 INFO: Dynamixel0: Initial active configuration set is default.
Jul 17 06:17:01.466 WARNING: SdoServiceAdmin: No available SDO service in the factory: 
