Jul 18 12:18:16.465 INFO: manager: 2.0.1
Jul 18 12:18:16.465 INFO: manager: Copyright (C) 2003-2022, Noriaki Ando and OpenRTM development team,
Jul 18 12:18:16.465 INFO: manager:   Intelligent Systems Research Institute, AIST,
Jul 18 12:18:16.466 INFO: manager: Copyright (C) 2022, Noriaki Ando and OpenRTM development team,
Jul 18 12:18:16.470 INFO: manager:   Industrial Cyber-Physical Research Center, AIST,
Jul 18 12:18:16.471 INFO: manager:   All right reserved.
Jul 18 12:18:16.471 INFO: manager: Manager starting.
Jul 18 12:18:16.471 INFO: manager: Starting local logging.
Jul 18 12:18:16.492 INFO: NamingOnCorba: Endpoint for the CORBA naming service (localhost) is 127.0.0.1.
Jul 18 12:18:16.492 INFO: NamingManager: NameServer connection succeeded: corba/localhost
Jul 18 12:18:16.498 INFO: ManagerServant: Named manager reference (INS) was successfully created.
Jul 18 12:18:16.503 INFO: ManagerServant: Master manager found: localhost:2810
Jul 18 12:18:16.503 INFO: ManagerServant: Adding this manager to this manager.
Jul 18 12:18:16.503 INFO: ManagerServant: Register this manager to master manager.
Jul 18 12:18:16.503 INFO: ManagerServant: Slave manager servant was successfully created.
Jul 18 12:18:16.504 INFO: LocalServiceAdmin: All the local services are enabled.
Jul 18 12:18:16.517 INFO: ec_base: setRate(1000000.000000) done
Jul 18 12:18:16.517 INFO: ec_base: setRate(1000.000000) done
Jul 18 12:18:16.518 INFO: Dynamixel0: 1 execution context was created.
Jul 18 12:18:16.519 INFO: Dynamixel0: onInitialize()
Jul 18 12:18:16.533 INFO: Dynamixel0: Initial active configuration set is default.
Jul 18 12:19:48.824 INFO: Dynamixel0: onActivated()
Jul 18 12:19:48.980 INFO: Dynamixel0: m_initialPosition: 512, 512, 512, 512, 512, 
Jul 18 12:19:48.982 INFO: Dynamixel0: m_initialSpeed: 100, 100, 100, 100, 100, 
Jul 18 12:20:43.118 INFO: Dynamixel0: onDeactivated()
Jul 18 12:24:43.488 WARNING: goalPosition: Dead connection: 7aec1ec1-b819-4aa0-b38f-7e19c3bf9bc1
Jul 18 12:24:45.543 WARNING: goalPosition: Exception caught: minor code(1096024066).
Jul 18 12:25:19.739 INFO: Dynamixel0: onActivated()
Jul 18 12:25:19.740 INFO: Dynamixel0: m_initialPosition: 512, 512, 512, 512, 512, 
Jul 18 12:25:19.743 INFO: Dynamixel0: m_initialSpeed: 100, 100, 100, 100, 100, 
Jul 18 12:26:03.493 INFO: Dynamixel0: onDeactivated()
Jul 18 12:26:14.849 WARNING: goalPosition: Dead connection: 392339a9-a225-4f2b-b801-89b0a6f33554
Jul 18 12:26:16.890 WARNING: goalPosition: Exception caught: minor code(1096024066).
Jul 18 12:28:34.111 INFO: Dynamixel0: onActivated()
Jul 18 12:28:34.112 INFO: Dynamixel0: m_initialPosition: 512, 512, 512, 512, 512, 
Jul 18 12:28:34.114 INFO: Dynamixel0: m_initialSpeed: 100, 100, 100, 100, 100, 
Jul 18 12:29:24.265 INFO: Dynamixel0: onDeactivated()
Jul 18 12:29:36.961 WARNING: goalPosition: Dead connection: d7f47c94-36a2-4274-98a0-e4c0bda879f9
Jul 18 12:29:39.013 WARNING: goalPosition: Exception caught: minor code.
Jul 18 12:30:22.034 INFO: Dynamixel0: onActivated()
Jul 18 12:30:22.035 INFO: Dynamixel0: m_initialPosition: 512, 512, 512, 512, 512, 
Jul 18 12:30:22.035 INFO: Dynamixel0: m_initialSpeed: 100, 100, 100, 100, 100, 
Jul 18 12:31:09.787 INFO: Dynamixel0: onDeactivated()
Jul 18 12:31:11.408 WARNING: goalPosition: Dead connection: 78f6efa2-a084-41ed-8ab3-eb3c05e15181
Jul 18 12:31:13.443 WARNING: goalPosition: Exception caught: minor code(1096024066).
Jul 18 12:31:40.870 INFO: Dynamixel0: onActivated()
Jul 18 12:31:40.870 INFO: Dynamixel0: m_initialPosition: 512, 512, 512, 512, 512, 
Jul 18 12:31:40.871 INFO: Dynamixel0: m_initialSpeed: 100, 100, 100, 100, 100, 
Jul 18 12:32:14.741 ERROR: ec_base: The component is not responding.
Jul 18 12:32:14.741 ERROR: ec_base: Unknown error: Invalid state transition.
