Jun 26 08:38:29.361 INFO: manager: 2.0.1
Jun 26 08:38:29.361 INFO: manager: Copyright (C) 2003-2022, Noriaki Ando and OpenRTM development team,
Jun 26 08:38:29.361 INFO: manager:   Intelligent Systems Research Institute, AIST,
Jun 26 08:38:29.361 INFO: manager: Copyright (C) 2022, Noriaki Ando and OpenRTM development team,
Jun 26 08:38:29.361 INFO: manager:   Industrial Cyber-Physical Research Center, AIST,
Jun 26 08:38:29.361 INFO: manager:   All right reserved.
Jun 26 08:38:29.361 INFO: manager: Manager starting.
Jun 26 08:38:29.361 INFO: manager: Starting local logging.
Jun 26 08:38:29.385 INFO: NamingOnCorba: Endpoint for the CORBA naming service (localhost) is 127.0.0.1.
Jun 26 08:38:29.385 INFO: NamingManager: NameServer connection succeeded: corba/localhost
Jun 26 08:38:29.393 INFO: ManagerServant: Named manager reference (INS) was successfully created.
Jun 26 08:38:33.516 WARNING: ManagerServant: Master manager not found
Jun 26 08:38:33.524 INFO: LocalServiceAdmin: All the local services are enabled.
Jun 26 08:38:33.590 INFO: ec_base: setRate(1000000.000000) done
Jun 26 08:38:33.590 INFO: ec_base: setRate(1000.000000) done
Jun 26 08:38:33.593 INFO: Dynamixel0: 1 execution context was created.
Jun 26 08:38:33.597 INFO: Dynamixel0: onInitialize()
Jun 26 08:38:33.624 INFO: Dynamixel0: Initial active configuration set is default.
Jun 26 08:38:43.235 WARNING: SdoServiceAdmin: No available SDO service in the factory: 
Jun 26 08:38:47.750 INFO: ManagerServant: Master manager not found
Jun 26 08:38:51.878 INFO: Dynamixel0: onActivated()
Jun 26 08:38:52.018 INFO: Dynamixel0: m_initialPosition: 512, 
Jun 26 08:38:52.019 INFO: Dynamixel0: m_initialSpeed: 30, 
Jun 26 08:38:57.754 INFO: ManagerServant: Master manager not found
