Jul 19 06:23:55.466 INFO: manager: 2.0.1
Jul 19 06:23:55.466 INFO: manager: Copyright (C) 2003-2022, Noriaki Ando and OpenRTM development team,
Jul 19 06:23:55.466 INFO: manager:   Intelligent Systems Research Institute, AIST,
Jul 19 06:23:55.467 INFO: manager: Copyright (C) 2022, Noriaki Ando and OpenRTM development team,
Jul 19 06:23:55.467 INFO: manager:   Industrial Cyber-Physical Research Center, AIST,
Jul 19 06:23:55.467 INFO: manager:   All right reserved.
Jul 19 06:23:55.467 INFO: manager: Manager starting.
Jul 19 06:23:55.467 INFO: manager: Starting local logging.
Jul 19 06:23:55.502 INFO: NamingOnCorba: Endpoint for the CORBA naming service (localhost) is 127.0.0.1.
Jul 19 06:23:55.502 INFO: NamingManager: NameServer connection succeeded: corba/localhost
Jul 19 06:23:55.516 INFO: ManagerServant: Named manager reference (INS) was successfully created.
Jul 19 06:23:55.524 INFO: ManagerServant: Master manager found: localhost:2810
Jul 19 06:23:55.524 INFO: ManagerServant: Adding this manager to this manager.
Jul 19 06:23:55.525 INFO: ManagerServant: Register this manager to master manager.
Jul 19 06:23:55.525 INFO: ManagerServant: Slave manager servant was successfully created.
Jul 19 06:23:55.529 INFO: LocalServiceAdmin: All the local services are enabled.
Jul 19 06:23:55.583 INFO: ec_base: setRate(1000000.000000) done
Jul 19 06:23:55.584 INFO: ec_base: setRate(1000.000000) done
Jul 19 06:23:55.585 INFO: Dynamixel0: 1 execution context was created.
Jul 19 06:23:55.586 INFO: Dynamixel0: onInitialize()
Jul 19 06:23:55.638 INFO: Dynamixel0: Initial active configuration set is default.
Jul 19 06:24:08.014 INFO: Dynamixel0: onActivated()
Jul 19 06:24:08.161 INFO: Dynamixel0: m_initialPosition: 512, 512, 512, 512, 512, 
Jul 19 06:24:08.162 INFO: Dynamixel0: m_initialSpeed: 100, 100, 100, 100, 100, 
Jul 19 06:24:08.546 ERROR: ec_worker: State of the RTC is not INACTIVE_STATE.
Jul 19 06:24:36.161 INFO: Dynamixel0: onDeactivated()
Jul 19 06:25:00.223 INFO: Dynamixel0: onActivated()
Jul 19 06:25:00.223 INFO: Dynamixel0: m_initialPosition: 512, 512, 512, 512, 512, 
Jul 19 06:25:00.224 INFO: Dynamixel0: m_initialSpeed: 100, 100, 100, 100, 100, 
Jul 19 06:25:43.668 INFO: Dynamixel0: onDeactivated()
Jul 19 06:25:45.071 WARNING: SdoServiceAdmin: No available SDO service in the factory: 
Jul 19 06:25:53.908 INFO: Dynamixel0: onActivated()
Jul 19 06:25:53.909 INFO: Dynamixel0: m_initialPosition: 512, 512, 512, 512, 512, 
Jul 19 06:25:53.910 INFO: Dynamixel0: m_initialSpeed: 50, 50, 50, 50, 50, 
Jul 19 06:26:26.175 INFO: Dynamixel0: onDeactivated()
Jul 19 06:26:42.345 WARNING: goalPosition: Dead connection: a3fc07bd-ea9f-4d88-b72e-46fe2fec5715
Jul 19 06:26:44.405 WARNING: goalPosition: Exception caught: minor code.
Jul 19 06:27:10.712 INFO: Dynamixel0: onActivated()
Jul 19 06:27:10.713 INFO: Dynamixel0: m_initialPosition: 512, 512, 512, 512, 512, 
Jul 19 06:27:10.714 INFO: Dynamixel0: m_initialSpeed: 50, 50, 50, 50, 50, 
Jul 19 06:28:00.867 INFO: Dynamixel0: onDeactivated()
