Jul 05 08:41:14.656 INFO: manager: 2.0.1
Jul 05 08:41:14.657 INFO: manager: Copyright (C) 2003-2022, Noriaki Ando and OpenRTM development team,
Jul 05 08:41:14.657 INFO: manager:   Intelligent Systems Research Institute, AIST,
Jul 05 08:41:14.657 INFO: manager: Copyright (C) 2022, Noriaki Ando and OpenRTM development team,
Jul 05 08:41:14.657 INFO: manager:   Industrial Cyber-Physical Research Center, AIST,
Jul 05 08:41:14.657 INFO: manager:   All right reserved.
Jul 05 08:41:14.657 INFO: manager: Manager starting.
Jul 05 08:41:14.658 INFO: manager: Starting local logging.
Jul 05 08:41:14.683 INFO: NamingOnCorba: Endpoint for the CORBA naming service (localhost) is 127.0.0.1.
Jul 05 08:41:14.683 INFO: NamingManager: NameServer connection succeeded: corba/localhost
Jul 05 08:41:14.693 INFO: ManagerServant: Named manager reference (INS) was successfully created.
Jul 05 08:41:18.811 WARNING: ManagerServant: Master manager not found
Jul 05 08:41:18.813 INFO: LocalServiceAdmin: All the local services are enabled.
Jul 05 08:41:18.827 INFO: ec_base: setRate(1000000.000000) done
Jul 05 08:41:18.827 INFO: ec_base: setRate(1000.000000) done
Jul 05 08:41:18.828 INFO: Dynamixel0: 1 execution context was created.
Jul 05 08:41:18.828 INFO: Dynamixel0: onInitialize()
Jul 05 08:41:18.843 INFO: Dynamixel0: Initial active configuration set is default.
Jul 05 08:41:33.026 INFO: ManagerServant: Master manager not found
Jul 05 08:41:43.089 INFO: ManagerServant: Master manager not found
Jul 05 08:41:52.405 INFO: Dynamixel0: onActivated()
Jul 05 08:41:52.544 INFO: Dynamixel0: m_initialPosition: 512, 512, 512, 512, 
Jul 05 08:41:52.544 INFO: Dynamixel0: m_initialSpeed: 100, 100, 100, 100, 
Jul 05 08:41:53.154 INFO: ManagerServant: Master manager not found
Jul 05 08:42:03.163 INFO: ManagerServant: Master manager not found
Jul 05 08:42:13.187 INFO: ManagerServant: Master manager not found
Jul 05 08:42:23.178 INFO: ManagerServant: Master manager not found
Jul 05 08:42:33.313 INFO: ManagerServant: Master manager not found
Jul 05 08:42:43.307 INFO: ManagerServant: Master manager not found
Jul 05 08:42:53.337 INFO: ManagerServant: Master manager not found
Jul 05 08:43:03.307 INFO: ManagerServant: Master manager not found
Jul 05 08:43:13.420 INFO: ManagerServant: Master manager not found
Jul 05 08:43:23.416 INFO: ManagerServant: Master manager not found
Jul 05 08:43:33.531 INFO: ManagerServant: Master manager not found
Jul 05 08:43:43.607 INFO: ManagerServant: Master manager not found
