Jun 26 08:46:10.696 INFO: manager: 2.0.1
Jun 26 08:46:10.696 INFO: manager: Copyright (C) 2003-2022, Noriaki Ando and OpenRTM development team,
Jun 26 08:46:10.696 INFO: manager:   Intelligent Systems Research Institute, AIST,
Jun 26 08:46:10.696 INFO: manager: Copyright (C) 2022, Noriaki Ando and OpenRTM development team,
Jun 26 08:46:10.696 INFO: manager:   Industrial Cyber-Physical Research Center, AIST,
Jun 26 08:46:10.696 INFO: manager:   All right reserved.
Jun 26 08:46:10.696 INFO: manager: Manager starting.
Jun 26 08:46:10.696 INFO: manager: Starting local logging.
Jun 26 08:46:10.715 INFO: NamingOnCorba: Endpoint for the CORBA naming service (localhost) is 127.0.0.1.
Jun 26 08:46:10.715 INFO: NamingManager: NameServer connection succeeded: corba/localhost
Jun 26 08:46:10.722 INFO: ManagerServant: Named manager reference (INS) was successfully created.
Jun 26 08:46:14.827 WARNING: ManagerServant: Master manager not found
Jun 26 08:46:14.830 INFO: LocalServiceAdmin: All the local services are enabled.
Jun 26 08:46:14.853 INFO: ec_base: setRate(1000000.000000) done
Jun 26 08:46:14.853 INFO: ec_base: setRate(1000.000000) done
Jun 26 08:46:14.853 INFO: Dynamixel0: 1 execution context was created.
Jun 26 08:46:14.854 INFO: Dynamixel0: onInitialize()
Jun 26 08:46:14.869 INFO: Dynamixel0: Initial active configuration set is default.
Jun 26 08:46:19.184 INFO: Dynamixel0: onActivated()
Jun 26 08:46:19.345 INFO: Dynamixel0: m_initialPosition: 512, 
Jun 26 08:46:19.346 INFO: Dynamixel0: m_initialSpeed: 30, 
Jun 26 08:46:19.391 INFO: Dynamixel0: 全アクチュエータのトルク制限を最大に設定
Jun 26 08:46:19.392 INFO: Dynamixel0: onDeactivated()
Jun 26 08:46:19.392 INFO: Dynamixel0: onAborting()
Jun 26 08:46:19.406 ERROR: ec_base: State of the RTC transitioned to ERROR_STATE.
