Jul 18 13:28:42.972 INFO: manager: 2.0.1
Jul 18 13:28:42.972 INFO: manager: Copyright (C) 2003-2022, Noriaki Ando and OpenRTM development team,
Jul 18 13:28:42.973 INFO: manager:   Intelligent Systems Research Institute, AIST,
Jul 18 13:28:42.973 INFO: manager: Copyright (C) 2022, Noriaki Ando and OpenRTM development team,
Jul 18 13:28:42.973 INFO: manager:   Industrial Cyber-Physical Research Center, AIST,
Jul 18 13:28:42.973 INFO: manager:   All right reserved.
Jul 18 13:28:42.973 INFO: manager: Manager starting.
Jul 18 13:28:42.973 INFO: manager: Starting local logging.
Jul 18 13:28:42.999 INFO: NamingOnCorba: Endpoint for the CORBA naming service (localhost) is 127.0.0.1.
Jul 18 13:28:42.999 INFO: NamingManager: NameServer connection succeeded: corba/localhost
Jul 18 13:28:43.006 INFO: ManagerServant: Named manager reference (INS) was successfully created.
Jul 18 13:28:43.013 INFO: ManagerServant: Master manager found: localhost:2810
Jul 18 13:28:43.013 INFO: ManagerServant: Adding this manager to this manager.
Jul 18 13:28:43.013 INFO: ManagerServant: Register this manager to master manager.
Jul 18 13:28:43.014 INFO: ManagerServant: Slave manager servant was successfully created.
Jul 18 13:28:43.018 INFO: LocalServiceAdmin: All the local services are enabled.
Jul 18 13:28:43.039 INFO: ec_base: setRate(1000000.000000) done
Jul 18 13:28:43.039 INFO: ec_base: setRate(1000.000000) done
Jul 18 13:28:43.040 INFO: Dynamixel0: 1 execution context was created.
Jul 18 13:28:43.041 INFO: Dynamixel0: onInitialize()
Jul 18 13:28:43.062 INFO: Dynamixel0: Initial active configuration set is default.
Jul 18 13:29:21.743 INFO: Dynamixel0: onActivated()
Jul 18 13:29:21.882 INFO: Dynamixel0: m_initialPosition: 512, 512, 512, 512, 512, 
Jul 18 13:29:21.882 INFO: Dynamixel0: m_initialSpeed: 100, 100, 100, 100, 100, 
Jul 18 13:30:13.308 INFO: Dynamixel0: onDeactivated()
