Jul 17 06:40:52.363 INFO: manager: 2.0.1
Jul 17 06:40:52.363 INFO: manager: Copyright (C) 2003-2022, Noriaki Ando and OpenRTM development team,
Jul 17 06:40:52.364 INFO: manager:   Intelligent Systems Research Institute, AIST,
Jul 17 06:40:52.364 INFO: manager: Copyright (C) 2022, Noriaki Ando and OpenRTM development team,
Jul 17 06:40:52.364 INFO: manager:   Industrial Cyber-Physical Research Center, AIST,
Jul 17 06:40:52.364 INFO: manager:   All right reserved.
Jul 17 06:40:52.364 INFO: manager: Manager starting.
Jul 17 06:40:52.364 INFO: manager: Starting local logging.
Jul 17 06:40:52.389 INFO: NamingOnCorba: Endpoint for the CORBA naming service (localhost) is 127.0.0.1.
Jul 17 06:40:52.389 INFO: NamingManager: NameServer connection succeeded: corba/localhost
Jul 17 06:40:52.395 INFO: ManagerServant: Named manager reference (INS) was successfully created.
Jul 17 06:40:52.407 INFO: ManagerServant: Master manager found: localhost:2810
Jul 17 06:40:52.408 INFO: ManagerServant: Adding this manager to this manager.
Jul 17 06:40:52.408 INFO: ManagerServant: Register this manager to master manager.
Jul 17 06:40:52.408 INFO: ManagerServant: Slave manager servant was successfully created.
Jul 17 06:40:52.409 INFO: LocalServiceAdmin: All the local services are enabled.
Jul 17 06:40:52.429 INFO: ec_base: setRate(1000000.000000) done
Jul 17 06:40:52.430 INFO: ec_base: setRate(1000.000000) done
Jul 17 06:40:52.431 INFO: Dynamixel0: 1 execution context was created.
Jul 17 06:40:52.431 INFO: Dynamixel0: onInitialize()
Jul 17 06:40:52.448 INFO: Dynamixel0: Initial active configuration set is default.
Jul 17 06:41:29.575 INFO: Dynamixel0: onActivated()
Jul 17 06:41:29.721 INFO: Dynamixel0: m_initialPosition: 512, 512, 512, 512, 512, 
Jul 17 06:41:29.721 INFO: Dynamixel0: m_initialSpeed: 100, 100, 100, 100, 100, 
Jul 17 06:42:40.573 INFO: Dynamixel0: onDeactivated()
Jul 17 06:42:49.971 INFO: Dynamixel0: onActivated()
Jul 17 06:42:49.971 INFO: Dynamixel0: m_initialPosition: 512, 512, 512, 512, 512, 
Jul 17 06:42:49.972 INFO: Dynamixel0: m_initialSpeed: 100, 100, 100, 100, 100, 
Jul 17 06:43:30.106 INFO: Dynamixel0: onDeactivated()
Jul 17 06:43:41.550 INFO: Dynamixel0: onActivated()
Jul 17 06:43:41.550 INFO: Dynamixel0: m_initialPosition: 512, 512, 512, 512, 512, 
Jul 17 06:43:41.550 INFO: Dynamixel0: m_initialSpeed: 100, 100, 100, 100, 100, 
Jul 17 06:47:59.729 ERROR: Dynamixel0: 通信エラー連続発生
Jul 17 06:47:59.729 INFO: Dynamixel0: onDeactivated()
Jul 17 06:47:59.729 INFO: Dynamixel0: onAborting()
