Jul 19 06:42:06.858 INFO: manager: 2.0.1
Jul 19 06:42:06.863 INFO: manager: Copyright (C) 2003-2022, Noriaki Ando and OpenRTM development team,
Jul 19 06:42:06.863 INFO: manager:   Intelligent Systems Research Institute, AIST,
Jul 19 06:42:06.863 INFO: manager: Copyright (C) 2022, Noriaki Ando and OpenRTM development team,
Jul 19 06:42:06.863 INFO: manager:   Industrial Cyber-Physical Research Center, AIST,
Jul 19 06:42:06.863 INFO: manager:   All right reserved.
Jul 19 06:42:06.863 INFO: manager: Manager starting.
Jul 19 06:42:06.863 INFO: manager: Starting local logging.
Jul 19 06:42:06.914 INFO: NamingOnCorba: Endpoint for the CORBA naming service (localhost) is 127.0.0.1.
Jul 19 06:42:06.914 INFO: NamingManager: NameServer connection succeeded: corba/localhost
Jul 19 06:42:06.926 INFO: ManagerServant: Named manager reference (INS) was successfully created.
Jul 19 06:42:06.932 INFO: ManagerServant: Master manager found: localhost:2810
Jul 19 06:42:06.932 INFO: ManagerServant: Adding this manager to this manager.
Jul 19 06:42:06.932 INFO: ManagerServant: Register this manager to master manager.
Jul 19 06:42:06.933 INFO: ManagerServant: Slave manager servant was successfully created.
Jul 19 06:42:06.935 INFO: LocalServiceAdmin: All the local services are enabled.
Jul 19 06:42:06.994 INFO: ec_base: setRate(1000000.000000) done
Jul 19 06:42:06.994 INFO: ec_base: setRate(1000.000000) done
Jul 19 06:42:06.999 INFO: Dynamixel0: 1 execution context was created.
Jul 19 06:42:07.003 INFO: Dynamixel0: onInitialize()
Jul 19 06:42:07.029 INFO: Dynamixel0: Initial active configuration set is default.
Jul 19 06:42:55.100 ERROR: ec_worker: State of the RTC is not ACTIVE_STATE.
Jul 19 06:43:38.480 INFO: Dynamixel0: onActivated()
Jul 19 06:43:38.627 INFO: Dynamixel0: m_initialPosition: 512, 512, 512, 512, 512, 
Jul 19 06:43:38.633 INFO: Dynamixel0: m_initialSpeed: 100, 100, 100, 100, 100, 
Jul 19 06:43:51.881 INFO: Dynamixel0: onDeactivated()
Jul 19 06:43:52.978 ERROR: ec_worker: State of the RTC is not ACTIVE_STATE.
Jul 19 06:43:55.194 INFO: Dynamixel0: onActivated()
Jul 19 06:43:55.195 INFO: Dynamixel0: m_initialPosition: 512, 512, 512, 512, 512, 
Jul 19 06:43:55.196 INFO: Dynamixel0: m_initialSpeed: 100, 100, 100, 100, 100, 
Jul 19 06:44:36.400 INFO: Dynamixel0: onDeactivated()
Jul 19 06:44:42.567 WARNING: SdoServiceAdmin: No available SDO service in the factory: 
