  1>Checking Build System
  CMake is re-running because C:/Users/cakes/workspace/cal_inverse_kinematics/build/src/CMakeFiles/generate.stamp is out-of-date.
    the file 'C:/Users/cakes/workspace/cal_inverse_kinematics/src/CMakeLists.txt'
    is newer than 'C:/Users/cakes/workspace/cal_inverse_kinematics/build/src/CMakeFiles/generate.stamp.depend'
    result='-1'
  -- Selecting Windows SDK version 10.0.22000.0 to target Windows 10.0.22631.
  -- OpenRTMConfig.cmake found.
  -- CMAKE_GENERATOR check mode.
  -- VC version is : Visual Studio 17 2022
  -- OpenRTMConfig.cmake found.
  -- Configrued by configuration mode.
  -- OPENRTM_BIN_PATH=C:/Program Files/OpenRTM-aist/2.0.1/bin/vc16
  -- OpenRTM-aist configuration done
  --   OMNIORB_DIR=C:/Program Files/OpenRTM-aist/2.0.1/cmake/../omniORB/4.2.5_vc16
  --   OMNIORB_VERSION=4.2.5
  --   OMNIORB_CFLAGS=-D__WIN32__;-D__x86__;-D_WIN32_WINNT=0x0603;-DRTM_IMPORT_SYMBOL;-DEXT_RTM_IMPORT_SYMBOL;-DRTM_SKEL_IMPORT_SYMBOL;-D__NT__;-D__OSVERSION__=4;-D_CRT_SECURE_NO_DEPRECATE
  --   OMNIORB_INCLUDE_DIRS=C:/Program Files/OpenRTM-aist/2.0.1/cmake/../omniORB/4.2.5_vc16/include
  --   OMNIORB_LDFLAGS=
  --   OMNIORB_LIBRARY_DIRS=C:/Program Files/OpenRTM-aist/2.0.1/cmake/../omniORB/4.2.5_vc16/lib/x86_win32
  --   OMNIORB_LIBRARIES=optimized;omniDynamic425_rt;optimized;omniORB425_rt;optimized;omnithread41_rt;debug;omniDynamic425_rtd;debug;omniORB425_rtd;debug;omnithread41_rtd
  --   OPENRTM_DIR=C:/Program Files/OpenRTM-aist/2.0.1/cmake/..
  --   OPENRTM_VERSION=2.0.1
  --   OPENRTM_VERSION_MAJOR=2
  --   OPENRTM_VERSION_MINOR=0
  --   OPENRTM_VERSION_PATCH=1
  --   OPENRTM_CFLAGS=-D__WIN32__;-D__x86__;-D__OSVERSION__=4;-D_CRT_SECURE_NO_DEPRECATE;-DINCLUDE_stub_in_nt_dll;-D_WIN32_WINNT=0x0500;-DNOMINMAX;-D__WIN32__;-D__x86__;-D_WIN32_WINNT=0x0603;-DRTM_IMPORT_SYMBOL;-DEXT_RTM_IMPORT_SYMBOL;-DRTM_SKEL_IMPORT_SYMBOL;-D__NT__;-D__OSVERSION__=4;-D_CRT_SECURE_NO_DEPRECATE
  --   OPENRTM_INCLUDE_DIRS=C:/Program Files/OpenRTM-aist/2.0.1/cmake/..;C:/Program Files/OpenRTM-aist/2.0.1/cmake/../rtm/idl;C:/Program Files/OpenRTM-aist/2.0.1/cmake/../rtm/ext;C:/Program Files/OpenRTM-aist/2.0.1/cmake/../omniORB/4.2.5_vc16/include
  --   OPENRTM_LDFLAGS=
  --   OPENRTM_LIBRARY_DIRS=C:/Program Files/OpenRTM-aist/2.0.1/bin/vc16;C:/Program Files/OpenRTM-aist/2.0.1/cmake/../omniORB/4.2.5_vc16/lib/x86_win32;C:/Program Files/OpenRTM-aist/2.0.1/cmake/../omniORB/4.2.5_vc16/lib/x86_win32
  --   OPENRTM_LIBRARIES=optimized;RTC201_vc16_x64;debug;RTC201_vc16_x64d;advapi32.lib;ws2_32.lib;mswsock.lib;rpcrt4.lib;optimized;msvcrt.lib;optimized;msvcmrt.lib;debug;msvcrtd.lib;optimized;rtmCamera201_vc16_x64;debug;rtmCamera201_vc16_x64d;optimized;rtmManipulator201_vc16_x64;debug;rtmManipulator201_vc16_x64d;optimized;RTCSkel201_vc16_x64;debug;RTCSkel201_vc16_x64d;optimized;omniDynamic425_rt;optimized;omniORB425_rt;optimized;omnithread41_rt;debug;omniDynamic425_rtd;debug;omniORB425_rtd;debug;omnithread41_rtd
  --   OPENRTM_IDLC=omniidl
  --   OPENRTM_IDLFLAGS=-bcxx;-Wba;-nf;-Wbshortcut;-IC:/Program Files/OpenRTM-aist/2.0.1/cmake/../rtm/idl
  --   OPENRTM_IDL_WRAPPER=rtm-skelwrapper.py
  --   OPENRTM_IDL_WRAPPER_FLAGS=--include-dir=;--skel-suffix=Skel;--stub-suffix=Stub;--dependencies=rtm/idl/BasicDataType:rtm/idl/DataPort:rtm/idl/DataPort_OpenRTM:rtm/idl/ExtendedDataTypes:rtm/idl/InterfaceDataTypes:rtm/idl/Manager:rtm/idl/OpenRTM:rtm/idl/RTC:rtm/idl/SDOPackage:rtm/idl/ExtendedFsmService:rtm/idl/SharedMemory
  -- Distribution is Windows
  -- Configuring done (0.7s)
  -- Generating done (1.0s)
  -- Build files have been written to: C:/Users/cakes/workspace/cal_inverse_kinematics/build
